INFO     mypy.lib.youtube.y2_downloader:y2_downloader.py:152 ðŸŸ¢ å¼€å§‹ä¸‹è½½ã€Šhttps://youtube.com/watch?v=z7bUu-RUcMgã€‹
INFO     mypy.lib.youtube.y2_downloader:y2_downloader.py:152 ðŸŸ¢ å¼€å§‹ä¸‹è½½ã€Šhttps://youtube.com/watch?v=peQ-CsY19Agã€‹
ERROR    mypy.lib.youtube.y2_downloader:y2_downloader.py:182 ðŸ”´ è§†é¢‘ã€Šhttps://youtube.com/watch?v=z7bUu-RUcMgã€‹ä¸‹è½½å¼‚å¸¸: Exception while accessing title of https://youtube.com/watch?v=z7bUu-RUcMg. Please file a bug report at https://github.com/pytube/pytube
Traceback (most recent call last):
  File "/opt/hostedtoolcache/Python/3.9.19/x64/lib/python3.9/site-packages/pytube/__main__.py", line 341, in title
    self._title = self.vid_info['videoDetails']['title']
KeyError: 'videoDetails'

During handling of the above exception, another exception occurred:

Traceback (most recent call last):
  File "/home/runner/work/github-runner/github-runner/mypy/lib/youtube/y2_downloader.py", line 153, in download_video
    api = Y2VideoHandler(work_path=self._work_path,
  File "/home/runner/work/github-runner/github-runner/mypy/lib/youtube/y2_video_handler.py", line 239, in __init__
    self._video_original_title = y2_video.title
  File "/opt/hostedtoolcache/Python/3.9.19/x64/lib/python3.9/site-packages/pytube/__main__.py", line 346, in title
    raise exceptions.PytubeError(
pytube.exceptions.PytubeError: Exception while accessing title of https://youtube.com/watch?v=z7bUu-RUcMg. Please file a bug report at https://github.com/pytube/pytube
ERROR    mypy.lib.youtube.y2_downloader:y2_downloader.py:182 ðŸ”´ è§†é¢‘ã€Šhttps://youtube.com/watch?v=peQ-CsY19Agã€‹ä¸‹è½½å¼‚å¸¸: Exception while accessing title of https://youtube.com/watch?v=peQ-CsY19Ag. Please file a bug report at https://github.com/pytube/pytube
Traceback (most recent call last):
  File "/opt/hostedtoolcache/Python/3.9.19/x64/lib/python3.9/site-packages/pytube/__main__.py", line 341, in title
    self._title = self.vid_info['videoDetails']['title']
KeyError: 'videoDetails'

During handling of the above exception, another exception occurred:

Traceback (most recent call last):
  File "/home/runner/work/github-runner/github-runner/mypy/lib/youtube/y2_downloader.py", line 153, in download_video
    api = Y2VideoHandler(work_path=self._work_path,
  File "/home/runner/work/github-runner/github-runner/mypy/lib/youtube/y2_video_handler.py", line 239, in __init__
    self._video_original_title = y2_video.title
  File "/opt/hostedtoolcache/Python/3.9.19/x64/lib/python3.9/site-packages/pytube/__main__.py", line 346, in title
    raise exceptions.PytubeError(
pytube.exceptions.PytubeError: Exception while accessing title of https://youtube.com/watch?v=peQ-CsY19Ag. Please file a bug report at https://github.com/pytube/pytube
INFO     mypy.lib.youtube.y2_downloader:y2_downloader.py:152 ðŸŸ¢ å¼€å§‹ä¸‹è½½ã€Šhttps://youtube.com/watch?v=z7bUu-RUcMgã€‹
INFO     mypy.lib.youtube.y2_downloader:y2_downloader.py:152 ðŸŸ¢ å¼€å§‹ä¸‹è½½ã€Šhttps://youtube.com/watch?v=peQ-CsY19Agã€‹
ERROR    mypy.lib.youtube.y2_downloader:y2_downloader.py:182 ðŸ”´ è§†é¢‘ã€Šhttps://youtube.com/watch?v=z7bUu-RUcMgã€‹ä¸‹è½½å¼‚å¸¸: Exception while accessing title of https://youtube.com/watch?v=z7bUu-RUcMg. Please file a bug report at https://github.com/pytube/pytube
Traceback (most recent call last):
  File "/opt/hostedtoolcache/Python/3.9.19/x64/lib/python3.9/site-packages/pytube/__main__.py", line 341, in title
    self._title = self.vid_info['videoDetails']['title']
KeyError: 'videoDetails'

During handling of the above exception, another exception occurred:

Traceback (most recent call last):
  File "/home/runner/work/github-runner/github-runner/mypy/lib/youtube/y2_downloader.py", line 153, in download_video
    api = Y2VideoHandler(work_path=self._work_path,
  File "/home/runner/work/github-runner/github-runner/mypy/lib/youtube/y2_video_handler.py", line 239, in __init__
    self._video_original_title = y2_video.title
  File "/opt/hostedtoolcache/Python/3.9.19/x64/lib/python3.9/site-packages/pytube/__main__.py", line 346, in title
    raise exceptions.PytubeError(
pytube.exceptions.PytubeError: Exception while accessing title of https://youtube.com/watch?v=z7bUu-RUcMg. Please file a bug report at https://github.com/pytube/pytube
ERROR    mypy.lib.youtube.y2_downloader:y2_downloader.py:182 ðŸ”´ è§†é¢‘ã€Šhttps://youtube.com/watch?v=peQ-CsY19Agã€‹ä¸‹è½½å¼‚å¸¸: Exception while accessing title of https://youtube.com/watch?v=peQ-CsY19Ag. Please file a bug report at https://github.com/pytube/pytube
Traceback (most recent call last):
  File "/opt/hostedtoolcache/Python/3.9.19/x64/lib/python3.9/site-packages/pytube/__main__.py", line 341, in title
    self._title = self.vid_info['videoDetails']['title']
KeyError: 'videoDetails'

During handling of the above exception, another exception occurred:

Traceback (most recent call last):
  File "/home/runner/work/github-runner/github-runner/mypy/lib/youtube/y2_downloader.py", line 153, in download_video
    api = Y2VideoHandler(work_path=self._work_path,
  File "/home/runner/work/github-runner/github-runner/mypy/lib/youtube/y2_video_handler.py", line 239, in __init__
    self._video_original_title = y2_video.title
  File "/opt/hostedtoolcache/Python/3.9.19/x64/lib/python3.9/site-packages/pytube/__main__.py", line 346, in title
    raise exceptions.PytubeError(
pytube.exceptions.PytubeError: Exception while accessing title of https://youtube.com/watch?v=peQ-CsY19Ag. Please file a bug report at https://github.com/pytube/pytube
INFO     mypy.lib.youtube.y2_downloader:y2_downloader.py:152 ðŸŸ¢ å¼€å§‹ä¸‹è½½ã€Šhttps://youtube.com/watch?v=z7bUu-RUcMgã€‹
INFO     mypy.lib.youtube.y2_downloader:y2_downloader.py:152 ðŸŸ¢ å¼€å§‹ä¸‹è½½ã€Šhttps://youtube.com/watch?v=peQ-CsY19Agã€‹
ERROR    mypy.lib.youtube.y2_downloader:y2_downloader.py:182 ðŸ”´ è§†é¢‘ã€Šhttps://youtube.com/watch?v=z7bUu-RUcMgã€‹ä¸‹è½½å¼‚å¸¸: Exception while accessing title of https://youtube.com/watch?v=z7bUu-RUcMg. Please file a bug report at https://github.com/pytube/pytube
Traceback (most recent call last):
  File "/opt/hostedtoolcache/Python/3.9.19/x64/lib/python3.9/site-packages/pytube/__main__.py", line 341, in title
    self._title = self.vid_info['videoDetails']['title']
KeyError: 'videoDetails'

During handling of the above exception, another exception occurred:

Traceback (most recent call last):
  File "/home/runner/work/github-runner/github-runner/mypy/lib/youtube/y2_downloader.py", line 153, in download_video
    api = Y2VideoHandler(work_path=self._work_path,
  File "/home/runner/work/github-runner/github-runner/mypy/lib/youtube/y2_video_handler.py", line 239, in __init__
    self._video_original_title = y2_video.title
  File "/opt/hostedtoolcache/Python/3.9.19/x64/lib/python3.9/site-packages/pytube/__main__.py", line 346, in title
    raise exceptions.PytubeError(
pytube.exceptions.PytubeError: Exception while accessing title of https://youtube.com/watch?v=z7bUu-RUcMg. Please file a bug report at https://github.com/pytube/pytube
ERROR    mypy.lib.youtube.y2_downloader:y2_downloader.py:182 ðŸ”´ è§†é¢‘ã€Šhttps://youtube.com/watch?v=peQ-CsY19Agã€‹ä¸‹è½½å¼‚å¸¸: Exception while accessing title of https://youtube.com/watch?v=peQ-CsY19Ag. Please file a bug report at https://github.com/pytube/pytube
Traceback (most recent call last):
  File "/opt/hostedtoolcache/Python/3.9.19/x64/lib/python3.9/site-packages/pytube/__main__.py", line 341, in title
    self._title = self.vid_info['videoDetails']['title']
KeyError: 'videoDetails'

During handling of the above exception, another exception occurred:

Traceback (most recent call last):
  File "/home/runner/work/github-runner/github-runner/mypy/lib/youtube/y2_downloader.py", line 153, in download_video
    api = Y2VideoHandler(work_path=self._work_path,
  File "/home/runner/work/github-runner/github-runner/mypy/lib/youtube/y2_video_handler.py", line 239, in __init__
    self._video_original_title = y2_video.title
  File "/opt/hostedtoolcache/Python/3.9.19/x64/lib/python3.9/site-packages/pytube/__main__.py", line 346, in title
    raise exceptions.PytubeError(
pytube.exceptions.PytubeError: Exception while accessing title of https://youtube.com/watch?v=peQ-CsY19Ag. Please file a bug report at https://github.com/pytube/pytube
INFO     mypy.lib.youtube.y2_downloader:y2_downloader.py:152 ðŸŸ¢ å¼€å§‹ä¸‹è½½ã€Šhttps://youtube.com/watch?v=z7bUu-RUcMgã€‹
INFO     mypy.lib.youtube.y2_downloader:y2_downloader.py:152 ðŸŸ¢ å¼€å§‹ä¸‹è½½ã€Šhttps://youtube.com/watch?v=peQ-CsY19Agã€‹
ERROR    mypy.lib.youtube.y2_downloader:y2_downloader.py:182 ðŸ”´ è§†é¢‘ã€Šhttps://youtube.com/watch?v=peQ-CsY19Agã€‹ä¸‹è½½å¼‚å¸¸: Exception while accessing title of https://youtube.com/watch?v=peQ-CsY19Ag. Please file a bug report at https://github.com/pytube/pytube
Traceback (most recent call last):
  File "/opt/hostedtoolcache/Python/3.9.19/x64/lib/python3.9/site-packages/pytube/__main__.py", line 341, in title
    self._title = self.vid_info['videoDetails']['title']
KeyError: 'videoDetails'

During handling of the above exception, another exception occurred:

Traceback (most recent call last):
  File "/home/runner/work/github-runner/github-runner/mypy/lib/youtube/y2_downloader.py", line 153, in download_video
    api = Y2VideoHandler(work_path=self._work_path,
  File "/home/runner/work/github-runner/github-runner/mypy/lib/youtube/y2_video_handler.py", line 239, in __init__
    self._video_original_title = y2_video.title
  File "/opt/hostedtoolcache/Python/3.9.19/x64/lib/python3.9/site-packages/pytube/__main__.py", line 346, in title
    raise exceptions.PytubeError(
pytube.exceptions.PytubeError: Exception while accessing title of https://youtube.com/watch?v=peQ-CsY19Ag. Please file a bug report at https://github.com/pytube/pytube
ERROR    mypy.lib.youtube.y2_downloader:y2_downloader.py:182 ðŸ”´ è§†é¢‘ã€Šhttps://youtube.com/watch?v=z7bUu-RUcMgã€‹ä¸‹è½½å¼‚å¸¸: Exception while accessing title of https://youtube.com/watch?v=z7bUu-RUcMg. Please file a bug report at https://github.com/pytube/pytube
Traceback (most recent call last):
  File "/opt/hostedtoolcache/Python/3.9.19/x64/lib/python3.9/site-packages/pytube/__main__.py", line 341, in title
    self._title = self.vid_info['videoDetails']['title']
KeyError: 'videoDetails'

During handling of the above exception, another exception occurred:

Traceback (most recent call last):
  File "/home/runner/work/github-runner/github-runner/mypy/lib/youtube/y2_downloader.py", line 153, in download_video
    api = Y2VideoHandler(work_path=self._work_path,
  File "/home/runner/work/github-runner/github-runner/mypy/lib/youtube/y2_video_handler.py", line 239, in __init__
    self._video_original_title = y2_video.title
  File "/opt/hostedtoolcache/Python/3.9.19/x64/lib/python3.9/site-packages/pytube/__main__.py", line 346, in title
    raise exceptions.PytubeError(
pytube.exceptions.PytubeError: Exception while accessing title of https://youtube.com/watch?v=z7bUu-RUcMg. Please file a bug report at https://github.com/pytube/pytube
INFO     mypy.lib.youtube.y2_downloader:y2_downloader.py:152 ðŸŸ¢ å¼€å§‹ä¸‹è½½ã€Šhttps://youtube.com/watch?v=peQ-CsY19Agã€‹
INFO     mypy.lib.youtube.y2_downloader:y2_downloader.py:152 ðŸŸ¢ å¼€å§‹ä¸‹è½½ã€Šhttps://youtube.com/watch?v=z7bUu-RUcMgã€‹
ERROR    mypy.lib.youtube.y2_downloader:y2_downloader.py:182 ðŸ”´ è§†é¢‘ã€Šhttps://youtube.com/watch?v=peQ-CsY19Agã€‹ä¸‹è½½å¼‚å¸¸: Exception while accessing title of https://youtube.com/watch?v=peQ-CsY19Ag. Please file a bug report at https://github.com/pytube/pytube
Traceback (most recent call last):
  File "/opt/hostedtoolcache/Python/3.9.19/x64/lib/python3.9/site-packages/pytube/__main__.py", line 341, in title
    self._title = self.vid_info['videoDetails']['title']
KeyError: 'videoDetails'

During handling of the above exception, another exception occurred:

Traceback (most recent call last):
  File "/home/runner/work/github-runner/github-runner/mypy/lib/youtube/y2_downloader.py", line 153, in download_video
    api = Y2VideoHandler(work_path=self._work_path,
  File "/home/runner/work/github-runner/github-runner/mypy/lib/youtube/y2_video_handler.py", line 239, in __init__
    self._video_original_title = y2_video.title
  File "/opt/hostedtoolcache/Python/3.9.19/x64/lib/python3.9/site-packages/pytube/__main__.py", line 346, in title
    raise exceptions.PytubeError(
pytube.exceptions.PytubeError: Exception while accessing title of https://youtube.com/watch?v=peQ-CsY19Ag. Please file a bug report at https://github.com/pytube/pytube
ERROR    mypy.lib.youtube.y2_downloader:y2_downloader.py:182 ðŸ”´ è§†é¢‘ã€Šhttps://youtube.com/watch?v=z7bUu-RUcMgã€‹ä¸‹è½½å¼‚å¸¸: Exception while accessing title of https://youtube.com/watch?v=z7bUu-RUcMg. Please file a bug report at https://github.com/pytube/pytube
Traceback (most recent call last):
  File "/opt/hostedtoolcache/Python/3.9.19/x64/lib/python3.9/site-packages/pytube/__main__.py", line 341, in title
    self._title = self.vid_info['videoDetails']['title']
KeyError: 'videoDetails'

During handling of the above exception, another exception occurred:

Traceback (most recent call last):
  File "/home/runner/work/github-runner/github-runner/mypy/lib/youtube/y2_downloader.py", line 153, in download_video
    api = Y2VideoHandler(work_path=self._work_path,
  File "/home/runner/work/github-runner/github-runner/mypy/lib/youtube/y2_video_handler.py", line 239, in __init__
    self._video_original_title = y2_video.title
  File "/opt/hostedtoolcache/Python/3.9.19/x64/lib/python3.9/site-packages/pytube/__main__.py", line 346, in title
    raise exceptions.PytubeError(
pytube.exceptions.PytubeError: Exception while accessing title of https://youtube.com/watch?v=z7bUu-RUcMg. Please file a bug report at https://github.com/pytube/pytube