INFO     mypy.apps.youtu2douyin.channel_loop:channel_loop.py:166 ğŸŸ¢ ====================================================================================================
INFO     mypy.apps.youtu2douyin.channel_loop:channel_loop.py:167 ğŸŸ¢ channel: https://www.youtube.com/channel/UCsooa4yRKGN_zEE8iknghZA, name: TED-Ed
INFO     mypy.apps.youtu2douyin.channel_loop:channel_loop.py:168 ğŸŸ¢ ====================================================================================================
INFO     mypy.apps.youtu2douyin.channel_loop:channel_loop.py:67 ğŸŸ¢ new videoã€ŠWhy was the Rosetta Stone so important? - Franziska Naetherã€‹found, id: Z8dZSySRX_g, publish date: 2024-03-14 00:00:00
INFO     mypy.apps.youtu2douyin.channel_loop:channel_loop.py:183 ğŸŸ¢ é¢‘é“ [TED-Ed] å‘ç° 1 ä¸ªæ–°è§†é¢‘
WARNING  mypy.apps.youtu2douyin.channel_loop:channel_loop.py:91 ğŸŸ  æœ€è¿‘å‘å¸ƒæ—¶é—´: 2024-03-12 14:03:00 å°äºå½“å‰æ—¶é—´ï¼Œé»˜è®¤è®¾ç½®å½“å‰æ—¶é—´ + 6h: 2024-03-17 22:54:37.768269ï¼Œåˆ™ä½œå“å‘å¸ƒæ—¶é—´ä¸ºå½“å‰æ—¶é—´çš„ä¸‹ä¸€ä¸ªåŸºå‡†æ—¶é—´
DEBUG    mypy.apps.youtu2douyin.channel_loop:channel_loop.py:38 ğŸ”µ ===== handling https://youtube.com/watch?v=Z8dZSySRX_g begin at 1710665677.768449 =====
INFO     mypy.apps.youtu2douyin.channel_loop:channel_loop.py:41 ğŸŸ¢ ===== è·å–è§†é¢‘ =====
INFO     mypy.apps.youtu2douyin.channel_loop:channel_loop.py:44 ğŸŸ¢ è¾“å‡ºè·¯å¾„: /home/runner/work/Python/Python/mypy/tests/apps/youtu2douyin/_out/channel_UCsooa4yRKGN_zEE8iknghZA
INFO     mypy.lib.youtube.ytdlp_helper:ytdlp_helper.py:180 ğŸŸ¢ ----- ä¸‹è½½è§†é¢‘ -----
DEBUG    /home/runner/work/Python/Python/mypy/utils/tools.py:tools.py:170 ğŸ”µ æ­£åœ¨æ‰§è¡Œå‘½ä»¤: ['yt-dlp', '--format', 'bv+ba', '--embed-metadata', '--merge-output-format', 'mp4', '--output', '/home/runner/work/Python/Python/mypy/tests/apps/youtu2douyin/_out/channel_UCsooa4yRKGN_zEE8iknghZA/video_Z8dZSySRX_g_tmp/Z8dZSySRX_g_download.mp4', '--write-thumbnail', '--convert-thumbnail', 'jpg', '--output', 'thumbnail:/home/runner/work/Python/Python/mypy/tests/apps/youtu2douyin/_out/channel_UCsooa4yRKGN_zEE8iknghZA/Z8dZSySRX_g', 'https://youtube.com/watch?v=Z8dZSySRX_g']
INFO     mypy.lib.youtube.ytdlp_helper:ytdlp_helper.py:183 ğŸŸ¢ ----- ä¸‹è½½å­—å¹• -----
INFO     mypy.lib.youtube.y2_srt_handler:y2_srt_handler.py:59 ğŸŸ¢ ----- ä¸‹è½½å­—å¹• -----
INFO     mypy.lib.youtube.ytdlp_helper:ytdlp_helper.py:188 ğŸŸ¢ ----- æ‹¼æ¥å­—å¹• -----
INFO     mypy.apps.youtu2douyin.channel_loop:channel_loop.py:54 ğŸŸ¢ ===== è·å–å°é¢ =====
WARNING  mypy.apps.youtu2douyin.publish:publish.py:38 ğŸŸ  æ–‡ä»¶ /home/runner/work/Python/Python/mypy/tests/apps/youtu2douyin/_out/channel_UCsooa4yRKGN_zEE8iknghZA/Z8dZSySRX_g.jpg å·²å­˜åœ¨
INFO     mypy.apps.youtu2douyin.channel_loop:channel_loop.py:58 ğŸŸ¢ ----- å¤„ç†åè§†é¢‘è·¯å¾„: /home/runner/work/Python/Python/mypy/tests/apps/youtu2douyin/_out/channel_UCsooa4yRKGN_zEE8iknghZA/Z8dZSySRX_g.mp4
DEBUG    mypy.apps.youtu2douyin.channel_loop:channel_loop.py:125 ğŸ”µ ----- video_info: {'id': 'Z8dZSySRX_g', 'url': 'https://youtube.com/watch?v=Z8dZSySRX_g', 'title': 'Why was the Rosetta Stone so important? - Franziska Naether', 'publishdate': '2024-03-14 00:00:00', 'published': []}

INFO     mypy.apps.youtu2douyin.publish:publish.py:67 ğŸŸ¢ -----> å‘å¸ƒåˆ°æŠ–éŸ³
INFO     mypy.lib.douyin.publisher:publisher.py:673 ğŸŸ¢ æ­£åœ¨ä½¿ç”¨ [cookie_17688150852.json] å‘å¸ƒä½œå“ï¼Œå½“å‰è´¦å·æ’åº: [1]
ERROR    mypy.lib.douyin.publisher:publisher.py:347 ğŸ”´ è´¦å·ç™»å½•çŠ¶æ€å·²å¤±æ•ˆï¼Œæ­£åœ¨è·³å‡º: Timeout 120000ms exceeded.
ERROR    mypy.lib.douyin.publisher:publisher.py:487 ğŸ”´ âŒâŒâŒã€Šä¸ºä»€ä¹ˆç½—å¡å¡”çŸ³ç¢‘å¦‚æ­¤é‡è¦ï¼Ÿ- å¼—å…°é½æ–¯å¡Â·å†…ç‘Ÿã€‹å‘å¸ƒå¼‚å¸¸ âŒâŒâŒ
Traceback (most recent call last):
  File "/home/runner/work/Python/Python/mypy/lib/douyin/publisher.py", line 343, in _check_login_status
    user_name = await self._get_logined_username(page)
  File "/home/runner/work/Python/Python/mypy/lib/douyin/publisher.py", line 333, in _get_logined_username
    raise ex
  File "/home/runner/work/Python/Python/mypy/lib/douyin/publisher.py", line 330, in _get_logined_username
    user_name = await page.inner_text(self._playwright_cfg.creator_name_loc)
  File "/opt/hostedtoolcache/Python/3.8.18/x64/lib/python3.8/site-packages/playwright/async_api/_generated.py", line 10278, in inner_text
    await self._impl_obj.inner_text(
  File "/opt/hostedtoolcache/Python/3.8.18/x64/lib/python3.8/site-packages/playwright/_impl/_page.py", line 880, in inner_text
    return await self._main_frame.inner_text(**locals_to_params(locals()))
  File "/opt/hostedtoolcache/Python/3.8.18/x64/lib/python3.8/site-packages/playwright/_impl/_frame.py", line 618, in inner_text
    return await self._channel.send("innerText", locals_to_params(locals()))
  File "/opt/hostedtoolcache/Python/3.8.18/x64/lib/python3.8/site-packages/playwright/_impl/_connection.py", line 59, in send
    return await self._connection.wrap_api_call(
  File "/opt/hostedtoolcache/Python/3.8.18/x64/lib/python3.8/site-packages/playwright/_impl/_connection.py", line 509, in wrap_api_call
    return await cb()
  File "/opt/hostedtoolcache/Python/3.8.18/x64/lib/python3.8/site-packages/playwright/_impl/_connection.py", line 97, in inner_send
    result = next(iter(done)).result()
playwright._impl._errors.TimeoutError: Timeout 120000ms exceeded.

The above exception was the direct cause of the following exception:

Traceback (most recent call last):
  File "/home/runner/work/Python/Python/mypy/lib/douyin/publisher.py", line 466, in publish_mission
    is_login = await self._check_login_status(page)
  File "/home/runner/work/Python/Python/mypy/lib/douyin/publisher.py", line 348, in _check_login_status
    raise CheckLoginStatusExp from ex
mypy.lib.douyin.publisher.CheckLoginStatusExp
WARNING  mypy.lib.douyin.publisher:before_sleep.py:65 Retrying <unknown> in 5.0 seconds as it raised CheckLoginStatusExp: .
ERROR    mypy.lib.douyin.publisher:publisher.py:347 ğŸ”´ è´¦å·ç™»å½•çŠ¶æ€å·²å¤±æ•ˆï¼Œæ­£åœ¨è·³å‡º: Timeout 120000ms exceeded.
ERROR    mypy.lib.douyin.publisher:publisher.py:487 ğŸ”´ âŒâŒâŒã€Šä¸ºä»€ä¹ˆç½—å¡å¡”çŸ³ç¢‘å¦‚æ­¤é‡è¦ï¼Ÿ- å¼—å…°é½æ–¯å¡Â·å†…ç‘Ÿã€‹å‘å¸ƒå¼‚å¸¸ âŒâŒâŒ
Traceback (most recent call last):
  File "/home/runner/work/Python/Python/mypy/lib/douyin/publisher.py", line 341, in _check_login_status
    await page.goto(self._playwright_cfg.creator_home_url)
  File "/opt/hostedtoolcache/Python/3.8.18/x64/lib/python3.8/site-packages/playwright/async_api/_generated.py", line 8612, in goto
    await self._impl_obj.goto(
  File "/opt/hostedtoolcache/Python/3.8.18/x64/lib/python3.8/site-packages/playwright/_impl/_page.py", line 500, in goto
    return await self._main_frame.goto(**locals_to_params(locals()))
  File "/opt/hostedtoolcache/Python/3.8.18/x64/lib/python3.8/site-packages/playwright/_impl/_frame.py", line 145, in goto
    await self._channel.send("goto", locals_to_params(locals()))
  File "/opt/hostedtoolcache/Python/3.8.18/x64/lib/python3.8/site-packages/playwright/_impl/_connection.py", line 59, in send
    return await self._connection.wrap_api_call(
  File "/opt/hostedtoolcache/Python/3.8.18/x64/lib/python3.8/site-packages/playwright/_impl/_connection.py", line 509, in wrap_api_call
    return await cb()
  File "/opt/hostedtoolcache/Python/3.8.18/x64/lib/python3.8/site-packages/playwright/_impl/_connection.py", line 97, in inner_send
    result = next(iter(done)).result()
playwright._impl._errors.TimeoutError: Timeout 120000ms exceeded.

The above exception was the direct cause of the following exception:

Traceback (most recent call last):
  File "/home/runner/work/Python/Python/mypy/lib/douyin/publisher.py", line 466, in publish_mission
    is_login = await self._check_login_status(page)
  File "/home/runner/work/Python/Python/mypy/lib/douyin/publisher.py", line 348, in _check_login_status
    raise CheckLoginStatusExp from ex
mypy.lib.douyin.publisher.CheckLoginStatusExp
WARNING  mypy.lib.douyin.publisher:before_sleep.py:65 Retrying <unknown> in 5.0 seconds as it raised CheckLoginStatusExp: .
INFO     mypy.lib.douyin.publisher:publisher.py:344 ğŸŸ¢ -----> å½“å‰ç™»å½•è´¦å·ä¸º â€œé˜¿æ–¯é¡¿éæ›´â€
INFO     mypy.lib.douyin.publisher:publisher.py:412 ğŸŸ¢ è®¾ç½®è§†é¢‘ç®€ä»‹ä¸º: ä¸ºä»€ä¹ˆç½—å¡å¡”çŸ³ç¢‘å¦‚æ­¤é‡è¦ï¼Ÿ- å¼—å…°é½æ–¯å¡Â·å†…ç‘Ÿ#TED #ç§‘æ™® #å››å…­çº§ #è‹±è¯­å£è¯­ #é›…æ€
INFO     mypy.lib.douyin.publisher:publisher.py:103 ğŸŸ¢ -----> å¯é€‰åˆé›†:
INFO     mypy.lib.douyin.publisher:publisher.py:105 ğŸŸ¢ 1. ç”Ÿå‘½ç§‘å­¦
INFO     mypy.lib.douyin.publisher:publisher.py:105 ğŸŸ¢ 2. æŠ¤å£«é•¿ç«è˜
INFO     mypy.lib.douyin.publisher:publisher.py:105 ğŸŸ¢ 3. TED-EDï¼ˆä¸­è‹±å­—å¹•ï¼‰
INFO     mypy.lib.douyin.publisher:publisher.py:105 ğŸŸ¢ 4. å“ˆå“ˆå“ˆ
INFO     mypy.lib.douyin.publisher:publisher.py:197 ğŸŸ¢ è®¾ç½®åˆ°åˆé›†: TED-EDï¼ˆä¸­è‹±å­—å¹•ï¼‰
INFO     mypy.lib.douyin.publisher:publisher.py:306 ğŸŸ¢ å¯è§èŒƒå›´è®¾ç½®ä¸º: å…¬å¼€
INFO     mypy.lib.douyin.publisher:publisher.py:206 ğŸŸ¢ è§†é¢‘å¯ä¸‹è½½æƒé™è®¾ç½®ä¸º: ä¸å…è®¸
INFO     mypy.lib.douyin.publisher:publisher.py:286 ğŸŸ¢ å®šæ—¶å‘å¸ƒæ—¶é—´è®¾ç½®ä¸º: 2024-03-18 11:45:00
INFO     mypy.lib.douyin.publisher:publisher.py:152 ğŸŸ¢ è·å–å¹¶ä¸Šä¼ å°é¢
INFO     mypy.lib.douyin.publisher:publisher.py:419 ğŸŸ¢ å‘å¸ƒä¿¡æ¯å¡«å†™å®Œæ¯•ï¼Œè¿›è¡Œå‘å¸ƒ
INFO     mypy.lib.douyin.publisher:publisher.py:427 ğŸŸ¢ ç‚¹å‡»å‘å¸ƒæŒ‰é’®
INFO     mypy.lib.douyin.publisher:publisher.py:437 ğŸŸ¢ æ¥è‡ªç½‘é¡µæç¤ºä¿¡æ¯: []
INFO     mypy.lib.douyin.publisher:publisher.py:450 ğŸŸ¢ ğŸŠğŸŠğŸŠã€Šä¸ºä»€ä¹ˆç½—å¡å¡”çŸ³ç¢‘å¦‚æ­¤é‡è¦ï¼Ÿ- å¼—å…°é½æ–¯å¡Â·å†…ç‘Ÿã€‹å‘å¸ƒæˆåŠŸ ğŸŠğŸŠğŸŠ
INFO     mypy.apps.youtu2douyin.channel_loop:channel_loop.py:142 ğŸŸ¢ ã€ŠWhy was the Rosetta Stone so important? - Franziska Naetherã€‹å‘å¸ƒåˆ° douyin æˆåŠŸ
DEBUG    mypy.apps.youtu2douyin.channel_loop:channel_loop.py:38 ğŸ”µ ===== handling https://youtube.com/watch?v=mAxFB3vbt7c begin at 1710666238.6651304 =====
INFO     mypy.apps.youtu2douyin.channel_loop:channel_loop.py:41 ğŸŸ¢ ===== è·å–è§†é¢‘ =====
INFO     mypy.apps.youtu2douyin.channel_loop:channel_loop.py:44 ğŸŸ¢ è¾“å‡ºè·¯å¾„: /home/runner/work/Python/Python/mypy/tests/apps/youtu2douyin/_out/channel_UCsooa4yRKGN_zEE8iknghZA
INFO     mypy.lib.youtube.ytdlp_helper:ytdlp_helper.py:180 ğŸŸ¢ ----- ä¸‹è½½è§†é¢‘ -----
DEBUG    /home/runner/work/Python/Python/mypy/utils/tools.py:tools.py:170 ğŸ”µ æ­£åœ¨æ‰§è¡Œå‘½ä»¤: ['yt-dlp', '--format', 'bv+ba', '--embed-metadata', '--merge-output-format', 'mp4', '--output', '/home/runner/work/Python/Python/mypy/tests/apps/youtu2douyin/_out/channel_UCsooa4yRKGN_zEE8iknghZA/video_mAxFB3vbt7c_tmp/mAxFB3vbt7c_download.mp4', '--write-thumbnail', '--convert-thumbnail', 'jpg', '--output', 'thumbnail:/home/runner/work/Python/Python/mypy/tests/apps/youtu2douyin/_out/channel_UCsooa4yRKGN_zEE8iknghZA/mAxFB3vbt7c', 'https://youtube.com/watch?v=mAxFB3vbt7c']
INFO     mypy.lib.youtube.ytdlp_helper:ytdlp_helper.py:183 ğŸŸ¢ ----- ä¸‹è½½å­—å¹• -----
INFO     mypy.lib.youtube.y2_srt_handler:y2_srt_handler.py:59 ğŸŸ¢ ----- ä¸‹è½½å­—å¹• -----
INFO     mypy.lib.youtube.ytdlp_helper:ytdlp_helper.py:188 ğŸŸ¢ ----- æ‹¼æ¥å­—å¹• -----
INFO     mypy.apps.youtu2douyin.channel_loop:channel_loop.py:54 ğŸŸ¢ ===== è·å–å°é¢ =====
WARNING  mypy.apps.youtu2douyin.publish:publish.py:38 ğŸŸ  æ–‡ä»¶ /home/runner/work/Python/Python/mypy/tests/apps/youtu2douyin/_out/channel_UCsooa4yRKGN_zEE8iknghZA/mAxFB3vbt7c.jpg å·²å­˜åœ¨
INFO     mypy.apps.youtu2douyin.channel_loop:channel_loop.py:58 ğŸŸ¢ ----- å¤„ç†åè§†é¢‘è·¯å¾„: /home/runner/work/Python/Python/mypy/tests/apps/youtu2douyin/_out/channel_UCsooa4yRKGN_zEE8iknghZA/mAxFB3vbt7c.mp4
DEBUG    mypy.apps.youtu2douyin.channel_loop:channel_loop.py:125 ğŸ”µ ----- video_info: {'id': 'mAxFB3vbt7c', 'url': 'https://youtube.com/watch?v=mAxFB3vbt7c', 'title': 'One of the worldâ€™s oldest condiments - Dan Kwartler', 'publishdate': '2024-03-12 00:00:00', 'published': []}

INFO     mypy.apps.youtu2douyin.publish:publish.py:67 ğŸŸ¢ -----> å‘å¸ƒåˆ°æŠ–éŸ³
INFO     mypy.lib.douyin.publisher:publisher.py:673 ğŸŸ¢ æ­£åœ¨ä½¿ç”¨ [cookie_17688150852.json] å‘å¸ƒä½œå“ï¼Œå½“å‰è´¦å·æ’åº: [1]
INFO     mypy.lib.douyin.publisher:publisher.py:344 ğŸŸ¢ -----> å½“å‰ç™»å½•è´¦å·ä¸º â€œé˜¿æ–¯é¡¿éæ›´â€
INFO     mypy.lib.douyin.publisher:publisher.py:412 ğŸŸ¢ è®¾ç½®è§†é¢‘ç®€ä»‹ä¸º: ä¸–ç•Œä¸Šæœ€å¤è€çš„è°ƒå‘³å“ä¹‹ä¸€ - Dan Kwartler#TED #ç§‘æ™® #å››å…­çº§ #è‹±è¯­å£è¯­ #é›…æ€
INFO     mypy.lib.douyin.publisher:publisher.py:103 ğŸŸ¢ -----> å¯é€‰åˆé›†:
INFO     mypy.lib.douyin.publisher:publisher.py:105 ğŸŸ¢ 1. ç”Ÿå‘½ç§‘å­¦
INFO     mypy.lib.douyin.publisher:publisher.py:105 ğŸŸ¢ 2. æŠ¤å£«é•¿ç«è˜
INFO     mypy.lib.douyin.publisher:publisher.py:105 ğŸŸ¢ 3. TED-EDï¼ˆä¸­è‹±å­—å¹•ï¼‰
INFO     mypy.lib.douyin.publisher:publisher.py:105 ğŸŸ¢ 4. å“ˆå“ˆå“ˆ
INFO     mypy.lib.douyin.publisher:publisher.py:197 ğŸŸ¢ è®¾ç½®åˆ°åˆé›†: TED-EDï¼ˆä¸­è‹±å­—å¹•ï¼‰
INFO     mypy.lib.douyin.publisher:publisher.py:306 ğŸŸ¢ å¯è§èŒƒå›´è®¾ç½®ä¸º: å…¬å¼€
INFO     mypy.lib.douyin.publisher:publisher.py:206 ğŸŸ¢ è§†é¢‘å¯ä¸‹è½½æƒé™è®¾ç½®ä¸º: ä¸å…è®¸
INFO     mypy.lib.douyin.publisher:publisher.py:286 ğŸŸ¢ å®šæ—¶å‘å¸ƒæ—¶é—´è®¾ç½®ä¸º: 2024-03-18 18:54:00
INFO     mypy.lib.douyin.publisher:publisher.py:152 ğŸŸ¢ è·å–å¹¶ä¸Šä¼ å°é¢
INFO     mypy.lib.douyin.publisher:publisher.py:419 ğŸŸ¢ å‘å¸ƒä¿¡æ¯å¡«å†™å®Œæ¯•ï¼Œè¿›è¡Œå‘å¸ƒ
INFO     mypy.lib.douyin.publisher:publisher.py:427 ğŸŸ¢ ç‚¹å‡»å‘å¸ƒæŒ‰é’®
INFO     mypy.lib.douyin.publisher:publisher.py:437 ğŸŸ¢ æ¥è‡ªç½‘é¡µæç¤ºä¿¡æ¯: ['å°é¢ä¸Šä¼ æˆåŠŸ']
INFO     mypy.lib.douyin.publisher:publisher.py:450 ğŸŸ¢ ğŸŠğŸŠğŸŠã€Šä¸–ç•Œä¸Šæœ€å¤è€çš„è°ƒå‘³å“ä¹‹ä¸€ - Dan Kwartlerã€‹å‘å¸ƒæˆåŠŸ ğŸŠğŸŠğŸŠ
INFO     mypy.apps.youtu2douyin.channel_loop:channel_loop.py:142 ğŸŸ¢ ã€ŠOne of the worldâ€™s oldest condiments - Dan Kwartlerã€‹å‘å¸ƒåˆ° douyin æˆåŠŸ