INFO     conftest:conftest.py:121 ğŸŸ¢ [åˆ›å»º]æµ‹è¯•ç”¨ä¾‹è¾“å‡ºç›®å½•: /home/runner/work/Python/Python/mypy/tests/lib/pexels/_out/test_pexels
INFO     mypy.lib.pexels.video:video.py:166 ğŸŸ¢ æ­£åœ¨æœç´¢ mountain ç›¸å…³çš„è§†é¢‘...
DEBUG    mypy.lib.pexels.video:video.py:132 ğŸ”µ æ­£åœ¨æœç´¢è§†é¢‘: https://api.pexels.com//videos/search?query=mountain&per_page=20&orientation=landscape
ERROR    mypy.lib.pexels.video:video.py:145 ğŸ”´ æœç´¢è§†é¢‘å¤±è´¥: Expecting value: line 1 column 1 (char 0)
Traceback (most recent call last):
  File "/opt/hostedtoolcache/Python/3.9.19/x64/lib/python3.9/site-packages/requests/models.py", line 971, in json
    return complexjson.loads(self.text, **kwargs)
  File "/opt/hostedtoolcache/Python/3.9.19/x64/lib/python3.9/json/__init__.py", line 346, in loads
    return _default_decoder.decode(s)
  File "/opt/hostedtoolcache/Python/3.9.19/x64/lib/python3.9/json/decoder.py", line 337, in decode
    obj, end = self.raw_decode(s, idx=_w(s, 0).end())
  File "/opt/hostedtoolcache/Python/3.9.19/x64/lib/python3.9/json/decoder.py", line 355, in raw_decode
    raise JSONDecodeError("Expecting value", s, err.value) from None
json.decoder.JSONDecodeError: Expecting value: line 1 column 1 (char 0)

During handling of the above exception, another exception occurred:

Traceback (most recent call last):
  File "/home/runner/work/Python/Python/mypy/lib/pexels/video.py", line 138, in _search_videos
    response = r.json()
  File "/opt/hostedtoolcache/Python/3.9.19/x64/lib/python3.9/site-packages/requests/models.py", line 975, in json
    raise RequestsJSONDecodeError(e.msg, e.doc, e.pos)
requests.exceptions.JSONDecodeError: Expecting value: line 1 column 1 (char 0)
INFO     mypy.lib.pexels.video:video.py:170 ğŸŸ¢ è¿‡æ»¤æœç´¢åˆ°çš„è§†é¢‘
INFO     mypy.lib.pexels.video:video.py:174 ğŸŸ¢ æ‰¾åˆ° 0 æ¡ä¸ â€œmountainâ€ ç›¸å…³ï¼Œä¸”ç¬¦åˆè¦æ±‚çš„è§†é¢‘
INFO     mypy.lib.pexels.video:video.py:166 ğŸŸ¢ æ­£åœ¨æœç´¢ cat ç›¸å…³çš„è§†é¢‘...
DEBUG    mypy.lib.pexels.video:video.py:132 ğŸ”µ æ­£åœ¨æœç´¢è§†é¢‘: https://api.pexels.com//videos/search?query=cat&per_page=20&orientation=landscape
ERROR    mypy.lib.pexels.video:video.py:145 ğŸ”´ æœç´¢è§†é¢‘å¤±è´¥: Expecting value: line 1 column 1 (char 0)
Traceback (most recent call last):
  File "/opt/hostedtoolcache/Python/3.9.19/x64/lib/python3.9/site-packages/requests/models.py", line 971, in json
    return complexjson.loads(self.text, **kwargs)
  File "/opt/hostedtoolcache/Python/3.9.19/x64/lib/python3.9/json/__init__.py", line 346, in loads
    return _default_decoder.decode(s)
  File "/opt/hostedtoolcache/Python/3.9.19/x64/lib/python3.9/json/decoder.py", line 337, in decode
    obj, end = self.raw_decode(s, idx=_w(s, 0).end())
  File "/opt/hostedtoolcache/Python/3.9.19/x64/lib/python3.9/json/decoder.py", line 355, in raw_decode
    raise JSONDecodeError("Expecting value", s, err.value) from None
json.decoder.JSONDecodeError: Expecting value: line 1 column 1 (char 0)

During handling of the above exception, another exception occurred:

Traceback (most recent call last):
  File "/home/runner/work/Python/Python/mypy/lib/pexels/video.py", line 138, in _search_videos
    response = r.json()
  File "/opt/hostedtoolcache/Python/3.9.19/x64/lib/python3.9/site-packages/requests/models.py", line 975, in json
    raise RequestsJSONDecodeError(e.msg, e.doc, e.pos)
requests.exceptions.JSONDecodeError: Expecting value: line 1 column 1 (char 0)
INFO     mypy.lib.pexels.video:video.py:170 ğŸŸ¢ è¿‡æ»¤æœç´¢åˆ°çš„è§†é¢‘
INFO     mypy.lib.pexels.video:video.py:174 ğŸŸ¢ æ‰¾åˆ° 0 æ¡ä¸ â€œcatâ€ ç›¸å…³ï¼Œä¸”ç¬¦åˆè¦æ±‚çš„è§†é¢‘
INFO     mypy.lib.pexels.video:video.py:184 ğŸŸ¢ æ€»å…±æœé›†åˆ°: 0 æ¡è§†é¢‘ï¼Œæ—¶é•¿æ€»å’Œä¸º 0
WARNING  mypy.lib.pexels.video:video.py:188 ğŸŸ  æ³¨æ„ï¼ï¼ï¼æœªä¸‹è½½å¤ŸæŒ‡å®šçš„è§†é¢‘æ—¶é•¿
INFO     mypy.lib.pexels.video:video.py:88 ğŸŸ¢ å¼€å§‹ä¸‹è½½è§†é¢‘...
INFO     mypy.lib.pexels.video:video.py:111 ğŸŸ¢ è§†é¢‘ä¸‹è½½å®Œæˆï¼Œä¿å­˜è·¯å¾„: /home/runner/work/Python/Python/mypy/tests/lib/pexels/_out/test_pexels/test_pexels_get_videos