INFO     conftest:conftest.py:117 🟢 [创建]测试用例输出目录: /home/runner/work/github-runner/github-runner/mypy/tests/lib/youtube/_out/test_y2_downloader
INFO     mypy.lib.youtube.y2_downloader:y2_downloader.py:152 🟢 开始下载《https://www.youtube.com/watch?v=0AVrZ5tw_SM》
INFO     mypy.lib.youtube.y2_video_handler:y2_video_handler.py:285 🟢 ===== 获取视频 =====
INFO     mypy.lib.youtube.y2_video_handler:y2_video_handler.py:286 🟢 输出路径: /home/runner/work/github-runner/github-runner/mypy/tests/lib/youtube/_out/test_y2_downloader/_out/channel_UCPyMN8DzkFl2__xnTEiGZ1w
ERROR    mypy.lib.youtube.y2_downloader:y2_downloader.py:182 🔴 视频《https://www.youtube.com/watch?v=0AVrZ5tw_SM》下载异常: ERROR: [youtube] 0AVrZ5tw_SM: Sign in to confirm you’re not a bot. This helps protect our community. Learn more
Traceback (most recent call last):
  File "/opt/hostedtoolcache/Python/3.9.20/x64/lib/python3.9/site-packages/yt_dlp/YoutubeDL.py", line 1626, in wrapper
    return func(self, *args, **kwargs)
  File "/opt/hostedtoolcache/Python/3.9.20/x64/lib/python3.9/site-packages/yt_dlp/YoutubeDL.py", line 1761, in __extract_info
    ie_result = ie.extract(url)
  File "/opt/hostedtoolcache/Python/3.9.20/x64/lib/python3.9/site-packages/yt_dlp/extractor/common.py", line 741, in extract
    ie_result = self._real_extract(url)
  File "/opt/hostedtoolcache/Python/3.9.20/x64/lib/python3.9/site-packages/yt_dlp/extractor/youtube.py", line 4468, in _real_extract
    self.raise_no_formats(reason, expected=True)
  File "/opt/hostedtoolcache/Python/3.9.20/x64/lib/python3.9/site-packages/yt_dlp/extractor/common.py", line 1275, in raise_no_formats
    raise ExtractorError(msg, expected=expected, video_id=video_id)
yt_dlp.utils.ExtractorError: [youtube] 0AVrZ5tw_SM: Sign in to confirm you’re not a bot. This helps protect our community. Learn more

During handling of the above exception, another exception occurred:

Traceback (most recent call last):
  File "/home/runner/work/github-runner/github-runner/mypy/lib/youtube/y2_downloader.py", line 157, in download_video
    v_title, v_filepath = api.get_video(clean_download=False,
  File "/home/runner/work/github-runner/github-runner/mypy/lib/youtube/y2_video_handler.py", line 292, in get_video
    y2_api = YtdlpHelper(video_url=self._video_url,
  File "/home/runner/work/github-runner/github-runner/mypy/lib/youtube/ytdlp_helper.py", line 75, in __init__
    self._title, self._video_id, self._publish_date = get_video_info(
  File "/home/runner/work/github-runner/github-runner/mypy/lib/youtube/ytdlp_helper.py", line 62, in get_video_info
    info_dict = ydl.extract_info(
  File "/opt/hostedtoolcache/Python/3.9.20/x64/lib/python3.9/site-packages/yt_dlp/YoutubeDL.py", line 1615, in extract_info
    return self.__extract_info(url, self.get_info_extractor(key), download, extra_info, process)
  File "/opt/hostedtoolcache/Python/3.9.20/x64/lib/python3.9/site-packages/yt_dlp/YoutubeDL.py", line 1644, in wrapper
    self.report_error(str(e), e.format_traceback())
  File "/opt/hostedtoolcache/Python/3.9.20/x64/lib/python3.9/site-packages/yt_dlp/YoutubeDL.py", line 1092, in report_error
    self.trouble(f'{self._format_err("ERROR:", self.Styles.ERROR)} {message}', *args, **kwargs)
  File "/opt/hostedtoolcache/Python/3.9.20/x64/lib/python3.9/site-packages/yt_dlp/YoutubeDL.py", line 1031, in trouble
    raise DownloadError(message, exc_info)
yt_dlp.utils.DownloadError: ERROR: [youtube] 0AVrZ5tw_SM: Sign in to confirm you’re not a bot. This helps protect our community. Learn more
ERROR    mypy.lib.youtube.y2_downloader:y2_downloader.py:182 🔴 视频《https://www.youtube.com/watch?v=0AVrZ5tw_SM》下载异常: unsupported operand type(s) for +: 'NoneType' and 'str'
Traceback (most recent call last):
  File "/home/runner/work/github-runner/github-runner/mypy/lib/youtube/y2_downloader.py", line 144, in download_video
    if self._is_video_downloaded(channel_id, video_url):
  File "/home/runner/work/github-runner/github-runner/mypy/lib/youtube/y2_downloader.py", line 111, in _is_video_downloaded
    self._config_dir, channel_id + '.json')
TypeError: unsupported operand type(s) for +: 'NoneType' and 'str'
INFO     mypy.lib.youtube.y2_downloader:y2_downloader.py:152 🟢 开始下载《https://www.youtube.com/watch?v=0AVrZ5tw_SM》
INFO     mypy.lib.youtube.y2_video_handler:y2_video_handler.py:285 🟢 ===== 获取视频 =====
INFO     mypy.lib.youtube.y2_video_handler:y2_video_handler.py:286 🟢 输出路径: /home/runner/work/github-runner/github-runner/mypy/tests/lib/youtube/_out/test_y2_downloader/_out/channel_UCPyMN8DzkFl2__xnTEiGZ1w
ERROR    mypy.lib.youtube.y2_downloader:y2_downloader.py:182 🔴 视频《https://www.youtube.com/watch?v=0AVrZ5tw_SM》下载异常: ERROR: [youtube] 0AVrZ5tw_SM: Sign in to confirm you’re not a bot. This helps protect our community. Learn more
Traceback (most recent call last):
  File "/opt/hostedtoolcache/Python/3.9.20/x64/lib/python3.9/site-packages/yt_dlp/YoutubeDL.py", line 1626, in wrapper
    return func(self, *args, **kwargs)
  File "/opt/hostedtoolcache/Python/3.9.20/x64/lib/python3.9/site-packages/yt_dlp/YoutubeDL.py", line 1761, in __extract_info
    ie_result = ie.extract(url)
  File "/opt/hostedtoolcache/Python/3.9.20/x64/lib/python3.9/site-packages/yt_dlp/extractor/common.py", line 741, in extract
    ie_result = self._real_extract(url)
  File "/opt/hostedtoolcache/Python/3.9.20/x64/lib/python3.9/site-packages/yt_dlp/extractor/youtube.py", line 4468, in _real_extract
    self.raise_no_formats(reason, expected=True)
  File "/opt/hostedtoolcache/Python/3.9.20/x64/lib/python3.9/site-packages/yt_dlp/extractor/common.py", line 1275, in raise_no_formats
    raise ExtractorError(msg, expected=expected, video_id=video_id)
yt_dlp.utils.ExtractorError: [youtube] 0AVrZ5tw_SM: Sign in to confirm you’re not a bot. This helps protect our community. Learn more

During handling of the above exception, another exception occurred:

Traceback (most recent call last):
  File "/home/runner/work/github-runner/github-runner/mypy/lib/youtube/y2_downloader.py", line 157, in download_video
    v_title, v_filepath = api.get_video(clean_download=False,
  File "/home/runner/work/github-runner/github-runner/mypy/lib/youtube/y2_video_handler.py", line 292, in get_video
    y2_api = YtdlpHelper(video_url=self._video_url,
  File "/home/runner/work/github-runner/github-runner/mypy/lib/youtube/ytdlp_helper.py", line 75, in __init__
    self._title, self._video_id, self._publish_date = get_video_info(
  File "/home/runner/work/github-runner/github-runner/mypy/lib/youtube/ytdlp_helper.py", line 62, in get_video_info
    info_dict = ydl.extract_info(
  File "/opt/hostedtoolcache/Python/3.9.20/x64/lib/python3.9/site-packages/yt_dlp/YoutubeDL.py", line 1615, in extract_info
    return self.__extract_info(url, self.get_info_extractor(key), download, extra_info, process)
  File "/opt/hostedtoolcache/Python/3.9.20/x64/lib/python3.9/site-packages/yt_dlp/YoutubeDL.py", line 1644, in wrapper
    self.report_error(str(e), e.format_traceback())
  File "/opt/hostedtoolcache/Python/3.9.20/x64/lib/python3.9/site-packages/yt_dlp/YoutubeDL.py", line 1092, in report_error
    self.trouble(f'{self._format_err("ERROR:", self.Styles.ERROR)} {message}', *args, **kwargs)
  File "/opt/hostedtoolcache/Python/3.9.20/x64/lib/python3.9/site-packages/yt_dlp/YoutubeDL.py", line 1031, in trouble
    raise DownloadError(message, exc_info)
yt_dlp.utils.DownloadError: ERROR: [youtube] 0AVrZ5tw_SM: Sign in to confirm you’re not a bot. This helps protect our community. Learn more
INFO     mypy.lib.youtube.y2_downloader:y2_downloader.py:152 🟢 开始下载《https://www.youtube.com/watch?v=0AVrZ5tw_SM》
INFO     mypy.lib.youtube.y2_video_handler:y2_video_handler.py:285 🟢 ===== 获取视频 =====
INFO     mypy.lib.youtube.y2_video_handler:y2_video_handler.py:286 🟢 输出路径: /home/runner/work/github-runner/github-runner/mypy/tests/lib/youtube/_out/test_y2_downloader/_out/channel_UCPyMN8DzkFl2__xnTEiGZ1w
ERROR    mypy.lib.youtube.y2_downloader:y2_downloader.py:182 🔴 视频《https://www.youtube.com/watch?v=0AVrZ5tw_SM》下载异常: ERROR: [youtube] 0AVrZ5tw_SM: Sign in to confirm you’re not a bot. This helps protect our community. Learn more
Traceback (most recent call last):
  File "/opt/hostedtoolcache/Python/3.9.20/x64/lib/python3.9/site-packages/yt_dlp/YoutubeDL.py", line 1626, in wrapper
    return func(self, *args, **kwargs)
  File "/opt/hostedtoolcache/Python/3.9.20/x64/lib/python3.9/site-packages/yt_dlp/YoutubeDL.py", line 1761, in __extract_info
    ie_result = ie.extract(url)
  File "/opt/hostedtoolcache/Python/3.9.20/x64/lib/python3.9/site-packages/yt_dlp/extractor/common.py", line 741, in extract
    ie_result = self._real_extract(url)
  File "/opt/hostedtoolcache/Python/3.9.20/x64/lib/python3.9/site-packages/yt_dlp/extractor/youtube.py", line 4468, in _real_extract
    self.raise_no_formats(reason, expected=True)
  File "/opt/hostedtoolcache/Python/3.9.20/x64/lib/python3.9/site-packages/yt_dlp/extractor/common.py", line 1275, in raise_no_formats
    raise ExtractorError(msg, expected=expected, video_id=video_id)
yt_dlp.utils.ExtractorError: [youtube] 0AVrZ5tw_SM: Sign in to confirm you’re not a bot. This helps protect our community. Learn more

During handling of the above exception, another exception occurred:

Traceback (most recent call last):
  File "/home/runner/work/github-runner/github-runner/mypy/lib/youtube/y2_downloader.py", line 157, in download_video
    v_title, v_filepath = api.get_video(clean_download=False,
  File "/home/runner/work/github-runner/github-runner/mypy/lib/youtube/y2_video_handler.py", line 292, in get_video
    y2_api = YtdlpHelper(video_url=self._video_url,
  File "/home/runner/work/github-runner/github-runner/mypy/lib/youtube/ytdlp_helper.py", line 75, in __init__
    self._title, self._video_id, self._publish_date = get_video_info(
  File "/home/runner/work/github-runner/github-runner/mypy/lib/youtube/ytdlp_helper.py", line 62, in get_video_info
    info_dict = ydl.extract_info(
  File "/opt/hostedtoolcache/Python/3.9.20/x64/lib/python3.9/site-packages/yt_dlp/YoutubeDL.py", line 1615, in extract_info
    return self.__extract_info(url, self.get_info_extractor(key), download, extra_info, process)
  File "/opt/hostedtoolcache/Python/3.9.20/x64/lib/python3.9/site-packages/yt_dlp/YoutubeDL.py", line 1644, in wrapper
    self.report_error(str(e), e.format_traceback())
  File "/opt/hostedtoolcache/Python/3.9.20/x64/lib/python3.9/site-packages/yt_dlp/YoutubeDL.py", line 1092, in report_error
    self.trouble(f'{self._format_err("ERROR:", self.Styles.ERROR)} {message}', *args, **kwargs)
  File "/opt/hostedtoolcache/Python/3.9.20/x64/lib/python3.9/site-packages/yt_dlp/YoutubeDL.py", line 1031, in trouble
    raise DownloadError(message, exc_info)
yt_dlp.utils.DownloadError: ERROR: [youtube] 0AVrZ5tw_SM: Sign in to confirm you’re not a bot. This helps protect our community. Learn more
INFO     mypy.lib.youtube.y2_downloader:y2_downloader.py:152 🟢 开始下载《https://www.youtube.com/watch?v=0AVrZ5tw_SM》
INFO     mypy.lib.youtube.y2_video_handler:y2_video_handler.py:285 🟢 ===== 获取视频 =====
INFO     mypy.lib.youtube.y2_video_handler:y2_video_handler.py:286 🟢 输出路径: /home/runner/work/github-runner/github-runner/mypy/tests/lib/youtube/_out/test_y2_downloader/_out/channel_UCPyMN8DzkFl2__xnTEiGZ1w
ERROR    mypy.lib.youtube.y2_downloader:y2_downloader.py:182 🔴 视频《https://www.youtube.com/watch?v=0AVrZ5tw_SM》下载异常: ERROR: [youtube] 0AVrZ5tw_SM: Sign in to confirm you’re not a bot. This helps protect our community. Learn more
Traceback (most recent call last):
  File "/opt/hostedtoolcache/Python/3.9.20/x64/lib/python3.9/site-packages/yt_dlp/YoutubeDL.py", line 1626, in wrapper
    return func(self, *args, **kwargs)
  File "/opt/hostedtoolcache/Python/3.9.20/x64/lib/python3.9/site-packages/yt_dlp/YoutubeDL.py", line 1761, in __extract_info
    ie_result = ie.extract(url)
  File "/opt/hostedtoolcache/Python/3.9.20/x64/lib/python3.9/site-packages/yt_dlp/extractor/common.py", line 741, in extract
    ie_result = self._real_extract(url)
  File "/opt/hostedtoolcache/Python/3.9.20/x64/lib/python3.9/site-packages/yt_dlp/extractor/youtube.py", line 4468, in _real_extract
    self.raise_no_formats(reason, expected=True)
  File "/opt/hostedtoolcache/Python/3.9.20/x64/lib/python3.9/site-packages/yt_dlp/extractor/common.py", line 1275, in raise_no_formats
    raise ExtractorError(msg, expected=expected, video_id=video_id)
yt_dlp.utils.ExtractorError: [youtube] 0AVrZ5tw_SM: Sign in to confirm you’re not a bot. This helps protect our community. Learn more

During handling of the above exception, another exception occurred:

Traceback (most recent call last):
  File "/home/runner/work/github-runner/github-runner/mypy/lib/youtube/y2_downloader.py", line 157, in download_video
    v_title, v_filepath = api.get_video(clean_download=False,
  File "/home/runner/work/github-runner/github-runner/mypy/lib/youtube/y2_video_handler.py", line 292, in get_video
    y2_api = YtdlpHelper(video_url=self._video_url,
  File "/home/runner/work/github-runner/github-runner/mypy/lib/youtube/ytdlp_helper.py", line 75, in __init__
    self._title, self._video_id, self._publish_date = get_video_info(
  File "/home/runner/work/github-runner/github-runner/mypy/lib/youtube/ytdlp_helper.py", line 62, in get_video_info
    info_dict = ydl.extract_info(
  File "/opt/hostedtoolcache/Python/3.9.20/x64/lib/python3.9/site-packages/yt_dlp/YoutubeDL.py", line 1615, in extract_info
    return self.__extract_info(url, self.get_info_extractor(key), download, extra_info, process)
  File "/opt/hostedtoolcache/Python/3.9.20/x64/lib/python3.9/site-packages/yt_dlp/YoutubeDL.py", line 1644, in wrapper
    self.report_error(str(e), e.format_traceback())
  File "/opt/hostedtoolcache/Python/3.9.20/x64/lib/python3.9/site-packages/yt_dlp/YoutubeDL.py", line 1092, in report_error
    self.trouble(f'{self._format_err("ERROR:", self.Styles.ERROR)} {message}', *args, **kwargs)
  File "/opt/hostedtoolcache/Python/3.9.20/x64/lib/python3.9/site-packages/yt_dlp/YoutubeDL.py", line 1031, in trouble
    raise DownloadError(message, exc_info)
yt_dlp.utils.DownloadError: ERROR: [youtube] 0AVrZ5tw_SM: Sign in to confirm you’re not a bot. This helps protect our community. Learn more