INFO     mypy.apps.youtu2douyin.main:main.py:29 🟢 运行模式: manual
INFO     mypy.apps.youtu2douyin.main:main.py:31 🟢 video_url: https://www.youtube.com/watch?v=mAxFB3vbt7c
INFO     mypy.apps.youtu2douyin.channel_loop:channel_loop.py:41 🟢 new video《One of the world’s oldest condiments - Dan Kwartler》found, id: mAxFB3vbt7c, publish date: 2024-03-12 00:00:00
INFO     mypy.lib.youtube.video_handler:video_handler.py:183 🟢 ===== 获取视频 =====
INFO     mypy.lib.youtube.video_handler:video_handler.py:184 🟢 输出路径: /home/runner/work/Python/Python/mypy/tests/apps/youtu2douyin/_out/channel_UCsooa4yRKGN_zEE8iknghZA
INFO     mypy.lib.youtube.video_handler:video_handler.py:195 🟢 ===== 下载视频资源 =====
INFO     mypy.lib.youtube.ytdlp_helper:ytdlp_helper.py:164 🟢 ----- 下载视频 -----
DEBUG    /home/runner/work/Python/Python/mypy/utils/tools.py:tools.py:234 🔵 正在执行命令: ['yt-dlp', '--format', 'bv+ba', '--merge-output-format', 'mp4', '--output', '/home/runner/work/Python/Python/mypy/tests/apps/youtu2douyin/_out/channel_UCsooa4yRKGN_zEE8iknghZA/mAxFB3vbt7c/mAxFB3vbt7c.mp4', '--write-thumbnail', '--convert-thumbnail', 'jpg', '--output', 'thumbnail:/home/runner/work/Python/Python/mypy/tests/apps/youtu2douyin/_out/channel_UCsooa4yRKGN_zEE8iknghZA/mAxFB3vbt7c/mAxFB3vbt7c', 'https://youtube.com/watch?v=mAxFB3vbt7c']
INFO     mypy.lib.youtube.ytdlp_helper:ytdlp_helper.py:168 🟢 ----- 下载字幕 -----
INFO     mypy.lib.youtube.y2_subtitle_handler:y2_subtitle_handler.py:34 🟢 ----- 下载字幕 -----
INFO     mypy.lib.youtube.video_handler:video_handler.py:199 🟢 ===== 视频剪辑 =====
INFO     mypy.lib.youtube.video_handler:video_handler.py:213 🟢 ----- 剪辑后视频路径: /home/runner/work/Python/Python/mypy/tests/apps/youtu2douyin/_out/channel_UCsooa4yRKGN_zEE8iknghZA/mAxFB3vbt7c.mp4
INFO     mypy.lib.youtube.video_handler:video_handler.py:216 🟢 ===== 获取封面 =====
DEBUG    mypy.apps.youtu2douyin.channel_loop:channel_loop.py:116 🔵 ----- 视频信息: {'id': 'mAxFB3vbt7c', 'url': 'https://youtube.com/watch?v=mAxFB3vbt7c', 'title': 'One of the world’s oldest condiments - Dan Kwartler', 'publish_date': '2024-03-12 00:00:00', 'published': []}
INFO     mypy.apps.youtu2douyin.channel_loop:channel_loop.py:123 🟢 立即发布监控到的第一条视频《世界上最古老的调味品之一》
INFO     mypy.lib.playwright.publish_handler:publish_handler.py:87 🟢 -----> 开始发布到 ['douyin', 'xiaohongshu'] 平台
INFO     mypy.lib.playwright.publish_handler:log.py:106 🟢 [platform: douyin], [publish_file: mAxFB3vbt7c.mp4] - 正在使用 [cookie_17688150852.json] 发布作品，当前账号排序: [1]
INFO     mypy.lib.playwright.publish_handler:log.py:106 🟢 [platform: xiaohongshu], [publish_file: mAxFB3vbt7c.mp4] - 正在使用 [cookie_17688150852.json] 发布作品，当前账号排序: [1]
INFO     mypy.lib.xiaohongshu.publish_helper:publish_helper.py:113 🟢 ============================================================
INFO     mypy.lib.xiaohongshu.publish_helper:publish_helper.py:114 🟢 [XiaohongshuPublishHelper] 开始执行发布任务
INFO     mypy.lib.xiaohongshu.publish_helper:publish_helper.py:115 🟢 ============================================================
INFO     mypy.lib.playwright.publish_handler:log.py:106 🟢 [platform: douyin], [publish_file: mAxFB3vbt7c.mp4] - ============================================================
INFO     mypy.lib.playwright.publish_handler:log.py:106 🟢 [platform: douyin], [publish_file: mAxFB3vbt7c.mp4] - [DouyinVideoPublishHelper] 开始执行发布任务
INFO     mypy.lib.playwright.publish_handler:log.py:106 🟢 [platform: douyin], [publish_file: mAxFB3vbt7c.mp4] - ============================================================
INFO     mypy.lib.playwright.publish_handler:log.py:106 🟢 [platform: douyin], [publish_file: mAxFB3vbt7c.mp4] - 当前登录账号为 [PPT320210]
INFO     mypy.lib.playwright.publish_handler:log.py:106 🟢 [platform: douyin], [publish_file: mAxFB3vbt7c.mp4] - 获取并上传封面
INFO     mypy.lib.playwright.publish_handler:log.py:106 🟢 [platform: douyin], [publish_file: mAxFB3vbt7c.mp4] - 设置视频简介为: 世界上最古老的调味品之一 #TED #四六级 #英语口语 #雅思
WARNING  mypy.lib.playwright.publish_handler:log.py:109 🟠 [platform: douyin], [publish_file: mAxFB3vbt7c.mp4] - 未发现可选合集
INFO     mypy.lib.playwright.publish_handler:log.py:106 🟢 [platform: douyin], [publish_file: mAxFB3vbt7c.mp4] - 可见范围设置为: 公开
INFO     mypy.lib.playwright.publish_handler:log.py:106 🟢 [platform: douyin], [publish_file: mAxFB3vbt7c.mp4] - 视频可下载权限设置为: 不允许
INFO     mypy.lib.playwright.publish_handler:log.py:106 🟢 [platform: douyin], [publish_file: mAxFB3vbt7c.mp4] - 【立即发布】
WARNING  mypy.lib.playwright.publish_handler:log.py:109 🟠 [platform: douyin], [publish_file: mAxFB3vbt7c.mp4] - 测试模式，不点击发布按钮
ERROR    mypy.lib.xiaohongshu.publish_helper:publish_helper.py:80 🔴 账号登录状态已失效，正在跳出: Page.wait_for_selector: Timeout 180000ms exceeded.
Call log:
waiting for locator("body") to be visible
  -   locator resolved to hidden <body>…</body>
  -   locator resolved to hidden <body>…</body>
  -   locator resolved to hidden <body>…</body>
  -   locator resolved to hidden <body>…</body>
  -   locator resolved to hidden <body>…</body>
  -   locator resolved to hidden <body>…</body>
  -   locator resolved to hidden <body>…</body>
  -   locator resolved to hidden <body>…</body>
  -   locator resolved to hidden <body>…</body>
  -   locator resolved to hidden <body>…</body>
  -   locator resolved to hidden <body>…</body>
  -   locator resolved to hidden <body>…</body>
  -   locator resolved to hidden <body>…</body>
  -   locator resolved to hidden <body>…</body>
  -   locator resolved to hidden <body>…</body>
  -   locator resolved to hidden <body>…</body>
  -   locator resolved to hidden <body>…</body>
  -   locator resolved to hidden <body>…</body>
  -   locator resolved to hidden <body>…</body>
  -   locator resolved to hidden <body>…</body>
  -   locator resolved to hidden <body>…</body>
  -   locator resolved to hidden <body>…</body>
  -   locator resolved to hidden <body>…</body>
  -   locator resolved to hidden <body>…</body>
  -   locator resolved to hidden <body>…</body>
  -   locator resolved to hidden <body>…</body>
  -   locator resolved to hidden <body>…</body>
  -   locator resolved to hidden <body>…</body>
  -   locator resolved to hidden <body>…</body>
  -   locator resolved to hidden <body>…</body>
  -   locator resolved to hidden <body>…</body>
  -   locator resolved to hidden <body>…</body>
  -   locator resolved to hidden <body>…</body>
  -   locator resolved to hidden <body>…</body>
  -   locator resolved to hidden <body>…</body>
  -   locator resolved to hidden <body>…</body>
  -   locator resolved to hidden <body>…</body>
  -   locator resolved to hidden <body>…</body>
  -   locator resolved to hidden <body>…</body>
  -   locator resolved to hidden <body>…</body>
  -   locator resolved to hidden <body>…</body>
  -   locator resolved to hidden <body>…</body>
  -   locator resolved to hidden <body>…</body>
  -   locator resolved to hidden <body>…</body>
  -   locator resolved to hidden <body>…</body>
  -   locator resolved to hidden <body>…</body>
  -   locator resolved to hidden <body>…</body>
  -   locator resolved to hidden <body>…</body>
  -   locator resolved to hidden <body>…</body>
  -   locator resolved to hidden <body>…</body>
  -   locator resolved to hidden <body>…</body>
  -   locator resolved to hidden <body>…</body>
  -   locator resolved to hidden <body>…</body>
  -   locator resolved to hidden <body>…</body>
  -   locator resolved to hidden <body>…</body>
  -   locator resolved to hidden <body>…</body>
  -   locator resolved to hidden <body>…</body>
  -   locator resolved to hidden <body>…</body>
  -   locator resolved to hidden <body>…</body>
  -   locator resolved to hidden <body>…</body>
  -   locator resolved to hidden <body>…</body>
  -   locator resolved to hidden <body>…</body>
  -   locator resolved to hidden <body>…</body>
  -   locator resolved to hidden <body>…</body>
  -   locator resolved to hidden <body>…</body>
  -   locator resolved to hidden <body>…</body>
  -   locator resolved to hidden <body>…</body>
  -   locator resolved to hidden <body>…</body>
  -   locator resolved to hidden <body>…</body>
  -   locator resolved to hidden <body>…</body>
  -   locator resolved to hidden <body>…</body>
  -   locator resolved to hidden <body>…</body>
  -   locator resolved to hidden <body>…</body>
  -   locator resolved to hidden <body>…</body>
  -   locator resolved to hidden <body>…</body>
  -   locator resolved to hidden <body>…</body>
  -   locator resolved to hidden <body>…</body>
  -   locator resolved to hidden <body>…</body>
  -   locator resolved to hidden <body>…</body>
  -   locator resolved to hidden <body>…</body>
  -   locator resolved to hidden <body>…</body>
  -   locator resolved to hidden <body>…</body>
  -   locator resolved to hidden <body>…</body>
  -   locator resolved to hidden <body>…</body>
  -   locator resolved to hidden <body>…</body>
  -   locator resolved to hidden <body>…</body>
  -   locator resolved to hidden <body>…</body>
  -   locator resolved to hidden <body>…</body>
  -   locator resolved to hidden <body>…</body>
  -   locator resolved to hidden <body>…</body>
  -   locator resolved to hidden <body>…</body>
  -   locator resolved to hidden <body>…</body>
  -   locator resolved to hidden <body>…</body>
  -   locator resolved to hidden <body>…</body>
  -   locator resolved to hidden <body>…</body>
  -   locator resolved to hidden <body>…</body>
  -   locator resolved to hidden <body>…</body>
  -   locator resolved to hidden <body>…</body>
  -   locator resolved to hidden <body>…</body>
  -   locator resolved to hidden <body>…</body>
  -   locator resolved to hidden <body>…</body>
  -   locator resolved to hidden <body>…</body>
  -   locator resolved to hidden <body>…</body>
  -   locator resolved to hidden <body>…</body>
  -   locator resolved to hidden <body>…</body>
  -   locator resolved to hidden <body>…</body>
  -   locator resolved to hidden <body>…</body>
  -   locator resolved to hidden <body>…</body>
  -   locator resolved to hidden <body>…</body>
  -   locator resolved to hidden <body>…</body>
  -   locator resolved to hidden <body>…</body>
  -   locator resolved to hidden <body>…</body>
  -   locator resolved to hidden <body>…</body>
  -   locator resolved to hidden <body>…</body>
  -   locator resolved to hidden <body>…</body>
  -   locator resolved to hidden <body>…</body>
  -   locator resolved to hidden <body>…</body>
  -   locator resolved to hidden <body>…</body>
  -   locator resolved to hidden <body>…</body>
  -   locator resolved to hidden <body>…</body>
  -   locator resolved to hidden <body>…</body>
  -   locator resolved to hidden <body>…</body>
  -   locator resolved to hidden <body>…</body>
  -   locator resolved to hidden <body>…</body>
  -   locator resolved to hidden <body>…</body>
  -   locator resolved to hidden <body>…</body>
  -   locator resolved to hidden <body>…</body>
  -   locator resolved to hidden <body>…</body>
  -   locator resolved to hidden <body>…</body>
  -   locator resolved to hidden <body>…</body>
  -   locator resolved to hidden <body>…</body>
  -   locator resolved to hidden <body>…</body>
  -   locator resolved to hidden <body>…</body>
  -   locator resolved to hidden <body>…</body>
  -   locator resolved to hidden <body>…</body>
  -   locator resolved to hidden <body>…</body>
  -   locator resolved to hidden <body>…</body>
  -   locator resolved to hidden <body>…</body>
  -   locator resolved to hidden <body>…</body>
  -   locator resolved to hidden <body>…</body>
  -   locator resolved to hidden <body>…</body>
  -   locator resolved to hidden <body>…</body>
  -   locator resolved to hidden <body>…</body>
  -   locator resolved to hidden <body>…</body>
  -   locator resolved to hidden <body>…</body>
  -   locator resolved to hidden <body>…</body>
  -   locator resolved to hidden <body>…</body>
  -   locator resolved to hidden <body>…</body>
  -   locator resolved to hidden <body>…</body>
  -   locator resolved to hidden <body>…</body>
  -   locator resolved to hidden <body>…</body>
  -   locator resolved to hidden <body>…</body>
  -   locator resolved to hidden <body>…</body>
  -   locator resolved to hidden <body>…</body>
  -   locator resolved to hidden <body>…</body>
  -   locator resolved to hidden <body>…</body>
  -   locator resolved to hidden <body>…</body>
  -   locator resolved to hidden <body>…</body>
  -   locator resolved to hidden <body>…</body>
  -   locator resolved to hidden <body>…</body>
  -   locator resolved to hidden <body>…</body>
  -   locator resolved to hidden <body>…</body>
  -   locator resolved to hidden <body>…</body>
  -   locator resolved to hidden <body>…</body>
  -   locator resolved to hidden <body>…</body>
  -   locator resolved to hidden <body>…</body>
  -   locator resolved to hidden <body>…</body>
  -   locator resolved to hidden <body>…</body>
  -   locator resolved to hidden <body>…</body>
  -   locator resolved to hidden <body>…</body>
  -   locator resolved to hidden <body>…</body>
  -   locator resolved to hidden <body>…</body>
  -   locator resolved to hidden <body>…</body>
  -   locator resolved to hidden <body>…</body>
  -   locator resolved to hidden <body>…</body>
  -   locator resolved to hidden <body>…</body>
  -   locator resolved to hidden <body>…</body>
  -   locator resolved to hidden <body>…</body>
  -   locator resolved to hidden <body>…</body>
  -   locator resolved to hidden <body>…</body>
  -   locator resolved to hidden <body>…</body>
  -   locator resolved to hidden <body>…</body>
  -   locator resolved to hidden <body>…</body>
  -   locator resolved to hidden <body>…</body>
  -   locator resolved to hidden <body>…</body>
  -   locator resolved to hidden <body>…</body>
  -   locator resolved to hidden <body>…</body>
  -   locator resolved to hidden <body>…</body>
  -   locator resolved to hidden <body>…</body>
  -   locator resolved to hidden <body>…</body>
  -   locator resolved to hidden <body>…</body>
  -   locator resolved to hidden <body>…</body>
  -   locator resolved to hidden <body>…</body>
  -   locator resolved to hidden <body>…</body>
  -   locator resolved to hidden <body>…</body>
  -   locator resolved to hidden <body>…</body>
  -   locator resolved to hidden <body>…</body>
  -   locator resolved to hidden <body>…</body>
  -   locator resolved to hidden <body>…</body>
  -   locator resolved to hidden <body>…</body>
  -   locator resolved to hidden <body>…</body>
  -   locator resolved to hidden <body>…</body>
  -   locator resolved to hidden <body>…</body>
  -   locator resolved to hidden <body>…</body>
  -   locator resolved to hidden <body>…</body>
  -   locator resolved to hidden <body>…</body>
  -   locator resolved to hidden <body>…</body>
  -   locator resolved to hidden <body>…</body>
  -   locator resolved to hidden <body>…</body>
  -   locator resolved to hidden <body>…</body>
  -   locator resolved to hidden <body>…</body>
  -   locator resolved to hidden <body>…</body>
  -   locator resolved to hidden <body>…</body>
  -   locator resolved to hidden <body>…</body>
  -   locator resolved to hidden <body>…</body>
  -   locator resolved to hidden <body>…</body>
  -   locator resolved to hidden <body>…</body>
  -   locator resolved to hidden <body>…</body>
  -   locator resolved to hidden <body>…</body>
  -   locator resolved to hidden <body>…</body>
  -   locator resolved to hidden <body>…</body>
  -   locator resolved to hidden <body>…</body>
  -   locator resolved to hidden <body>…</body>
  -   locator resolved to hidden <body>…</body>
  -   locator resolved to hidden <body>…</body>
  -   locator resolved to hidden <body>…</body>
  -   locator resolved to hidden <body>…</body>
  -   locator resolved to hidden <body>…</body>
  -   locator resolved to hidden <body>…</body>
  -   locator resolved to hidden <body>…</body>
  -   locator resolved to hidden <body>…</body>
  -   locator resolved to hidden <body>…</body>
  -   locator resolved to hidden <body>…</body>
  -   locator resolved to hidden <body>…</body>
  -   locator resolved to hidden <body>…</body>
  -   locator resolved to hidden <body>…</body>
  -   locator resolved to hidden <body>…</body>
  -   locator resolved to hidden <body>…</body>
  -   locator resolved to hidden <body>…</body>
  -   locator resolved to hidden <body>…</body>
  -   locator resolved to hidden <body>…</body>
  -   locator resolved to hidden <body>…</body>
  -   locator resolved to hidden <body>…</body>
  -   locator resolved to hidden <body>…</body>
  -   locator resolved to hidden <body>…</body>
  -   locator resolved to hidden <body>…</body>
  -   locator resolved to hidden <body>…</body>
  -   locator resolved to hidden <body>…</body>
  -   locator resolved to hidden <body>…</body>
  -   locator resolved to hidden <body>…</body>
  -   locator resolved to hidden <body>…</body>
  -   locator resolved to hidden <body>…</body>
  -   locator resolved to hidden <body>…</body>
  -   locator resolved to hidden <body>…</body>
  -   locator resolved to hidden <body>…</body>
  -   locator resolved to hidden <body>…</body>
  -   locator resolved to hidden <body>…</body>
  -   locator resolved to hidden <body>…</body>
  -   locator resolved to hidden <body>…</body>
  -   locator resolved to hidden <body>…</body>
  -   locator resolved to hidden <body>…</body>
  -   locator resolved to hidden <body>…</body>
  -   locator resolved to hidden <body>…</body>
  -   locator resolved to hidden <body>…</body>
  -   locator resolved to hidden <body>…</body>
  -   locator resolved to hidden <body>…</body>
  -   locator resolved to hidden <body>…</body>
  -   locator resolved to hidden <body>…</body>
  -   locator resolved to hidden <body>…</body>
  -   locator resolved to hidden <body>…</body>
  -   locator resolved to hidden <body>…</body>
  -   locator resolved to hidden <body>…</body>
  -   locator resolved to hidden <body>…</body>
  -   locator resolved to hidden <body>…</body>
  -   locator resolved to hidden <body>…</body>
  -   locator resolved to hidden <body>…</body>
  -   locator resolved to hidden <body>…</body>
  -   locator resolved to hidden <body>…</body>
  -   locator resolved to hidden <body>…</body>
  -   locator resolved to hidden <body>…</body>
  -   locator resolved to hidden <body>…</body>
  -   locator resolved to hidden <body>…</body>
  -   locator resolved to hidden <body>…</body>
  -   locator resolved to hidden <body>…</body>
  -   locator resolved to hidden <body>…</body>
  -   locator resolved to hidden <body>…</body>
  -   locator resolved to hidden <body>…</body>
  -   locator resolved to hidden <body>…</body>
  -   locator resolved to hidden <body>…</body>
  -   locator resolved to hidden <body>…</body>
  -   locator resolved to hidden <body>…</body>
  -   locator resolved to hidden <body>…</body>
  -   locator resolved to hidden <body>…</body>
  -   locator resolved to hidden <body>…</body>
  -   locator resolved to hidden <body>…</body>
  -   locator resolved to hidden <body>…</body>
  -   locator resolved to hidden <body>…</body>
  -   locator resolved to hidden <body>…</body>
  -   locator resolved to hidden <body>…</body>
  -   locator resolved to hidden <body>…</body>
  -   locator resolved to hidden <body>…</body>
  -   locator resolved to hidden <body>…</body>
  -   locator resolved to hidden <body>…</body>
  -   locator resolved to hidden <body>…</body>
  -   locator resolved to hidden <body>…</body>
  -   locator resolved to hidden <body>…</body>
  -   locator resolved to hidden <body>…</body>
  -   locator resolved to hidden <body>…</body>
  -   locator resolved to hidden <body>…</body>
  -   locator resolved to hidden <body>…</body>
  -   locator resolved to hidden <body>…</body>
  -   locator resolved to hidden <body>…</body>
  -   locator resolved to hidden <body>…</body>
  -   locator resolved to hidden <body>…</body>
  -   locator resolved to hidden <body>…</body>
  -   locator resolved to hidden <body>…</body>
  -   locator resolved to hidden <body>…</body>
  -   locator resolved to hidden <body>…</body>
  -   locator resolved to hidden <body>…</body>
  -   locator resolved to hidden <body>…</body>
  -   locator resolved to hidden <body>…</body>
  -   locator resolved to hidden <body>…</body>
  -   locator resolved to hidden <body>…</body>
  -   locator resolved to hidden <body>…</body>
  -   locator resolved to hidden <body>…</body>
  -   locator resolved to hidden <body>…</body>
  -   locator resolved to hidden <body>…</body>
  -   locator resolved to hidden <body>…</body>
  -   locator resolved to hidden <body>…</body>
  -   locator resolved to hidden <body>…</body>
  -   locator resolved to hidden <body>…</body>
  -   locator resolved to hidden <body>…</body>
  -   locator resolved to hidden <body>…</body>
  -   locator resolved to hidden <body>…</body>
  -   locator resolved to hidden <body>…</body>
  -   locator resolved to hidden <body>…</body>
  -   locator resolved to hidden <body>…</body>
  -   locator resolved to hidden <body>…</body>
  -   locator resolved to hidden <body>…</body>
  -   locator resolved to hidden <body>…</body>
  -   locator resolved to hidden <body>…</body>
  -   locator resolved to hidden <body>…</body>
  -   locator resolved to hidden <body>…</body>
  -   locator resolved to hidden <body>…</body>
  -   locator resolved to hidden <body>…</body>
  -   locator resolved to hidden <body>…</body>
  -   locator resolved to hidden <body>…</body>
  -   locator resolved to hidden <body>…</body>
  -   locator resolved to hidden <body>…</body>
  -   locator resolved to hidden <body>…</body>
  -   locator resolved to hidden <body>…</body>
  -   locator resolved to hidden <body>…</body>
  -   locator resolved to hidden <body>…</body>
  -   locator resolved to hidden <body>…</body>
  -   locator resolved to hidden <body>…</body>
  -   locator resolved to hidden <body>…</body>
  -   locator resolved to hidden <body>…</body>
  -   locator resolved to hidden <body>…</body>

ERROR    mypy.lib.xiaohongshu.publish_helper:publish_helper.py:136 🔴 ❌❌❌《世界上最古老的调味品之一》发布异常
Traceback (most recent call last):
  File "/home/runner/work/Python/Python/mypy/lib/playwright/publish_helper.py", line 75, in _check_login_status
    await page.wait_for_selector('body')
  File "/opt/hostedtoolcache/Python/3.8.18/x64/lib/python3.8/site-packages/playwright/async_api/_generated.py", line 7812, in wait_for_selector
    await self._impl_obj.wait_for_selector(
  File "/opt/hostedtoolcache/Python/3.8.18/x64/lib/python3.8/site-packages/playwright/_impl/_page.py", line 373, in wait_for_selector
    return await self._main_frame.wait_for_selector(**locals_to_params(locals()))
  File "/opt/hostedtoolcache/Python/3.8.18/x64/lib/python3.8/site-packages/playwright/_impl/_frame.py", line 323, in wait_for_selector
    await self._channel.send("waitForSelector", locals_to_params(locals()))
  File "/opt/hostedtoolcache/Python/3.8.18/x64/lib/python3.8/site-packages/playwright/_impl/_connection.py", line 59, in send
    return await self._connection.wrap_api_call(
  File "/opt/hostedtoolcache/Python/3.8.18/x64/lib/python3.8/site-packages/playwright/_impl/_connection.py", line 513, in wrap_api_call
    raise rewrite_error(error, f"{parsed_st['apiName']}: {error}") from None
playwright._impl._errors.TimeoutError: Page.wait_for_selector: Timeout 180000ms exceeded.
Call log:
waiting for locator("body") to be visible
  -   locator resolved to hidden <body>…</body>
  -   locator resolved to hidden <body>…</body>
  -   locator resolved to hidden <body>…</body>
  -   locator resolved to hidden <body>…</body>
  -   locator resolved to hidden <body>…</body>
  -   locator resolved to hidden <body>…</body>
  -   locator resolved to hidden <body>…</body>
  -   locator resolved to hidden <body>…</body>
  -   locator resolved to hidden <body>…</body>
  -   locator resolved to hidden <body>…</body>
  -   locator resolved to hidden <body>…</body>
  -   locator resolved to hidden <body>…</body>
  -   locator resolved to hidden <body>…</body>
  -   locator resolved to hidden <body>…</body>
  -   locator resolved to hidden <body>…</body>
  -   locator resolved to hidden <body>…</body>
  -   locator resolved to hidden <body>…</body>
  -   locator resolved to hidden <body>…</body>
  -   locator resolved to hidden <body>…</body>
  -   locator resolved to hidden <body>…</body>
  -   locator resolved to hidden <body>…</body>
  -   locator resolved to hidden <body>…</body>
  -   locator resolved to hidden <body>…</body>
  -   locator resolved to hidden <body>…</body>
  -   locator resolved to hidden <body>…</body>
  -   locator resolved to hidden <body>…</body>
  -   locator resolved to hidden <body>…</body>
  -   locator resolved to hidden <body>…</body>
  -   locator resolved to hidden <body>…</body>
  -   locator resolved to hidden <body>…</body>
  -   locator resolved to hidden <body>…</body>
  -   locator resolved to hidden <body>…</body>
  -   locator resolved to hidden <body>…</body>
  -   locator resolved to hidden <body>…</body>
  -   locator resolved to hidden <body>…</body>
  -   locator resolved to hidden <body>…</body>
  -   locator resolved to hidden <body>…</body>
  -   locator resolved to hidden <body>…</body>
  -   locator resolved to hidden <body>…</body>
  -   locator resolved to hidden <body>…</body>
  -   locator resolved to hidden <body>…</body>
  -   locator resolved to hidden <body>…</body>
  -   locator resolved to hidden <body>…</body>
  -   locator resolved to hidden <body>…</body>
  -   locator resolved to hidden <body>…</body>
  -   locator resolved to hidden <body>…</body>
  -   locator resolved to hidden <body>…</body>
  -   locator resolved to hidden <body>…</body>
  -   locator resolved to hidden <body>…</body>
  -   locator resolved to hidden <body>…</body>
  -   locator resolved to hidden <body>…</body>
  -   locator resolved to hidden <body>…</body>
  -   locator resolved to hidden <body>…</body>
  -   locator resolved to hidden <body>…</body>
  -   locator resolved to hidden <body>…</body>
  -   locator resolved to hidden <body>…</body>
  -   locator resolved to hidden <body>…</body>
  -   locator resolved to hidden <body>…</body>
  -   locator resolved to hidden <body>…</body>
  -   locator resolved to hidden <body>…</body>
  -   locator resolved to hidden <body>…</body>
  -   locator resolved to hidden <body>…</body>
  -   locator resolved to hidden <body>…</body>
  -   locator resolved to hidden <body>…</body>
  -   locator resolved to hidden <body>…</body>
  -   locator resolved to hidden <body>…</body>
  -   locator resolved to hidden <body>…</body>
  -   locator resolved to hidden <body>…</body>
  -   locator resolved to hidden <body>…</body>
  -   locator resolved to hidden <body>…</body>
  -   locator resolved to hidden <body>…</body>
  -   locator resolved to hidden <body>…</body>
  -   locator resolved to hidden <body>…</body>
  -   locator resolved to hidden <body>…</body>
  -   locator resolved to hidden <body>…</body>
  -   locator resolved to hidden <body>…</body>
  -   locator resolved to hidden <body>…</body>
  -   locator resolved to hidden <body>…</body>
  -   locator resolved to hidden <body>…</body>
  -   locator resolved to hidden <body>…</body>
  -   locator resolved to hidden <body>…</body>
  -   locator resolved to hidden <body>…</body>
  -   locator resolved to hidden <body>…</body>
  -   locator resolved to hidden <body>…</body>
  -   locator resolved to hidden <body>…</body>
  -   locator resolved to hidden <body>…</body>
  -   locator resolved to hidden <body>…</body>
  -   locator resolved to hidden <body>…</body>
  -   locator resolved to hidden <body>…</body>
  -   locator resolved to hidden <body>…</body>
  -   locator resolved to hidden <body>…</body>
  -   locator resolved to hidden <body>…</body>
  -   locator resolved to hidden <body>…</body>
  -   locator resolved to hidden <body>…</body>
  -   locator resolved to hidden <body>…</body>
  -   locator resolved to hidden <body>…</body>
  -   locator resolved to hidden <body>…</body>
  -   locator resolved to hidden <body>…</body>
  -   locator resolved to hidden <body>…</body>
  -   locator resolved to hidden <body>…</body>
  -   locator resolved to hidden <body>…</body>
  -   locator resolved to hidden <body>…</body>
  -   locator resolved to hidden <body>…</body>
  -   locator resolved to hidden <body>…</body>
  -   locator resolved to hidden <body>…</body>
  -   locator resolved to hidden <body>…</body>
  -   locator resolved to hidden <body>…</body>
  -   locator resolved to hidden <body>…</body>
  -   locator resolved to hidden <body>…</body>
  -   locator resolved to hidden <body>…</body>
  -   locator resolved to hidden <body>…</body>
  -   locator resolved to hidden <body>…</body>
  -   locator resolved to hidden <body>…</body>
  -   locator resolved to hidden <body>…</body>
  -   locator resolved to hidden <body>…</body>
  -   locator resolved to hidden <body>…</body>
  -   locator resolved to hidden <body>…</body>
  -   locator resolved to hidden <body>…</body>
  -   locator resolved to hidden <body>…</body>
  -   locator resolved to hidden <body>…</body>
  -   locator resolved to hidden <body>…</body>
  -   locator resolved to hidden <body>…</body>
  -   locator resolved to hidden <body>…</body>
  -   locator resolved to hidden <body>…</body>
  -   locator resolved to hidden <body>…</body>
  -   locator resolved to hidden <body>…</body>
  -   locator resolved to hidden <body>…</body>
  -   locator resolved to hidden <body>…</body>
  -   locator resolved to hidden <body>…</body>
  -   locator resolved to hidden <body>…</body>
  -   locator resolved to hidden <body>…</body>
  -   locator resolved to hidden <body>…</body>
  -   locator resolved to hidden <body>…</body>
  -   locator resolved to hidden <body>…</body>
  -   locator resolved to hidden <body>…</body>
  -   locator resolved to hidden <body>…</body>
  -   locator resolved to hidden <body>…</body>
  -   locator resolved to hidden <body>…</body>
  -   locator resolved to hidden <body>…</body>
  -   locator resolved to hidden <body>…</body>
  -   locator resolved to hidden <body>…</body>
  -   locator resolved to hidden <body>…</body>
  -   locator resolved to hidden <body>…</body>
  -   locator resolved to hidden <body>…</body>
  -   locator resolved to hidden <body>…</body>
  -   locator resolved to hidden <body>…</body>
  -   locator resolved to hidden <body>…</body>
  -   locator resolved to hidden <body>…</body>
  -   locator resolved to hidden <body>…</body>
  -   locator resolved to hidden <body>…</body>
  -   locator resolved to hidden <body>…</body>
  -   locator resolved to hidden <body>…</body>
  -   locator resolved to hidden <body>…</body>
  -   locator resolved to hidden <body>…</body>
  -   locator resolved to hidden <body>…</body>
  -   locator resolved to hidden <body>…</body>
  -   locator resolved to hidden <body>…</body>
  -   locator resolved to hidden <body>…</body>
  -   locator resolved to hidden <body>…</body>
  -   locator resolved to hidden <body>…</body>
  -   locator resolved to hidden <body>…</body>
  -   locator resolved to hidden <body>…</body>
  -   locator resolved to hidden <body>…</body>
  -   locator resolved to hidden <body>…</body>
  -   locator resolved to hidden <body>…</body>
  -   locator resolved to hidden <body>…</body>
  -   locator resolved to hidden <body>…</body>
  -   locator resolved to hidden <body>…</body>
  -   locator resolved to hidden <body>…</body>
  -   locator resolved to hidden <body>…</body>
  -   locator resolved to hidden <body>…</body>
  -   locator resolved to hidden <body>…</body>
  -   locator resolved to hidden <body>…</body>
  -   locator resolved to hidden <body>…</body>
  -   locator resolved to hidden <body>…</body>
  -   locator resolved to hidden <body>…</body>
  -   locator resolved to hidden <body>…</body>
  -   locator resolved to hidden <body>…</body>
  -   locator resolved to hidden <body>…</body>
  -   locator resolved to hidden <body>…</body>
  -   locator resolved to hidden <body>…</body>
  -   locator resolved to hidden <body>…</body>
  -   locator resolved to hidden <body>…</body>
  -   locator resolved to hidden <body>…</body>
  -   locator resolved to hidden <body>…</body>
  -   locator resolved to hidden <body>…</body>
  -   locator resolved to hidden <body>…</body>
  -   locator resolved to hidden <body>…</body>
  -   locator resolved to hidden <body>…</body>
  -   locator resolved to hidden <body>…</body>
  -   locator resolved to hidden <body>…</body>
  -   locator resolved to hidden <body>…</body>
  -   locator resolved to hidden <body>…</body>
  -   locator resolved to hidden <body>…</body>
  -   locator resolved to hidden <body>…</body>
  -   locator resolved to hidden <body>…</body>
  -   locator resolved to hidden <body>…</body>
  -   locator resolved to hidden <body>…</body>
  -   locator resolved to hidden <body>…</body>
  -   locator resolved to hidden <body>…</body>
  -   locator resolved to hidden <body>…</body>
  -   locator resolved to hidden <body>…</body>
  -   locator resolved to hidden <body>…</body>
  -   locator resolved to hidden <body>…</body>
  -   locator resolved to hidden <body>…</body>
  -   locator resolved to hidden <body>…</body>
  -   locator resolved to hidden <body>…</body>
  -   locator resolved to hidden <body>…</body>
  -   locator resolved to hidden <body>…</body>
  -   locator resolved to hidden <body>…</body>
  -   locator resolved to hidden <body>…</body>
  -   locator resolved to hidden <body>…</body>
  -   locator resolved to hidden <body>…</body>
  -   locator resolved to hidden <body>…</body>
  -   locator resolved to hidden <body>…</body>
  -   locator resolved to hidden <body>…</body>
  -   locator resolved to hidden <body>…</body>
  -   locator resolved to hidden <body>…</body>
  -   locator resolved to hidden <body>…</body>
  -   locator resolved to hidden <body>…</body>
  -   locator resolved to hidden <body>…</body>
  -   locator resolved to hidden <body>…</body>
  -   locator resolved to hidden <body>…</body>
  -   locator resolved to hidden <body>…</body>
  -   locator resolved to hidden <body>…</body>
  -   locator resolved to hidden <body>…</body>
  -   locator resolved to hidden <body>…</body>
  -   locator resolved to hidden <body>…</body>
  -   locator resolved to hidden <body>…</body>
  -   locator resolved to hidden <body>…</body>
  -   locator resolved to hidden <body>…</body>
  -   locator resolved to hidden <body>…</body>
  -   locator resolved to hidden <body>…</body>
  -   locator resolved to hidden <body>…</body>
  -   locator resolved to hidden <body>…</body>
  -   locator resolved to hidden <body>…</body>
  -   locator resolved to hidden <body>…</body>
  -   locator resolved to hidden <body>…</body>
  -   locator resolved to hidden <body>…</body>
  -   locator resolved to hidden <body>…</body>
  -   locator resolved to hidden <body>…</body>
  -   locator resolved to hidden <body>…</body>
  -   locator resolved to hidden <body>…</body>
  -   locator resolved to hidden <body>…</body>
  -   locator resolved to hidden <body>…</body>
  -   locator resolved to hidden <body>…</body>
  -   locator resolved to hidden <body>…</body>
  -   locator resolved to hidden <body>…</body>
  -   locator resolved to hidden <body>…</body>
  -   locator resolved to hidden <body>…</body>
  -   locator resolved to hidden <body>…</body>
  -   locator resolved to hidden <body>…</body>
  -   locator resolved to hidden <body>…</body>
  -   locator resolved to hidden <body>…</body>
  -   locator resolved to hidden <body>…</body>
  -   locator resolved to hidden <body>…</body>
  -   locator resolved to hidden <body>…</body>
  -   locator resolved to hidden <body>…</body>
  -   locator resolved to hidden <body>…</body>
  -   locator resolved to hidden <body>…</body>
  -   locator resolved to hidden <body>…</body>
  -   locator resolved to hidden <body>…</body>
  -   locator resolved to hidden <body>…</body>
  -   locator resolved to hidden <body>…</body>
  -   locator resolved to hidden <body>…</body>
  -   locator resolved to hidden <body>…</body>
  -   locator resolved to hidden <body>…</body>
  -   locator resolved to hidden <body>…</body>
  -   locator resolved to hidden <body>…</body>
  -   locator resolved to hidden <body>…</body>
  -   locator resolved to hidden <body>…</body>
  -   locator resolved to hidden <body>…</body>
  -   locator resolved to hidden <body>…</body>
  -   locator resolved to hidden <body>…</body>
  -   locator resolved to hidden <body>…</body>
  -   locator resolved to hidden <body>…</body>
  -   locator resolved to hidden <body>…</body>
  -   locator resolved to hidden <body>…</body>
  -   locator resolved to hidden <body>…</body>
  -   locator resolved to hidden <body>…</body>
  -   locator resolved to hidden <body>…</body>
  -   locator resolved to hidden <body>…</body>
  -   locator resolved to hidden <body>…</body>
  -   locator resolved to hidden <body>…</body>
  -   locator resolved to hidden <body>…</body>
  -   locator resolved to hidden <body>…</body>
  -   locator resolved to hidden <body>…</body>
  -   locator resolved to hidden <body>…</body>
  -   locator resolved to hidden <body>…</body>
  -   locator resolved to hidden <body>…</body>
  -   locator resolved to hidden <body>…</body>
  -   locator resolved to hidden <body>…</body>
  -   locator resolved to hidden <body>…</body>
  -   locator resolved to hidden <body>…</body>
  -   locator resolved to hidden <body>…</body>
  -   locator resolved to hidden <body>…</body>
  -   locator resolved to hidden <body>…</body>
  -   locator resolved to hidden <body>…</body>
  -   locator resolved to hidden <body>…</body>
  -   locator resolved to hidden <body>…</body>
  -   locator resolved to hidden <body>…</body>
  -   locator resolved to hidden <body>…</body>
  -   locator resolved to hidden <body>…</body>
  -   locator resolved to hidden <body>…</body>
  -   locator resolved to hidden <body>…</body>
  -   locator resolved to hidden <body>…</body>
  -   locator resolved to hidden <body>…</body>
  -   locator resolved to hidden <body>…</body>
  -   locator resolved to hidden <body>…</body>
  -   locator resolved to hidden <body>…</body>
  -   locator resolved to hidden <body>…</body>
  -   locator resolved to hidden <body>…</body>
  -   locator resolved to hidden <body>…</body>
  -   locator resolved to hidden <body>…</body>
  -   locator resolved to hidden <body>…</body>
  -   locator resolved to hidden <body>…</body>
  -   locator resolved to hidden <body>…</body>
  -   locator resolved to hidden <body>…</body>
  -   locator resolved to hidden <body>…</body>
  -   locator resolved to hidden <body>…</body>
  -   locator resolved to hidden <body>…</body>
  -   locator resolved to hidden <body>…</body>
  -   locator resolved to hidden <body>…</body>
  -   locator resolved to hidden <body>…</body>
  -   locator resolved to hidden <body>…</body>
  -   locator resolved to hidden <body>…</body>
  -   locator resolved to hidden <body>…</body>
  -   locator resolved to hidden <body>…</body>
  -   locator resolved to hidden <body>…</body>
  -   locator resolved to hidden <body>…</body>
  -   locator resolved to hidden <body>…</body>
  -   locator resolved to hidden <body>…</body>
  -   locator resolved to hidden <body>…</body>
  -   locator resolved to hidden <body>…</body>
  -   locator resolved to hidden <body>…</body>
  -   locator resolved to hidden <body>…</body>
  -   locator resolved to hidden <body>…</body>
  -   locator resolved to hidden <body>…</body>
  -   locator resolved to hidden <body>…</body>
  -   locator resolved to hidden <body>…</body>
  -   locator resolved to hidden <body>…</body>
  -   locator resolved to hidden <body>…</body>
  -   locator resolved to hidden <body>…</body>
  -   locator resolved to hidden <body>…</body>
  -   locator resolved to hidden <body>…</body>
  -   locator resolved to hidden <body>…</body>
  -   locator resolved to hidden <body>…</body>
  -   locator resolved to hidden <body>…</body>
  -   locator resolved to hidden <body>…</body>
  -   locator resolved to hidden <body>…</body>
  -   locator resolved to hidden <body>…</body>
  -   locator resolved to hidden <body>…</body>
  -   locator resolved to hidden <body>…</body>
  -   locator resolved to hidden <body>…</body>
  -   locator resolved to hidden <body>…</body>
  -   locator resolved to hidden <body>…</body>
  -   locator resolved to hidden <body>…</body>
  -   locator resolved to hidden <body>…</body>


The above exception was the direct cause of the following exception:

Traceback (most recent call last):
  File "/home/runner/work/Python/Python/mypy/lib/playwright/publish_helper.py", line 123, in publish_mission
    is_login = await self._check_login_status(page)
  File "/home/runner/work/Python/Python/mypy/lib/playwright/publish_helper.py", line 81, in _check_login_status
    raise CheckLoginStatusExp from ex
mypy.lib.playwright.exceptions.CheckLoginStatusExp
ERROR    mypy.lib.xiaohongshu.publish_helper:publish_helper.py:158 🔴 ❌❌❌《世界上最古老的调味品之一》发布异常
Traceback (most recent call last):
  File "/home/runner/work/Python/Python/mypy/lib/playwright/publish_helper.py", line 75, in _check_login_status
    await page.wait_for_selector('body')
  File "/opt/hostedtoolcache/Python/3.8.18/x64/lib/python3.8/site-packages/playwright/async_api/_generated.py", line 7812, in wait_for_selector
    await self._impl_obj.wait_for_selector(
  File "/opt/hostedtoolcache/Python/3.8.18/x64/lib/python3.8/site-packages/playwright/_impl/_page.py", line 373, in wait_for_selector
    return await self._main_frame.wait_for_selector(**locals_to_params(locals()))
  File "/opt/hostedtoolcache/Python/3.8.18/x64/lib/python3.8/site-packages/playwright/_impl/_frame.py", line 323, in wait_for_selector
    await self._channel.send("waitForSelector", locals_to_params(locals()))
  File "/opt/hostedtoolcache/Python/3.8.18/x64/lib/python3.8/site-packages/playwright/_impl/_connection.py", line 59, in send
    return await self._connection.wrap_api_call(
  File "/opt/hostedtoolcache/Python/3.8.18/x64/lib/python3.8/site-packages/playwright/_impl/_connection.py", line 513, in wrap_api_call
    raise rewrite_error(error, f"{parsed_st['apiName']}: {error}") from None
playwright._impl._errors.TimeoutError: Page.wait_for_selector: Timeout 180000ms exceeded.
Call log:
waiting for locator("body") to be visible
  -   locator resolved to hidden <body>…</body>
  -   locator resolved to hidden <body>…</body>
  -   locator resolved to hidden <body>…</body>
  -   locator resolved to hidden <body>…</body>
  -   locator resolved to hidden <body>…</body>
  -   locator resolved to hidden <body>…</body>
  -   locator resolved to hidden <body>…</body>
  -   locator resolved to hidden <body>…</body>
  -   locator resolved to hidden <body>…</body>
  -   locator resolved to hidden <body>…</body>
  -   locator resolved to hidden <body>…</body>
  -   locator resolved to hidden <body>…</body>
  -   locator resolved to hidden <body>…</body>
  -   locator resolved to hidden <body>…</body>
  -   locator resolved to hidden <body>…</body>
  -   locator resolved to hidden <body>…</body>
  -   locator resolved to hidden <body>…</body>
  -   locator resolved to hidden <body>…</body>
  -   locator resolved to hidden <body>…</body>
  -   locator resolved to hidden <body>…</body>
  -   locator resolved to hidden <body>…</body>
  -   locator resolved to hidden <body>…</body>
  -   locator resolved to hidden <body>…</body>
  -   locator resolved to hidden <body>…</body>
  -   locator resolved to hidden <body>…</body>
  -   locator resolved to hidden <body>…</body>
  -   locator resolved to hidden <body>…</body>
  -   locator resolved to hidden <body>…</body>
  -   locator resolved to hidden <body>…</body>
  -   locator resolved to hidden <body>…</body>
  -   locator resolved to hidden <body>…</body>
  -   locator resolved to hidden <body>…</body>
  -   locator resolved to hidden <body>…</body>
  -   locator resolved to hidden <body>…</body>
  -   locator resolved to hidden <body>…</body>
  -   locator resolved to hidden <body>…</body>
  -   locator resolved to hidden <body>…</body>
  -   locator resolved to hidden <body>…</body>
  -   locator resolved to hidden <body>…</body>
  -   locator resolved to hidden <body>…</body>
  -   locator resolved to hidden <body>…</body>
  -   locator resolved to hidden <body>…</body>
  -   locator resolved to hidden <body>…</body>
  -   locator resolved to hidden <body>…</body>
  -   locator resolved to hidden <body>…</body>
  -   locator resolved to hidden <body>…</body>
  -   locator resolved to hidden <body>…</body>
  -   locator resolved to hidden <body>…</body>
  -   locator resolved to hidden <body>…</body>
  -   locator resolved to hidden <body>…</body>
  -   locator resolved to hidden <body>…</body>
  -   locator resolved to hidden <body>…</body>
  -   locator resolved to hidden <body>…</body>
  -   locator resolved to hidden <body>…</body>
  -   locator resolved to hidden <body>…</body>
  -   locator resolved to hidden <body>…</body>
  -   locator resolved to hidden <body>…</body>
  -   locator resolved to hidden <body>…</body>
  -   locator resolved to hidden <body>…</body>
  -   locator resolved to hidden <body>…</body>
  -   locator resolved to hidden <body>…</body>
  -   locator resolved to hidden <body>…</body>
  -   locator resolved to hidden <body>…</body>
  -   locator resolved to hidden <body>…</body>
  -   locator resolved to hidden <body>…</body>
  -   locator resolved to hidden <body>…</body>
  -   locator resolved to hidden <body>…</body>
  -   locator resolved to hidden <body>…</body>
  -   locator resolved to hidden <body>…</body>
  -   locator resolved to hidden <body>…</body>
  -   locator resolved to hidden <body>…</body>
  -   locator resolved to hidden <body>…</body>
  -   locator resolved to hidden <body>…</body>
  -   locator resolved to hidden <body>…</body>
  -   locator resolved to hidden <body>…</body>
  -   locator resolved to hidden <body>…</body>
  -   locator resolved to hidden <body>…</body>
  -   locator resolved to hidden <body>…</body>
  -   locator resolved to hidden <body>…</body>
  -   locator resolved to hidden <body>…</body>
  -   locator resolved to hidden <body>…</body>
  -   locator resolved to hidden <body>…</body>
  -   locator resolved to hidden <body>…</body>
  -   locator resolved to hidden <body>…</body>
  -   locator resolved to hidden <body>…</body>
  -   locator resolved to hidden <body>…</body>
  -   locator resolved to hidden <body>…</body>
  -   locator resolved to hidden <body>…</body>
  -   locator resolved to hidden <body>…</body>
  -   locator resolved to hidden <body>…</body>
  -   locator resolved to hidden <body>…</body>
  -   locator resolved to hidden <body>…</body>
  -   locator resolved to hidden <body>…</body>
  -   locator resolved to hidden <body>…</body>
  -   locator resolved to hidden <body>…</body>
  -   locator resolved to hidden <body>…</body>
  -   locator resolved to hidden <body>…</body>
  -   locator resolved to hidden <body>…</body>
  -   locator resolved to hidden <body>…</body>
  -   locator resolved to hidden <body>…</body>
  -   locator resolved to hidden <body>…</body>
  -   locator resolved to hidden <body>…</body>
  -   locator resolved to hidden <body>…</body>
  -   locator resolved to hidden <body>…</body>
  -   locator resolved to hidden <body>…</body>
  -   locator resolved to hidden <body>…</body>
  -   locator resolved to hidden <body>…</body>
  -   locator resolved to hidden <body>…</body>
  -   locator resolved to hidden <body>…</body>
  -   locator resolved to hidden <body>…</body>
  -   locator resolved to hidden <body>…</body>
  -   locator resolved to hidden <body>…</body>
  -   locator resolved to hidden <body>…</body>
  -   locator resolved to hidden <body>…</body>
  -   locator resolved to hidden <body>…</body>
  -   locator resolved to hidden <body>…</body>
  -   locator resolved to hidden <body>…</body>
  -   locator resolved to hidden <body>…</body>
  -   locator resolved to hidden <body>…</body>
  -   locator resolved to hidden <body>…</body>
  -   locator resolved to hidden <body>…</body>
  -   locator resolved to hidden <body>…</body>
  -   locator resolved to hidden <body>…</body>
  -   locator resolved to hidden <body>…</body>
  -   locator resolved to hidden <body>…</body>
  -   locator resolved to hidden <body>…</body>
  -   locator resolved to hidden <body>…</body>
  -   locator resolved to hidden <body>…</body>
  -   locator resolved to hidden <body>…</body>
  -   locator resolved to hidden <body>…</body>
  -   locator resolved to hidden <body>…</body>
  -   locator resolved to hidden <body>…</body>
  -   locator resolved to hidden <body>…</body>
  -   locator resolved to hidden <body>…</body>
  -   locator resolved to hidden <body>…</body>
  -   locator resolved to hidden <body>…</body>
  -   locator resolved to hidden <body>…</body>
  -   locator resolved to hidden <body>…</body>
  -   locator resolved to hidden <body>…</body>
  -   locator resolved to hidden <body>…</body>
  -   locator resolved to hidden <body>…</body>
  -   locator resolved to hidden <body>…</body>
  -   locator resolved to hidden <body>…</body>
  -   locator resolved to hidden <body>…</body>
  -   locator resolved to hidden <body>…</body>
  -   locator resolved to hidden <body>…</body>
  -   locator resolved to hidden <body>…</body>
  -   locator resolved to hidden <body>…</body>
  -   locator resolved to hidden <body>…</body>
  -   locator resolved to hidden <body>…</body>
  -   locator resolved to hidden <body>…</body>
  -   locator resolved to hidden <body>…</body>
  -   locator resolved to hidden <body>…</body>
  -   locator resolved to hidden <body>…</body>
  -   locator resolved to hidden <body>…</body>
  -   locator resolved to hidden <body>…</body>
  -   locator resolved to hidden <body>…</body>
  -   locator resolved to hidden <body>…</body>
  -   locator resolved to hidden <body>…</body>
  -   locator resolved to hidden <body>…</body>
  -   locator resolved to hidden <body>…</body>
  -   locator resolved to hidden <body>…</body>
  -   locator resolved to hidden <body>…</body>
  -   locator resolved to hidden <body>…</body>
  -   locator resolved to hidden <body>…</body>
  -   locator resolved to hidden <body>…</body>
  -   locator resolved to hidden <body>…</body>
  -   locator resolved to hidden <body>…</body>
  -   locator resolved to hidden <body>…</body>
  -   locator resolved to hidden <body>…</body>
  -   locator resolved to hidden <body>…</body>
  -   locator resolved to hidden <body>…</body>
  -   locator resolved to hidden <body>…</body>
  -   locator resolved to hidden <body>…</body>
  -   locator resolved to hidden <body>…</body>
  -   locator resolved to hidden <body>…</body>
  -   locator resolved to hidden <body>…</body>
  -   locator resolved to hidden <body>…</body>
  -   locator resolved to hidden <body>…</body>
  -   locator resolved to hidden <body>…</body>
  -   locator resolved to hidden <body>…</body>
  -   locator resolved to hidden <body>…</body>
  -   locator resolved to hidden <body>…</body>
  -   locator resolved to hidden <body>…</body>
  -   locator resolved to hidden <body>…</body>
  -   locator resolved to hidden <body>…</body>
  -   locator resolved to hidden <body>…</body>
  -   locator resolved to hidden <body>…</body>
  -   locator resolved to hidden <body>…</body>
  -   locator resolved to hidden <body>…</body>
  -   locator resolved to hidden <body>…</body>
  -   locator resolved to hidden <body>…</body>
  -   locator resolved to hidden <body>…</body>
  -   locator resolved to hidden <body>…</body>
  -   locator resolved to hidden <body>…</body>
  -   locator resolved to hidden <body>…</body>
  -   locator resolved to hidden <body>…</body>
  -   locator resolved to hidden <body>…</body>
  -   locator resolved to hidden <body>…</body>
  -   locator resolved to hidden <body>…</body>
  -   locator resolved to hidden <body>…</body>
  -   locator resolved to hidden <body>…</body>
  -   locator resolved to hidden <body>…</body>
  -   locator resolved to hidden <body>…</body>
  -   locator resolved to hidden <body>…</body>
  -   locator resolved to hidden <body>…</body>
  -   locator resolved to hidden <body>…</body>
  -   locator resolved to hidden <body>…</body>
  -   locator resolved to hidden <body>…</body>
  -   locator resolved to hidden <body>…</body>
  -   locator resolved to hidden <body>…</body>
  -   locator resolved to hidden <body>…</body>
  -   locator resolved to hidden <body>…</body>
  -   locator resolved to hidden <body>…</body>
  -   locator resolved to hidden <body>…</body>
  -   locator resolved to hidden <body>…</body>
  -   locator resolved to hidden <body>…</body>
  -   locator resolved to hidden <body>…</body>
  -   locator resolved to hidden <body>…</body>
  -   locator resolved to hidden <body>…</body>
  -   locator resolved to hidden <body>…</body>
  -   locator resolved to hidden <body>…</body>
  -   locator resolved to hidden <body>…</body>
  -   locator resolved to hidden <body>…</body>
  -   locator resolved to hidden <body>…</body>
  -   locator resolved to hidden <body>…</body>
  -   locator resolved to hidden <body>…</body>
  -   locator resolved to hidden <body>…</body>
  -   locator resolved to hidden <body>…</body>
  -   locator resolved to hidden <body>…</body>
  -   locator resolved to hidden <body>…</body>
  -   locator resolved to hidden <body>…</body>
  -   locator resolved to hidden <body>…</body>
  -   locator resolved to hidden <body>…</body>
  -   locator resolved to hidden <body>…</body>
  -   locator resolved to hidden <body>…</body>
  -   locator resolved to hidden <body>…</body>
  -   locator resolved to hidden <body>…</body>
  -   locator resolved to hidden <body>…</body>
  -   locator resolved to hidden <body>…</body>
  -   locator resolved to hidden <body>…</body>
  -   locator resolved to hidden <body>…</body>
  -   locator resolved to hidden <body>…</body>
  -   locator resolved to hidden <body>…</body>
  -   locator resolved to hidden <body>…</body>
  -   locator resolved to hidden <body>…</body>
  -   locator resolved to hidden <body>…</body>
  -   locator resolved to hidden <body>…</body>
  -   locator resolved to hidden <body>…</body>
  -   locator resolved to hidden <body>…</body>
  -   locator resolved to hidden <body>…</body>
  -   locator resolved to hidden <body>…</body>
  -   locator resolved to hidden <body>…</body>
  -   locator resolved to hidden <body>…</body>
  -   locator resolved to hidden <body>…</body>
  -   locator resolved to hidden <body>…</body>
  -   locator resolved to hidden <body>…</body>
  -   locator resolved to hidden <body>…</body>
  -   locator resolved to hidden <body>…</body>
  -   locator resolved to hidden <body>…</body>
  -   locator resolved to hidden <body>…</body>
  -   locator resolved to hidden <body>…</body>
  -   locator resolved to hidden <body>…</body>
  -   locator resolved to hidden <body>…</body>
  -   locator resolved to hidden <body>…</body>
  -   locator resolved to hidden <body>…</body>
  -   locator resolved to hidden <body>…</body>
  -   locator resolved to hidden <body>…</body>
  -   locator resolved to hidden <body>…</body>
  -   locator resolved to hidden <body>…</body>
  -   locator resolved to hidden <body>…</body>
  -   locator resolved to hidden <body>…</body>
  -   locator resolved to hidden <body>…</body>
  -   locator resolved to hidden <body>…</body>
  -   locator resolved to hidden <body>…</body>
  -   locator resolved to hidden <body>…</body>
  -   locator resolved to hidden <body>…</body>
  -   locator resolved to hidden <body>…</body>
  -   locator resolved to hidden <body>…</body>
  -   locator resolved to hidden <body>…</body>
  -   locator resolved to hidden <body>…</body>
  -   locator resolved to hidden <body>…</body>
  -   locator resolved to hidden <body>…</body>
  -   locator resolved to hidden <body>…</body>
  -   locator resolved to hidden <body>…</body>
  -   locator resolved to hidden <body>…</body>
  -   locator resolved to hidden <body>…</body>
  -   locator resolved to hidden <body>…</body>
  -   locator resolved to hidden <body>…</body>
  -   locator resolved to hidden <body>…</body>
  -   locator resolved to hidden <body>…</body>
  -   locator resolved to hidden <body>…</body>
  -   locator resolved to hidden <body>…</body>
  -   locator resolved to hidden <body>…</body>
  -   locator resolved to hidden <body>…</body>
  -   locator resolved to hidden <body>…</body>
  -   locator resolved to hidden <body>…</body>
  -   locator resolved to hidden <body>…</body>
  -   locator resolved to hidden <body>…</body>
  -   locator resolved to hidden <body>…</body>
  -   locator resolved to hidden <body>…</body>
  -   locator resolved to hidden <body>…</body>
  -   locator resolved to hidden <body>…</body>
  -   locator resolved to hidden <body>…</body>
  -   locator resolved to hidden <body>…</body>
  -   locator resolved to hidden <body>…</body>
  -   locator resolved to hidden <body>…</body>
  -   locator resolved to hidden <body>…</body>
  -   locator resolved to hidden <body>…</body>
  -   locator resolved to hidden <body>…</body>
  -   locator resolved to hidden <body>…</body>
  -   locator resolved to hidden <body>…</body>
  -   locator resolved to hidden <body>…</body>
  -   locator resolved to hidden <body>…</body>
  -   locator resolved to hidden <body>…</body>
  -   locator resolved to hidden <body>…</body>
  -   locator resolved to hidden <body>…</body>
  -   locator resolved to hidden <body>…</body>
  -   locator resolved to hidden <body>…</body>
  -   locator resolved to hidden <body>…</body>
  -   locator resolved to hidden <body>…</body>
  -   locator resolved to hidden <body>…</body>
  -   locator resolved to hidden <body>…</body>
  -   locator resolved to hidden <body>…</body>
  -   locator resolved to hidden <body>…</body>
  -   locator resolved to hidden <body>…</body>
  -   locator resolved to hidden <body>…</body>
  -   locator resolved to hidden <body>…</body>
  -   locator resolved to hidden <body>…</body>
  -   locator resolved to hidden <body>…</body>
  -   locator resolved to hidden <body>…</body>
  -   locator resolved to hidden <body>…</body>
  -   locator resolved to hidden <body>…</body>
  -   locator resolved to hidden <body>…</body>
  -   locator resolved to hidden <body>…</body>
  -   locator resolved to hidden <body>…</body>
  -   locator resolved to hidden <body>…</body>
  -   locator resolved to hidden <body>…</body>
  -   locator resolved to hidden <body>…</body>
  -   locator resolved to hidden <body>…</body>
  -   locator resolved to hidden <body>…</body>
  -   locator resolved to hidden <body>…</body>
  -   locator resolved to hidden <body>…</body>
  -   locator resolved to hidden <body>…</body>
  -   locator resolved to hidden <body>…</body>
  -   locator resolved to hidden <body>…</body>
  -   locator resolved to hidden <body>…</body>
  -   locator resolved to hidden <body>…</body>
  -   locator resolved to hidden <body>…</body>
  -   locator resolved to hidden <body>…</body>
  -   locator resolved to hidden <body>…</body>
  -   locator resolved to hidden <body>…</body>
  -   locator resolved to hidden <body>…</body>
  -   locator resolved to hidden <body>…</body>
  -   locator resolved to hidden <body>…</body>
  -   locator resolved to hidden <body>…</body>
  -   locator resolved to hidden <body>…</body>
  -   locator resolved to hidden <body>…</body>


The above exception was the direct cause of the following exception:

Traceback (most recent call last):
  File "/home/runner/work/Python/Python/mypy/lib/playwright/publish_helper.py", line 123, in publish_mission
    is_login = await self._check_login_status(page)
  File "/home/runner/work/Python/Python/mypy/lib/playwright/publish_helper.py", line 81, in _check_login_status
    raise CheckLoginStatusExp from ex
mypy.lib.playwright.exceptions.CheckLoginStatusExp

The above exception was the direct cause of the following exception:

Traceback (most recent call last):
  File "/home/runner/work/Python/Python/mypy/lib/playwright/publish_helper.py", line 148, in do_publish
    async for attempt in AsyncRetrying(
  File "/opt/hostedtoolcache/Python/3.8.18/x64/lib/python3.8/site-packages/tenacity/_asyncio.py", line 71, in __anext__
    do = self.iter(retry_state=self._retry_state)
  File "/opt/hostedtoolcache/Python/3.8.18/x64/lib/python3.8/site-packages/tenacity/__init__.py", line 314, in iter
    return fut.result()
  File "/opt/hostedtoolcache/Python/3.8.18/x64/lib/python3.8/concurrent/futures/_base.py", line 437, in result
    return self.__get_result()
  File "/opt/hostedtoolcache/Python/3.8.18/x64/lib/python3.8/concurrent/futures/_base.py", line 389, in __get_result
    raise self._exception
  File "/home/runner/work/Python/Python/mypy/lib/playwright/publish_helper.py", line 156, in do_publish
    await self.publish_mission(playwright)
  File "/home/runner/work/Python/Python/mypy/lib/playwright/publish_helper.py", line 137, in publish_mission
    raise PublishFail(original_exception=ex) from ex
mypy.lib.playwright.exceptions.PublishFail
WARNING  mypy.lib.playwright.publish_handler:publish_handler.py:63 🟠 [/home/runner/work/Python/Python/mypy/tests/apps/youtu2douyin/_out/channel_UCsooa4yRKGN_zEE8iknghZA/mAxFB3vbt7c.mp4] 发布到 [xiaohongshu] 失败原因: []
INFO     mypy.apps.youtu2douyin.channel_loop:channel_loop.py:144 🟢 《One of the world’s oldest condiments - Dan Kwartler》发布到 [douyin] 成功
ERROR    mypy.apps.youtu2douyin.channel_loop:channel_loop.py:140 🔴 《One of the world’s oldest condiments - Dan Kwartler》发布到 [xiaohongshu] 失败
WARNING  mypy.apps.youtu2douyin.channel_loop:channel_loop.py:153 🟠 《/home/runner/work/Python/Python/mypy/tests/apps/youtu2douyin/_out/channel_UCsooa4yRKGN_zEE8iknghZA/mAxFB3vbt7c.mp4》已处理，删除该视频文件