INFO     mypy.apps.youtu2douyin.main:main.py:37 üü¢ ËøêË°åÊ®°Âºè: manual
INFO     mypy.apps.youtu2douyin.main:main.py:39 üü¢ video_url: https://www.youtube.com/watch?v=WCh7oZrQOx4
INFO     mypy.apps.youtu2douyin.tools:tools.py:78 üü¢ new video„ÄäNext Generation NCLEX News: A CHANGE You‚Äôll LOVE | Lab Values for NCLEX Changes„Äãfound, id: WCh7oZrQOx4, publish date: 2022-12-08 00:00:00
INFO     mypy.apps.youtu2douyin.channel_loop:channel_loop.py:163 üü¢ -----> ÂºÄÂßã‰∏ãËΩΩÁ¨¨ 1/1 ‰∏™ËßÜÈ¢ë: https://youtube.com/watch?v=WCh7oZrQOx4
INFO     mypy.lib.youtube.video_handler:video_handler.py:285 üü¢ ===== Ëé∑ÂèñËßÜÈ¢ë =====
INFO     mypy.lib.youtube.video_handler:video_handler.py:286 üü¢ ËæìÂá∫Ë∑ØÂæÑ: /home/runner/work/github-runner/github-runner/mypy/tests/apps/youtu2douyin/_out/channel_UCPyMN8DzkFl2__xnTEiGZ1w
INFO     mypy.lib.youtube.video_handler:video_handler.py:297 üü¢ ===== ‰∏ãËΩΩËßÜÈ¢ëËµÑÊ∫ê =====
INFO     mypy.lib.youtube.ytdlp_helper:ytdlp_helper.py:128 üü¢ ----- ‰∏ãËΩΩËßÜÈ¢ë -----
ERROR    mypy.apps.youtu2douyin.channel_loop:channel_loop.py:175 üî¥ ERROR: unable to download video data: HTTP Error 403: Forbidden
Traceback (most recent call last):
  File "/opt/hostedtoolcache/Python/3.9.19/x64/lib/python3.9/site-packages/yt_dlp/YoutubeDL.py", line 3461, in process_info
    partial_success, real_download = self.dl(fname, new_info)
  File "/opt/hostedtoolcache/Python/3.9.19/x64/lib/python3.9/site-packages/yt_dlp/YoutubeDL.py", line 3199, in dl
    return fd.download(name, new_info, subtitle)
  File "/opt/hostedtoolcache/Python/3.9.19/x64/lib/python3.9/site-packages/yt_dlp/downloader/common.py", line 466, in download
    ret = self.real_download(filename, info_dict)
  File "/opt/hostedtoolcache/Python/3.9.19/x64/lib/python3.9/site-packages/yt_dlp/downloader/http.py", line 369, in real_download
    establish_connection()
  File "/opt/hostedtoolcache/Python/3.9.19/x64/lib/python3.9/site-packages/yt_dlp/downloader/http.py", line 120, in establish_connection
    ctx.data = self.ydl.urlopen(request)
  File "/opt/hostedtoolcache/Python/3.9.19/x64/lib/python3.9/site-packages/yt_dlp/YoutubeDL.py", line 4161, in urlopen
    return self._request_director.send(req)
  File "/opt/hostedtoolcache/Python/3.9.19/x64/lib/python3.9/site-packages/yt_dlp/networking/common.py", line 117, in send
    response = handler.send(request)
  File "/opt/hostedtoolcache/Python/3.9.19/x64/lib/python3.9/site-packages/yt_dlp/networking/_helper.py", line 208, in wrapper
    return func(self, *args, **kwargs)
  File "/opt/hostedtoolcache/Python/3.9.19/x64/lib/python3.9/site-packages/yt_dlp/networking/common.py", line 337, in send
    return self._send(request)
  File "/opt/hostedtoolcache/Python/3.9.19/x64/lib/python3.9/site-packages/yt_dlp/networking/_requests.py", line 361, in _send
    raise HTTPError(res, redirect_loop=max_redirects_exceeded)
yt_dlp.networking.exceptions.HTTPError: HTTP Error 403: Forbidden

During handling of the above exception, another exception occurred:

Traceback (most recent call last):
  File "/home/runner/work/github-runner/github-runner/mypy/apps/youtu2douyin/channel_loop.py", line 170, in _download_video_and_publish
    video_title, video_fullpath = video_handler.get_video(
  File "/home/runner/work/github-runner/github-runner/mypy/lib/youtube/video_handler.py", line 299, in get_video
    download_video, zh_srt, en_srt = y2_api.download_media(with_srt)
  File "/home/runner/work/github-runner/github-runner/mypy/lib/youtube/ytdlp_helper.py", line 206, in download_media
    self._download_video()
  File "/home/runner/work/github-runner/github-runner/mypy/lib/youtube/ytdlp_helper.py", line 152, in _download_video
    ydl.download([self._video_url])
  File "/opt/hostedtoolcache/Python/3.9.19/x64/lib/python3.9/site-packages/yt_dlp/YoutubeDL.py", line 3603, in download
    self.__download_wrapper(self.extract_info)(
  File "/opt/hostedtoolcache/Python/3.9.19/x64/lib/python3.9/site-packages/yt_dlp/YoutubeDL.py", line 3578, in wrapper
    res = func(*args, **kwargs)
  File "/opt/hostedtoolcache/Python/3.9.19/x64/lib/python3.9/site-packages/yt_dlp/YoutubeDL.py", line 1611, in extract_info
    return self.__extract_info(url, self.get_info_extractor(key), download, extra_info, process)
  File "/opt/hostedtoolcache/Python/3.9.19/x64/lib/python3.9/site-packages/yt_dlp/YoutubeDL.py", line 1622, in wrapper
    return func(self, *args, **kwargs)
  File "/opt/hostedtoolcache/Python/3.9.19/x64/lib/python3.9/site-packages/yt_dlp/YoutubeDL.py", line 1778, in __extract_info
    return self.process_ie_result(ie_result, download, extra_info)
  File "/opt/hostedtoolcache/Python/3.9.19/x64/lib/python3.9/site-packages/yt_dlp/YoutubeDL.py", line 1837, in process_ie_result
    ie_result = self.process_video_result(ie_result, download=download)
  File "/opt/hostedtoolcache/Python/3.9.19/x64/lib/python3.9/site-packages/yt_dlp/YoutubeDL.py", line 3012, in process_video_result
    self.process_info(new_info)
  File "/opt/hostedtoolcache/Python/3.9.19/x64/lib/python3.9/site-packages/yt_dlp/YoutubeDL.py", line 179, in wrapper
    return func(self, *args, **kwargs)
  File "/opt/hostedtoolcache/Python/3.9.19/x64/lib/python3.9/site-packages/yt_dlp/YoutubeDL.py", line 3488, in process_info
    self.report_error(f'unable to download video data: {err}')
  File "/opt/hostedtoolcache/Python/3.9.19/x64/lib/python3.9/site-packages/yt_dlp/YoutubeDL.py", line 1088, in report_error
    self.trouble(f'{self._format_err("ERROR:", self.Styles.ERROR)} {message}', *args, **kwargs)
  File "/opt/hostedtoolcache/Python/3.9.19/x64/lib/python3.9/site-packages/yt_dlp/YoutubeDL.py", line 1027, in trouble
    raise DownloadError(message, exc_info)
yt_dlp.utils.DownloadError: ERROR: unable to download video data: HTTP Error 403: Forbidden
ERROR    mypy.apps.youtu2douyin.channel_loop:channel_loop.py:176 üî¥ ËßÜÈ¢ë https://youtube.com/watch?v=WCh7oZrQOx4 Ëé∑ÂèñÂºÇÂ∏∏: ERROR: unable to download video data: HTTP Error 403: Forbidden