INFO     mypy.apps.tiktok2douyin.main:main.py:22 ğŸŸ¢ å¼€å§‹ä¸‹è½½è§†é¢‘
INFO     mypy.utils.http:http.py:74 ğŸŸ¢ /home/runner/work/github-runner/github-runner/mypy/tests/apps/tiktok2douyin/_out/Cristiano Ronaldo XåŠ¨æ¼«å›¢é˜Ÿ4å‘¨çš„TMANåŠ¨ç”»å·¥ä½œ.mp4 download success
INFO     mypy.apps.tiktok2douyin.main:main.py:28 ğŸŸ¢ å¼€å§‹å‘å¸ƒè§†é¢‘
INFO     mypy.lib.playwright.publish_handler:publish_handler.py:75 ğŸŸ¢ -----> å¼€å§‹å‘å¸ƒã€Š/home/runner/work/github-runner/github-runner/mypy/tests/apps/tiktok2douyin/_out/Cristiano Ronaldo XåŠ¨æ¼«å›¢é˜Ÿ4å‘¨çš„TMANåŠ¨ç”»å·¥ä½œ.mp4ã€‹åˆ° ['douyin'] å¹³å°
WARNING  mypy.lib.playwright.publish_handler:log.py:123 ğŸŸ  [platform: douyin], [publish_file: Cristiano Ronaldo XåŠ¨æ¼«å›¢é˜Ÿ4å‘¨çš„TMANåŠ¨ç”»å·¥ä½œ.mp4] - /home/runner/work/github-runner/github-runner/mypy/tests/apps/tiktok2douyin/config/cookie/douyin ä¸‹å‘ç°å¤šä¸ª cookie: ['/home/runner/work/github-runner/github-runner/mypy/tests/apps/tiktok2douyin/config/cookie/douyin/cookie_middle.json', '/home/runner/work/github-runner/github-runner/mypy/tests/apps/tiktok2douyin/config/cookie/douyin/cookie_test.json']
INFO     mypy.lib.playwright.publish_handler:log.py:120 ğŸŸ¢ [platform: douyin], [publish_file: Cristiano Ronaldo XåŠ¨æ¼«å›¢é˜Ÿ4å‘¨çš„TMANåŠ¨ç”»å·¥ä½œ.mp4] - é»˜è®¤é€‰æ‹©ç¬¬ä¸€ä¸ª cookie: /home/runner/work/github-runner/github-runner/mypy/tests/apps/tiktok2douyin/config/cookie/douyin/cookie_middle.json
INFO     mypy.lib.playwright.publish_handler:log.py:120 ğŸŸ¢ [platform: douyin], [publish_file: Cristiano Ronaldo XåŠ¨æ¼«å›¢é˜Ÿ4å‘¨çš„TMANåŠ¨ç”»å·¥ä½œ.mp4] - æ­£åœ¨ä½¿ç”¨ [/home/runner/work/github-runner/github-runner/mypy/tests/apps/tiktok2douyin/config/cookie/douyin/cookie_middle.json] å‘å¸ƒä½œå“
WARNING  mypy.lib.proxy_pool.proxy_pool_helper:proxy_pool_helper.py:49 ğŸŸ  æœªæ‰¾åˆ°å¯ç”¨çš„ æ·±åœ³(https) ä»£ç†åœ°å€
INFO     mypy.lib.playwright.publish_handler:log.py:120 ğŸŸ¢ [platform: douyin], [publish_file: Cristiano Ronaldo XåŠ¨æ¼«å›¢é˜Ÿ4å‘¨çš„TMANåŠ¨ç”»å·¥ä½œ.mp4] - ============================================================
INFO     mypy.lib.playwright.publish_handler:log.py:120 ğŸŸ¢ [platform: douyin], [publish_file: Cristiano Ronaldo XåŠ¨æ¼«å›¢é˜Ÿ4å‘¨çš„TMANåŠ¨ç”»å·¥ä½œ.mp4] - [DouyinVideoPublishHelper] å¼€å§‹æ‰§è¡Œå‘å¸ƒä»»åŠ¡
INFO     mypy.lib.playwright.publish_handler:log.py:120 ğŸŸ¢ [platform: douyin], [publish_file: Cristiano Ronaldo XåŠ¨æ¼«å›¢é˜Ÿ4å‘¨çš„TMANåŠ¨ç”»å·¥ä½œ.mp4] - ============================================================
CRITICAL mypy.lib.playwright.publish_handler:log.py:129 âŒ [platform: douyin], [publish_file: Cristiano Ronaldo XåŠ¨æ¼«å›¢é˜Ÿ4å‘¨çš„TMANåŠ¨ç”»å·¥ä½œ.mp4] - è´¦å·ç™»å½•çŠ¶æ€å·²å¤±æ•ˆï¼Œæ­£åœ¨è·³å‡º: Page.inner_text: Timeout 120000ms exceeded.
Call log:
waiting for locator(".rNsML")

CRITICAL mypy.lib.playwright.publish_handler:log.py:129 âŒ [platform: douyin], [publish_file: Cristiano Ronaldo XåŠ¨æ¼«å›¢é˜Ÿ4å‘¨çš„TMANåŠ¨ç”»å·¥ä½œ.mp4] - ã€ŠCristiano Ronaldo XåŠ¨æ¼«å›¢é˜Ÿ4å‘¨çš„TMANåŠ¨ç”»å·¥ä½œã€‹å‘å¸ƒå¼‚å¸¸: Page.inner_text: Timeout 120000ms exceeded.
Call log:
waiting for locator(".rNsML")

ERROR    mypy.lib.playwright.common:common.py:141 ğŸ”´ Page.inner_text: Timeout 120000ms exceeded.
Call log:
waiting for locator(".rNsML")
Traceback (most recent call last):
  File "/home/runner/work/github-runner/github-runner/mypy/lib/playwright/publish_helper.py", line 81, in _check_login_status
    user_name = await self._get_logined_username(page)
  File "/home/runner/work/github-runner/github-runner/mypy/lib/playwright/publish_helper.py", line 72, in _get_logined_username
    raise ex
  File "/home/runner/work/github-runner/github-runner/mypy/lib/playwright/publish_helper.py", line 68, in _get_logined_username
    user_name = await page.inner_text(
  File "/opt/hostedtoolcache/Python/3.9.19/x64/lib/python3.9/site-packages/playwright/async_api/_generated.py", line 10493, in inner_text
    await self._impl_obj.inner_text(
  File "/opt/hostedtoolcache/Python/3.9.19/x64/lib/python3.9/site-packages/playwright/_impl/_page.py", line 904, in inner_text
    return await self._main_frame.inner_text(**locals_to_params(locals()))
  File "/opt/hostedtoolcache/Python/3.9.19/x64/lib/python3.9/site-packages/playwright/_impl/_frame.py", line 618, in inner_text
    return await self._channel.send("innerText", locals_to_params(locals()))
  File "/opt/hostedtoolcache/Python/3.9.19/x64/lib/python3.9/site-packages/playwright/_impl/_connection.py", line 59, in send
    return await self._connection.wrap_api_call(
  File "/opt/hostedtoolcache/Python/3.9.19/x64/lib/python3.9/site-packages/playwright/_impl/_connection.py", line 514, in wrap_api_call
    raise rewrite_error(error, f"{parsed_st['apiName']}: {error}") from None
playwright._impl._errors.TimeoutError: Page.inner_text: Timeout 120000ms exceeded.
Call log:
waiting for locator(".rNsML")


The above exception was the direct cause of the following exception:

Traceback (most recent call last):
  File "/home/runner/work/github-runner/github-runner/mypy/lib/playwright/common.py", line 139, in launch_browser_mgr
    yield browser, context, page
  File "/home/runner/work/github-runner/github-runner/mypy/lib/playwright/publish_helper.py", line 147, in publish_mission
    raise ex
  File "/home/runner/work/github-runner/github-runner/mypy/lib/playwright/publish_helper.py", line 131, in publish_mission
    await self._check_login_status(page)
  File "/home/runner/work/github-runner/github-runner/mypy/lib/playwright/publish_helper.py", line 85, in _check_login_status
    raise CheckLoginStatusExp(original_exception=ex) from ex
mypy.lib.playwright.exceptions.CheckLoginStatusExp: Page.inner_text: Timeout 120000ms exceeded.
Call log:
waiting for locator(".rNsML")

CRITICAL mypy.lib.playwright.publish_handler:log.py:129 âŒ [platform: douyin], [publish_file: Cristiano Ronaldo XåŠ¨æ¼«å›¢é˜Ÿ4å‘¨çš„TMANåŠ¨ç”»å·¥ä½œ.mp4] - ã€ŠCristiano Ronaldo XåŠ¨æ¼«å›¢é˜Ÿ4å‘¨çš„TMANåŠ¨ç”»å·¥ä½œã€‹å‘å¸ƒå¼‚å¸¸: Page.inner_text: Timeout 120000ms exceeded.
Call log:
waiting for locator(".rNsML")

WARNING  mypy.lib.playwright.publish_handler:publish_handler.py:58 ğŸŸ  [/home/runner/work/github-runner/github-runner/mypy/tests/apps/tiktok2douyin/_out/Cristiano Ronaldo XåŠ¨æ¼«å›¢é˜Ÿ4å‘¨çš„TMANåŠ¨ç”»å·¥ä½œ.mp4] å‘å¸ƒåˆ° [douyin] å¤±è´¥ï¼ŒåŸå› : [Page.inner_text: Timeout 120000ms exceeded.
Call log:
waiting for locator(".rNsML")
]