INFO     mypy.apps.youtu2douyin.main:main.py:21 ğŸŸ¢ è¿è¡Œæ¨¡å¼: manual
INFO     mypy.apps.youtu2douyin.main:main.py:23 ğŸŸ¢ video_url: https://www.youtube.com/watch?v=mAxFB3vbt7c
INFO     mypy.apps.youtu2douyin.channel_loop:channel_loop.py:40 ğŸŸ¢ new videoã€ŠOne of the worldâ€™s oldest condiments - Dan Kwartlerã€‹found, id: mAxFB3vbt7c, publish date: 2024-03-12 00:00:00
INFO     mypy.lib.youtube.video_handler:video_handler.py:181 ğŸŸ¢ ===== è·å–è§†é¢‘ =====
INFO     mypy.lib.youtube.video_handler:video_handler.py:182 ğŸŸ¢ è¾“å‡ºè·¯å¾„: /home/runner/work/Python/Python/mypy/tests/apps/youtu2douyin/_out/channel_UCsooa4yRKGN_zEE8iknghZA
INFO     mypy.lib.youtube.video_handler:video_handler.py:193 ğŸŸ¢ ===== ä¸‹è½½è§†é¢‘èµ„æº =====
INFO     mypy.lib.youtube.ytdlp_helper:ytdlp_helper.py:164 ğŸŸ¢ ----- ä¸‹è½½è§†é¢‘ -----
DEBUG    /home/runner/work/Python/Python/mypy/utils/tools.py:tools.py:169 ğŸ”µ æ­£åœ¨æ‰§è¡Œå‘½ä»¤: ['yt-dlp', '--format', 'bv+ba', '--merge-output-format', 'mp4', '--output', '/home/runner/work/Python/Python/mypy/tests/apps/youtu2douyin/_out/channel_UCsooa4yRKGN_zEE8iknghZA/mAxFB3vbt7c/mAxFB3vbt7c.mp4', '--write-thumbnail', '--convert-thumbnail', 'jpg', '--output', 'thumbnail:/home/runner/work/Python/Python/mypy/tests/apps/youtu2douyin/_out/channel_UCsooa4yRKGN_zEE8iknghZA/mAxFB3vbt7c/mAxFB3vbt7c', 'https://youtube.com/watch?v=mAxFB3vbt7c']
INFO     mypy.lib.youtube.ytdlp_helper:ytdlp_helper.py:168 ğŸŸ¢ ----- ä¸‹è½½å­—å¹• -----
INFO     mypy.lib.youtube.y2_srt_handler:y2_srt_handler.py:34 ğŸŸ¢ ----- ä¸‹è½½å­—å¹• -----
INFO     mypy.lib.youtube.video_handler:video_handler.py:197 ğŸŸ¢ ===== è§†é¢‘å‰ªè¾‘ =====
INFO     mypy.lib.youtube.video_handler:video_handler.py:208 ğŸŸ¢ ----- å¤„ç†åè§†é¢‘è·¯å¾„: /home/runner/work/Python/Python/mypy/tests/apps/youtu2douyin/_out/channel_UCsooa4yRKGN_zEE8iknghZA/mAxFB3vbt7c.mp4
INFO     mypy.lib.youtube.video_handler:video_handler.py:211 ğŸŸ¢ ===== è·å–å°é¢ =====
DEBUG    mypy.apps.youtu2douyin.channel_loop:channel_loop.py:106 ğŸ”µ ----- è§†é¢‘ä¿¡æ¯: {'id': 'mAxFB3vbt7c', 'url': 'https://youtube.com/watch?v=mAxFB3vbt7c', 'title': 'One of the worldâ€™s oldest condiments - Dan Kwartler', 'publish_date': '2024-03-12 00:00:00', 'published': []}
INFO     mypy.apps.youtu2douyin.channel_loop:channel_loop.py:113 ğŸŸ¢ ç«‹å³å‘å¸ƒç›‘æ§åˆ°çš„ç¬¬ä¸€ä¸ªè§†é¢‘ã€Šä¸–ç•Œä¸Šæœ€å¤è€çš„è°ƒå‘³å“ä¹‹ä¸€ã€‹
INFO     mypy.apps.youtu2douyin.publish_handler:publish_handler.py:24 ğŸŸ¢ -----> å‘å¸ƒåˆ°æŠ–éŸ³
INFO     mypy.lib.douyin.publisher:publisher.py:714 ğŸŸ¢ æ­£åœ¨ä½¿ç”¨ [cookie_17688150852.json] å‘å¸ƒä½œå“ï¼Œå½“å‰è´¦å·æ’åº: [1]
INFO     mypy.lib.douyin.publisher:publisher.py:367 ğŸŸ¢ -----> å½“å‰ç™»å½•è´¦å·ä¸º â€œPPT320210â€
INFO     mypy.lib.douyin.publisher:publisher.py:435 ğŸŸ¢ è®¾ç½®è§†é¢‘ç®€ä»‹ä¸º: ä¸–ç•Œä¸Šæœ€å¤è€çš„è°ƒå‘³å“ä¹‹ä¸€#TED #å››å…­çº§ #è‹±è¯­å£è¯­ #é›…æ€
ERROR    mypy.lib.douyin.publisher:publisher.py:532 ğŸ”´ âŒâŒâŒã€Šä¸–ç•Œä¸Šæœ€å¤è€çš„è°ƒå‘³å“ä¹‹ä¸€ã€‹å‘å¸ƒå¼‚å¸¸ âŒâŒâŒ
Traceback (most recent call last):
  File "/home/runner/work/Python/Python/mypy/lib/douyin/publisher.py", line 518, in publish_mission
    await self._set_collection(page)
  File "/home/runner/work/Python/Python/mypy/lib/douyin/publisher.py", line 189, in _set_collection
    selected_collection = await self._get_collection(page)
  File "/home/runner/work/Python/Python/mypy/lib/douyin/publisher.py", line 128, in _get_collection
    await page.wait_for_selector(self._playwright_cfg.coll_list_loc)
  File "/opt/hostedtoolcache/Python/3.8.18/x64/lib/python3.8/site-packages/playwright/async_api/_generated.py", line 7786, in wait_for_selector
    await self._impl_obj.wait_for_selector(
  File "/opt/hostedtoolcache/Python/3.8.18/x64/lib/python3.8/site-packages/playwright/_impl/_page.py", line 373, in wait_for_selector
    return await self._main_frame.wait_for_selector(**locals_to_params(locals()))
  File "/opt/hostedtoolcache/Python/3.8.18/x64/lib/python3.8/site-packages/playwright/_impl/_frame.py", line 323, in wait_for_selector
    await self._channel.send("waitForSelector", locals_to_params(locals()))
  File "/opt/hostedtoolcache/Python/3.8.18/x64/lib/python3.8/site-packages/playwright/_impl/_connection.py", line 59, in send
    return await self._connection.wrap_api_call(
  File "/opt/hostedtoolcache/Python/3.8.18/x64/lib/python3.8/site-packages/playwright/_impl/_connection.py", line 509, in wrap_api_call
    return await cb()
  File "/opt/hostedtoolcache/Python/3.8.18/x64/lib/python3.8/site-packages/playwright/_impl/_connection.py", line 97, in inner_send
    result = next(iter(done)).result()
playwright._impl._errors.TimeoutError: Timeout 120000ms exceeded.
ERROR    mypy.apps.youtu2douyin.publish_handler:publish_handler.py:39 ğŸ”´ å‘å¸ƒå¤±è´¥: 
Traceback (most recent call last):
  File "/home/runner/work/Python/Python/mypy/lib/douyin/publisher.py", line 518, in publish_mission
    await self._set_collection(page)
  File "/home/runner/work/Python/Python/mypy/lib/douyin/publisher.py", line 189, in _set_collection
    selected_collection = await self._get_collection(page)
  File "/home/runner/work/Python/Python/mypy/lib/douyin/publisher.py", line 128, in _get_collection
    await page.wait_for_selector(self._playwright_cfg.coll_list_loc)
  File "/opt/hostedtoolcache/Python/3.8.18/x64/lib/python3.8/site-packages/playwright/async_api/_generated.py", line 7786, in wait_for_selector
    await self._impl_obj.wait_for_selector(
  File "/opt/hostedtoolcache/Python/3.8.18/x64/lib/python3.8/site-packages/playwright/_impl/_page.py", line 373, in wait_for_selector
    return await self._main_frame.wait_for_selector(**locals_to_params(locals()))
  File "/opt/hostedtoolcache/Python/3.8.18/x64/lib/python3.8/site-packages/playwright/_impl/_frame.py", line 323, in wait_for_selector
    await self._channel.send("waitForSelector", locals_to_params(locals()))
  File "/opt/hostedtoolcache/Python/3.8.18/x64/lib/python3.8/site-packages/playwright/_impl/_connection.py", line 59, in send
    return await self._connection.wrap_api_call(
  File "/opt/hostedtoolcache/Python/3.8.18/x64/lib/python3.8/site-packages/playwright/_impl/_connection.py", line 509, in wrap_api_call
    return await cb()
  File "/opt/hostedtoolcache/Python/3.8.18/x64/lib/python3.8/site-packages/playwright/_impl/_connection.py", line 97, in inner_send
    result = next(iter(done)).result()
playwright._impl._errors.TimeoutError: Timeout 120000ms exceeded.

The above exception was the direct cause of the following exception:

Traceback (most recent call last):
  File "/home/runner/work/Python/Python/mypy/apps/youtu2douyin/publish_handler.py", line 31, in publish
    self._publish2_douyin(pub_cfg)
  File "/home/runner/work/Python/Python/mypy/apps/youtu2douyin/publish_handler.py", line 25, in _publish2_douyin
    DouyinPublishApp(self._work_path).publish(video_path=self._video_path,
  File "/home/runner/work/Python/Python/mypy/lib/douyin/publisher.py", line 719, in publish
    asyncio.run(app.do_publish())
  File "/opt/hostedtoolcache/Python/3.8.18/x64/lib/python3.8/asyncio/runners.py", line 44, in run
    return loop.run_until_complete(main)
  File "/opt/hostedtoolcache/Python/3.8.18/x64/lib/python3.8/asyncio/base_events.py", line 616, in run_until_complete
    return future.result()
  File "/home/runner/work/Python/Python/mypy/lib/douyin/publisher.py", line 542, in do_publish
    async for attempt in AsyncRetrying(
  File "/opt/hostedtoolcache/Python/3.8.18/x64/lib/python3.8/site-packages/tenacity/_asyncio.py", line 71, in __anext__
    do = self.iter(retry_state=self._retry_state)
  File "/opt/hostedtoolcache/Python/3.8.18/x64/lib/python3.8/site-packages/tenacity/__init__.py", line 314, in iter
    return fut.result()
  File "/opt/hostedtoolcache/Python/3.8.18/x64/lib/python3.8/concurrent/futures/_base.py", line 437, in result
    return self.__get_result()
  File "/opt/hostedtoolcache/Python/3.8.18/x64/lib/python3.8/concurrent/futures/_base.py", line 389, in __get_result
    raise self._exception
  File "/home/runner/work/Python/Python/mypy/lib/douyin/publisher.py", line 550, in do_publish
    await self.publish_mission(playwright)
  File "/home/runner/work/Python/Python/mypy/lib/douyin/publisher.py", line 533, in publish_mission
    raise PublishFail() from ex
mypy.lib.douyin.exceptions.PublishFail
ERROR    mypy.apps.youtu2douyin.channel_loop:channel_loop.py:126 ğŸ”´ ã€ŠOne of the worldâ€™s oldest condiments - Dan Kwartlerã€‹å‘å¸ƒåˆ° [douyin] å¤±è´¥
WARNING  mypy.apps.youtu2douyin.channel_loop:channel_loop.py:140 ğŸŸ  ã€Š/home/runner/work/Python/Python/mypy/tests/apps/youtu2douyin/_out/channel_UCsooa4yRKGN_zEE8iknghZA/mAxFB3vbt7c.mp4ã€‹å·²å¤„ç†ï¼Œåˆ é™¤è¯¥è§†é¢‘æ–‡ä»¶