INFO     mypy.lib.youtube.y2_downloader:y2_downloader.py:150 ğŸŸ¢ å¼€å§‹ä¸‹è½½ã€Šhttps://youtube.com/watch?v=z7bUu-RUcMgã€‹
INFO     mypy.lib.youtube.y2_downloader:y2_downloader.py:150 ğŸŸ¢ å¼€å§‹ä¸‹è½½ã€Šhttps://youtube.com/watch?v=peQ-CsY19Agã€‹
INFO     mypy.lib.youtube.video_handler:video_handler.py:285 ğŸŸ¢ ===== è·å–è§†é¢‘ =====
INFO     mypy.lib.youtube.video_handler:video_handler.py:286 ğŸŸ¢ è¾“å‡ºè·¯å¾„: /home/runner/work/github-runner/github-runner/mypy/tests/lib/youtube/_out/test_y2_downloader/_out/channel_PL-CDIidnoXnBqgBVbf5y9Qm4y4ZKHHYUS
INFO     mypy.lib.youtube.video_handler:video_handler.py:285 ğŸŸ¢ ===== è·å–è§†é¢‘ =====
INFO     mypy.lib.youtube.video_handler:video_handler.py:286 ğŸŸ¢ è¾“å‡ºè·¯å¾„: /home/runner/work/github-runner/github-runner/mypy/tests/lib/youtube/_out/test_y2_downloader/_out/channel_PL-CDIidnoXnBqgBVbf5y9Qm4y4ZKHHYUS
INFO     mypy.lib.youtube.video_handler:video_handler.py:297 ğŸŸ¢ ===== ä¸‹è½½è§†é¢‘èµ„æº =====
INFO     mypy.lib.youtube.ytdlp_helper:ytdlp_helper.py:128 ğŸŸ¢ ----- ä¸‹è½½è§†é¢‘ -----
INFO     mypy.lib.youtube.video_handler:video_handler.py:297 ğŸŸ¢ ===== ä¸‹è½½è§†é¢‘èµ„æº =====
INFO     mypy.lib.youtube.ytdlp_helper:ytdlp_helper.py:128 ğŸŸ¢ ----- ä¸‹è½½è§†é¢‘ -----
ERROR    mypy.lib.youtube.y2_downloader:y2_downloader.py:182 ğŸ”´ è§†é¢‘ã€Šhttps://youtube.com/watch?v=peQ-CsY19Agã€‹ä¸‹è½½å¼‚å¸¸: ERROR: unable to download video data: HTTP Error 403: Forbidden
Traceback (most recent call last):
  File "/opt/hostedtoolcache/Python/3.9.19/x64/lib/python3.9/site-packages/yt_dlp/YoutubeDL.py", line 3460, in process_info
    partial_success, real_download = self.dl(fname, new_info)
  File "/opt/hostedtoolcache/Python/3.9.19/x64/lib/python3.9/site-packages/yt_dlp/YoutubeDL.py", line 3198, in dl
    return fd.download(name, new_info, subtitle)
  File "/opt/hostedtoolcache/Python/3.9.19/x64/lib/python3.9/site-packages/yt_dlp/downloader/common.py", line 466, in download
    ret = self.real_download(filename, info_dict)
  File "/opt/hostedtoolcache/Python/3.9.19/x64/lib/python3.9/site-packages/yt_dlp/downloader/http.py", line 369, in real_download
    establish_connection()
  File "/opt/hostedtoolcache/Python/3.9.19/x64/lib/python3.9/site-packages/yt_dlp/downloader/http.py", line 120, in establish_connection
    ctx.data = self.ydl.urlopen(request)
  File "/opt/hostedtoolcache/Python/3.9.19/x64/lib/python3.9/site-packages/yt_dlp/YoutubeDL.py", line 4160, in urlopen
    return self._request_director.send(req)
  File "/opt/hostedtoolcache/Python/3.9.19/x64/lib/python3.9/site-packages/yt_dlp/networking/common.py", line 117, in send
    response = handler.send(request)
  File "/opt/hostedtoolcache/Python/3.9.19/x64/lib/python3.9/site-packages/yt_dlp/networking/_helper.py", line 208, in wrapper
    return func(self, *args, **kwargs)
  File "/opt/hostedtoolcache/Python/3.9.19/x64/lib/python3.9/site-packages/yt_dlp/networking/common.py", line 337, in send
    return self._send(request)
  File "/opt/hostedtoolcache/Python/3.9.19/x64/lib/python3.9/site-packages/yt_dlp/networking/_requests.py", line 361, in _send
    raise HTTPError(res, redirect_loop=max_redirects_exceeded)
yt_dlp.networking.exceptions.HTTPError: HTTP Error 403: Forbidden

During handling of the above exception, another exception occurred:

Traceback (most recent call last):
  File "/home/runner/work/github-runner/github-runner/mypy/lib/youtube/y2_downloader.py", line 157, in download_video
    v_title, v_filepath = api.get_video(clean_download=False,
  File "/home/runner/work/github-runner/github-runner/mypy/lib/youtube/video_handler.py", line 299, in get_video
    download_video, zh_srt, en_srt = y2_api.download_media(with_srt)
  File "/home/runner/work/github-runner/github-runner/mypy/lib/youtube/ytdlp_helper.py", line 206, in download_media
    self._download_video()
  File "/home/runner/work/github-runner/github-runner/mypy/lib/youtube/ytdlp_helper.py", line 152, in _download_video
    ydl.download([self._video_url])
  File "/opt/hostedtoolcache/Python/3.9.19/x64/lib/python3.9/site-packages/yt_dlp/YoutubeDL.py", line 3602, in download
    self.__download_wrapper(self.extract_info)(
  File "/opt/hostedtoolcache/Python/3.9.19/x64/lib/python3.9/site-packages/yt_dlp/YoutubeDL.py", line 3577, in wrapper
    res = func(*args, **kwargs)
  File "/opt/hostedtoolcache/Python/3.9.19/x64/lib/python3.9/site-packages/yt_dlp/YoutubeDL.py", line 1611, in extract_info
    return self.__extract_info(url, self.get_info_extractor(key), download, extra_info, process)
  File "/opt/hostedtoolcache/Python/3.9.19/x64/lib/python3.9/site-packages/yt_dlp/YoutubeDL.py", line 1622, in wrapper
    return func(self, *args, **kwargs)
  File "/opt/hostedtoolcache/Python/3.9.19/x64/lib/python3.9/site-packages/yt_dlp/YoutubeDL.py", line 1778, in __extract_info
    return self.process_ie_result(ie_result, download, extra_info)
  File "/opt/hostedtoolcache/Python/3.9.19/x64/lib/python3.9/site-packages/yt_dlp/YoutubeDL.py", line 1837, in process_ie_result
    ie_result = self.process_video_result(ie_result, download=download)
  File "/opt/hostedtoolcache/Python/3.9.19/x64/lib/python3.9/site-packages/yt_dlp/YoutubeDL.py", line 3011, in process_video_result
    self.process_info(new_info)
  File "/opt/hostedtoolcache/Python/3.9.19/x64/lib/python3.9/site-packages/yt_dlp/YoutubeDL.py", line 179, in wrapper
    return func(self, *args, **kwargs)
  File "/opt/hostedtoolcache/Python/3.9.19/x64/lib/python3.9/site-packages/yt_dlp/YoutubeDL.py", line 3487, in process_info
    self.report_error(f'unable to download video data: {err}')
  File "/opt/hostedtoolcache/Python/3.9.19/x64/lib/python3.9/site-packages/yt_dlp/YoutubeDL.py", line 1088, in report_error
    self.trouble(f'{self._format_err("ERROR:", self.Styles.ERROR)} {message}', *args, **kwargs)
  File "/opt/hostedtoolcache/Python/3.9.19/x64/lib/python3.9/site-packages/yt_dlp/YoutubeDL.py", line 1027, in trouble
    raise DownloadError(message, exc_info)
yt_dlp.utils.DownloadError: ERROR: unable to download video data: HTTP Error 403: Forbidden
ERROR    mypy.lib.youtube.y2_downloader:y2_downloader.py:182 ğŸ”´ è§†é¢‘ã€Šhttps://youtube.com/watch?v=z7bUu-RUcMgã€‹ä¸‹è½½å¼‚å¸¸: ERROR: unable to download video data: HTTP Error 403: Forbidden
Traceback (most recent call last):
  File "/opt/hostedtoolcache/Python/3.9.19/x64/lib/python3.9/site-packages/yt_dlp/YoutubeDL.py", line 3460, in process_info
    partial_success, real_download = self.dl(fname, new_info)
  File "/opt/hostedtoolcache/Python/3.9.19/x64/lib/python3.9/site-packages/yt_dlp/YoutubeDL.py", line 3198, in dl
    return fd.download(name, new_info, subtitle)
  File "/opt/hostedtoolcache/Python/3.9.19/x64/lib/python3.9/site-packages/yt_dlp/downloader/common.py", line 466, in download
    ret = self.real_download(filename, info_dict)
  File "/opt/hostedtoolcache/Python/3.9.19/x64/lib/python3.9/site-packages/yt_dlp/downloader/http.py", line 369, in real_download
    establish_connection()
  File "/opt/hostedtoolcache/Python/3.9.19/x64/lib/python3.9/site-packages/yt_dlp/downloader/http.py", line 120, in establish_connection
    ctx.data = self.ydl.urlopen(request)
  File "/opt/hostedtoolcache/Python/3.9.19/x64/lib/python3.9/site-packages/yt_dlp/YoutubeDL.py", line 4160, in urlopen
    return self._request_director.send(req)
  File "/opt/hostedtoolcache/Python/3.9.19/x64/lib/python3.9/site-packages/yt_dlp/networking/common.py", line 117, in send
    response = handler.send(request)
  File "/opt/hostedtoolcache/Python/3.9.19/x64/lib/python3.9/site-packages/yt_dlp/networking/_helper.py", line 208, in wrapper
    return func(self, *args, **kwargs)
  File "/opt/hostedtoolcache/Python/3.9.19/x64/lib/python3.9/site-packages/yt_dlp/networking/common.py", line 337, in send
    return self._send(request)
  File "/opt/hostedtoolcache/Python/3.9.19/x64/lib/python3.9/site-packages/yt_dlp/networking/_requests.py", line 361, in _send
    raise HTTPError(res, redirect_loop=max_redirects_exceeded)
yt_dlp.networking.exceptions.HTTPError: HTTP Error 403: Forbidden

During handling of the above exception, another exception occurred:

Traceback (most recent call last):
  File "/home/runner/work/github-runner/github-runner/mypy/lib/youtube/y2_downloader.py", line 157, in download_video
    v_title, v_filepath = api.get_video(clean_download=False,
  File "/home/runner/work/github-runner/github-runner/mypy/lib/youtube/video_handler.py", line 299, in get_video
    download_video, zh_srt, en_srt = y2_api.download_media(with_srt)
  File "/home/runner/work/github-runner/github-runner/mypy/lib/youtube/ytdlp_helper.py", line 206, in download_media
    self._download_video()
  File "/home/runner/work/github-runner/github-runner/mypy/lib/youtube/ytdlp_helper.py", line 152, in _download_video
    ydl.download([self._video_url])
  File "/opt/hostedtoolcache/Python/3.9.19/x64/lib/python3.9/site-packages/yt_dlp/YoutubeDL.py", line 3602, in download
    self.__download_wrapper(self.extract_info)(
  File "/opt/hostedtoolcache/Python/3.9.19/x64/lib/python3.9/site-packages/yt_dlp/YoutubeDL.py", line 3577, in wrapper
    res = func(*args, **kwargs)
  File "/opt/hostedtoolcache/Python/3.9.19/x64/lib/python3.9/site-packages/yt_dlp/YoutubeDL.py", line 1611, in extract_info
    return self.__extract_info(url, self.get_info_extractor(key), download, extra_info, process)
  File "/opt/hostedtoolcache/Python/3.9.19/x64/lib/python3.9/site-packages/yt_dlp/YoutubeDL.py", line 1622, in wrapper
    return func(self, *args, **kwargs)
  File "/opt/hostedtoolcache/Python/3.9.19/x64/lib/python3.9/site-packages/yt_dlp/YoutubeDL.py", line 1778, in __extract_info
    return self.process_ie_result(ie_result, download, extra_info)
  File "/opt/hostedtoolcache/Python/3.9.19/x64/lib/python3.9/site-packages/yt_dlp/YoutubeDL.py", line 1837, in process_ie_result
    ie_result = self.process_video_result(ie_result, download=download)
  File "/opt/hostedtoolcache/Python/3.9.19/x64/lib/python3.9/site-packages/yt_dlp/YoutubeDL.py", line 3011, in process_video_result
    self.process_info(new_info)
  File "/opt/hostedtoolcache/Python/3.9.19/x64/lib/python3.9/site-packages/yt_dlp/YoutubeDL.py", line 179, in wrapper
    return func(self, *args, **kwargs)
  File "/opt/hostedtoolcache/Python/3.9.19/x64/lib/python3.9/site-packages/yt_dlp/YoutubeDL.py", line 3487, in process_info
    self.report_error(f'unable to download video data: {err}')
  File "/opt/hostedtoolcache/Python/3.9.19/x64/lib/python3.9/site-packages/yt_dlp/YoutubeDL.py", line 1088, in report_error
    self.trouble(f'{self._format_err("ERROR:", self.Styles.ERROR)} {message}', *args, **kwargs)
  File "/opt/hostedtoolcache/Python/3.9.19/x64/lib/python3.9/site-packages/yt_dlp/YoutubeDL.py", line 1027, in trouble
    raise DownloadError(message, exc_info)
yt_dlp.utils.DownloadError: ERROR: unable to download video data: HTTP Error 403: Forbidden
INFO     mypy.lib.youtube.y2_downloader:y2_downloader.py:150 ğŸŸ¢ å¼€å§‹ä¸‹è½½ã€Šhttps://youtube.com/watch?v=peQ-CsY19Agã€‹
INFO     mypy.lib.youtube.video_handler:video_handler.py:285 ğŸŸ¢ ===== è·å–è§†é¢‘ =====
INFO     mypy.lib.youtube.video_handler:video_handler.py:286 ğŸŸ¢ è¾“å‡ºè·¯å¾„: /home/runner/work/github-runner/github-runner/mypy/tests/lib/youtube/_out/test_y2_downloader/_out/channel_PL-CDIidnoXnBqgBVbf5y9Qm4y4ZKHHYUS
INFO     mypy.lib.youtube.y2_downloader:y2_downloader.py:150 ğŸŸ¢ å¼€å§‹ä¸‹è½½ã€Šhttps://youtube.com/watch?v=z7bUu-RUcMgã€‹
INFO     mypy.lib.youtube.video_handler:video_handler.py:285 ğŸŸ¢ ===== è·å–è§†é¢‘ =====
INFO     mypy.lib.youtube.video_handler:video_handler.py:286 ğŸŸ¢ è¾“å‡ºè·¯å¾„: /home/runner/work/github-runner/github-runner/mypy/tests/lib/youtube/_out/test_y2_downloader/_out/channel_PL-CDIidnoXnBqgBVbf5y9Qm4y4ZKHHYUS
INFO     mypy.lib.youtube.video_handler:video_handler.py:297 ğŸŸ¢ ===== ä¸‹è½½è§†é¢‘èµ„æº =====
INFO     mypy.lib.youtube.ytdlp_helper:ytdlp_helper.py:128 ğŸŸ¢ ----- ä¸‹è½½è§†é¢‘ -----
INFO     mypy.lib.youtube.video_handler:video_handler.py:297 ğŸŸ¢ ===== ä¸‹è½½è§†é¢‘èµ„æº =====
INFO     mypy.lib.youtube.ytdlp_helper:ytdlp_helper.py:128 ğŸŸ¢ ----- ä¸‹è½½è§†é¢‘ -----
INFO     mypy.lib.youtube.y2_subtitle_handler:y2_subtitle_handler.py:34 ğŸŸ¢ ----- ä¸‹è½½å­—å¹• -----
INFO     mypy.lib.youtube.y2_subtitle_handler:y2_subtitle_handler.py:34 ğŸŸ¢ ----- ä¸‹è½½å­—å¹• -----
INFO     mypy.lib.subtitle.subtitle_handler:subtitle_handler.py:46 ğŸŸ¢ ----- æŠŠåŒä¸€æ—¶é—´çš„å­—å¹•åˆå¹¶åˆ°åŒä¸€è¡Œè¾“å‡ºåˆ°: /home/runner/work/github-runner/github-runner/mypy/tests/lib/youtube/_out/test_y2_downloader/_out/channel_PL-CDIidnoXnBqgBVbf5y9Qm4y4ZKHHYUS/z7bUu-RUcMg/z7bUu-RUcMg_zh.srt
INFO     mypy.lib.subtitle.subtitle_handler:subtitle_handler.py:46 ğŸŸ¢ ----- æŠŠåŒä¸€æ—¶é—´çš„å­—å¹•åˆå¹¶åˆ°åŒä¸€è¡Œè¾“å‡ºåˆ°: /home/runner/work/github-runner/github-runner/mypy/tests/lib/youtube/_out/test_y2_downloader/_out/channel_PL-CDIidnoXnBqgBVbf5y9Qm4y4ZKHHYUS/z7bUu-RUcMg/z7bUu-RUcMg_en.srt
INFO     mypy.lib.youtube.y2_subtitle_handler:y2_subtitle_handler.py:34 ğŸŸ¢ ----- ä¸‹è½½å­—å¹• -----
INFO     mypy.lib.youtube.y2_downloader:y2_downloader.py:179 ğŸŠğŸŠğŸŠ è§†é¢‘ã€Šhttps://youtube.com/watch?v=z7bUu-RUcMgã€‹ä¸‹è½½å®Œæˆ
INFO     mypy.lib.youtube.y2_subtitle_handler:y2_subtitle_handler.py:34 ğŸŸ¢ ----- ä¸‹è½½å­—å¹• -----
INFO     mypy.lib.youtube.y2_subtitle_handler:y2_subtitle_handler.py:34 ğŸŸ¢ ----- ä¸‹è½½å­—å¹• -----
INFO     mypy.lib.youtube.y2_subtitle_handler:y2_subtitle_handler.py:34 ğŸŸ¢ ----- ä¸‹è½½å­—å¹• -----
WARNING  mypy.lib.youtube.ytdlp_helper:ytdlp_helper.py:115 ğŸŸ  å­—å¹•ä¸‹è½½å¤±è´¥ï¼Œè¯¥è§†é¢‘å¯èƒ½æ²¡æœ‰å­—å¹•: RetryError[<Future at 0x7fe043889280 state=finished raised NoTranscriptFound>]
INFO     mypy.lib.youtube.y2_downloader:y2_downloader.py:179 ğŸŠğŸŠğŸŠ è§†é¢‘ã€Šhttps://youtube.com/watch?v=peQ-CsY19Agã€‹ä¸‹è½½å®Œæˆ