DEBUG    test_slider_captcha:test_slider_captcha.py:25 ğŸ”µ ----- test_slider_captcha_handler -----
INFO     test_slider_captcha:test_slider_captcha.py:26 ğŸŸ¢ ----- test_slider_captcha_handler -----
DEBUG    test_slider_captcha:base.py:127 ğŸ”µ éªŒè¯ç å·²è§¦å‘
DEBUG    test_slider_captcha:base.py:250 ğŸ”µ ç­‰å¾…æ»‘åŠ¨éªŒè¯ç å±•ç¤ºäº‹ä»¶å°±ç»ªä¿¡å·
INFO     test_slider_captcha:base.py:252 ğŸŸ¢ å¼€å§‹å¤„ç†æ»‘å—éªŒè¯ç ...
DEBUG    mypy.lib.playwright.captcha.puzzle.qcloud:qcloud.py:61 ğŸ”µ æ— éœ€åˆ·æ–°éªŒè¯ç 
DEBUG    test_slider_captcha:base.py:266 ğŸ”µ ç­‰å¾…éªŒè¯ç å›¾ç‰‡ä¸‹è½½å®Œæˆå°±ç»ªä¿¡å·
DEBUG    mypy.lib.playwright.captcha.puzzle.qcloud:qcloud.py:77 ğŸ”µ æ‹¦æˆªåˆ°éªŒè¯ç è¯·æ±‚ï¼Œå¼€å§‹ä¸‹è½½éªŒè¯ç 
DEBUG    mypy.lib.playwright.captcha.puzzle.qcloud:qcloud.py:77 ğŸ”µ æ‹¦æˆªåˆ°éªŒè¯ç è¯·æ±‚ï¼Œå¼€å§‹ä¸‹è½½éªŒè¯ç 
INFO     mypy.lib.playwright.captcha.puzzle.qcloud:qcloud.py:90 ğŸŸ¢ éªŒè¯ç å›¾ç‰‡ä¿å­˜æˆåŠŸ
DEBUG    test_slider_captcha:base.py:269 ğŸ”µ å›¾ç‰‡å‘ˆç°ä¸å®é™…æ¯”ä¾‹ä¸º: 0.5191176470588236
DEBUG    test_slider_captcha:base.py:270 ğŸ”µ æ»‘å—æ‹–åŠ¨é€»è¾‘å¼€å§‹ï¼Œå½“å‰å°è¯•è½®æ•°: 1/20 æ¬¡
WARNING  test_slider_captcha:base.py:193 ğŸŸ  æ²¡æ‰¾åˆ°æ»‘å—åæ ‡
ERROR    test_slider_captcha:base.py:275 ğŸ”´ æ»‘å—æ‹–åŠ¨å¤±è´¥ï¼Œåˆ·æ–°éªŒè¯ç é‡è¯•
Traceback (most recent call last):
  File "/home/runner/work/github-runner/github-runner/mypy/lib/playwright/captcha/puzzle/base.py", line 273, in handle
    await self._drag_to_breach()
  File "/home/runner/work/github-runner/github-runner/mypy/lib/playwright/captcha/puzzle/base.py", line 194, in _drag_to_breach
    raise Exception('æ²¡æ‰¾åˆ°æ»‘å—åæ ‡')
Exception: æ²¡æ‰¾åˆ°æ»‘å—åæ ‡
DEBUG    mypy.lib.playwright.captcha.puzzle.qcloud:qcloud.py:61 ğŸ”µ æ— éœ€åˆ·æ–°éªŒè¯ç 
DEBUG    test_slider_captcha:base.py:266 ğŸ”µ ç­‰å¾…éªŒè¯ç å›¾ç‰‡ä¸‹è½½å®Œæˆå°±ç»ªä¿¡å·
DEBUG    test_slider_captcha:base.py:269 ğŸ”µ å›¾ç‰‡å‘ˆç°ä¸å®é™…æ¯”ä¾‹ä¸º: 0.5191176470588236
DEBUG    test_slider_captcha:base.py:270 ğŸ”µ æ»‘å—æ‹–åŠ¨é€»è¾‘å¼€å§‹ï¼Œå½“å‰å°è¯•è½®æ•°: 2/20 æ¬¡
WARNING  test_slider_captcha:base.py:193 ğŸŸ  æ²¡æ‰¾åˆ°æ»‘å—åæ ‡
ERROR    test_slider_captcha:base.py:275 ğŸ”´ æ»‘å—æ‹–åŠ¨å¤±è´¥ï¼Œåˆ·æ–°éªŒè¯ç é‡è¯•
Traceback (most recent call last):
  File "/home/runner/work/github-runner/github-runner/mypy/lib/playwright/captcha/puzzle/base.py", line 273, in handle
    await self._drag_to_breach()
  File "/home/runner/work/github-runner/github-runner/mypy/lib/playwright/captcha/puzzle/base.py", line 194, in _drag_to_breach
    raise Exception('æ²¡æ‰¾åˆ°æ»‘å—åæ ‡')
Exception: æ²¡æ‰¾åˆ°æ»‘å—åæ ‡
DEBUG    mypy.lib.playwright.captcha.puzzle.qcloud:qcloud.py:61 ğŸ”µ æ— éœ€åˆ·æ–°éªŒè¯ç 
DEBUG    test_slider_captcha:base.py:266 ğŸ”µ ç­‰å¾…éªŒè¯ç å›¾ç‰‡ä¸‹è½½å®Œæˆå°±ç»ªä¿¡å·
DEBUG    test_slider_captcha:base.py:269 ğŸ”µ å›¾ç‰‡å‘ˆç°ä¸å®é™…æ¯”ä¾‹ä¸º: 0.5191176470588236
DEBUG    test_slider_captcha:base.py:270 ğŸ”µ æ»‘å—æ‹–åŠ¨é€»è¾‘å¼€å§‹ï¼Œå½“å‰å°è¯•è½®æ•°: 3/20 æ¬¡
WARNING  test_slider_captcha:base.py:193 ğŸŸ  æ²¡æ‰¾åˆ°æ»‘å—åæ ‡
ERROR    test_slider_captcha:base.py:275 ğŸ”´ æ»‘å—æ‹–åŠ¨å¤±è´¥ï¼Œåˆ·æ–°éªŒè¯ç é‡è¯•
Traceback (most recent call last):
  File "/home/runner/work/github-runner/github-runner/mypy/lib/playwright/captcha/puzzle/base.py", line 273, in handle
    await self._drag_to_breach()
  File "/home/runner/work/github-runner/github-runner/mypy/lib/playwright/captcha/puzzle/base.py", line 194, in _drag_to_breach
    raise Exception('æ²¡æ‰¾åˆ°æ»‘å—åæ ‡')
Exception: æ²¡æ‰¾åˆ°æ»‘å—åæ ‡
DEBUG    mypy.lib.playwright.captcha.puzzle.qcloud:qcloud.py:61 ğŸ”µ æ— éœ€åˆ·æ–°éªŒè¯ç 
DEBUG    test_slider_captcha:base.py:266 ğŸ”µ ç­‰å¾…éªŒè¯ç å›¾ç‰‡ä¸‹è½½å®Œæˆå°±ç»ªä¿¡å·
DEBUG    test_slider_captcha:base.py:269 ğŸ”µ å›¾ç‰‡å‘ˆç°ä¸å®é™…æ¯”ä¾‹ä¸º: 0.5191176470588236
DEBUG    test_slider_captcha:base.py:270 ğŸ”µ æ»‘å—æ‹–åŠ¨é€»è¾‘å¼€å§‹ï¼Œå½“å‰å°è¯•è½®æ•°: 4/20 æ¬¡
WARNING  test_slider_captcha:base.py:193 ğŸŸ  æ²¡æ‰¾åˆ°æ»‘å—åæ ‡
ERROR    test_slider_captcha:base.py:275 ğŸ”´ æ»‘å—æ‹–åŠ¨å¤±è´¥ï¼Œåˆ·æ–°éªŒè¯ç é‡è¯•
Traceback (most recent call last):
  File "/home/runner/work/github-runner/github-runner/mypy/lib/playwright/captcha/puzzle/base.py", line 273, in handle
    await self._drag_to_breach()
  File "/home/runner/work/github-runner/github-runner/mypy/lib/playwright/captcha/puzzle/base.py", line 194, in _drag_to_breach
    raise Exception('æ²¡æ‰¾åˆ°æ»‘å—åæ ‡')
Exception: æ²¡æ‰¾åˆ°æ»‘å—åæ ‡
DEBUG    mypy.lib.playwright.captcha.puzzle.qcloud:qcloud.py:61 ğŸ”µ æ— éœ€åˆ·æ–°éªŒè¯ç 
DEBUG    test_slider_captcha:base.py:266 ğŸ”µ ç­‰å¾…éªŒè¯ç å›¾ç‰‡ä¸‹è½½å®Œæˆå°±ç»ªä¿¡å·
DEBUG    test_slider_captcha:base.py:269 ğŸ”µ å›¾ç‰‡å‘ˆç°ä¸å®é™…æ¯”ä¾‹ä¸º: 0.5191176470588236
DEBUG    test_slider_captcha:base.py:270 ğŸ”µ æ»‘å—æ‹–åŠ¨é€»è¾‘å¼€å§‹ï¼Œå½“å‰å°è¯•è½®æ•°: 5/20 æ¬¡
WARNING  test_slider_captcha:base.py:193 ğŸŸ  æ²¡æ‰¾åˆ°æ»‘å—åæ ‡
ERROR    test_slider_captcha:base.py:275 ğŸ”´ æ»‘å—æ‹–åŠ¨å¤±è´¥ï¼Œåˆ·æ–°éªŒè¯ç é‡è¯•
Traceback (most recent call last):
  File "/home/runner/work/github-runner/github-runner/mypy/lib/playwright/captcha/puzzle/base.py", line 273, in handle
    await self._drag_to_breach()
  File "/home/runner/work/github-runner/github-runner/mypy/lib/playwright/captcha/puzzle/base.py", line 194, in _drag_to_breach
    raise Exception('æ²¡æ‰¾åˆ°æ»‘å—åæ ‡')
Exception: æ²¡æ‰¾åˆ°æ»‘å—åæ ‡
DEBUG    mypy.lib.playwright.captcha.puzzle.qcloud:qcloud.py:61 ğŸ”µ æ— éœ€åˆ·æ–°éªŒè¯ç 
DEBUG    test_slider_captcha:base.py:266 ğŸ”µ ç­‰å¾…éªŒè¯ç å›¾ç‰‡ä¸‹è½½å®Œæˆå°±ç»ªä¿¡å·
DEBUG    test_slider_captcha:base.py:269 ğŸ”µ å›¾ç‰‡å‘ˆç°ä¸å®é™…æ¯”ä¾‹ä¸º: 0.5191176470588236
DEBUG    test_slider_captcha:base.py:270 ğŸ”µ æ»‘å—æ‹–åŠ¨é€»è¾‘å¼€å§‹ï¼Œå½“å‰å°è¯•è½®æ•°: 6/20 æ¬¡
WARNING  test_slider_captcha:base.py:193 ğŸŸ  æ²¡æ‰¾åˆ°æ»‘å—åæ ‡
ERROR    test_slider_captcha:base.py:275 ğŸ”´ æ»‘å—æ‹–åŠ¨å¤±è´¥ï¼Œåˆ·æ–°éªŒè¯ç é‡è¯•
Traceback (most recent call last):
  File "/home/runner/work/github-runner/github-runner/mypy/lib/playwright/captcha/puzzle/base.py", line 273, in handle
    await self._drag_to_breach()
  File "/home/runner/work/github-runner/github-runner/mypy/lib/playwright/captcha/puzzle/base.py", line 194, in _drag_to_breach
    raise Exception('æ²¡æ‰¾åˆ°æ»‘å—åæ ‡')
Exception: æ²¡æ‰¾åˆ°æ»‘å—åæ ‡
DEBUG    mypy.lib.playwright.captcha.puzzle.qcloud:qcloud.py:61 ğŸ”µ æ— éœ€åˆ·æ–°éªŒè¯ç 
DEBUG    test_slider_captcha:base.py:266 ğŸ”µ ç­‰å¾…éªŒè¯ç å›¾ç‰‡ä¸‹è½½å®Œæˆå°±ç»ªä¿¡å·
DEBUG    test_slider_captcha:base.py:269 ğŸ”µ å›¾ç‰‡å‘ˆç°ä¸å®é™…æ¯”ä¾‹ä¸º: 0.5191176470588236
DEBUG    test_slider_captcha:base.py:270 ğŸ”µ æ»‘å—æ‹–åŠ¨é€»è¾‘å¼€å§‹ï¼Œå½“å‰å°è¯•è½®æ•°: 7/20 æ¬¡
WARNING  test_slider_captcha:base.py:193 ğŸŸ  æ²¡æ‰¾åˆ°æ»‘å—åæ ‡
ERROR    test_slider_captcha:base.py:275 ğŸ”´ æ»‘å—æ‹–åŠ¨å¤±è´¥ï¼Œåˆ·æ–°éªŒè¯ç é‡è¯•
Traceback (most recent call last):
  File "/home/runner/work/github-runner/github-runner/mypy/lib/playwright/captcha/puzzle/base.py", line 273, in handle
    await self._drag_to_breach()
  File "/home/runner/work/github-runner/github-runner/mypy/lib/playwright/captcha/puzzle/base.py", line 194, in _drag_to_breach
    raise Exception('æ²¡æ‰¾åˆ°æ»‘å—åæ ‡')
Exception: æ²¡æ‰¾åˆ°æ»‘å—åæ ‡
DEBUG    mypy.lib.playwright.captcha.puzzle.qcloud:qcloud.py:61 ğŸ”µ æ— éœ€åˆ·æ–°éªŒè¯ç 
DEBUG    test_slider_captcha:base.py:266 ğŸ”µ ç­‰å¾…éªŒè¯ç å›¾ç‰‡ä¸‹è½½å®Œæˆå°±ç»ªä¿¡å·
DEBUG    test_slider_captcha:base.py:269 ğŸ”µ å›¾ç‰‡å‘ˆç°ä¸å®é™…æ¯”ä¾‹ä¸º: 0.5191176470588236
DEBUG    test_slider_captcha:base.py:270 ğŸ”µ æ»‘å—æ‹–åŠ¨é€»è¾‘å¼€å§‹ï¼Œå½“å‰å°è¯•è½®æ•°: 8/20 æ¬¡
WARNING  test_slider_captcha:base.py:193 ğŸŸ  æ²¡æ‰¾åˆ°æ»‘å—åæ ‡
ERROR    test_slider_captcha:base.py:275 ğŸ”´ æ»‘å—æ‹–åŠ¨å¤±è´¥ï¼Œåˆ·æ–°éªŒè¯ç é‡è¯•
Traceback (most recent call last):
  File "/home/runner/work/github-runner/github-runner/mypy/lib/playwright/captcha/puzzle/base.py", line 273, in handle
    await self._drag_to_breach()
  File "/home/runner/work/github-runner/github-runner/mypy/lib/playwright/captcha/puzzle/base.py", line 194, in _drag_to_breach
    raise Exception('æ²¡æ‰¾åˆ°æ»‘å—åæ ‡')
Exception: æ²¡æ‰¾åˆ°æ»‘å—åæ ‡
DEBUG    mypy.lib.playwright.captcha.puzzle.qcloud:qcloud.py:61 ğŸ”µ æ— éœ€åˆ·æ–°éªŒè¯ç 
DEBUG    test_slider_captcha:base.py:266 ğŸ”µ ç­‰å¾…éªŒè¯ç å›¾ç‰‡ä¸‹è½½å®Œæˆå°±ç»ªä¿¡å·
DEBUG    test_slider_captcha:base.py:269 ğŸ”µ å›¾ç‰‡å‘ˆç°ä¸å®é™…æ¯”ä¾‹ä¸º: 0.5191176470588236
DEBUG    test_slider_captcha:base.py:270 ğŸ”µ æ»‘å—æ‹–åŠ¨é€»è¾‘å¼€å§‹ï¼Œå½“å‰å°è¯•è½®æ•°: 9/20 æ¬¡
WARNING  test_slider_captcha:base.py:193 ğŸŸ  æ²¡æ‰¾åˆ°æ»‘å—åæ ‡
ERROR    test_slider_captcha:base.py:275 ğŸ”´ æ»‘å—æ‹–åŠ¨å¤±è´¥ï¼Œåˆ·æ–°éªŒè¯ç é‡è¯•
Traceback (most recent call last):
  File "/home/runner/work/github-runner/github-runner/mypy/lib/playwright/captcha/puzzle/base.py", line 273, in handle
    await self._drag_to_breach()
  File "/home/runner/work/github-runner/github-runner/mypy/lib/playwright/captcha/puzzle/base.py", line 194, in _drag_to_breach
    raise Exception('æ²¡æ‰¾åˆ°æ»‘å—åæ ‡')
Exception: æ²¡æ‰¾åˆ°æ»‘å—åæ ‡
DEBUG    mypy.lib.playwright.captcha.puzzle.qcloud:qcloud.py:61 ğŸ”µ æ— éœ€åˆ·æ–°éªŒè¯ç 
DEBUG    test_slider_captcha:base.py:266 ğŸ”µ ç­‰å¾…éªŒè¯ç å›¾ç‰‡ä¸‹è½½å®Œæˆå°±ç»ªä¿¡å·
DEBUG    test_slider_captcha:base.py:269 ğŸ”µ å›¾ç‰‡å‘ˆç°ä¸å®é™…æ¯”ä¾‹ä¸º: 0.5191176470588236
DEBUG    test_slider_captcha:base.py:270 ğŸ”µ æ»‘å—æ‹–åŠ¨é€»è¾‘å¼€å§‹ï¼Œå½“å‰å°è¯•è½®æ•°: 10/20 æ¬¡
WARNING  test_slider_captcha:base.py:193 ğŸŸ  æ²¡æ‰¾åˆ°æ»‘å—åæ ‡
ERROR    test_slider_captcha:base.py:275 ğŸ”´ æ»‘å—æ‹–åŠ¨å¤±è´¥ï¼Œåˆ·æ–°éªŒè¯ç é‡è¯•
Traceback (most recent call last):
  File "/home/runner/work/github-runner/github-runner/mypy/lib/playwright/captcha/puzzle/base.py", line 273, in handle
    await self._drag_to_breach()
  File "/home/runner/work/github-runner/github-runner/mypy/lib/playwright/captcha/puzzle/base.py", line 194, in _drag_to_breach
    raise Exception('æ²¡æ‰¾åˆ°æ»‘å—åæ ‡')
Exception: æ²¡æ‰¾åˆ°æ»‘å—åæ ‡
DEBUG    mypy.lib.playwright.captcha.puzzle.qcloud:qcloud.py:61 ğŸ”µ æ— éœ€åˆ·æ–°éªŒè¯ç 
DEBUG    test_slider_captcha:base.py:266 ğŸ”µ ç­‰å¾…éªŒè¯ç å›¾ç‰‡ä¸‹è½½å®Œæˆå°±ç»ªä¿¡å·
DEBUG    test_slider_captcha:base.py:269 ğŸ”µ å›¾ç‰‡å‘ˆç°ä¸å®é™…æ¯”ä¾‹ä¸º: 0.5191176470588236
DEBUG    test_slider_captcha:base.py:270 ğŸ”µ æ»‘å—æ‹–åŠ¨é€»è¾‘å¼€å§‹ï¼Œå½“å‰å°è¯•è½®æ•°: 11/20 æ¬¡
WARNING  test_slider_captcha:base.py:193 ğŸŸ  æ²¡æ‰¾åˆ°æ»‘å—åæ ‡
ERROR    test_slider_captcha:base.py:275 ğŸ”´ æ»‘å—æ‹–åŠ¨å¤±è´¥ï¼Œåˆ·æ–°éªŒè¯ç é‡è¯•
Traceback (most recent call last):
  File "/home/runner/work/github-runner/github-runner/mypy/lib/playwright/captcha/puzzle/base.py", line 273, in handle
    await self._drag_to_breach()
  File "/home/runner/work/github-runner/github-runner/mypy/lib/playwright/captcha/puzzle/base.py", line 194, in _drag_to_breach
    raise Exception('æ²¡æ‰¾åˆ°æ»‘å—åæ ‡')
Exception: æ²¡æ‰¾åˆ°æ»‘å—åæ ‡
DEBUG    mypy.lib.playwright.captcha.puzzle.qcloud:qcloud.py:61 ğŸ”µ æ— éœ€åˆ·æ–°éªŒè¯ç 
DEBUG    test_slider_captcha:base.py:266 ğŸ”µ ç­‰å¾…éªŒè¯ç å›¾ç‰‡ä¸‹è½½å®Œæˆå°±ç»ªä¿¡å·
DEBUG    test_slider_captcha:base.py:269 ğŸ”µ å›¾ç‰‡å‘ˆç°ä¸å®é™…æ¯”ä¾‹ä¸º: 0.5191176470588236
DEBUG    test_slider_captcha:base.py:270 ğŸ”µ æ»‘å—æ‹–åŠ¨é€»è¾‘å¼€å§‹ï¼Œå½“å‰å°è¯•è½®æ•°: 12/20 æ¬¡
WARNING  test_slider_captcha:base.py:193 ğŸŸ  æ²¡æ‰¾åˆ°æ»‘å—åæ ‡
ERROR    test_slider_captcha:base.py:275 ğŸ”´ æ»‘å—æ‹–åŠ¨å¤±è´¥ï¼Œåˆ·æ–°éªŒè¯ç é‡è¯•
Traceback (most recent call last):
  File "/home/runner/work/github-runner/github-runner/mypy/lib/playwright/captcha/puzzle/base.py", line 273, in handle
    await self._drag_to_breach()
  File "/home/runner/work/github-runner/github-runner/mypy/lib/playwright/captcha/puzzle/base.py", line 194, in _drag_to_breach
    raise Exception('æ²¡æ‰¾åˆ°æ»‘å—åæ ‡')
Exception: æ²¡æ‰¾åˆ°æ»‘å—åæ ‡
DEBUG    mypy.lib.playwright.captcha.puzzle.qcloud:qcloud.py:61 ğŸ”µ æ— éœ€åˆ·æ–°éªŒè¯ç 
DEBUG    test_slider_captcha:base.py:266 ğŸ”µ ç­‰å¾…éªŒè¯ç å›¾ç‰‡ä¸‹è½½å®Œæˆå°±ç»ªä¿¡å·
DEBUG    test_slider_captcha:base.py:269 ğŸ”µ å›¾ç‰‡å‘ˆç°ä¸å®é™…æ¯”ä¾‹ä¸º: 0.5191176470588236
DEBUG    test_slider_captcha:base.py:270 ğŸ”µ æ»‘å—æ‹–åŠ¨é€»è¾‘å¼€å§‹ï¼Œå½“å‰å°è¯•è½®æ•°: 13/20 æ¬¡
DEBUG    test_slider_captcha:base.py:197 ğŸ”µ ç‚¹å‡»æ‹–åŠ¨ç¼ºå£æ»‘å—
DEBUG    test_slider_captcha:captcha_img_handler.py:126 ğŸ”µ è®¡ç®—éªŒè¯ç ç¼ºå£è·ç¦»
DEBUG    test_slider_captcha:captcha_img_handler.py:90 ğŸ”µ å¼€å§‹è·å–éªŒè¯ç ç¼ºå£åæ ‡
DEBUG    test_slider_captcha:captcha_img_handler.py:30 ğŸ”µ å¼€å§‹å¯¹éªŒè¯ç èƒŒæ™¯å›¾ç‰‡è¿›è¡Œé¢„å¤„ç†
DEBUG    test_slider_captcha:captcha_img_handler.py:152 ğŸ”µ è·å–åˆ°ç¼ºå£è·ç¦»: 494
DEBUG    test_slider_captcha:base.py:266 ğŸ”µ ç­‰å¾…éªŒè¯ç å›¾ç‰‡ä¸‹è½½å®Œæˆå°±ç»ªä¿¡å·
DEBUG    test_slider_captcha:base.py:269 ğŸ”µ å›¾ç‰‡å‘ˆç°ä¸å®é™…æ¯”ä¾‹ä¸º: 0.5191176470588236
DEBUG    test_slider_captcha:base.py:270 ğŸ”µ æ»‘å—æ‹–åŠ¨é€»è¾‘å¼€å§‹ï¼Œå½“å‰å°è¯•è½®æ•°: 14/20 æ¬¡
DEBUG    test_slider_captcha:base.py:197 ğŸ”µ ç‚¹å‡»æ‹–åŠ¨ç¼ºå£æ»‘å—
DEBUG    test_slider_captcha:captcha_img_handler.py:126 ğŸ”µ è®¡ç®—éªŒè¯ç ç¼ºå£è·ç¦»
DEBUG    test_slider_captcha:captcha_img_handler.py:90 ğŸ”µ å¼€å§‹è·å–éªŒè¯ç ç¼ºå£åæ ‡
DEBUG    test_slider_captcha:captcha_img_handler.py:30 ğŸ”µ å¼€å§‹å¯¹éªŒè¯ç èƒŒæ™¯å›¾ç‰‡è¿›è¡Œé¢„å¤„ç†
DEBUG    test_slider_captcha:captcha_img_handler.py:152 ğŸ”µ è·å–åˆ°ç¼ºå£è·ç¦»: 494
DEBUG    test_slider_captcha:base.py:266 ğŸ”µ ç­‰å¾…éªŒè¯ç å›¾ç‰‡ä¸‹è½½å®Œæˆå°±ç»ªä¿¡å·
DEBUG    test_slider_captcha:base.py:269 ğŸ”µ å›¾ç‰‡å‘ˆç°ä¸å®é™…æ¯”ä¾‹ä¸º: 0.5191176470588236
DEBUG    test_slider_captcha:base.py:270 ğŸ”µ æ»‘å—æ‹–åŠ¨é€»è¾‘å¼€å§‹ï¼Œå½“å‰å°è¯•è½®æ•°: 15/20 æ¬¡
DEBUG    test_slider_captcha:base.py:144 ğŸ”µ åˆ¤æ–­éªŒè¯ç éªŒè¯ç»“æœ
DEBUG    test_slider_captcha:base.py:197 ğŸ”µ ç‚¹å‡»æ‹–åŠ¨ç¼ºå£æ»‘å—
DEBUG    test_slider_captcha:captcha_img_handler.py:126 ğŸ”µ è®¡ç®—éªŒè¯ç ç¼ºå£è·ç¦»
DEBUG    test_slider_captcha:captcha_img_handler.py:90 ğŸ”µ å¼€å§‹è·å–éªŒè¯ç ç¼ºå£åæ ‡
DEBUG    test_slider_captcha:captcha_img_handler.py:30 ğŸ”µ å¼€å§‹å¯¹éªŒè¯ç èƒŒæ™¯å›¾ç‰‡è¿›è¡Œé¢„å¤„ç†
DEBUG    test_slider_captcha:captcha_img_handler.py:152 ğŸ”µ è·å–åˆ°ç¼ºå£è·ç¦»: 494
DEBUG    test_slider_captcha:base.py:149 ğŸ”µ éªŒè¯è¯·æ±‚çš„å“åº”: {'errorCode': '50', 'randstr': '', 'ticket': '', 'traceId': '', 'errMessage': '', 'sess': 's08KoNJvZLwh1mdi-WHslAg79SBP8oES-XT8jfJvHxSli2bYRyhFoNwfltLbUttXtFX1A8CvkLK7FnyrIzmKLZjJ8d8Xt6aNYBVe2FXgPpYUEEqALv0JdKTb-jFWJvRtRA6qBqGPWoEY1LXO83PY3ARRPcbJ85Mlhh60sOUPjKgC1kd4LgVsIAIcNd0ytv7wpBU8L0tXsXDiA8F3AbpKmDubBJb7M2_XhOpHpsL-fwsV8AANm1d8yhkxrzsuiWTPHaVJsconnOpcBI4Uo7VwjarD6fc0VerIND4ucMaMmHyVoHGuSj3edV6GZSk4FqLl8NwS96_6ud9kU*'}
WARNING  test_slider_captcha:base.py:154 ğŸŸ  éªŒè¯å¤±è´¥ï¼Œåˆ·æ–°éªŒè¯ç é‡æ–°éªŒè¯
DEBUG    mypy.lib.playwright.captcha.puzzle.qcloud:qcloud.py:61 ğŸ”µ æ— éœ€åˆ·æ–°éªŒè¯ç 
DEBUG    test_slider_captcha:base.py:266 ğŸ”µ ç­‰å¾…éªŒè¯ç å›¾ç‰‡ä¸‹è½½å®Œæˆå°±ç»ªä¿¡å·
DEBUG    test_slider_captcha:base.py:269 ğŸ”µ å›¾ç‰‡å‘ˆç°ä¸å®é™…æ¯”ä¾‹ä¸º: 0.5191176470588236
DEBUG    test_slider_captcha:base.py:270 ğŸ”µ æ»‘å—æ‹–åŠ¨é€»è¾‘å¼€å§‹ï¼Œå½“å‰å°è¯•è½®æ•°: 16/20 æ¬¡
DEBUG    test_slider_captcha:base.py:197 ğŸ”µ ç‚¹å‡»æ‹–åŠ¨ç¼ºå£æ»‘å—
DEBUG    test_slider_captcha:captcha_img_handler.py:126 ğŸ”µ è®¡ç®—éªŒè¯ç ç¼ºå£è·ç¦»
DEBUG    test_slider_captcha:captcha_img_handler.py:90 ğŸ”µ å¼€å§‹è·å–éªŒè¯ç ç¼ºå£åæ ‡
DEBUG    test_slider_captcha:captcha_img_handler.py:30 ğŸ”µ å¼€å§‹å¯¹éªŒè¯ç èƒŒæ™¯å›¾ç‰‡è¿›è¡Œé¢„å¤„ç†
DEBUG    test_slider_captcha:captcha_img_handler.py:152 ğŸ”µ è·å–åˆ°ç¼ºå£è·ç¦»: 494
DEBUG    test_slider_captcha:base.py:266 ğŸ”µ ç­‰å¾…éªŒè¯ç å›¾ç‰‡ä¸‹è½½å®Œæˆå°±ç»ªä¿¡å·
DEBUG    test_slider_captcha:base.py:269 ğŸ”µ å›¾ç‰‡å‘ˆç°ä¸å®é™…æ¯”ä¾‹ä¸º: 0.5191176470588236
DEBUG    test_slider_captcha:base.py:270 ğŸ”µ æ»‘å—æ‹–åŠ¨é€»è¾‘å¼€å§‹ï¼Œå½“å‰å°è¯•è½®æ•°: 17/20 æ¬¡
DEBUG    test_slider_captcha:base.py:144 ğŸ”µ åˆ¤æ–­éªŒè¯ç éªŒè¯ç»“æœ
DEBUG    test_slider_captcha:base.py:197 ğŸ”µ ç‚¹å‡»æ‹–åŠ¨ç¼ºå£æ»‘å—
DEBUG    test_slider_captcha:captcha_img_handler.py:126 ğŸ”µ è®¡ç®—éªŒè¯ç ç¼ºå£è·ç¦»
DEBUG    test_slider_captcha:captcha_img_handler.py:90 ğŸ”µ å¼€å§‹è·å–éªŒè¯ç ç¼ºå£åæ ‡
DEBUG    test_slider_captcha:captcha_img_handler.py:30 ğŸ”µ å¼€å§‹å¯¹éªŒè¯ç èƒŒæ™¯å›¾ç‰‡è¿›è¡Œé¢„å¤„ç†
DEBUG    test_slider_captcha:captcha_img_handler.py:152 ğŸ”µ è·å–åˆ°ç¼ºå£è·ç¦»: 494
DEBUG    test_slider_captcha:base.py:149 ğŸ”µ éªŒè¯è¯·æ±‚çš„å“åº”: {'errorCode': '0', 'randstr': '@Bi3', 'ticket': 'tr03WHyEXnr69_0qbPo1VhEHAGC6RDA_C7ZVbLsn5f4L2F2Z0tKCybr9_L3hssVxy5rbwVOz36hwwb00x3Ip8tr55mjJF03ImmVBbsOzOIoduVaxt_Cc3YHDARWNCzjbNEp1', 'traceId': '', 'errMessage': '', 'sess': ''}
INFO     test_slider_captcha:base.py:151 ğŸŸ¢ ---------- éªŒè¯ç éªŒè¯é€šè¿‡ ----------
INFO     test_slider_captcha:base.py:232 ğŸŸ¢ æ¸…ç†æ‰æ‰€æœ‰çš„ç­‰å¾…äº‹ä»¶
DEBUG    test_slider_captcha:base.py:88 ğŸ”µ å–æ¶ˆ is_captcha_showed ç­‰å¾…äº‹ä»¶
DEBUG    test_slider_captcha:base.py:88 ğŸ”µ å–æ¶ˆ is_captcha_downloaded ç­‰å¾…äº‹ä»¶
DEBUG    test_slider_captcha:base.py:240 ğŸ”µ åˆ é™¤éªŒè¯ç å›¾ç‰‡æ–‡ä»¶å¤¹: /home/runner/work/github-runner/github-runner/_out/captcha_save_dir
DEBUG    test_slider_captcha:base.py:264 ğŸ”µ éªŒè¯ç å·²ç»éªŒè¯é€šè¿‡ï¼Œé€€å‡ºå¾ªç¯