INFO     mypy.lib.playwright.publish_config:publish_config.py:119 üü¢ -----> ÈÖçÁΩÆÂ¶Ç‰∏ã <-----
INFO     mypy.lib.xiaohongshu.publish_app:publish_app.py:130 üü¢ Ê≠£Âú®‰ΩøÁî® [cookie_17688150852.json] ÂèëÂ∏É‰ΩúÂìÅÔºåÂΩìÂâçË¥¶Âè∑ÊéíÂ∫è: [1]
INFO     mypy.lib.xiaohongshu.publish_helper:publish_helper.py:113 üü¢ ============================================================
INFO     mypy.lib.xiaohongshu.publish_helper:publish_helper.py:114 üü¢ [XiaohongshuPublishHelper] ÂºÄÂßãÊâßË°åÂèëÂ∏É‰ªªÂä°
INFO     mypy.lib.xiaohongshu.publish_helper:publish_helper.py:115 üü¢ ============================================================
ERROR    mypy.lib.xiaohongshu.publish_helper:publish_helper.py:80 üî¥ Ë¥¶Âè∑ÁôªÂΩïÁä∂ÊÄÅÂ∑≤Â§±ÊïàÔºåÊ≠£Âú®Ë∑≥Âá∫: Page.wait_for_selector: Timeout 180000ms exceeded.
Call log:
waiting for locator("body") to be visible
  -   locator resolved to hidden <body>‚Ä¶</body>
  -   locator resolved to hidden <body>‚Ä¶</body>
  -   locator resolved to hidden <body>‚Ä¶</body>
  -   locator resolved to hidden <body>‚Ä¶</body>
  -   locator resolved to hidden <body>‚Ä¶</body>
  -   locator resolved to hidden <body>‚Ä¶</body>
  -   locator resolved to hidden <body>‚Ä¶</body>
  -   locator resolved to hidden <body>‚Ä¶</body>
  -   locator resolved to hidden <body>‚Ä¶</body>
  -   locator resolved to hidden <body>‚Ä¶</body>
  -   locator resolved to hidden <body>‚Ä¶</body>
  -   locator resolved to hidden <body>‚Ä¶</body>
  -   locator resolved to hidden <body>‚Ä¶</body>
  -   locator resolved to hidden <body>‚Ä¶</body>
  -   locator resolved to hidden <body>‚Ä¶</body>
  -   locator resolved to hidden <body>‚Ä¶</body>
  -   locator resolved to hidden <body>‚Ä¶</body>
  -   locator resolved to hidden <body>‚Ä¶</body>
  -   locator resolved to hidden <body>‚Ä¶</body>
  -   locator resolved to hidden <body>‚Ä¶</body>
  -   locator resolved to hidden <body>‚Ä¶</body>
  -   locator resolved to hidden <body>‚Ä¶</body>
  -   locator resolved to hidden <body>‚Ä¶</body>
  -   locator resolved to hidden <body>‚Ä¶</body>
  -   locator resolved to hidden <body>‚Ä¶</body>
  -   locator resolved to hidden <body>‚Ä¶</body>
  -   locator resolved to hidden <body>‚Ä¶</body>
  -   locator resolved to hidden <body>‚Ä¶</body>
  -   locator resolved to hidden <body>‚Ä¶</body>
  -   locator resolved to hidden <body>‚Ä¶</body>
  -   locator resolved to hidden <body>‚Ä¶</body>
  -   locator resolved to hidden <body>‚Ä¶</body>
  -   locator resolved to hidden <body>‚Ä¶</body>
  -   locator resolved to hidden <body>‚Ä¶</body>
  -   locator resolved to hidden <body>‚Ä¶</body>
  -   locator resolved to hidden <body>‚Ä¶</body>
  -   locator resolved to hidden <body>‚Ä¶</body>
  -   locator resolved to hidden <body>‚Ä¶</body>
  -   locator resolved to hidden <body>‚Ä¶</body>
  -   locator resolved to hidden <body>‚Ä¶</body>
  -   locator resolved to hidden <body>‚Ä¶</body>
  -   locator resolved to hidden <body>‚Ä¶</body>
  -   locator resolved to hidden <body>‚Ä¶</body>
  -   locator resolved to hidden <body>‚Ä¶</body>
  -   locator resolved to hidden <body>‚Ä¶</body>
  -   locator resolved to hidden <body>‚Ä¶</body>
  -   locator resolved to hidden <body>‚Ä¶</body>
  -   locator resolved to hidden <body>‚Ä¶</body>
  -   locator resolved to hidden <body>‚Ä¶</body>
  -   locator resolved to hidden <body>‚Ä¶</body>
  -   locator resolved to hidden <body>‚Ä¶</body>
  -   locator resolved to hidden <body>‚Ä¶</body>
  -   locator resolved to hidden <body>‚Ä¶</body>
  -   locator resolved to hidden <body>‚Ä¶</body>
  -   locator resolved to hidden <body>‚Ä¶</body>
  -   locator resolved to hidden <body>‚Ä¶</body>
  -   locator resolved to hidden <body>‚Ä¶</body>
  -   locator resolved to hidden <body>‚Ä¶</body>
  -   locator resolved to hidden <body>‚Ä¶</body>
  -   locator resolved to hidden <body>‚Ä¶</body>
  -   locator resolved to hidden <body>‚Ä¶</body>
  -   locator resolved to hidden <body>‚Ä¶</body>
  -   locator resolved to hidden <body>‚Ä¶</body>
  -   locator resolved to hidden <body>‚Ä¶</body>
  -   locator resolved to hidden <body>‚Ä¶</body>
  -   locator resolved to hidden <body>‚Ä¶</body>
  -   locator resolved to hidden <body>‚Ä¶</body>
  -   locator resolved to hidden <body>‚Ä¶</body>
  -   locator resolved to hidden <body>‚Ä¶</body>
  -   locator resolved to hidden <body>‚Ä¶</body>
  -   locator resolved to hidden <body>‚Ä¶</body>
  -   locator resolved to hidden <body>‚Ä¶</body>
  -   locator resolved to hidden <body>‚Ä¶</body>
  -   locator resolved to hidden <body>‚Ä¶</body>
  -   locator resolved to hidden <body>‚Ä¶</body>
  -   locator resolved to hidden <body>‚Ä¶</body>
  -   locator resolved to hidden <body>‚Ä¶</body>
  -   locator resolved to hidden <body>‚Ä¶</body>
  -   locator resolved to hidden <body>‚Ä¶</body>
  -   locator resolved to hidden <body>‚Ä¶</body>
  -   locator resolved to hidden <body>‚Ä¶</body>
  -   locator resolved to hidden <body>‚Ä¶</body>
  -   locator resolved to hidden <body>‚Ä¶</body>
  -   locator resolved to hidden <body>‚Ä¶</body>
  -   locator resolved to hidden <body>‚Ä¶</body>
  -   locator resolved to hidden <body>‚Ä¶</body>
  -   locator resolved to hidden <body>‚Ä¶</body>
  -   locator resolved to hidden <body>‚Ä¶</body>
  -   locator resolved to hidden <body>‚Ä¶</body>
  -   locator resolved to hidden <body>‚Ä¶</body>
  -   locator resolved to hidden <body>‚Ä¶</body>
  -   locator resolved to hidden <body>‚Ä¶</body>
  -   locator resolved to hidden <body>‚Ä¶</body>
  -   locator resolved to hidden <body>‚Ä¶</body>
  -   locator resolved to hidden <body>‚Ä¶</body>
  -   locator resolved to hidden <body>‚Ä¶</body>
  -   locator resolved to hidden <body>‚Ä¶</body>
  -   locator resolved to hidden <body>‚Ä¶</body>
  -   locator resolved to hidden <body>‚Ä¶</body>
  -   locator resolved to hidden <body>‚Ä¶</body>
  -   locator resolved to hidden <body>‚Ä¶</body>
  -   locator resolved to hidden <body>‚Ä¶</body>
  -   locator resolved to hidden <body>‚Ä¶</body>
  -   locator resolved to hidden <body>‚Ä¶</body>
  -   locator resolved to hidden <body>‚Ä¶</body>
  -   locator resolved to hidden <body>‚Ä¶</body>
  -   locator resolved to hidden <body>‚Ä¶</body>
  -   locator resolved to hidden <body>‚Ä¶</body>
  -   locator resolved to hidden <body>‚Ä¶</body>
  -   locator resolved to hidden <body>‚Ä¶</body>
  -   locator resolved to hidden <body>‚Ä¶</body>
  -   locator resolved to hidden <body>‚Ä¶</body>
  -   locator resolved to hidden <body>‚Ä¶</body>
  -   locator resolved to hidden <body>‚Ä¶</body>
  -   locator resolved to hidden <body>‚Ä¶</body>
  -   locator resolved to hidden <body>‚Ä¶</body>
  -   locator resolved to hidden <body>‚Ä¶</body>
  -   locator resolved to hidden <body>‚Ä¶</body>
  -   locator resolved to hidden <body>‚Ä¶</body>
  -   locator resolved to hidden <body>‚Ä¶</body>
  -   locator resolved to hidden <body>‚Ä¶</body>
  -   locator resolved to hidden <body>‚Ä¶</body>
  -   locator resolved to hidden <body>‚Ä¶</body>
  -   locator resolved to hidden <body>‚Ä¶</body>
  -   locator resolved to hidden <body>‚Ä¶</body>
  -   locator resolved to hidden <body>‚Ä¶</body>
  -   locator resolved to hidden <body>‚Ä¶</body>
  -   locator resolved to hidden <body>‚Ä¶</body>
  -   locator resolved to hidden <body>‚Ä¶</body>
  -   locator resolved to hidden <body>‚Ä¶</body>
  -   locator resolved to hidden <body>‚Ä¶</body>
  -   locator resolved to hidden <body>‚Ä¶</body>
  -   locator resolved to hidden <body>‚Ä¶</body>
  -   locator resolved to hidden <body>‚Ä¶</body>
  -   locator resolved to hidden <body>‚Ä¶</body>
  -   locator resolved to hidden <body>‚Ä¶</body>
  -   locator resolved to hidden <body>‚Ä¶</body>
  -   locator resolved to hidden <body>‚Ä¶</body>
  -   locator resolved to hidden <body>‚Ä¶</body>
  -   locator resolved to hidden <body>‚Ä¶</body>
  -   locator resolved to hidden <body>‚Ä¶</body>
  -   locator resolved to hidden <body>‚Ä¶</body>
  -   locator resolved to hidden <body>‚Ä¶</body>
  -   locator resolved to hidden <body>‚Ä¶</body>
  -   locator resolved to hidden <body>‚Ä¶</body>
  -   locator resolved to hidden <body>‚Ä¶</body>
  -   locator resolved to hidden <body>‚Ä¶</body>
  -   locator resolved to hidden <body>‚Ä¶</body>
  -   locator resolved to hidden <body>‚Ä¶</body>
  -   locator resolved to hidden <body>‚Ä¶</body>
  -   locator resolved to hidden <body>‚Ä¶</body>
  -   locator resolved to hidden <body>‚Ä¶</body>
  -   locator resolved to hidden <body>‚Ä¶</body>
  -   locator resolved to hidden <body>‚Ä¶</body>
  -   locator resolved to hidden <body>‚Ä¶</body>
  -   locator resolved to hidden <body>‚Ä¶</body>
  -   locator resolved to hidden <body>‚Ä¶</body>
  -   locator resolved to hidden <body>‚Ä¶</body>
  -   locator resolved to hidden <body>‚Ä¶</body>
  -   locator resolved to hidden <body>‚Ä¶</body>
  -   locator resolved to hidden <body>‚Ä¶</body>
  -   locator resolved to hidden <body>‚Ä¶</body>
  -   locator resolved to hidden <body>‚Ä¶</body>
  -   locator resolved to hidden <body>‚Ä¶</body>
  -   locator resolved to hidden <body>‚Ä¶</body>
  -   locator resolved to hidden <body>‚Ä¶</body>
  -   locator resolved to hidden <body>‚Ä¶</body>
  -   locator resolved to hidden <body>‚Ä¶</body>
  -   locator resolved to hidden <body>‚Ä¶</body>
  -   locator resolved to hidden <body>‚Ä¶</body>
  -   locator resolved to hidden <body>‚Ä¶</body>
  -   locator resolved to hidden <body>‚Ä¶</body>
  -   locator resolved to hidden <body>‚Ä¶</body>
  -   locator resolved to hidden <body>‚Ä¶</body>
  -   locator resolved to hidden <body>‚Ä¶</body>
  -   locator resolved to hidden <body>‚Ä¶</body>
  -   locator resolved to hidden <body>‚Ä¶</body>
  -   locator resolved to hidden <body>‚Ä¶</body>
  -   locator resolved to hidden <body>‚Ä¶</body>
  -   locator resolved to hidden <body>‚Ä¶</body>
  -   locator resolved to hidden <body>‚Ä¶</body>
  -   locator resolved to hidden <body>‚Ä¶</body>
  -   locator resolved to hidden <body>‚Ä¶</body>
  -   locator resolved to hidden <body>‚Ä¶</body>
  -   locator resolved to hidden <body>‚Ä¶</body>
  -   locator resolved to hidden <body>‚Ä¶</body>
  -   locator resolved to hidden <body>‚Ä¶</body>
  -   locator resolved to hidden <body>‚Ä¶</body>
  -   locator resolved to hidden <body>‚Ä¶</body>
  -   locator resolved to hidden <body>‚Ä¶</body>
  -   locator resolved to hidden <body>‚Ä¶</body>
  -   locator resolved to hidden <body>‚Ä¶</body>
  -   locator resolved to hidden <body>‚Ä¶</body>
  -   locator resolved to hidden <body>‚Ä¶</body>
  -   locator resolved to hidden <body>‚Ä¶</body>
  -   locator resolved to hidden <body>‚Ä¶</body>
  -   locator resolved to hidden <body>‚Ä¶</body>
  -   locator resolved to hidden <body>‚Ä¶</body>
  -   locator resolved to hidden <body>‚Ä¶</body>
  -   locator resolved to hidden <body>‚Ä¶</body>
  -   locator resolved to hidden <body>‚Ä¶</body>
  -   locator resolved to hidden <body>‚Ä¶</body>
  -   locator resolved to hidden <body>‚Ä¶</body>
  -   locator resolved to hidden <body>‚Ä¶</body>
  -   locator resolved to hidden <body>‚Ä¶</body>
  -   locator resolved to hidden <body>‚Ä¶</body>
  -   locator resolved to hidden <body>‚Ä¶</body>
  -   locator resolved to hidden <body>‚Ä¶</body>
  -   locator resolved to hidden <body>‚Ä¶</body>
  -   locator resolved to hidden <body>‚Ä¶</body>
  -   locator resolved to hidden <body>‚Ä¶</body>
  -   locator resolved to hidden <body>‚Ä¶</body>
  -   locator resolved to hidden <body>‚Ä¶</body>
  -   locator resolved to hidden <body>‚Ä¶</body>
  -   locator resolved to hidden <body>‚Ä¶</body>
  -   locator resolved to hidden <body>‚Ä¶</body>
  -   locator resolved to hidden <body>‚Ä¶</body>
  -   locator resolved to hidden <body>‚Ä¶</body>
  -   locator resolved to hidden <body>‚Ä¶</body>
  -   locator resolved to hidden <body>‚Ä¶</body>
  -   locator resolved to hidden <body>‚Ä¶</body>
  -   locator resolved to hidden <body>‚Ä¶</body>
  -   locator resolved to hidden <body>‚Ä¶</body>
  -   locator resolved to hidden <body>‚Ä¶</body>
  -   locator resolved to hidden <body>‚Ä¶</body>
  -   locator resolved to hidden <body>‚Ä¶</body>
  -   locator resolved to hidden <body>‚Ä¶</body>
  -   locator resolved to hidden <body>‚Ä¶</body>
  -   locator resolved to hidden <body>‚Ä¶</body>
  -   locator resolved to hidden <body>‚Ä¶</body>
  -   locator resolved to hidden <body>‚Ä¶</body>
  -   locator resolved to hidden <body>‚Ä¶</body>
  -   locator resolved to hidden <body>‚Ä¶</body>
  -   locator resolved to hidden <body>‚Ä¶</body>
  -   locator resolved to hidden <body>‚Ä¶</body>
  -   locator resolved to hidden <body>‚Ä¶</body>
  -   locator resolved to hidden <body>‚Ä¶</body>
  -   locator resolved to hidden <body>‚Ä¶</body>
  -   locator resolved to hidden <body>‚Ä¶</body>
  -   locator resolved to hidden <body>‚Ä¶</body>
  -   locator resolved to hidden <body>‚Ä¶</body>
  -   locator resolved to hidden <body>‚Ä¶</body>
  -   locator resolved to hidden <body>‚Ä¶</body>
  -   locator resolved to hidden <body>‚Ä¶</body>
  -   locator resolved to hidden <body>‚Ä¶</body>
  -   locator resolved to hidden <body>‚Ä¶</body>
  -   locator resolved to hidden <body>‚Ä¶</body>
  -   locator resolved to hidden <body>‚Ä¶</body>
  -   locator resolved to hidden <body>‚Ä¶</body>
  -   locator resolved to hidden <body>‚Ä¶</body>
  -   locator resolved to hidden <body>‚Ä¶</body>
  -   locator resolved to hidden <body>‚Ä¶</body>
  -   locator resolved to hidden <body>‚Ä¶</body>
  -   locator resolved to hidden <body>‚Ä¶</body>
  -   locator resolved to hidden <body>‚Ä¶</body>
  -   locator resolved to hidden <body>‚Ä¶</body>
  -   locator resolved to hidden <body>‚Ä¶</body>
  -   locator resolved to hidden <body>‚Ä¶</body>
  -   locator resolved to hidden <body>‚Ä¶</body>
  -   locator resolved to hidden <body>‚Ä¶</body>
  -   locator resolved to hidden <body>‚Ä¶</body>
  -   locator resolved to hidden <body>‚Ä¶</body>
  -   locator resolved to hidden <body>‚Ä¶</body>
  -   locator resolved to hidden <body>‚Ä¶</body>
  -   locator resolved to hidden <body>‚Ä¶</body>
  -   locator resolved to hidden <body>‚Ä¶</body>
  -   locator resolved to hidden <body>‚Ä¶</body>
  -   locator resolved to hidden <body>‚Ä¶</body>
  -   locator resolved to hidden <body>‚Ä¶</body>
  -   locator resolved to hidden <body>‚Ä¶</body>
  -   locator resolved to hidden <body>‚Ä¶</body>
  -   locator resolved to hidden <body>‚Ä¶</body>
  -   locator resolved to hidden <body>‚Ä¶</body>
  -   locator resolved to hidden <body>‚Ä¶</body>
  -   locator resolved to hidden <body>‚Ä¶</body>
  -   locator resolved to hidden <body>‚Ä¶</body>
  -   locator resolved to hidden <body>‚Ä¶</body>
  -   locator resolved to hidden <body>‚Ä¶</body>
  -   locator resolved to hidden <body>‚Ä¶</body>
  -   locator resolved to hidden <body>‚Ä¶</body>
  -   locator resolved to hidden <body>‚Ä¶</body>
  -   locator resolved to hidden <body>‚Ä¶</body>
  -   locator resolved to hidden <body>‚Ä¶</body>
  -   locator resolved to hidden <body>‚Ä¶</body>
  -   locator resolved to hidden <body>‚Ä¶</body>
  -   locator resolved to hidden <body>‚Ä¶</body>
  -   locator resolved to hidden <body>‚Ä¶</body>
  -   locator resolved to hidden <body>‚Ä¶</body>
  -   locator resolved to hidden <body>‚Ä¶</body>
  -   locator resolved to hidden <body>‚Ä¶</body>
  -   locator resolved to hidden <body>‚Ä¶</body>
  -   locator resolved to hidden <body>‚Ä¶</body>
  -   locator resolved to hidden <body>‚Ä¶</body>
  -   locator resolved to hidden <body>‚Ä¶</body>
  -   locator resolved to hidden <body>‚Ä¶</body>
  -   locator resolved to hidden <body>‚Ä¶</body>
  -   locator resolved to hidden <body>‚Ä¶</body>
  -   locator resolved to hidden <body>‚Ä¶</body>
  -   locator resolved to hidden <body>‚Ä¶</body>
  -   locator resolved to hidden <body>‚Ä¶</body>
  -   locator resolved to hidden <body>‚Ä¶</body>
  -   locator resolved to hidden <body>‚Ä¶</body>
  -   locator resolved to hidden <body>‚Ä¶</body>
  -   locator resolved to hidden <body>‚Ä¶</body>
  -   locator resolved to hidden <body>‚Ä¶</body>
  -   locator resolved to hidden <body>‚Ä¶</body>
  -   locator resolved to hidden <body>‚Ä¶</body>
  -   locator resolved to hidden <body>‚Ä¶</body>
  -   locator resolved to hidden <body>‚Ä¶</body>
  -   locator resolved to hidden <body>‚Ä¶</body>
  -   locator resolved to hidden <body>‚Ä¶</body>
  -   locator resolved to hidden <body>‚Ä¶</body>
  -   locator resolved to hidden <body>‚Ä¶</body>
  -   locator resolved to hidden <body>‚Ä¶</body>
  -   locator resolved to hidden <body>‚Ä¶</body>
  -   locator resolved to hidden <body>‚Ä¶</body>
  -   locator resolved to hidden <body>‚Ä¶</body>
  -   locator resolved to hidden <body>‚Ä¶</body>
  -   locator resolved to hidden <body>‚Ä¶</body>
  -   locator resolved to hidden <body>‚Ä¶</body>
  -   locator resolved to hidden <body>‚Ä¶</body>
  -   locator resolved to hidden <body>‚Ä¶</body>
  -   locator resolved to hidden <body>‚Ä¶</body>
  -   locator resolved to hidden <body>‚Ä¶</body>
  -   locator resolved to hidden <body>‚Ä¶</body>
  -   locator resolved to hidden <body>‚Ä¶</body>
  -   locator resolved to hidden <body>‚Ä¶</body>
  -   locator resolved to hidden <body>‚Ä¶</body>
  -   locator resolved to hidden <body>‚Ä¶</body>
  -   locator resolved to hidden <body>‚Ä¶</body>
  -   locator resolved to hidden <body>‚Ä¶</body>
  -   locator resolved to hidden <body>‚Ä¶</body>
  -   locator resolved to hidden <body>‚Ä¶</body>
  -   locator resolved to hidden <body>‚Ä¶</body>
  -   locator resolved to hidden <body>‚Ä¶</body>
  -   locator resolved to hidden <body>‚Ä¶</body>
  -   locator resolved to hidden <body>‚Ä¶</body>
  -   locator resolved to hidden <body>‚Ä¶</body>
  -   locator resolved to hidden <body>‚Ä¶</body>
  -   locator resolved to hidden <body>‚Ä¶</body>
  -   locator resolved to hidden <body>‚Ä¶</body>
  -   locator resolved to hidden <body>‚Ä¶</body>
  -   locator resolved to hidden <body>‚Ä¶</body>
  -   locator resolved to hidden <body>‚Ä¶</body>
  -   locator resolved to hidden <body>‚Ä¶</body>
  -   locator resolved to hidden <body>‚Ä¶</body>
  -   locator resolved to hidden <body>‚Ä¶</body>
  -   locator resolved to hidden <body>‚Ä¶</body>
  -   locator resolved to hidden <body>‚Ä¶</body>
  -   locator resolved to hidden <body>‚Ä¶</body>
  -   locator resolved to hidden <body>‚Ä¶</body>
  -   locator resolved to hidden <body>‚Ä¶</body>
  -   locator resolved to hidden <body>‚Ä¶</body>
  -   locator resolved to hidden <body>‚Ä¶</body>
  -   locator resolved to hidden <body>‚Ä¶</body>
  -   locator resolved to hidden <body>‚Ä¶</body>
  -   locator resolved to hidden <body>‚Ä¶</body>
  -   locator resolved to hidden <body>‚Ä¶</body>
  -   locator resolved to hidden <body>‚Ä¶</body>
  -   locator resolved to hidden <body>‚Ä¶</body>

ERROR    mypy.lib.xiaohongshu.publish_helper:publish_helper.py:136 üî¥ ‚ùå‚ùå‚ùå„Ääted„ÄãÂèëÂ∏ÉÂºÇÂ∏∏
Traceback (most recent call last):
  File "/home/runner/work/Python/Python/mypy/lib/playwright/publish_helper.py", line 75, in _check_login_status
    await page.wait_for_selector('body')
  File "/opt/hostedtoolcache/Python/3.8.18/x64/lib/python3.8/site-packages/playwright/async_api/_generated.py", line 7812, in wait_for_selector
    await self._impl_obj.wait_for_selector(
  File "/opt/hostedtoolcache/Python/3.8.18/x64/lib/python3.8/site-packages/playwright/_impl/_page.py", line 373, in wait_for_selector
    return await self._main_frame.wait_for_selector(**locals_to_params(locals()))
  File "/opt/hostedtoolcache/Python/3.8.18/x64/lib/python3.8/site-packages/playwright/_impl/_frame.py", line 323, in wait_for_selector
    await self._channel.send("waitForSelector", locals_to_params(locals()))
  File "/opt/hostedtoolcache/Python/3.8.18/x64/lib/python3.8/site-packages/playwright/_impl/_connection.py", line 59, in send
    return await self._connection.wrap_api_call(
  File "/opt/hostedtoolcache/Python/3.8.18/x64/lib/python3.8/site-packages/playwright/_impl/_connection.py", line 513, in wrap_api_call
    raise rewrite_error(error, f"{parsed_st['apiName']}: {error}") from None
playwright._impl._errors.TimeoutError: Page.wait_for_selector: Timeout 180000ms exceeded.
Call log:
waiting for locator("body") to be visible
  -   locator resolved to hidden <body>‚Ä¶</body>
  -   locator resolved to hidden <body>‚Ä¶</body>
  -   locator resolved to hidden <body>‚Ä¶</body>
  -   locator resolved to hidden <body>‚Ä¶</body>
  -   locator resolved to hidden <body>‚Ä¶</body>
  -   locator resolved to hidden <body>‚Ä¶</body>
  -   locator resolved to hidden <body>‚Ä¶</body>
  -   locator resolved to hidden <body>‚Ä¶</body>
  -   locator resolved to hidden <body>‚Ä¶</body>
  -   locator resolved to hidden <body>‚Ä¶</body>
  -   locator resolved to hidden <body>‚Ä¶</body>
  -   locator resolved to hidden <body>‚Ä¶</body>
  -   locator resolved to hidden <body>‚Ä¶</body>
  -   locator resolved to hidden <body>‚Ä¶</body>
  -   locator resolved to hidden <body>‚Ä¶</body>
  -   locator resolved to hidden <body>‚Ä¶</body>
  -   locator resolved to hidden <body>‚Ä¶</body>
  -   locator resolved to hidden <body>‚Ä¶</body>
  -   locator resolved to hidden <body>‚Ä¶</body>
  -   locator resolved to hidden <body>‚Ä¶</body>
  -   locator resolved to hidden <body>‚Ä¶</body>
  -   locator resolved to hidden <body>‚Ä¶</body>
  -   locator resolved to hidden <body>‚Ä¶</body>
  -   locator resolved to hidden <body>‚Ä¶</body>
  -   locator resolved to hidden <body>‚Ä¶</body>
  -   locator resolved to hidden <body>‚Ä¶</body>
  -   locator resolved to hidden <body>‚Ä¶</body>
  -   locator resolved to hidden <body>‚Ä¶</body>
  -   locator resolved to hidden <body>‚Ä¶</body>
  -   locator resolved to hidden <body>‚Ä¶</body>
  -   locator resolved to hidden <body>‚Ä¶</body>
  -   locator resolved to hidden <body>‚Ä¶</body>
  -   locator resolved to hidden <body>‚Ä¶</body>
  -   locator resolved to hidden <body>‚Ä¶</body>
  -   locator resolved to hidden <body>‚Ä¶</body>
  -   locator resolved to hidden <body>‚Ä¶</body>
  -   locator resolved to hidden <body>‚Ä¶</body>
  -   locator resolved to hidden <body>‚Ä¶</body>
  -   locator resolved to hidden <body>‚Ä¶</body>
  -   locator resolved to hidden <body>‚Ä¶</body>
  -   locator resolved to hidden <body>‚Ä¶</body>
  -   locator resolved to hidden <body>‚Ä¶</body>
  -   locator resolved to hidden <body>‚Ä¶</body>
  -   locator resolved to hidden <body>‚Ä¶</body>
  -   locator resolved to hidden <body>‚Ä¶</body>
  -   locator resolved to hidden <body>‚Ä¶</body>
  -   locator resolved to hidden <body>‚Ä¶</body>
  -   locator resolved to hidden <body>‚Ä¶</body>
  -   locator resolved to hidden <body>‚Ä¶</body>
  -   locator resolved to hidden <body>‚Ä¶</body>
  -   locator resolved to hidden <body>‚Ä¶</body>
  -   locator resolved to hidden <body>‚Ä¶</body>
  -   locator resolved to hidden <body>‚Ä¶</body>
  -   locator resolved to hidden <body>‚Ä¶</body>
  -   locator resolved to hidden <body>‚Ä¶</body>
  -   locator resolved to hidden <body>‚Ä¶</body>
  -   locator resolved to hidden <body>‚Ä¶</body>
  -   locator resolved to hidden <body>‚Ä¶</body>
  -   locator resolved to hidden <body>‚Ä¶</body>
  -   locator resolved to hidden <body>‚Ä¶</body>
  -   locator resolved to hidden <body>‚Ä¶</body>
  -   locator resolved to hidden <body>‚Ä¶</body>
  -   locator resolved to hidden <body>‚Ä¶</body>
  -   locator resolved to hidden <body>‚Ä¶</body>
  -   locator resolved to hidden <body>‚Ä¶</body>
  -   locator resolved to hidden <body>‚Ä¶</body>
  -   locator resolved to hidden <body>‚Ä¶</body>
  -   locator resolved to hidden <body>‚Ä¶</body>
  -   locator resolved to hidden <body>‚Ä¶</body>
  -   locator resolved to hidden <body>‚Ä¶</body>
  -   locator resolved to hidden <body>‚Ä¶</body>
  -   locator resolved to hidden <body>‚Ä¶</body>
  -   locator resolved to hidden <body>‚Ä¶</body>
  -   locator resolved to hidden <body>‚Ä¶</body>
  -   locator resolved to hidden <body>‚Ä¶</body>
  -   locator resolved to hidden <body>‚Ä¶</body>
  -   locator resolved to hidden <body>‚Ä¶</body>
  -   locator resolved to hidden <body>‚Ä¶</body>
  -   locator resolved to hidden <body>‚Ä¶</body>
  -   locator resolved to hidden <body>‚Ä¶</body>
  -   locator resolved to hidden <body>‚Ä¶</body>
  -   locator resolved to hidden <body>‚Ä¶</body>
  -   locator resolved to hidden <body>‚Ä¶</body>
  -   locator resolved to hidden <body>‚Ä¶</body>
  -   locator resolved to hidden <body>‚Ä¶</body>
  -   locator resolved to hidden <body>‚Ä¶</body>
  -   locator resolved to hidden <body>‚Ä¶</body>
  -   locator resolved to hidden <body>‚Ä¶</body>
  -   locator resolved to hidden <body>‚Ä¶</body>
  -   locator resolved to hidden <body>‚Ä¶</body>
  -   locator resolved to hidden <body>‚Ä¶</body>
  -   locator resolved to hidden <body>‚Ä¶</body>
  -   locator resolved to hidden <body>‚Ä¶</body>
  -   locator resolved to hidden <body>‚Ä¶</body>
  -   locator resolved to hidden <body>‚Ä¶</body>
  -   locator resolved to hidden <body>‚Ä¶</body>
  -   locator resolved to hidden <body>‚Ä¶</body>
  -   locator resolved to hidden <body>‚Ä¶</body>
  -   locator resolved to hidden <body>‚Ä¶</body>
  -   locator resolved to hidden <body>‚Ä¶</body>
  -   locator resolved to hidden <body>‚Ä¶</body>
  -   locator resolved to hidden <body>‚Ä¶</body>
  -   locator resolved to hidden <body>‚Ä¶</body>
  -   locator resolved to hidden <body>‚Ä¶</body>
  -   locator resolved to hidden <body>‚Ä¶</body>
  -   locator resolved to hidden <body>‚Ä¶</body>
  -   locator resolved to hidden <body>‚Ä¶</body>
  -   locator resolved to hidden <body>‚Ä¶</body>
  -   locator resolved to hidden <body>‚Ä¶</body>
  -   locator resolved to hidden <body>‚Ä¶</body>
  -   locator resolved to hidden <body>‚Ä¶</body>
  -   locator resolved to hidden <body>‚Ä¶</body>
  -   locator resolved to hidden <body>‚Ä¶</body>
  -   locator resolved to hidden <body>‚Ä¶</body>
  -   locator resolved to hidden <body>‚Ä¶</body>
  -   locator resolved to hidden <body>‚Ä¶</body>
  -   locator resolved to hidden <body>‚Ä¶</body>
  -   locator resolved to hidden <body>‚Ä¶</body>
  -   locator resolved to hidden <body>‚Ä¶</body>
  -   locator resolved to hidden <body>‚Ä¶</body>
  -   locator resolved to hidden <body>‚Ä¶</body>
  -   locator resolved to hidden <body>‚Ä¶</body>
  -   locator resolved to hidden <body>‚Ä¶</body>
  -   locator resolved to hidden <body>‚Ä¶</body>
  -   locator resolved to hidden <body>‚Ä¶</body>
  -   locator resolved to hidden <body>‚Ä¶</body>
  -   locator resolved to hidden <body>‚Ä¶</body>
  -   locator resolved to hidden <body>‚Ä¶</body>
  -   locator resolved to hidden <body>‚Ä¶</body>
  -   locator resolved to hidden <body>‚Ä¶</body>
  -   locator resolved to hidden <body>‚Ä¶</body>
  -   locator resolved to hidden <body>‚Ä¶</body>
  -   locator resolved to hidden <body>‚Ä¶</body>
  -   locator resolved to hidden <body>‚Ä¶</body>
  -   locator resolved to hidden <body>‚Ä¶</body>
  -   locator resolved to hidden <body>‚Ä¶</body>
  -   locator resolved to hidden <body>‚Ä¶</body>
  -   locator resolved to hidden <body>‚Ä¶</body>
  -   locator resolved to hidden <body>‚Ä¶</body>
  -   locator resolved to hidden <body>‚Ä¶</body>
  -   locator resolved to hidden <body>‚Ä¶</body>
  -   locator resolved to hidden <body>‚Ä¶</body>
  -   locator resolved to hidden <body>‚Ä¶</body>
  -   locator resolved to hidden <body>‚Ä¶</body>
  -   locator resolved to hidden <body>‚Ä¶</body>
  -   locator resolved to hidden <body>‚Ä¶</body>
  -   locator resolved to hidden <body>‚Ä¶</body>
  -   locator resolved to hidden <body>‚Ä¶</body>
  -   locator resolved to hidden <body>‚Ä¶</body>
  -   locator resolved to hidden <body>‚Ä¶</body>
  -   locator resolved to hidden <body>‚Ä¶</body>
  -   locator resolved to hidden <body>‚Ä¶</body>
  -   locator resolved to hidden <body>‚Ä¶</body>
  -   locator resolved to hidden <body>‚Ä¶</body>
  -   locator resolved to hidden <body>‚Ä¶</body>
  -   locator resolved to hidden <body>‚Ä¶</body>
  -   locator resolved to hidden <body>‚Ä¶</body>
  -   locator resolved to hidden <body>‚Ä¶</body>
  -   locator resolved to hidden <body>‚Ä¶</body>
  -   locator resolved to hidden <body>‚Ä¶</body>
  -   locator resolved to hidden <body>‚Ä¶</body>
  -   locator resolved to hidden <body>‚Ä¶</body>
  -   locator resolved to hidden <body>‚Ä¶</body>
  -   locator resolved to hidden <body>‚Ä¶</body>
  -   locator resolved to hidden <body>‚Ä¶</body>
  -   locator resolved to hidden <body>‚Ä¶</body>
  -   locator resolved to hidden <body>‚Ä¶</body>
  -   locator resolved to hidden <body>‚Ä¶</body>
  -   locator resolved to hidden <body>‚Ä¶</body>
  -   locator resolved to hidden <body>‚Ä¶</body>
  -   locator resolved to hidden <body>‚Ä¶</body>
  -   locator resolved to hidden <body>‚Ä¶</body>
  -   locator resolved to hidden <body>‚Ä¶</body>
  -   locator resolved to hidden <body>‚Ä¶</body>
  -   locator resolved to hidden <body>‚Ä¶</body>
  -   locator resolved to hidden <body>‚Ä¶</body>
  -   locator resolved to hidden <body>‚Ä¶</body>
  -   locator resolved to hidden <body>‚Ä¶</body>
  -   locator resolved to hidden <body>‚Ä¶</body>
  -   locator resolved to hidden <body>‚Ä¶</body>
  -   locator resolved to hidden <body>‚Ä¶</body>
  -   locator resolved to hidden <body>‚Ä¶</body>
  -   locator resolved to hidden <body>‚Ä¶</body>
  -   locator resolved to hidden <body>‚Ä¶</body>
  -   locator resolved to hidden <body>‚Ä¶</body>
  -   locator resolved to hidden <body>‚Ä¶</body>
  -   locator resolved to hidden <body>‚Ä¶</body>
  -   locator resolved to hidden <body>‚Ä¶</body>
  -   locator resolved to hidden <body>‚Ä¶</body>
  -   locator resolved to hidden <body>‚Ä¶</body>
  -   locator resolved to hidden <body>‚Ä¶</body>
  -   locator resolved to hidden <body>‚Ä¶</body>
  -   locator resolved to hidden <body>‚Ä¶</body>
  -   locator resolved to hidden <body>‚Ä¶</body>
  -   locator resolved to hidden <body>‚Ä¶</body>
  -   locator resolved to hidden <body>‚Ä¶</body>
  -   locator resolved to hidden <body>‚Ä¶</body>
  -   locator resolved to hidden <body>‚Ä¶</body>
  -   locator resolved to hidden <body>‚Ä¶</body>
  -   locator resolved to hidden <body>‚Ä¶</body>
  -   locator resolved to hidden <body>‚Ä¶</body>
  -   locator resolved to hidden <body>‚Ä¶</body>
  -   locator resolved to hidden <body>‚Ä¶</body>
  -   locator resolved to hidden <body>‚Ä¶</body>
  -   locator resolved to hidden <body>‚Ä¶</body>
  -   locator resolved to hidden <body>‚Ä¶</body>
  -   locator resolved to hidden <body>‚Ä¶</body>
  -   locator resolved to hidden <body>‚Ä¶</body>
  -   locator resolved to hidden <body>‚Ä¶</body>
  -   locator resolved to hidden <body>‚Ä¶</body>
  -   locator resolved to hidden <body>‚Ä¶</body>
  -   locator resolved to hidden <body>‚Ä¶</body>
  -   locator resolved to hidden <body>‚Ä¶</body>
  -   locator resolved to hidden <body>‚Ä¶</body>
  -   locator resolved to hidden <body>‚Ä¶</body>
  -   locator resolved to hidden <body>‚Ä¶</body>
  -   locator resolved to hidden <body>‚Ä¶</body>
  -   locator resolved to hidden <body>‚Ä¶</body>
  -   locator resolved to hidden <body>‚Ä¶</body>
  -   locator resolved to hidden <body>‚Ä¶</body>
  -   locator resolved to hidden <body>‚Ä¶</body>
  -   locator resolved to hidden <body>‚Ä¶</body>
  -   locator resolved to hidden <body>‚Ä¶</body>
  -   locator resolved to hidden <body>‚Ä¶</body>
  -   locator resolved to hidden <body>‚Ä¶</body>
  -   locator resolved to hidden <body>‚Ä¶</body>
  -   locator resolved to hidden <body>‚Ä¶</body>
  -   locator resolved to hidden <body>‚Ä¶</body>
  -   locator resolved to hidden <body>‚Ä¶</body>
  -   locator resolved to hidden <body>‚Ä¶</body>
  -   locator resolved to hidden <body>‚Ä¶</body>
  -   locator resolved to hidden <body>‚Ä¶</body>
  -   locator resolved to hidden <body>‚Ä¶</body>
  -   locator resolved to hidden <body>‚Ä¶</body>
  -   locator resolved to hidden <body>‚Ä¶</body>
  -   locator resolved to hidden <body>‚Ä¶</body>
  -   locator resolved to hidden <body>‚Ä¶</body>
  -   locator resolved to hidden <body>‚Ä¶</body>
  -   locator resolved to hidden <body>‚Ä¶</body>
  -   locator resolved to hidden <body>‚Ä¶</body>
  -   locator resolved to hidden <body>‚Ä¶</body>
  -   locator resolved to hidden <body>‚Ä¶</body>
  -   locator resolved to hidden <body>‚Ä¶</body>
  -   locator resolved to hidden <body>‚Ä¶</body>
  -   locator resolved to hidden <body>‚Ä¶</body>
  -   locator resolved to hidden <body>‚Ä¶</body>
  -   locator resolved to hidden <body>‚Ä¶</body>
  -   locator resolved to hidden <body>‚Ä¶</body>
  -   locator resolved to hidden <body>‚Ä¶</body>
  -   locator resolved to hidden <body>‚Ä¶</body>
  -   locator resolved to hidden <body>‚Ä¶</body>
  -   locator resolved to hidden <body>‚Ä¶</body>
  -   locator resolved to hidden <body>‚Ä¶</body>
  -   locator resolved to hidden <body>‚Ä¶</body>
  -   locator resolved to hidden <body>‚Ä¶</body>
  -   locator resolved to hidden <body>‚Ä¶</body>
  -   locator resolved to hidden <body>‚Ä¶</body>
  -   locator resolved to hidden <body>‚Ä¶</body>
  -   locator resolved to hidden <body>‚Ä¶</body>
  -   locator resolved to hidden <body>‚Ä¶</body>
  -   locator resolved to hidden <body>‚Ä¶</body>
  -   locator resolved to hidden <body>‚Ä¶</body>
  -   locator resolved to hidden <body>‚Ä¶</body>
  -   locator resolved to hidden <body>‚Ä¶</body>
  -   locator resolved to hidden <body>‚Ä¶</body>
  -   locator resolved to hidden <body>‚Ä¶</body>
  -   locator resolved to hidden <body>‚Ä¶</body>
  -   locator resolved to hidden <body>‚Ä¶</body>
  -   locator resolved to hidden <body>‚Ä¶</body>
  -   locator resolved to hidden <body>‚Ä¶</body>
  -   locator resolved to hidden <body>‚Ä¶</body>
  -   locator resolved to hidden <body>‚Ä¶</body>
  -   locator resolved to hidden <body>‚Ä¶</body>
  -   locator resolved to hidden <body>‚Ä¶</body>
  -   locator resolved to hidden <body>‚Ä¶</body>
  -   locator resolved to hidden <body>‚Ä¶</body>
  -   locator resolved to hidden <body>‚Ä¶</body>
  -   locator resolved to hidden <body>‚Ä¶</body>
  -   locator resolved to hidden <body>‚Ä¶</body>
  -   locator resolved to hidden <body>‚Ä¶</body>
  -   locator resolved to hidden <body>‚Ä¶</body>
  -   locator resolved to hidden <body>‚Ä¶</body>
  -   locator resolved to hidden <body>‚Ä¶</body>
  -   locator resolved to hidden <body>‚Ä¶</body>
  -   locator resolved to hidden <body>‚Ä¶</body>
  -   locator resolved to hidden <body>‚Ä¶</body>
  -   locator resolved to hidden <body>‚Ä¶</body>
  -   locator resolved to hidden <body>‚Ä¶</body>
  -   locator resolved to hidden <body>‚Ä¶</body>
  -   locator resolved to hidden <body>‚Ä¶</body>
  -   locator resolved to hidden <body>‚Ä¶</body>
  -   locator resolved to hidden <body>‚Ä¶</body>
  -   locator resolved to hidden <body>‚Ä¶</body>
  -   locator resolved to hidden <body>‚Ä¶</body>
  -   locator resolved to hidden <body>‚Ä¶</body>
  -   locator resolved to hidden <body>‚Ä¶</body>
  -   locator resolved to hidden <body>‚Ä¶</body>
  -   locator resolved to hidden <body>‚Ä¶</body>
  -   locator resolved to hidden <body>‚Ä¶</body>
  -   locator resolved to hidden <body>‚Ä¶</body>
  -   locator resolved to hidden <body>‚Ä¶</body>
  -   locator resolved to hidden <body>‚Ä¶</body>
  -   locator resolved to hidden <body>‚Ä¶</body>
  -   locator resolved to hidden <body>‚Ä¶</body>
  -   locator resolved to hidden <body>‚Ä¶</body>
  -   locator resolved to hidden <body>‚Ä¶</body>
  -   locator resolved to hidden <body>‚Ä¶</body>
  -   locator resolved to hidden <body>‚Ä¶</body>
  -   locator resolved to hidden <body>‚Ä¶</body>
  -   locator resolved to hidden <body>‚Ä¶</body>
  -   locator resolved to hidden <body>‚Ä¶</body>
  -   locator resolved to hidden <body>‚Ä¶</body>
  -   locator resolved to hidden <body>‚Ä¶</body>
  -   locator resolved to hidden <body>‚Ä¶</body>
  -   locator resolved to hidden <body>‚Ä¶</body>
  -   locator resolved to hidden <body>‚Ä¶</body>
  -   locator resolved to hidden <body>‚Ä¶</body>
  -   locator resolved to hidden <body>‚Ä¶</body>
  -   locator resolved to hidden <body>‚Ä¶</body>
  -   locator resolved to hidden <body>‚Ä¶</body>
  -   locator resolved to hidden <body>‚Ä¶</body>
  -   locator resolved to hidden <body>‚Ä¶</body>
  -   locator resolved to hidden <body>‚Ä¶</body>
  -   locator resolved to hidden <body>‚Ä¶</body>
  -   locator resolved to hidden <body>‚Ä¶</body>
  -   locator resolved to hidden <body>‚Ä¶</body>
  -   locator resolved to hidden <body>‚Ä¶</body>
  -   locator resolved to hidden <body>‚Ä¶</body>
  -   locator resolved to hidden <body>‚Ä¶</body>
  -   locator resolved to hidden <body>‚Ä¶</body>
  -   locator resolved to hidden <body>‚Ä¶</body>
  -   locator resolved to hidden <body>‚Ä¶</body>
  -   locator resolved to hidden <body>‚Ä¶</body>
  -   locator resolved to hidden <body>‚Ä¶</body>
  -   locator resolved to hidden <body>‚Ä¶</body>
  -   locator resolved to hidden <body>‚Ä¶</body>
  -   locator resolved to hidden <body>‚Ä¶</body>
  -   locator resolved to hidden <body>‚Ä¶</body>
  -   locator resolved to hidden <body>‚Ä¶</body>
  -   locator resolved to hidden <body>‚Ä¶</body>
  -   locator resolved to hidden <body>‚Ä¶</body>
  -   locator resolved to hidden <body>‚Ä¶</body>
  -   locator resolved to hidden <body>‚Ä¶</body>
  -   locator resolved to hidden <body>‚Ä¶</body>
  -   locator resolved to hidden <body>‚Ä¶</body>
  -   locator resolved to hidden <body>‚Ä¶</body>
  -   locator resolved to hidden <body>‚Ä¶</body>
  -   locator resolved to hidden <body>‚Ä¶</body>
  -   locator resolved to hidden <body>‚Ä¶</body>
  -   locator resolved to hidden <body>‚Ä¶</body>
  -   locator resolved to hidden <body>‚Ä¶</body>
  -   locator resolved to hidden <body>‚Ä¶</body>
  -   locator resolved to hidden <body>‚Ä¶</body>
  -   locator resolved to hidden <body>‚Ä¶</body>
  -   locator resolved to hidden <body>‚Ä¶</body>
  -   locator resolved to hidden <body>‚Ä¶</body>
  -   locator resolved to hidden <body>‚Ä¶</body>
  -   locator resolved to hidden <body>‚Ä¶</body>
  -   locator resolved to hidden <body>‚Ä¶</body>
  -   locator resolved to hidden <body>‚Ä¶</body>


The above exception was the direct cause of the following exception:

Traceback (most recent call last):
  File "/home/runner/work/Python/Python/mypy/lib/playwright/publish_helper.py", line 123, in publish_mission
    is_login = await self._check_login_status(page)
  File "/home/runner/work/Python/Python/mypy/lib/playwright/publish_helper.py", line 81, in _check_login_status
    raise CheckLoginStatusExp from ex
mypy.lib.playwright.exceptions.CheckLoginStatusExp
ERROR    mypy.lib.xiaohongshu.publish_helper:publish_helper.py:158 üî¥ ‚ùå‚ùå‚ùå„Ääted„ÄãÂèëÂ∏ÉÂºÇÂ∏∏
Traceback (most recent call last):
  File "/home/runner/work/Python/Python/mypy/lib/playwright/publish_helper.py", line 75, in _check_login_status
    await page.wait_for_selector('body')
  File "/opt/hostedtoolcache/Python/3.8.18/x64/lib/python3.8/site-packages/playwright/async_api/_generated.py", line 7812, in wait_for_selector
    await self._impl_obj.wait_for_selector(
  File "/opt/hostedtoolcache/Python/3.8.18/x64/lib/python3.8/site-packages/playwright/_impl/_page.py", line 373, in wait_for_selector
    return await self._main_frame.wait_for_selector(**locals_to_params(locals()))
  File "/opt/hostedtoolcache/Python/3.8.18/x64/lib/python3.8/site-packages/playwright/_impl/_frame.py", line 323, in wait_for_selector
    await self._channel.send("waitForSelector", locals_to_params(locals()))
  File "/opt/hostedtoolcache/Python/3.8.18/x64/lib/python3.8/site-packages/playwright/_impl/_connection.py", line 59, in send
    return await self._connection.wrap_api_call(
  File "/opt/hostedtoolcache/Python/3.8.18/x64/lib/python3.8/site-packages/playwright/_impl/_connection.py", line 513, in wrap_api_call
    raise rewrite_error(error, f"{parsed_st['apiName']}: {error}") from None
playwright._impl._errors.TimeoutError: Page.wait_for_selector: Timeout 180000ms exceeded.
Call log:
waiting for locator("body") to be visible
  -   locator resolved to hidden <body>‚Ä¶</body>
  -   locator resolved to hidden <body>‚Ä¶</body>
  -   locator resolved to hidden <body>‚Ä¶</body>
  -   locator resolved to hidden <body>‚Ä¶</body>
  -   locator resolved to hidden <body>‚Ä¶</body>
  -   locator resolved to hidden <body>‚Ä¶</body>
  -   locator resolved to hidden <body>‚Ä¶</body>
  -   locator resolved to hidden <body>‚Ä¶</body>
  -   locator resolved to hidden <body>‚Ä¶</body>
  -   locator resolved to hidden <body>‚Ä¶</body>
  -   locator resolved to hidden <body>‚Ä¶</body>
  -   locator resolved to hidden <body>‚Ä¶</body>
  -   locator resolved to hidden <body>‚Ä¶</body>
  -   locator resolved to hidden <body>‚Ä¶</body>
  -   locator resolved to hidden <body>‚Ä¶</body>
  -   locator resolved to hidden <body>‚Ä¶</body>
  -   locator resolved to hidden <body>‚Ä¶</body>
  -   locator resolved to hidden <body>‚Ä¶</body>
  -   locator resolved to hidden <body>‚Ä¶</body>
  -   locator resolved to hidden <body>‚Ä¶</body>
  -   locator resolved to hidden <body>‚Ä¶</body>
  -   locator resolved to hidden <body>‚Ä¶</body>
  -   locator resolved to hidden <body>‚Ä¶</body>
  -   locator resolved to hidden <body>‚Ä¶</body>
  -   locator resolved to hidden <body>‚Ä¶</body>
  -   locator resolved to hidden <body>‚Ä¶</body>
  -   locator resolved to hidden <body>‚Ä¶</body>
  -   locator resolved to hidden <body>‚Ä¶</body>
  -   locator resolved to hidden <body>‚Ä¶</body>
  -   locator resolved to hidden <body>‚Ä¶</body>
  -   locator resolved to hidden <body>‚Ä¶</body>
  -   locator resolved to hidden <body>‚Ä¶</body>
  -   locator resolved to hidden <body>‚Ä¶</body>
  -   locator resolved to hidden <body>‚Ä¶</body>
  -   locator resolved to hidden <body>‚Ä¶</body>
  -   locator resolved to hidden <body>‚Ä¶</body>
  -   locator resolved to hidden <body>‚Ä¶</body>
  -   locator resolved to hidden <body>‚Ä¶</body>
  -   locator resolved to hidden <body>‚Ä¶</body>
  -   locator resolved to hidden <body>‚Ä¶</body>
  -   locator resolved to hidden <body>‚Ä¶</body>
  -   locator resolved to hidden <body>‚Ä¶</body>
  -   locator resolved to hidden <body>‚Ä¶</body>
  -   locator resolved to hidden <body>‚Ä¶</body>
  -   locator resolved to hidden <body>‚Ä¶</body>
  -   locator resolved to hidden <body>‚Ä¶</body>
  -   locator resolved to hidden <body>‚Ä¶</body>
  -   locator resolved to hidden <body>‚Ä¶</body>
  -   locator resolved to hidden <body>‚Ä¶</body>
  -   locator resolved to hidden <body>‚Ä¶</body>
  -   locator resolved to hidden <body>‚Ä¶</body>
  -   locator resolved to hidden <body>‚Ä¶</body>
  -   locator resolved to hidden <body>‚Ä¶</body>
  -   locator resolved to hidden <body>‚Ä¶</body>
  -   locator resolved to hidden <body>‚Ä¶</body>
  -   locator resolved to hidden <body>‚Ä¶</body>
  -   locator resolved to hidden <body>‚Ä¶</body>
  -   locator resolved to hidden <body>‚Ä¶</body>
  -   locator resolved to hidden <body>‚Ä¶</body>
  -   locator resolved to hidden <body>‚Ä¶</body>
  -   locator resolved to hidden <body>‚Ä¶</body>
  -   locator resolved to hidden <body>‚Ä¶</body>
  -   locator resolved to hidden <body>‚Ä¶</body>
  -   locator resolved to hidden <body>‚Ä¶</body>
  -   locator resolved to hidden <body>‚Ä¶</body>
  -   locator resolved to hidden <body>‚Ä¶</body>
  -   locator resolved to hidden <body>‚Ä¶</body>
  -   locator resolved to hidden <body>‚Ä¶</body>
  -   locator resolved to hidden <body>‚Ä¶</body>
  -   locator resolved to hidden <body>‚Ä¶</body>
  -   locator resolved to hidden <body>‚Ä¶</body>
  -   locator resolved to hidden <body>‚Ä¶</body>
  -   locator resolved to hidden <body>‚Ä¶</body>
  -   locator resolved to hidden <body>‚Ä¶</body>
  -   locator resolved to hidden <body>‚Ä¶</body>
  -   locator resolved to hidden <body>‚Ä¶</body>
  -   locator resolved to hidden <body>‚Ä¶</body>
  -   locator resolved to hidden <body>‚Ä¶</body>
  -   locator resolved to hidden <body>‚Ä¶</body>
  -   locator resolved to hidden <body>‚Ä¶</body>
  -   locator resolved to hidden <body>‚Ä¶</body>
  -   locator resolved to hidden <body>‚Ä¶</body>
  -   locator resolved to hidden <body>‚Ä¶</body>
  -   locator resolved to hidden <body>‚Ä¶</body>
  -   locator resolved to hidden <body>‚Ä¶</body>
  -   locator resolved to hidden <body>‚Ä¶</body>
  -   locator resolved to hidden <body>‚Ä¶</body>
  -   locator resolved to hidden <body>‚Ä¶</body>
  -   locator resolved to hidden <body>‚Ä¶</body>
  -   locator resolved to hidden <body>‚Ä¶</body>
  -   locator resolved to hidden <body>‚Ä¶</body>
  -   locator resolved to hidden <body>‚Ä¶</body>
  -   locator resolved to hidden <body>‚Ä¶</body>
  -   locator resolved to hidden <body>‚Ä¶</body>
  -   locator resolved to hidden <body>‚Ä¶</body>
  -   locator resolved to hidden <body>‚Ä¶</body>
  -   locator resolved to hidden <body>‚Ä¶</body>
  -   locator resolved to hidden <body>‚Ä¶</body>
  -   locator resolved to hidden <body>‚Ä¶</body>
  -   locator resolved to hidden <body>‚Ä¶</body>
  -   locator resolved to hidden <body>‚Ä¶</body>
  -   locator resolved to hidden <body>‚Ä¶</body>
  -   locator resolved to hidden <body>‚Ä¶</body>
  -   locator resolved to hidden <body>‚Ä¶</body>
  -   locator resolved to hidden <body>‚Ä¶</body>
  -   locator resolved to hidden <body>‚Ä¶</body>
  -   locator resolved to hidden <body>‚Ä¶</body>
  -   locator resolved to hidden <body>‚Ä¶</body>
  -   locator resolved to hidden <body>‚Ä¶</body>
  -   locator resolved to hidden <body>‚Ä¶</body>
  -   locator resolved to hidden <body>‚Ä¶</body>
  -   locator resolved to hidden <body>‚Ä¶</body>
  -   locator resolved to hidden <body>‚Ä¶</body>
  -   locator resolved to hidden <body>‚Ä¶</body>
  -   locator resolved to hidden <body>‚Ä¶</body>
  -   locator resolved to hidden <body>‚Ä¶</body>
  -   locator resolved to hidden <body>‚Ä¶</body>
  -   locator resolved to hidden <body>‚Ä¶</body>
  -   locator resolved to hidden <body>‚Ä¶</body>
  -   locator resolved to hidden <body>‚Ä¶</body>
  -   locator resolved to hidden <body>‚Ä¶</body>
  -   locator resolved to hidden <body>‚Ä¶</body>
  -   locator resolved to hidden <body>‚Ä¶</body>
  -   locator resolved to hidden <body>‚Ä¶</body>
  -   locator resolved to hidden <body>‚Ä¶</body>
  -   locator resolved to hidden <body>‚Ä¶</body>
  -   locator resolved to hidden <body>‚Ä¶</body>
  -   locator resolved to hidden <body>‚Ä¶</body>
  -   locator resolved to hidden <body>‚Ä¶</body>
  -   locator resolved to hidden <body>‚Ä¶</body>
  -   locator resolved to hidden <body>‚Ä¶</body>
  -   locator resolved to hidden <body>‚Ä¶</body>
  -   locator resolved to hidden <body>‚Ä¶</body>
  -   locator resolved to hidden <body>‚Ä¶</body>
  -   locator resolved to hidden <body>‚Ä¶</body>
  -   locator resolved to hidden <body>‚Ä¶</body>
  -   locator resolved to hidden <body>‚Ä¶</body>
  -   locator resolved to hidden <body>‚Ä¶</body>
  -   locator resolved to hidden <body>‚Ä¶</body>
  -   locator resolved to hidden <body>‚Ä¶</body>
  -   locator resolved to hidden <body>‚Ä¶</body>
  -   locator resolved to hidden <body>‚Ä¶</body>
  -   locator resolved to hidden <body>‚Ä¶</body>
  -   locator resolved to hidden <body>‚Ä¶</body>
  -   locator resolved to hidden <body>‚Ä¶</body>
  -   locator resolved to hidden <body>‚Ä¶</body>
  -   locator resolved to hidden <body>‚Ä¶</body>
  -   locator resolved to hidden <body>‚Ä¶</body>
  -   locator resolved to hidden <body>‚Ä¶</body>
  -   locator resolved to hidden <body>‚Ä¶</body>
  -   locator resolved to hidden <body>‚Ä¶</body>
  -   locator resolved to hidden <body>‚Ä¶</body>
  -   locator resolved to hidden <body>‚Ä¶</body>
  -   locator resolved to hidden <body>‚Ä¶</body>
  -   locator resolved to hidden <body>‚Ä¶</body>
  -   locator resolved to hidden <body>‚Ä¶</body>
  -   locator resolved to hidden <body>‚Ä¶</body>
  -   locator resolved to hidden <body>‚Ä¶</body>
  -   locator resolved to hidden <body>‚Ä¶</body>
  -   locator resolved to hidden <body>‚Ä¶</body>
  -   locator resolved to hidden <body>‚Ä¶</body>
  -   locator resolved to hidden <body>‚Ä¶</body>
  -   locator resolved to hidden <body>‚Ä¶</body>
  -   locator resolved to hidden <body>‚Ä¶</body>
  -   locator resolved to hidden <body>‚Ä¶</body>
  -   locator resolved to hidden <body>‚Ä¶</body>
  -   locator resolved to hidden <body>‚Ä¶</body>
  -   locator resolved to hidden <body>‚Ä¶</body>
  -   locator resolved to hidden <body>‚Ä¶</body>
  -   locator resolved to hidden <body>‚Ä¶</body>
  -   locator resolved to hidden <body>‚Ä¶</body>
  -   locator resolved to hidden <body>‚Ä¶</body>
  -   locator resolved to hidden <body>‚Ä¶</body>
  -   locator resolved to hidden <body>‚Ä¶</body>
  -   locator resolved to hidden <body>‚Ä¶</body>
  -   locator resolved to hidden <body>‚Ä¶</body>
  -   locator resolved to hidden <body>‚Ä¶</body>
  -   locator resolved to hidden <body>‚Ä¶</body>
  -   locator resolved to hidden <body>‚Ä¶</body>
  -   locator resolved to hidden <body>‚Ä¶</body>
  -   locator resolved to hidden <body>‚Ä¶</body>
  -   locator resolved to hidden <body>‚Ä¶</body>
  -   locator resolved to hidden <body>‚Ä¶</body>
  -   locator resolved to hidden <body>‚Ä¶</body>
  -   locator resolved to hidden <body>‚Ä¶</body>
  -   locator resolved to hidden <body>‚Ä¶</body>
  -   locator resolved to hidden <body>‚Ä¶</body>
  -   locator resolved to hidden <body>‚Ä¶</body>
  -   locator resolved to hidden <body>‚Ä¶</body>
  -   locator resolved to hidden <body>‚Ä¶</body>
  -   locator resolved to hidden <body>‚Ä¶</body>
  -   locator resolved to hidden <body>‚Ä¶</body>
  -   locator resolved to hidden <body>‚Ä¶</body>
  -   locator resolved to hidden <body>‚Ä¶</body>
  -   locator resolved to hidden <body>‚Ä¶</body>
  -   locator resolved to hidden <body>‚Ä¶</body>
  -   locator resolved to hidden <body>‚Ä¶</body>
  -   locator resolved to hidden <body>‚Ä¶</body>
  -   locator resolved to hidden <body>‚Ä¶</body>
  -   locator resolved to hidden <body>‚Ä¶</body>
  -   locator resolved to hidden <body>‚Ä¶</body>
  -   locator resolved to hidden <body>‚Ä¶</body>
  -   locator resolved to hidden <body>‚Ä¶</body>
  -   locator resolved to hidden <body>‚Ä¶</body>
  -   locator resolved to hidden <body>‚Ä¶</body>
  -   locator resolved to hidden <body>‚Ä¶</body>
  -   locator resolved to hidden <body>‚Ä¶</body>
  -   locator resolved to hidden <body>‚Ä¶</body>
  -   locator resolved to hidden <body>‚Ä¶</body>
  -   locator resolved to hidden <body>‚Ä¶</body>
  -   locator resolved to hidden <body>‚Ä¶</body>
  -   locator resolved to hidden <body>‚Ä¶</body>
  -   locator resolved to hidden <body>‚Ä¶</body>
  -   locator resolved to hidden <body>‚Ä¶</body>
  -   locator resolved to hidden <body>‚Ä¶</body>
  -   locator resolved to hidden <body>‚Ä¶</body>
  -   locator resolved to hidden <body>‚Ä¶</body>
  -   locator resolved to hidden <body>‚Ä¶</body>
  -   locator resolved to hidden <body>‚Ä¶</body>
  -   locator resolved to hidden <body>‚Ä¶</body>
  -   locator resolved to hidden <body>‚Ä¶</body>
  -   locator resolved to hidden <body>‚Ä¶</body>
  -   locator resolved to hidden <body>‚Ä¶</body>
  -   locator resolved to hidden <body>‚Ä¶</body>
  -   locator resolved to hidden <body>‚Ä¶</body>
  -   locator resolved to hidden <body>‚Ä¶</body>
  -   locator resolved to hidden <body>‚Ä¶</body>
  -   locator resolved to hidden <body>‚Ä¶</body>
  -   locator resolved to hidden <body>‚Ä¶</body>
  -   locator resolved to hidden <body>‚Ä¶</body>
  -   locator resolved to hidden <body>‚Ä¶</body>
  -   locator resolved to hidden <body>‚Ä¶</body>
  -   locator resolved to hidden <body>‚Ä¶</body>
  -   locator resolved to hidden <body>‚Ä¶</body>
  -   locator resolved to hidden <body>‚Ä¶</body>
  -   locator resolved to hidden <body>‚Ä¶</body>
  -   locator resolved to hidden <body>‚Ä¶</body>
  -   locator resolved to hidden <body>‚Ä¶</body>
  -   locator resolved to hidden <body>‚Ä¶</body>
  -   locator resolved to hidden <body>‚Ä¶</body>
  -   locator resolved to hidden <body>‚Ä¶</body>
  -   locator resolved to hidden <body>‚Ä¶</body>
  -   locator resolved to hidden <body>‚Ä¶</body>
  -   locator resolved to hidden <body>‚Ä¶</body>
  -   locator resolved to hidden <body>‚Ä¶</body>
  -   locator resolved to hidden <body>‚Ä¶</body>
  -   locator resolved to hidden <body>‚Ä¶</body>
  -   locator resolved to hidden <body>‚Ä¶</body>
  -   locator resolved to hidden <body>‚Ä¶</body>
  -   locator resolved to hidden <body>‚Ä¶</body>
  -   locator resolved to hidden <body>‚Ä¶</body>
  -   locator resolved to hidden <body>‚Ä¶</body>
  -   locator resolved to hidden <body>‚Ä¶</body>
  -   locator resolved to hidden <body>‚Ä¶</body>
  -   locator resolved to hidden <body>‚Ä¶</body>
  -   locator resolved to hidden <body>‚Ä¶</body>
  -   locator resolved to hidden <body>‚Ä¶</body>
  -   locator resolved to hidden <body>‚Ä¶</body>
  -   locator resolved to hidden <body>‚Ä¶</body>
  -   locator resolved to hidden <body>‚Ä¶</body>
  -   locator resolved to hidden <body>‚Ä¶</body>
  -   locator resolved to hidden <body>‚Ä¶</body>
  -   locator resolved to hidden <body>‚Ä¶</body>
  -   locator resolved to hidden <body>‚Ä¶</body>
  -   locator resolved to hidden <body>‚Ä¶</body>
  -   locator resolved to hidden <body>‚Ä¶</body>
  -   locator resolved to hidden <body>‚Ä¶</body>
  -   locator resolved to hidden <body>‚Ä¶</body>
  -   locator resolved to hidden <body>‚Ä¶</body>
  -   locator resolved to hidden <body>‚Ä¶</body>
  -   locator resolved to hidden <body>‚Ä¶</body>
  -   locator resolved to hidden <body>‚Ä¶</body>
  -   locator resolved to hidden <body>‚Ä¶</body>
  -   locator resolved to hidden <body>‚Ä¶</body>
  -   locator resolved to hidden <body>‚Ä¶</body>
  -   locator resolved to hidden <body>‚Ä¶</body>
  -   locator resolved to hidden <body>‚Ä¶</body>
  -   locator resolved to hidden <body>‚Ä¶</body>
  -   locator resolved to hidden <body>‚Ä¶</body>
  -   locator resolved to hidden <body>‚Ä¶</body>
  -   locator resolved to hidden <body>‚Ä¶</body>
  -   locator resolved to hidden <body>‚Ä¶</body>
  -   locator resolved to hidden <body>‚Ä¶</body>
  -   locator resolved to hidden <body>‚Ä¶</body>
  -   locator resolved to hidden <body>‚Ä¶</body>
  -   locator resolved to hidden <body>‚Ä¶</body>
  -   locator resolved to hidden <body>‚Ä¶</body>
  -   locator resolved to hidden <body>‚Ä¶</body>
  -   locator resolved to hidden <body>‚Ä¶</body>
  -   locator resolved to hidden <body>‚Ä¶</body>
  -   locator resolved to hidden <body>‚Ä¶</body>
  -   locator resolved to hidden <body>‚Ä¶</body>
  -   locator resolved to hidden <body>‚Ä¶</body>
  -   locator resolved to hidden <body>‚Ä¶</body>
  -   locator resolved to hidden <body>‚Ä¶</body>
  -   locator resolved to hidden <body>‚Ä¶</body>
  -   locator resolved to hidden <body>‚Ä¶</body>
  -   locator resolved to hidden <body>‚Ä¶</body>
  -   locator resolved to hidden <body>‚Ä¶</body>
  -   locator resolved to hidden <body>‚Ä¶</body>
  -   locator resolved to hidden <body>‚Ä¶</body>
  -   locator resolved to hidden <body>‚Ä¶</body>
  -   locator resolved to hidden <body>‚Ä¶</body>
  -   locator resolved to hidden <body>‚Ä¶</body>
  -   locator resolved to hidden <body>‚Ä¶</body>
  -   locator resolved to hidden <body>‚Ä¶</body>
  -   locator resolved to hidden <body>‚Ä¶</body>
  -   locator resolved to hidden <body>‚Ä¶</body>
  -   locator resolved to hidden <body>‚Ä¶</body>
  -   locator resolved to hidden <body>‚Ä¶</body>
  -   locator resolved to hidden <body>‚Ä¶</body>
  -   locator resolved to hidden <body>‚Ä¶</body>
  -   locator resolved to hidden <body>‚Ä¶</body>
  -   locator resolved to hidden <body>‚Ä¶</body>
  -   locator resolved to hidden <body>‚Ä¶</body>
  -   locator resolved to hidden <body>‚Ä¶</body>
  -   locator resolved to hidden <body>‚Ä¶</body>
  -   locator resolved to hidden <body>‚Ä¶</body>
  -   locator resolved to hidden <body>‚Ä¶</body>
  -   locator resolved to hidden <body>‚Ä¶</body>
  -   locator resolved to hidden <body>‚Ä¶</body>
  -   locator resolved to hidden <body>‚Ä¶</body>
  -   locator resolved to hidden <body>‚Ä¶</body>
  -   locator resolved to hidden <body>‚Ä¶</body>
  -   locator resolved to hidden <body>‚Ä¶</body>
  -   locator resolved to hidden <body>‚Ä¶</body>
  -   locator resolved to hidden <body>‚Ä¶</body>
  -   locator resolved to hidden <body>‚Ä¶</body>
  -   locator resolved to hidden <body>‚Ä¶</body>
  -   locator resolved to hidden <body>‚Ä¶</body>
  -   locator resolved to hidden <body>‚Ä¶</body>
  -   locator resolved to hidden <body>‚Ä¶</body>
  -   locator resolved to hidden <body>‚Ä¶</body>
  -   locator resolved to hidden <body>‚Ä¶</body>
  -   locator resolved to hidden <body>‚Ä¶</body>
  -   locator resolved to hidden <body>‚Ä¶</body>
  -   locator resolved to hidden <body>‚Ä¶</body>
  -   locator resolved to hidden <body>‚Ä¶</body>
  -   locator resolved to hidden <body>‚Ä¶</body>
  -   locator resolved to hidden <body>‚Ä¶</body>
  -   locator resolved to hidden <body>‚Ä¶</body>
  -   locator resolved to hidden <body>‚Ä¶</body>
  -   locator resolved to hidden <body>‚Ä¶</body>
  -   locator resolved to hidden <body>‚Ä¶</body>
  -   locator resolved to hidden <body>‚Ä¶</body>
  -   locator resolved to hidden <body>‚Ä¶</body>
  -   locator resolved to hidden <body>‚Ä¶</body>
  -   locator resolved to hidden <body>‚Ä¶</body>
  -   locator resolved to hidden <body>‚Ä¶</body>
  -   locator resolved to hidden <body>‚Ä¶</body>
  -   locator resolved to hidden <body>‚Ä¶</body>
  -   locator resolved to hidden <body>‚Ä¶</body>
  -   locator resolved to hidden <body>‚Ä¶</body>
  -   locator resolved to hidden <body>‚Ä¶</body>
  -   locator resolved to hidden <body>‚Ä¶</body>
  -   locator resolved to hidden <body>‚Ä¶</body>
  -   locator resolved to hidden <body>‚Ä¶</body>
  -   locator resolved to hidden <body>‚Ä¶</body>
  -   locator resolved to hidden <body>‚Ä¶</body>
  -   locator resolved to hidden <body>‚Ä¶</body>


The above exception was the direct cause of the following exception:

Traceback (most recent call last):
  File "/home/runner/work/Python/Python/mypy/lib/playwright/publish_helper.py", line 123, in publish_mission
    is_login = await self._check_login_status(page)
  File "/home/runner/work/Python/Python/mypy/lib/playwright/publish_helper.py", line 81, in _check_login_status
    raise CheckLoginStatusExp from ex
mypy.lib.playwright.exceptions.CheckLoginStatusExp

The above exception was the direct cause of the following exception:

Traceback (most recent call last):
  File "/home/runner/work/Python/Python/mypy/lib/playwright/publish_helper.py", line 148, in do_publish
    async for attempt in AsyncRetrying(
  File "/opt/hostedtoolcache/Python/3.8.18/x64/lib/python3.8/site-packages/tenacity/_asyncio.py", line 71, in __anext__
    do = self.iter(retry_state=self._retry_state)
  File "/opt/hostedtoolcache/Python/3.8.18/x64/lib/python3.8/site-packages/tenacity/__init__.py", line 314, in iter
    return fut.result()
  File "/opt/hostedtoolcache/Python/3.8.18/x64/lib/python3.8/concurrent/futures/_base.py", line 437, in result
    return self.__get_result()
  File "/opt/hostedtoolcache/Python/3.8.18/x64/lib/python3.8/concurrent/futures/_base.py", line 389, in __get_result
    raise self._exception
  File "/home/runner/work/Python/Python/mypy/lib/playwright/publish_helper.py", line 156, in do_publish
    await self.publish_mission(playwright)
  File "/home/runner/work/Python/Python/mypy/lib/playwright/publish_helper.py", line 137, in publish_mission
    raise PublishFail(original_exception=ex) from ex
mypy.lib.playwright.exceptions.PublishFail