INFO     conftest:conftest.py:117 🟢 [创建]测试用例输出目录: /home/runner/work/github-runner/github-runner/mypy/tests/apps/ppt2douyin/_out/test_ppt2douyin
DEBUG    mypy.utils.file:file.py:396 🔵 测试文件 ['/home/runner/work/github-runner/github-runner/mypy/assets/media/ppt/ppt_original_video.mp4'] 成功拷贝到 /home/runner/work/github-runner/github-runner/mypy/tests/apps/ppt2douyin/_out/test_ppt2douyin/_out
INFO     mypy.lib.playwright.publish_config:publish_config.py:157 🟢 -----> 配置如下 <-----
INFO     mypy.apps.ppt2douyin.main:log.py:192 🟢 ========================================
INFO     mypy.apps.ppt2douyin.main:main.py:174 🟢 开始发布 /home/runner/work/github-runner/github-runner/mypy/tests/apps/ppt2douyin/_out/test_ppt2douyin/_out 目录下的文件
INFO     mypy.apps.ppt2douyin.main:log.py:192 🟢 ========================================
WARNING  mypy.lib.music.music:music.py:24 🟠 在 /home/runner/work/github-runner/github-runner/mypy/tests/apps/ppt2douyin/_out/test_ppt2douyin 下未发现歌曲，开始下载 douyin 热门歌曲
INFO     mypy.lib.douyin.douyin_music:douyin_music.py:33 🟢 一共发现 102 条音乐信息
DEBUG    mypy.lib.mqs.pylib.downloader:downloader.py:88 🔵 ------------------------------------------------------------
DEBUG    mypy.lib.mqs.pylib.downloader:downloader.py:89 🔵 下载任务数量: 102
DEBUG    mypy.lib.mqs.pylib.downloader:downloader.py:90 🔵 ------------------------------------------------------------
DEBUG    mypy.lib.mqs.pylib.downloader:downloader.py:97 🔵 ------------------------------------------------------------
DEBUG    mypy.lib.mqs.pylib.downloader:downloader.py:98 🔵 生产者数量: 6, 每个生产者负责 20 个任务
DEBUG    mypy.lib.mqs.pylib.downloader:downloader.py:100 🔵 消费者数量: 20
DEBUG    mypy.lib.mqs.pylib.downloader:downloader.py:101 🔵 ------------------------------------------------------------
INFO     mypy.lib.mqs.pylib.downloader:downloader.py:111 🟢 下载任务结束
INFO     mypy.apps.ppt2douyin.ppt_video_handler:ppt_video_handler.py:65 🟢 -----> 正在合并音视频《/home/runner/work/github-runner/github-runner/mypy/tests/apps/ppt2douyin/_out/test_ppt2douyin/_out/ppt_original_video.mp4》和 《/home/runner/work/github-runner/github-runner/mypy/tests/apps/ppt2douyin/_out/test_ppt2douyin/_out/music/不负众望（剪辑版）.m4a》，并加速到 44s
INFO     mypy.apps.ppt2douyin.ppt_video_handler:ppt_video_handler.py:72 🟢 -----> 添加 bgm
DEBUG    mypy.lib.video.ffmpeg_helper:ffmpeg_helper.py:199 🔵 视频时长(44s) >= bgm 时长(28.631s)，循环播放 bgm 2 次
INFO     mypy.apps.ppt2douyin.ppt_video_handler:ppt_video_handler.py:93 🟢 -----> 添加演讲语音
INFO     mypy.apps.ppt2douyin.ppt_video_handler:ppt_video_handler.py:113 🟢 -----> 添加水印: /home/runner/work/github-runner/github-runner/mypy/assets/account/test/logo.png
INFO     mypy.apps.ppt2douyin.ppt_video_handler:ppt_video_handler.py:128 🟢 -----> 开始进行视频剪辑 <-----
INFO     mypy.apps.ppt2douyin.ppt_video_handler:ppt_video_handler.py:157 🟢 -----> 视频剪辑完成 <-----
INFO     mypy.lib.playwright.publish_handler:publish_handler.py:84 🟢 -----> 开始发布《/home/runner/work/github-runner/github-runner/mypy/tests/apps/ppt2douyin/_out/test_ppt2douyin/_out/ppt.mp4》到 ['douyin'] 平台
WARNING  mypy.lib.playwright.publish_handler:log.py:123 🟠 [platform: douyin], [publish_file: ppt.mp4] - /home/runner/work/github-runner/github-runner/mypy/tests/apps/ppt2douyin/_out/test_ppt2douyin/config/cookie/douyin 下发现多个 cookie: ['/home/runner/work/github-runner/github-runner/mypy/tests/apps/ppt2douyin/_out/test_ppt2douyin/config/cookie/douyin/cookie_large.json', '/home/runner/work/github-runner/github-runner/mypy/tests/apps/ppt2douyin/_out/test_ppt2douyin/config/cookie/douyin/cookie_test.json', '/home/runner/work/github-runner/github-runner/mypy/tests/apps/ppt2douyin/_out/test_ppt2douyin/config/cookie/douyin/cookie_middle.json']
INFO     mypy.lib.playwright.publish_handler:log.py:120 🟢 [platform: douyin], [publish_file: ppt.mp4] - 默认选择第一个 cookie: /home/runner/work/github-runner/github-runner/mypy/tests/apps/ppt2douyin/_out/test_ppt2douyin/config/cookie/douyin/cookie_large.json
INFO     mypy.lib.playwright.publish_handler:log.py:120 🟢 [platform: douyin], [publish_file: ppt.mp4] - 从配置文件中读取的发布账号: /home/runner/work/github-runner/github-runner/mypy/tests/apps/ppt2douyin/_out/test_ppt2douyin/config/cookie/douyin/cookie_test.json
INFO     mypy.lib.playwright.publish_handler:log.py:120 🟢 [platform: douyin], [publish_file: ppt.mp4] - 正在使用 [/home/runner/work/github-runner/github-runner/mypy/tests/apps/ppt2douyin/_out/test_ppt2douyin/config/cookie/douyin/cookie_test.json] 发布作品
WARNING  mypy.lib.proxy_pool.proxy_pool_helper:proxy_pool_helper.py:49 🟠 未找到可用的 深圳(https) 代理地址
DEBUG    mypy.lib.playwright.publish_handler:log.py:117 🔵 [platform: douyin], [publish_file: ppt.mp4] - 从文件标题解析出话题: #ppt
INFO     mypy.lib.playwright.publish_handler:log.py:120 🟢 [platform: douyin], [publish_file: ppt.mp4] - ============================================================
INFO     mypy.lib.playwright.publish_handler:log.py:120 🟢 [platform: douyin], [publish_file: ppt.mp4] - [DouyinVideoPublishHelper] 开始执行发布任务
INFO     mypy.lib.playwright.publish_handler:log.py:120 🟢 [platform: douyin], [publish_file: ppt.mp4] - ============================================================
CRITICAL mypy.lib.playwright.publish_handler:log.py:129 ❌ [platform: douyin], [publish_file: ppt.mp4] - 账号登录状态已失效，正在跳出: Page.inner_text: Timeout 120000ms exceeded.
Call log:
waiting for locator(".rNsML")

CRITICAL mypy.lib.playwright.publish_handler:log.py:129 ❌ [platform: douyin], [publish_file: ppt.mp4] - 《ppt》发布异常: Page.inner_text: Timeout 120000ms exceeded.
Call log:
waiting for locator(".rNsML")

ERROR    mypy.lib.playwright.common:common.py:169 🔴 Page.inner_text: Timeout 120000ms exceeded.
Call log:
waiting for locator(".rNsML")
Traceback (most recent call last):
  File "/home/runner/work/github-runner/github-runner/mypy/lib/playwright/core/publish_helper.py", line 95, in _check_login_status
    user_name = await self._get_logined_username(page)
  File "/home/runner/work/github-runner/github-runner/mypy/lib/playwright/core/publish_helper.py", line 86, in _get_logined_username
    raise ex
  File "/home/runner/work/github-runner/github-runner/mypy/lib/playwright/core/publish_helper.py", line 82, in _get_logined_username
    user_name = await page.inner_text(
  File "/opt/hostedtoolcache/Python/3.9.19/x64/lib/python3.9/site-packages/playwright/async_api/_generated.py", line 10481, in inner_text
    await self._impl_obj.inner_text(
  File "/opt/hostedtoolcache/Python/3.9.19/x64/lib/python3.9/site-packages/playwright/_impl/_page.py", line 904, in inner_text
    return await self._main_frame.inner_text(**locals_to_params(locals()))
  File "/opt/hostedtoolcache/Python/3.9.19/x64/lib/python3.9/site-packages/playwright/_impl/_frame.py", line 618, in inner_text
    return await self._channel.send("innerText", locals_to_params(locals()))
  File "/opt/hostedtoolcache/Python/3.9.19/x64/lib/python3.9/site-packages/playwright/_impl/_connection.py", line 59, in send
    return await self._connection.wrap_api_call(
  File "/opt/hostedtoolcache/Python/3.9.19/x64/lib/python3.9/site-packages/playwright/_impl/_connection.py", line 514, in wrap_api_call
    raise rewrite_error(error, f"{parsed_st['apiName']}: {error}") from None
playwright._impl._errors.TimeoutError: Page.inner_text: Timeout 120000ms exceeded.
Call log:
waiting for locator(".rNsML")


The above exception was the direct cause of the following exception:

Traceback (most recent call last):
  File "/home/runner/work/github-runner/github-runner/mypy/lib/playwright/common.py", line 167, in launch_browser_mgr
    yield browser, context, page
  File "/home/runner/work/github-runner/github-runner/mypy/lib/playwright/core/publish_helper.py", line 162, in publish_mission
    raise ex
  File "/home/runner/work/github-runner/github-runner/mypy/lib/playwright/core/publish_helper.py", line 146, in publish_mission
    await self._check_login_status(page)
  File "/home/runner/work/github-runner/github-runner/mypy/lib/playwright/core/publish_helper.py", line 99, in _check_login_status
    raise CheckLoginStatusExp(original_exception=ex) from ex
mypy.lib.playwright.exceptions.CheckLoginStatusExp: Page.inner_text: Timeout 120000ms exceeded.
Call log:
waiting for locator(".rNsML")

CRITICAL mypy.lib.playwright.publish_handler:log.py:129 ❌ [platform: douyin], [publish_file: ppt.mp4] - 《ppt》发布异常: Page.inner_text: Timeout 120000ms exceeded.
Call log:
waiting for locator(".rNsML")

WARNING  mypy.lib.playwright.publish_handler:publish_handler.py:61 🟠 [/home/runner/work/github-runner/github-runner/mypy/tests/apps/ppt2douyin/_out/test_ppt2douyin/_out/ppt.mp4] 发布到 [douyin] 失败，原因: [Page.inner_text: Timeout 120000ms exceeded.
Call log:
waiting for locator(".rNsML")
]
INFO     mypy.apps.ppt2douyin.ppt_publish_helper:ppt_publish_helper.py:126 🟢 -----> 清理 ppt.mp4 临时文件
WARNING  mypy.utils.file:file.py:212 🟠 正在删除文件名前缀为 ppt 文件: /home/runner/work/github-runner/github-runner/mypy/tests/apps/ppt2douyin/_out/test_ppt2douyin/_out/ppt_original_video.mp4
WARNING  mypy.utils.file:file.py:212 🟠 正在删除文件名前缀为 ppt 文件: /home/runner/work/github-runner/github-runner/mypy/tests/apps/ppt2douyin/_out/test_ppt2douyin/_out/ppt.mp4
WARNING  mypy.utils.file:file.py:212 🟠 正在删除文件名前缀为 ppt 文件: /home/runner/work/github-runner/github-runner/mypy/tests/apps/ppt2douyin/_out/test_ppt2douyin/ppt.mp3
INFO     mypy.apps.ppt2douyin.ppt_publish_helper:ppt_publish_helper.py:135 🟢 继续处理下一个视频...
INFO     mypy.apps.ppt2douyin.ppt_publish_helper:ppt_publish_helper.py:136 🟢 处理完成，一共处理了 1 个视频