INFO     mypy.lib.playwright.publish_config:publish_config.py:117 üü¢ -----> ÈÖçÁΩÆÂ¶Ç‰∏ã <-----
INFO     mypy.lib.wechat.video.publish_app:publish_app.py:130 üü¢ Ê≠£Âú®‰ΩøÁî® [cookie_Â§ßÂè∑.json] ÂèëÂ∏É‰ΩúÂìÅÔºåÂΩìÂâçË¥¶Âè∑ÊéíÂ∫è: [1]
INFO     mypy.lib.wechat.video.publish_app:publish_helper.py:109 üü¢ ============================================================
INFO     mypy.lib.wechat.video.publish_app:publish_helper.py:110 üü¢ [WechatPublishHelper] ÂºÄÂßãÊâßË°åÂèëÂ∏É‰ªªÂä°
INFO     mypy.lib.wechat.video.publish_app:publish_helper.py:111 üü¢ ============================================================
ERROR    mypy.lib.wechat.video.publish_app:publish_helper.py:76 üî¥ Ë¥¶Âè∑ÁôªÂΩïÁä∂ÊÄÅÂ∑≤Â§±ÊïàÔºåÊ≠£Âú®Ë∑≥Âá∫: Page.inner_text: Timeout 120000ms exceeded.
Call log:
waiting for locator(".finder-nickname")
Traceback (most recent call last):
  File "/home/runner/work/github-runner/github-runner/mypy/lib/playwright/publish_helper.py", line 73, in _check_login_status
    user_name = await self._get_logined_username(page)
  File "/home/runner/work/github-runner/github-runner/mypy/lib/playwright/publish_helper.py", line 64, in _get_logined_username
    raise ex
  File "/home/runner/work/github-runner/github-runner/mypy/lib/playwright/publish_helper.py", line 60, in _get_logined_username
    user_name = await page.inner_text(
  File "/opt/hostedtoolcache/Python/3.9.19/x64/lib/python3.9/site-packages/playwright/async_api/_generated.py", line 10332, in inner_text
    await self._impl_obj.inner_text(
  File "/opt/hostedtoolcache/Python/3.9.19/x64/lib/python3.9/site-packages/playwright/_impl/_page.py", line 899, in inner_text
    return await self._main_frame.inner_text(**locals_to_params(locals()))
  File "/opt/hostedtoolcache/Python/3.9.19/x64/lib/python3.9/site-packages/playwright/_impl/_frame.py", line 618, in inner_text
    return await self._channel.send("innerText", locals_to_params(locals()))
  File "/opt/hostedtoolcache/Python/3.9.19/x64/lib/python3.9/site-packages/playwright/_impl/_connection.py", line 59, in send
    return await self._connection.wrap_api_call(
  File "/opt/hostedtoolcache/Python/3.9.19/x64/lib/python3.9/site-packages/playwright/_impl/_connection.py", line 514, in wrap_api_call
    raise rewrite_error(error, f"{parsed_st['apiName']}: {error}") from None
playwright._impl._errors.TimeoutError: Page.inner_text: Timeout 120000ms exceeded.
Call log:
waiting for locator(".finder-nickname")

ERROR    mypy.lib.wechat.video.publish_app:publish_helper.py:130 üî¥ ‚ùå‚ùå‚ùå„Ääppt_video_maked„ÄãÂèëÂ∏ÉÂºÇÂ∏∏: Page.inner_text: Timeout 120000ms exceeded.
Call log:
waiting for locator(".finder-nickname")
Traceback (most recent call last):
  File "/home/runner/work/github-runner/github-runner/mypy/lib/playwright/publish_helper.py", line 73, in _check_login_status
    user_name = await self._get_logined_username(page)
  File "/home/runner/work/github-runner/github-runner/mypy/lib/playwright/publish_helper.py", line 64, in _get_logined_username
    raise ex
  File "/home/runner/work/github-runner/github-runner/mypy/lib/playwright/publish_helper.py", line 60, in _get_logined_username
    user_name = await page.inner_text(
  File "/opt/hostedtoolcache/Python/3.9.19/x64/lib/python3.9/site-packages/playwright/async_api/_generated.py", line 10332, in inner_text
    await self._impl_obj.inner_text(
  File "/opt/hostedtoolcache/Python/3.9.19/x64/lib/python3.9/site-packages/playwright/_impl/_page.py", line 899, in inner_text
    return await self._main_frame.inner_text(**locals_to_params(locals()))
  File "/opt/hostedtoolcache/Python/3.9.19/x64/lib/python3.9/site-packages/playwright/_impl/_frame.py", line 618, in inner_text
    return await self._channel.send("innerText", locals_to_params(locals()))
  File "/opt/hostedtoolcache/Python/3.9.19/x64/lib/python3.9/site-packages/playwright/_impl/_connection.py", line 59, in send
    return await self._connection.wrap_api_call(
  File "/opt/hostedtoolcache/Python/3.9.19/x64/lib/python3.9/site-packages/playwright/_impl/_connection.py", line 514, in wrap_api_call
    raise rewrite_error(error, f"{parsed_st['apiName']}: {error}") from None
playwright._impl._errors.TimeoutError: Page.inner_text: Timeout 120000ms exceeded.
Call log:
waiting for locator(".finder-nickname")


The above exception was the direct cause of the following exception:

Traceback (most recent call last):
  File "/home/runner/work/github-runner/github-runner/mypy/lib/playwright/publish_helper.py", line 119, in publish_mission
    await self._check_login_status(page)
  File "/home/runner/work/github-runner/github-runner/mypy/lib/playwright/publish_helper.py", line 77, in _check_login_status
    raise CheckLoginStatusExp(original_exception=ex) from ex
mypy.lib.playwright.exceptions.CheckLoginStatusExp: Page.inner_text: Timeout 120000ms exceeded.
Call log:
waiting for locator(".finder-nickname")

WARNING  mypy.lib.wechat.video.publish_app:before_sleep.py:65 Retrying <unknown> in 3.0 seconds as it raised PublishFail: Page.inner_text: Timeout 120000ms exceeded.
Call log:
waiting for locator(".finder-nickname")
.
INFO     mypy.lib.wechat.video.publish_app:publish_helper.py:109 üü¢ ============================================================
INFO     mypy.lib.wechat.video.publish_app:publish_helper.py:110 üü¢ [WechatPublishHelper] ÂºÄÂßãÊâßË°åÂèëÂ∏É‰ªªÂä°
INFO     mypy.lib.wechat.video.publish_app:publish_helper.py:111 üü¢ ============================================================
ERROR    mypy.lib.wechat.video.publish_app:publish_helper.py:76 üî¥ Ë¥¶Âè∑ÁôªÂΩïÁä∂ÊÄÅÂ∑≤Â§±ÊïàÔºåÊ≠£Âú®Ë∑≥Âá∫: Page.inner_text: Timeout 120000ms exceeded.
Call log:
waiting for locator(".finder-nickname")
Traceback (most recent call last):
  File "/home/runner/work/github-runner/github-runner/mypy/lib/playwright/publish_helper.py", line 73, in _check_login_status
    user_name = await self._get_logined_username(page)
  File "/home/runner/work/github-runner/github-runner/mypy/lib/playwright/publish_helper.py", line 64, in _get_logined_username
    raise ex
  File "/home/runner/work/github-runner/github-runner/mypy/lib/playwright/publish_helper.py", line 60, in _get_logined_username
    user_name = await page.inner_text(
  File "/opt/hostedtoolcache/Python/3.9.19/x64/lib/python3.9/site-packages/playwright/async_api/_generated.py", line 10332, in inner_text
    await self._impl_obj.inner_text(
  File "/opt/hostedtoolcache/Python/3.9.19/x64/lib/python3.9/site-packages/playwright/_impl/_page.py", line 899, in inner_text
    return await self._main_frame.inner_text(**locals_to_params(locals()))
  File "/opt/hostedtoolcache/Python/3.9.19/x64/lib/python3.9/site-packages/playwright/_impl/_frame.py", line 618, in inner_text
    return await self._channel.send("innerText", locals_to_params(locals()))
  File "/opt/hostedtoolcache/Python/3.9.19/x64/lib/python3.9/site-packages/playwright/_impl/_connection.py", line 59, in send
    return await self._connection.wrap_api_call(
  File "/opt/hostedtoolcache/Python/3.9.19/x64/lib/python3.9/site-packages/playwright/_impl/_connection.py", line 514, in wrap_api_call
    raise rewrite_error(error, f"{parsed_st['apiName']}: {error}") from None
playwright._impl._errors.TimeoutError: Page.inner_text: Timeout 120000ms exceeded.
Call log:
waiting for locator(".finder-nickname")

ERROR    mypy.lib.wechat.video.publish_app:publish_helper.py:130 üî¥ ‚ùå‚ùå‚ùå„Ääppt_video_maked„ÄãÂèëÂ∏ÉÂºÇÂ∏∏: Page.inner_text: Timeout 120000ms exceeded.
Call log:
waiting for locator(".finder-nickname")
Traceback (most recent call last):
  File "/home/runner/work/github-runner/github-runner/mypy/lib/playwright/publish_helper.py", line 73, in _check_login_status
    user_name = await self._get_logined_username(page)
  File "/home/runner/work/github-runner/github-runner/mypy/lib/playwright/publish_helper.py", line 64, in _get_logined_username
    raise ex
  File "/home/runner/work/github-runner/github-runner/mypy/lib/playwright/publish_helper.py", line 60, in _get_logined_username
    user_name = await page.inner_text(
  File "/opt/hostedtoolcache/Python/3.9.19/x64/lib/python3.9/site-packages/playwright/async_api/_generated.py", line 10332, in inner_text
    await self._impl_obj.inner_text(
  File "/opt/hostedtoolcache/Python/3.9.19/x64/lib/python3.9/site-packages/playwright/_impl/_page.py", line 899, in inner_text
    return await self._main_frame.inner_text(**locals_to_params(locals()))
  File "/opt/hostedtoolcache/Python/3.9.19/x64/lib/python3.9/site-packages/playwright/_impl/_frame.py", line 618, in inner_text
    return await self._channel.send("innerText", locals_to_params(locals()))
  File "/opt/hostedtoolcache/Python/3.9.19/x64/lib/python3.9/site-packages/playwright/_impl/_connection.py", line 59, in send
    return await self._connection.wrap_api_call(
  File "/opt/hostedtoolcache/Python/3.9.19/x64/lib/python3.9/site-packages/playwright/_impl/_connection.py", line 514, in wrap_api_call
    raise rewrite_error(error, f"{parsed_st['apiName']}: {error}") from None
playwright._impl._errors.TimeoutError: Page.inner_text: Timeout 120000ms exceeded.
Call log:
waiting for locator(".finder-nickname")


The above exception was the direct cause of the following exception:

Traceback (most recent call last):
  File "/home/runner/work/github-runner/github-runner/mypy/lib/playwright/publish_helper.py", line 119, in publish_mission
    await self._check_login_status(page)
  File "/home/runner/work/github-runner/github-runner/mypy/lib/playwright/publish_helper.py", line 77, in _check_login_status
    raise CheckLoginStatusExp(original_exception=ex) from ex
mypy.lib.playwright.exceptions.CheckLoginStatusExp: Page.inner_text: Timeout 120000ms exceeded.
Call log:
waiting for locator(".finder-nickname")

WARNING  mypy.lib.wechat.video.publish_app:before_sleep.py:65 Retrying <unknown> in 3.0 seconds as it raised PublishFail: Page.inner_text: Timeout 120000ms exceeded.
Call log:
waiting for locator(".finder-nickname")
.
INFO     mypy.lib.wechat.video.publish_app:publish_helper.py:109 üü¢ ============================================================
INFO     mypy.lib.wechat.video.publish_app:publish_helper.py:110 üü¢ [WechatPublishHelper] ÂºÄÂßãÊâßË°åÂèëÂ∏É‰ªªÂä°
INFO     mypy.lib.wechat.video.publish_app:publish_helper.py:111 üü¢ ============================================================
ERROR    mypy.lib.wechat.video.publish_app:publish_helper.py:76 üî¥ Ë¥¶Âè∑ÁôªÂΩïÁä∂ÊÄÅÂ∑≤Â§±ÊïàÔºåÊ≠£Âú®Ë∑≥Âá∫: Page.inner_text: Timeout 120000ms exceeded.
Call log:
waiting for locator(".finder-nickname")
Traceback (most recent call last):
  File "/home/runner/work/github-runner/github-runner/mypy/lib/playwright/publish_helper.py", line 73, in _check_login_status
    user_name = await self._get_logined_username(page)
  File "/home/runner/work/github-runner/github-runner/mypy/lib/playwright/publish_helper.py", line 64, in _get_logined_username
    raise ex
  File "/home/runner/work/github-runner/github-runner/mypy/lib/playwright/publish_helper.py", line 60, in _get_logined_username
    user_name = await page.inner_text(
  File "/opt/hostedtoolcache/Python/3.9.19/x64/lib/python3.9/site-packages/playwright/async_api/_generated.py", line 10332, in inner_text
    await self._impl_obj.inner_text(
  File "/opt/hostedtoolcache/Python/3.9.19/x64/lib/python3.9/site-packages/playwright/_impl/_page.py", line 899, in inner_text
    return await self._main_frame.inner_text(**locals_to_params(locals()))
  File "/opt/hostedtoolcache/Python/3.9.19/x64/lib/python3.9/site-packages/playwright/_impl/_frame.py", line 618, in inner_text
    return await self._channel.send("innerText", locals_to_params(locals()))
  File "/opt/hostedtoolcache/Python/3.9.19/x64/lib/python3.9/site-packages/playwright/_impl/_connection.py", line 59, in send
    return await self._connection.wrap_api_call(
  File "/opt/hostedtoolcache/Python/3.9.19/x64/lib/python3.9/site-packages/playwright/_impl/_connection.py", line 514, in wrap_api_call
    raise rewrite_error(error, f"{parsed_st['apiName']}: {error}") from None
playwright._impl._errors.TimeoutError: Page.inner_text: Timeout 120000ms exceeded.
Call log:
waiting for locator(".finder-nickname")

ERROR    mypy.lib.wechat.video.publish_app:publish_helper.py:130 üî¥ ‚ùå‚ùå‚ùå„Ääppt_video_maked„ÄãÂèëÂ∏ÉÂºÇÂ∏∏: Page.inner_text: Timeout 120000ms exceeded.
Call log:
waiting for locator(".finder-nickname")
Traceback (most recent call last):
  File "/home/runner/work/github-runner/github-runner/mypy/lib/playwright/publish_helper.py", line 73, in _check_login_status
    user_name = await self._get_logined_username(page)
  File "/home/runner/work/github-runner/github-runner/mypy/lib/playwright/publish_helper.py", line 64, in _get_logined_username
    raise ex
  File "/home/runner/work/github-runner/github-runner/mypy/lib/playwright/publish_helper.py", line 60, in _get_logined_username
    user_name = await page.inner_text(
  File "/opt/hostedtoolcache/Python/3.9.19/x64/lib/python3.9/site-packages/playwright/async_api/_generated.py", line 10332, in inner_text
    await self._impl_obj.inner_text(
  File "/opt/hostedtoolcache/Python/3.9.19/x64/lib/python3.9/site-packages/playwright/_impl/_page.py", line 899, in inner_text
    return await self._main_frame.inner_text(**locals_to_params(locals()))
  File "/opt/hostedtoolcache/Python/3.9.19/x64/lib/python3.9/site-packages/playwright/_impl/_frame.py", line 618, in inner_text
    return await self._channel.send("innerText", locals_to_params(locals()))
  File "/opt/hostedtoolcache/Python/3.9.19/x64/lib/python3.9/site-packages/playwright/_impl/_connection.py", line 59, in send
    return await self._connection.wrap_api_call(
  File "/opt/hostedtoolcache/Python/3.9.19/x64/lib/python3.9/site-packages/playwright/_impl/_connection.py", line 514, in wrap_api_call
    raise rewrite_error(error, f"{parsed_st['apiName']}: {error}") from None
playwright._impl._errors.TimeoutError: Page.inner_text: Timeout 120000ms exceeded.
Call log:
waiting for locator(".finder-nickname")


The above exception was the direct cause of the following exception:

Traceback (most recent call last):
  File "/home/runner/work/github-runner/github-runner/mypy/lib/playwright/publish_helper.py", line 119, in publish_mission
    await self._check_login_status(page)
  File "/home/runner/work/github-runner/github-runner/mypy/lib/playwright/publish_helper.py", line 77, in _check_login_status
    raise CheckLoginStatusExp(original_exception=ex) from ex
mypy.lib.playwright.exceptions.CheckLoginStatusExp: Page.inner_text: Timeout 120000ms exceeded.
Call log:
waiting for locator(".finder-nickname")

ERROR    mypy.lib.wechat.video.publish_app:publish_helper.py:151 üî¥ ‚ùå‚ùå‚ùå„Ääppt_video_maked„ÄãÂèëÂ∏ÉÂºÇÂ∏∏: RetryError[<Future at 0x7fc3e06ebfa0 state=finished raised PublishFail>]
Traceback (most recent call last):
  File "/home/runner/work/github-runner/github-runner/mypy/lib/playwright/publish_helper.py", line 73, in _check_login_status
    user_name = await self._get_logined_username(page)
  File "/home/runner/work/github-runner/github-runner/mypy/lib/playwright/publish_helper.py", line 64, in _get_logined_username
    raise ex
  File "/home/runner/work/github-runner/github-runner/mypy/lib/playwright/publish_helper.py", line 60, in _get_logined_username
    user_name = await page.inner_text(
  File "/opt/hostedtoolcache/Python/3.9.19/x64/lib/python3.9/site-packages/playwright/async_api/_generated.py", line 10332, in inner_text
    await self._impl_obj.inner_text(
  File "/opt/hostedtoolcache/Python/3.9.19/x64/lib/python3.9/site-packages/playwright/_impl/_page.py", line 899, in inner_text
    return await self._main_frame.inner_text(**locals_to_params(locals()))
  File "/opt/hostedtoolcache/Python/3.9.19/x64/lib/python3.9/site-packages/playwright/_impl/_frame.py", line 618, in inner_text
    return await self._channel.send("innerText", locals_to_params(locals()))
  File "/opt/hostedtoolcache/Python/3.9.19/x64/lib/python3.9/site-packages/playwright/_impl/_connection.py", line 59, in send
    return await self._connection.wrap_api_call(
  File "/opt/hostedtoolcache/Python/3.9.19/x64/lib/python3.9/site-packages/playwright/_impl/_connection.py", line 514, in wrap_api_call
    raise rewrite_error(error, f"{parsed_st['apiName']}: {error}") from None
playwright._impl._errors.TimeoutError: Page.inner_text: Timeout 120000ms exceeded.
Call log:
waiting for locator(".finder-nickname")


The above exception was the direct cause of the following exception:

Traceback (most recent call last):
  File "/home/runner/work/github-runner/github-runner/mypy/lib/playwright/publish_helper.py", line 119, in publish_mission
    await self._check_login_status(page)
  File "/home/runner/work/github-runner/github-runner/mypy/lib/playwright/publish_helper.py", line 77, in _check_login_status
    raise CheckLoginStatusExp(original_exception=ex) from ex
mypy.lib.playwright.exceptions.CheckLoginStatusExp: Page.inner_text: Timeout 120000ms exceeded.
Call log:
waiting for locator(".finder-nickname")


The above exception was the direct cause of the following exception:

Traceback (most recent call last):
  File "/home/runner/work/github-runner/github-runner/mypy/lib/playwright/publish_helper.py", line 149, in do_publish
    await self.publish_mission(playwright)
  File "/home/runner/work/github-runner/github-runner/mypy/lib/playwright/publish_helper.py", line 132, in publish_mission
    raise PublishFail(original_exception=ex) from ex
mypy.lib.playwright.exceptions.PublishFail: Page.inner_text: Timeout 120000ms exceeded.
Call log:
waiting for locator(".finder-nickname")


The above exception was the direct cause of the following exception:

Traceback (most recent call last):
  File "/home/runner/work/github-runner/github-runner/mypy/lib/playwright/publish_helper.py", line 143, in do_publish
    async for attempt in AsyncRetrying(
  File "/opt/hostedtoolcache/Python/3.9.19/x64/lib/python3.9/site-packages/tenacity/asyncio/__init__.py", line 166, in __anext__
    do = await self.iter(retry_state=self._retry_state)
  File "/opt/hostedtoolcache/Python/3.9.19/x64/lib/python3.9/site-packages/tenacity/asyncio/__init__.py", line 153, in iter
    result = await action(retry_state)
  File "/opt/hostedtoolcache/Python/3.9.19/x64/lib/python3.9/site-packages/tenacity/_utils.py", line 99, in inner
    return call(*args, **kwargs)
  File "/opt/hostedtoolcache/Python/3.9.19/x64/lib/python3.9/site-packages/tenacity/__init__.py", line 419, in exc_check
    raise retry_exc from fut.exception()
tenacity.RetryError: RetryError[<Future at 0x7fc3e06ebfa0 state=finished raised PublishFail>]