INFO     mypy.apps.youtu2douyin.main:main.py:29 üü¢ ËøêË°åÊ®°Âºè: once
INFO     mypy.apps.youtu2douyin.channel_loop:channel_loop.py:228 üü¢ ============================================================
INFO     mypy.apps.youtu2douyin.channel_loop:channel_loop.py:229 üü¢ channel: [TED-Ed]
INFO     mypy.apps.youtu2douyin.channel_loop:channel_loop.py:230 üü¢ ============================================================
INFO     mypy.apps.youtu2douyin.channel_loop:channel_loop.py:41 üü¢ new video„ÄäHow to increase your happiness„Äãfound, id: m4Ics03xzUQ, publish date: 2024-05-02 00:00:00
INFO     mypy.apps.youtu2douyin.channel_loop:channel_loop.py:240 üü¢ È¢ëÈÅì [TED-Ed] ÂèëÁé∞ 1 Êù°Êñ∞ video
INFO     mypy.apps.youtu2douyin.channel_loop:channel_loop.py:41 üü¢ new video„ÄäChanging the future, one student voice at a time #shorts„Äãfound, id: RSbi3BC-N9k, publish date: 2023-10-06 00:00:00
INFO     mypy.apps.youtu2douyin.channel_loop:channel_loop.py:249 üü¢ È¢ëÈÅì [TED-Ed] ÂèëÁé∞ 1 Êù°Êñ∞ shorts
DEBUG    mypy.apps.youtu2douyin.channel_loop:channel_loop.py:259 üîµ Ê£ÄÊµãÂà∞ 2 Êù°Êñ∞ËßÜÈ¢ë
INFO     mypy.lib.youtube.video_handler:video_handler.py:183 üü¢ ===== Ëé∑ÂèñËßÜÈ¢ë =====
INFO     mypy.lib.youtube.video_handler:video_handler.py:184 üü¢ ËæìÂá∫Ë∑ØÂæÑ: /home/runner/work/Python/Python/mypy/tests/apps/youtu2douyin/_out/channel_UCsooa4yRKGN_zEE8iknghZA
INFO     mypy.lib.youtube.video_handler:video_handler.py:195 üü¢ ===== ‰∏ãËΩΩËßÜÈ¢ëËµÑÊ∫ê =====
INFO     mypy.lib.youtube.ytdlp_helper:ytdlp_helper.py:164 üü¢ ----- ‰∏ãËΩΩËßÜÈ¢ë -----
DEBUG    /home/runner/work/Python/Python/mypy/utils/tools.py:tools.py:234 üîµ Ê≠£Âú®ÊâßË°åÂëΩ‰ª§: ['yt-dlp', '--format', 'bv+ba', '--merge-output-format', 'mp4', '--output', '/home/runner/work/Python/Python/mypy/tests/apps/youtu2douyin/_out/channel_UCsooa4yRKGN_zEE8iknghZA/RSbi3BC-N9k/RSbi3BC-N9k.mp4', '--write-thumbnail', '--convert-thumbnail', 'jpg', '--output', 'thumbnail:/home/runner/work/Python/Python/mypy/tests/apps/youtu2douyin/_out/channel_UCsooa4yRKGN_zEE8iknghZA/RSbi3BC-N9k/RSbi3BC-N9k', 'https://youtube.com/watch?v=RSbi3BC-N9k']
INFO     mypy.lib.youtube.ytdlp_helper:ytdlp_helper.py:168 üü¢ ----- ‰∏ãËΩΩÂ≠óÂπï -----
INFO     mypy.lib.youtube.y2_subtitle_handler:y2_subtitle_handler.py:34 üü¢ ----- ‰∏ãËΩΩÂ≠óÂπï -----
INFO     mypy.lib.youtube.video_handler:video_handler.py:199 üü¢ ===== ËßÜÈ¢ëÂâ™Ëæë =====
INFO     mypy.lib.youtube.video_handler:video_handler.py:213 üü¢ ----- Ââ™ËæëÂêéËßÜÈ¢ëË∑ØÂæÑ: /home/runner/work/Python/Python/mypy/tests/apps/youtu2douyin/_out/channel_UCsooa4yRKGN_zEE8iknghZA/RSbi3BC-N9k.mp4
INFO     mypy.lib.youtube.video_handler:video_handler.py:216 üü¢ ===== Ëé∑ÂèñÂ∞ÅÈù¢ =====
DEBUG    mypy.apps.youtu2douyin.channel_loop:channel_loop.py:116 üîµ ----- ËßÜÈ¢ë‰ø°ÊÅØ: {'id': 'RSbi3BC-N9k', 'url': 'https://youtube.com/watch?v=RSbi3BC-N9k', 'title': 'Changing the future, one student voice at a time #shorts', 'publish_date': '2023-10-06 00:00:00', 'published': []}
INFO     mypy.apps.youtu2douyin.channel_loop:channel_loop.py:123 üü¢ Á´ãÂç≥ÂèëÂ∏ÉÁõëÊéßÂà∞ÁöÑÁ¨¨‰∏ÄÊù°ËßÜÈ¢ë„ÄäÊîπÂèòÊú™Êù•Ôºå‰∏ÄÊ¨°‰∏Ä‰∏™Â≠¶ÁîüÁöÑÂ£∞Èü≥„Äã
INFO     mypy.lib.playwright.publish_handler:publish_handler.py:87 üü¢ -----> ÂºÄÂßãÂèëÂ∏ÉÂà∞ ['douyin', 'xiaohongshu'] Âπ≥Âè∞
INFO     mypy.lib.playwright.publish_handler:log.py:106 üü¢ [platform: douyin], [publish_file: RSbi3BC-N9k.mp4] - Ê≠£Âú®‰ΩøÁî® [cookie_17688150852.json] ÂèëÂ∏É‰ΩúÂìÅÔºåÂΩìÂâçË¥¶Âè∑ÊéíÂ∫è: [1]
INFO     mypy.lib.playwright.publish_handler:log.py:106 üü¢ [platform: xiaohongshu], [publish_file: RSbi3BC-N9k.mp4] - Ê≠£Âú®‰ΩøÁî® [cookie_17688150852.json] ÂèëÂ∏É‰ΩúÂìÅÔºåÂΩìÂâçË¥¶Âè∑ÊéíÂ∫è: [1]
INFO     mypy.lib.playwright.publish_handler:log.py:106 üü¢ [platform: douyin], [publish_file: RSbi3BC-N9k.mp4] - ============================================================
INFO     mypy.lib.playwright.publish_handler:log.py:106 üü¢ [platform: douyin], [publish_file: RSbi3BC-N9k.mp4] - [DouyinVideoPublishHelper] ÂºÄÂßãÊâßË°åÂèëÂ∏É‰ªªÂä°
INFO     mypy.lib.playwright.publish_handler:log.py:106 üü¢ [platform: douyin], [publish_file: RSbi3BC-N9k.mp4] - ============================================================
INFO     mypy.lib.xiaohongshu.publish_helper:publish_helper.py:113 üü¢ ============================================================
INFO     mypy.lib.xiaohongshu.publish_helper:publish_helper.py:114 üü¢ [XiaohongshuPublishHelper] ÂºÄÂßãÊâßË°åÂèëÂ∏É‰ªªÂä°
INFO     mypy.lib.xiaohongshu.publish_helper:publish_helper.py:115 üü¢ ============================================================
INFO     mypy.lib.playwright.publish_handler:log.py:106 üü¢ [platform: douyin], [publish_file: RSbi3BC-N9k.mp4] - ÂΩìÂâçÁôªÂΩïË¥¶Âè∑‰∏∫ [PPT320210]
INFO     mypy.lib.playwright.publish_handler:log.py:106 üü¢ [platform: douyin], [publish_file: RSbi3BC-N9k.mp4] - Ëé∑ÂèñÂπ∂‰∏ä‰º†Â∞ÅÈù¢
INFO     mypy.lib.playwright.publish_handler:log.py:106 üü¢ [platform: douyin], [publish_file: RSbi3BC-N9k.mp4] - ËÆæÁΩÆËßÜÈ¢ëÁÆÄ‰ªã‰∏∫: ÊîπÂèòÊú™Êù•Ôºå‰∏ÄÊ¨°‰∏Ä‰∏™Â≠¶ÁîüÁöÑÂ£∞Èü≥ #TED #ÂõõÂÖ≠Á∫ß #Ëã±ËØ≠Âè£ËØ≠ #ÈõÖÊÄù
WARNING  mypy.lib.playwright.publish_handler:log.py:109 üü† [platform: douyin], [publish_file: RSbi3BC-N9k.mp4] - Êú™ÂèëÁé∞ÂèØÈÄâÂêàÈõÜ
INFO     mypy.lib.playwright.publish_handler:log.py:106 üü¢ [platform: douyin], [publish_file: RSbi3BC-N9k.mp4] - ÂèØËßÅËåÉÂõ¥ËÆæÁΩÆ‰∏∫: ÂÖ¨ÂºÄ
INFO     mypy.lib.playwright.publish_handler:log.py:106 üü¢ [platform: douyin], [publish_file: RSbi3BC-N9k.mp4] - ËßÜÈ¢ëÂèØ‰∏ãËΩΩÊùÉÈôêËÆæÁΩÆ‰∏∫: ‰∏çÂÖÅËÆ∏
INFO     mypy.lib.playwright.publish_handler:log.py:106 üü¢ [platform: douyin], [publish_file: RSbi3BC-N9k.mp4] - „ÄêÁ´ãÂç≥ÂèëÂ∏É„Äë
WARNING  mypy.lib.playwright.publish_handler:log.py:109 üü† [platform: douyin], [publish_file: RSbi3BC-N9k.mp4] - ÊµãËØïÊ®°ÂºèÔºå‰∏çÁÇπÂáªÂèëÂ∏ÉÊåâÈíÆ
ERROR    mypy.lib.xiaohongshu.publish_helper:publish_helper.py:80 üî¥ Ë¥¶Âè∑ÁôªÂΩïÁä∂ÊÄÅÂ∑≤Â§±ÊïàÔºåÊ≠£Âú®Ë∑≥Âá∫: Page.wait_for_selector: Timeout 180000ms exceeded.
Call log:
waiting for locator("body") to be visible
  -   locator resolved to hidden <body>‚Ä¶</body>
  -   locator resolved to hidden <body>‚Ä¶</body>
  -   locator resolved to hidden <body>‚Ä¶</body>
  -   locator resolved to hidden <body>‚Ä¶</body>
  -   locator resolved to hidden <body>‚Ä¶</body>
  -   locator resolved to hidden <body>‚Ä¶</body>
  -   locator resolved to hidden <body>‚Ä¶</body>
  -   locator resolved to hidden <body>‚Ä¶</body>
  -   locator resolved to hidden <body>‚Ä¶</body>
  -   locator resolved to hidden <body>‚Ä¶</body>
  -   locator resolved to hidden <body>‚Ä¶</body>
  -   locator resolved to hidden <body>‚Ä¶</body>
  -   locator resolved to hidden <body>‚Ä¶</body>
  -   locator resolved to hidden <body>‚Ä¶</body>
  -   locator resolved to hidden <body>‚Ä¶</body>
  -   locator resolved to hidden <body>‚Ä¶</body>
  -   locator resolved to hidden <body>‚Ä¶</body>
  -   locator resolved to hidden <body>‚Ä¶</body>
  -   locator resolved to hidden <body>‚Ä¶</body>
  -   locator resolved to hidden <body>‚Ä¶</body>
  -   locator resolved to hidden <body>‚Ä¶</body>
  -   locator resolved to hidden <body>‚Ä¶</body>
  -   locator resolved to hidden <body>‚Ä¶</body>
  -   locator resolved to hidden <body>‚Ä¶</body>
  -   locator resolved to hidden <body>‚Ä¶</body>
  -   locator resolved to hidden <body>‚Ä¶</body>
  -   locator resolved to hidden <body>‚Ä¶</body>
  -   locator resolved to hidden <body>‚Ä¶</body>
  -   locator resolved to hidden <body>‚Ä¶</body>
  -   locator resolved to hidden <body>‚Ä¶</body>
  -   locator resolved to hidden <body>‚Ä¶</body>
  -   locator resolved to hidden <body>‚Ä¶</body>
  -   locator resolved to hidden <body>‚Ä¶</body>
  -   locator resolved to hidden <body>‚Ä¶</body>
  -   locator resolved to hidden <body>‚Ä¶</body>
  -   locator resolved to hidden <body>‚Ä¶</body>
  -   locator resolved to hidden <body>‚Ä¶</body>
  -   locator resolved to hidden <body>‚Ä¶</body>
  -   locator resolved to hidden <body>‚Ä¶</body>
  -   locator resolved to hidden <body>‚Ä¶</body>
  -   locator resolved to hidden <body>‚Ä¶</body>
  -   locator resolved to hidden <body>‚Ä¶</body>
  -   locator resolved to hidden <body>‚Ä¶</body>
  -   locator resolved to hidden <body>‚Ä¶</body>
  -   locator resolved to hidden <body>‚Ä¶</body>
  -   locator resolved to hidden <body>‚Ä¶</body>
  -   locator resolved to hidden <body>‚Ä¶</body>
  -   locator resolved to hidden <body>‚Ä¶</body>
  -   locator resolved to hidden <body>‚Ä¶</body>
  -   locator resolved to hidden <body>‚Ä¶</body>
  -   locator resolved to hidden <body>‚Ä¶</body>
  -   locator resolved to hidden <body>‚Ä¶</body>
  -   locator resolved to hidden <body>‚Ä¶</body>
  -   locator resolved to hidden <body>‚Ä¶</body>
  -   locator resolved to hidden <body>‚Ä¶</body>
  -   locator resolved to hidden <body>‚Ä¶</body>
  -   locator resolved to hidden <body>‚Ä¶</body>
  -   locator resolved to hidden <body>‚Ä¶</body>
  -   locator resolved to hidden <body>‚Ä¶</body>
  -   locator resolved to hidden <body>‚Ä¶</body>
  -   locator resolved to hidden <body>‚Ä¶</body>
  -   locator resolved to hidden <body>‚Ä¶</body>
  -   locator resolved to hidden <body>‚Ä¶</body>
  -   locator resolved to hidden <body>‚Ä¶</body>
  -   locator resolved to hidden <body>‚Ä¶</body>
  -   locator resolved to hidden <body>‚Ä¶</body>
  -   locator resolved to hidden <body>‚Ä¶</body>
  -   locator resolved to hidden <body>‚Ä¶</body>
  -   locator resolved to hidden <body>‚Ä¶</body>
  -   locator resolved to hidden <body>‚Ä¶</body>
  -   locator resolved to hidden <body>‚Ä¶</body>
  -   locator resolved to hidden <body>‚Ä¶</body>
  -   locator resolved to hidden <body>‚Ä¶</body>
  -   locator resolved to hidden <body>‚Ä¶</body>
  -   locator resolved to hidden <body>‚Ä¶</body>
  -   locator resolved to hidden <body>‚Ä¶</body>
  -   locator resolved to hidden <body>‚Ä¶</body>
  -   locator resolved to hidden <body>‚Ä¶</body>
  -   locator resolved to hidden <body>‚Ä¶</body>
  -   locator resolved to hidden <body>‚Ä¶</body>
  -   locator resolved to hidden <body>‚Ä¶</body>
  -   locator resolved to hidden <body>‚Ä¶</body>
  -   locator resolved to hidden <body>‚Ä¶</body>
  -   locator resolved to hidden <body>‚Ä¶</body>
  -   locator resolved to hidden <body>‚Ä¶</body>
  -   locator resolved to hidden <body>‚Ä¶</body>
  -   locator resolved to hidden <body>‚Ä¶</body>
  -   locator resolved to hidden <body>‚Ä¶</body>
  -   locator resolved to hidden <body>‚Ä¶</body>
  -   locator resolved to hidden <body>‚Ä¶</body>
  -   locator resolved to hidden <body>‚Ä¶</body>
  -   locator resolved to hidden <body>‚Ä¶</body>
  -   locator resolved to hidden <body>‚Ä¶</body>
  -   locator resolved to hidden <body>‚Ä¶</body>
  -   locator resolved to hidden <body>‚Ä¶</body>
  -   locator resolved to hidden <body>‚Ä¶</body>
  -   locator resolved to hidden <body>‚Ä¶</body>
  -   locator resolved to hidden <body>‚Ä¶</body>
  -   locator resolved to hidden <body>‚Ä¶</body>
  -   locator resolved to hidden <body>‚Ä¶</body>
  -   locator resolved to hidden <body>‚Ä¶</body>
  -   locator resolved to hidden <body>‚Ä¶</body>
  -   locator resolved to hidden <body>‚Ä¶</body>
  -   locator resolved to hidden <body>‚Ä¶</body>
  -   locator resolved to hidden <body>‚Ä¶</body>
  -   locator resolved to hidden <body>‚Ä¶</body>
  -   locator resolved to hidden <body>‚Ä¶</body>
  -   locator resolved to hidden <body>‚Ä¶</body>
  -   locator resolved to hidden <body>‚Ä¶</body>
  -   locator resolved to hidden <body>‚Ä¶</body>
  -   locator resolved to hidden <body>‚Ä¶</body>
  -   locator resolved to hidden <body>‚Ä¶</body>
  -   locator resolved to hidden <body>‚Ä¶</body>
  -   locator resolved to hidden <body>‚Ä¶</body>
  -   locator resolved to hidden <body>‚Ä¶</body>
  -   locator resolved to hidden <body>‚Ä¶</body>
  -   locator resolved to hidden <body>‚Ä¶</body>
  -   locator resolved to hidden <body>‚Ä¶</body>
  -   locator resolved to hidden <body>‚Ä¶</body>
  -   locator resolved to hidden <body>‚Ä¶</body>
  -   locator resolved to hidden <body>‚Ä¶</body>
  -   locator resolved to hidden <body>‚Ä¶</body>
  -   locator resolved to hidden <body>‚Ä¶</body>
  -   locator resolved to hidden <body>‚Ä¶</body>
  -   locator resolved to hidden <body>‚Ä¶</body>
  -   locator resolved to hidden <body>‚Ä¶</body>
  -   locator resolved to hidden <body>‚Ä¶</body>
  -   locator resolved to hidden <body>‚Ä¶</body>
  -   locator resolved to hidden <body>‚Ä¶</body>
  -   locator resolved to hidden <body>‚Ä¶</body>
  -   locator resolved to hidden <body>‚Ä¶</body>
  -   locator resolved to hidden <body>‚Ä¶</body>
  -   locator resolved to hidden <body>‚Ä¶</body>
  -   locator resolved to hidden <body>‚Ä¶</body>
  -   locator resolved to hidden <body>‚Ä¶</body>
  -   locator resolved to hidden <body>‚Ä¶</body>
  -   locator resolved to hidden <body>‚Ä¶</body>
  -   locator resolved to hidden <body>‚Ä¶</body>
  -   locator resolved to hidden <body>‚Ä¶</body>
  -   locator resolved to hidden <body>‚Ä¶</body>
  -   locator resolved to hidden <body>‚Ä¶</body>
  -   locator resolved to hidden <body>‚Ä¶</body>
  -   locator resolved to hidden <body>‚Ä¶</body>
  -   locator resolved to hidden <body>‚Ä¶</body>
  -   locator resolved to hidden <body>‚Ä¶</body>
  -   locator resolved to hidden <body>‚Ä¶</body>
  -   locator resolved to hidden <body>‚Ä¶</body>
  -   locator resolved to hidden <body>‚Ä¶</body>
  -   locator resolved to hidden <body>‚Ä¶</body>
  -   locator resolved to hidden <body>‚Ä¶</body>
  -   locator resolved to hidden <body>‚Ä¶</body>
  -   locator resolved to hidden <body>‚Ä¶</body>
  -   locator resolved to hidden <body>‚Ä¶</body>
  -   locator resolved to hidden <body>‚Ä¶</body>
  -   locator resolved to hidden <body>‚Ä¶</body>
  -   locator resolved to hidden <body>‚Ä¶</body>
  -   locator resolved to hidden <body>‚Ä¶</body>
  -   locator resolved to hidden <body>‚Ä¶</body>
  -   locator resolved to hidden <body>‚Ä¶</body>
  -   locator resolved to hidden <body>‚Ä¶</body>
  -   locator resolved to hidden <body>‚Ä¶</body>
  -   locator resolved to hidden <body>‚Ä¶</body>
  -   locator resolved to hidden <body>‚Ä¶</body>
  -   locator resolved to hidden <body>‚Ä¶</body>
  -   locator resolved to hidden <body>‚Ä¶</body>
  -   locator resolved to hidden <body>‚Ä¶</body>
  -   locator resolved to hidden <body>‚Ä¶</body>
  -   locator resolved to hidden <body>‚Ä¶</body>
  -   locator resolved to hidden <body>‚Ä¶</body>
  -   locator resolved to hidden <body>‚Ä¶</body>
  -   locator resolved to hidden <body>‚Ä¶</body>
  -   locator resolved to hidden <body>‚Ä¶</body>
  -   locator resolved to hidden <body>‚Ä¶</body>
  -   locator resolved to hidden <body>‚Ä¶</body>
  -   locator resolved to hidden <body>‚Ä¶</body>
  -   locator resolved to hidden <body>‚Ä¶</body>
  -   locator resolved to hidden <body>‚Ä¶</body>
  -   locator resolved to hidden <body>‚Ä¶</body>
  -   locator resolved to hidden <body>‚Ä¶</body>
  -   locator resolved to hidden <body>‚Ä¶</body>
  -   locator resolved to hidden <body>‚Ä¶</body>
  -   locator resolved to hidden <body>‚Ä¶</body>
  -   locator resolved to hidden <body>‚Ä¶</body>
  -   locator resolved to hidden <body>‚Ä¶</body>
  -   locator resolved to hidden <body>‚Ä¶</body>
  -   locator resolved to hidden <body>‚Ä¶</body>
  -   locator resolved to hidden <body>‚Ä¶</body>
  -   locator resolved to hidden <body>‚Ä¶</body>
  -   locator resolved to hidden <body>‚Ä¶</body>
  -   locator resolved to hidden <body>‚Ä¶</body>
  -   locator resolved to hidden <body>‚Ä¶</body>
  -   locator resolved to hidden <body>‚Ä¶</body>
  -   locator resolved to hidden <body>‚Ä¶</body>
  -   locator resolved to hidden <body>‚Ä¶</body>
  -   locator resolved to hidden <body>‚Ä¶</body>
  -   locator resolved to hidden <body>‚Ä¶</body>
  -   locator resolved to hidden <body>‚Ä¶</body>
  -   locator resolved to hidden <body>‚Ä¶</body>
  -   locator resolved to hidden <body>‚Ä¶</body>
  -   locator resolved to hidden <body>‚Ä¶</body>
  -   locator resolved to hidden <body>‚Ä¶</body>
  -   locator resolved to hidden <body>‚Ä¶</body>
  -   locator resolved to hidden <body>‚Ä¶</body>
  -   locator resolved to hidden <body>‚Ä¶</body>
  -   locator resolved to hidden <body>‚Ä¶</body>
  -   locator resolved to hidden <body>‚Ä¶</body>
  -   locator resolved to hidden <body>‚Ä¶</body>
  -   locator resolved to hidden <body>‚Ä¶</body>
  -   locator resolved to hidden <body>‚Ä¶</body>
  -   locator resolved to hidden <body>‚Ä¶</body>
  -   locator resolved to hidden <body>‚Ä¶</body>
  -   locator resolved to hidden <body>‚Ä¶</body>
  -   locator resolved to hidden <body>‚Ä¶</body>
  -   locator resolved to hidden <body>‚Ä¶</body>
  -   locator resolved to hidden <body>‚Ä¶</body>
  -   locator resolved to hidden <body>‚Ä¶</body>
  -   locator resolved to hidden <body>‚Ä¶</body>
  -   locator resolved to hidden <body>‚Ä¶</body>
  -   locator resolved to hidden <body>‚Ä¶</body>
  -   locator resolved to hidden <body>‚Ä¶</body>
  -   locator resolved to hidden <body>‚Ä¶</body>
  -   locator resolved to hidden <body>‚Ä¶</body>
  -   locator resolved to hidden <body>‚Ä¶</body>
  -   locator resolved to hidden <body>‚Ä¶</body>
  -   locator resolved to hidden <body>‚Ä¶</body>
  -   locator resolved to hidden <body>‚Ä¶</body>
  -   locator resolved to hidden <body>‚Ä¶</body>
  -   locator resolved to hidden <body>‚Ä¶</body>
  -   locator resolved to hidden <body>‚Ä¶</body>
  -   locator resolved to hidden <body>‚Ä¶</body>
  -   locator resolved to hidden <body>‚Ä¶</body>
  -   locator resolved to hidden <body>‚Ä¶</body>
  -   locator resolved to hidden <body>‚Ä¶</body>
  -   locator resolved to hidden <body>‚Ä¶</body>
  -   locator resolved to hidden <body>‚Ä¶</body>
  -   locator resolved to hidden <body>‚Ä¶</body>
  -   locator resolved to hidden <body>‚Ä¶</body>
  -   locator resolved to hidden <body>‚Ä¶</body>
  -   locator resolved to hidden <body>‚Ä¶</body>
  -   locator resolved to hidden <body>‚Ä¶</body>
  -   locator resolved to hidden <body>‚Ä¶</body>
  -   locator resolved to hidden <body>‚Ä¶</body>
  -   locator resolved to hidden <body>‚Ä¶</body>
  -   locator resolved to hidden <body>‚Ä¶</body>
  -   locator resolved to hidden <body>‚Ä¶</body>
  -   locator resolved to hidden <body>‚Ä¶</body>
  -   locator resolved to hidden <body>‚Ä¶</body>
  -   locator resolved to hidden <body>‚Ä¶</body>
  -   locator resolved to hidden <body>‚Ä¶</body>
  -   locator resolved to hidden <body>‚Ä¶</body>
  -   locator resolved to hidden <body>‚Ä¶</body>
  -   locator resolved to hidden <body>‚Ä¶</body>
  -   locator resolved to hidden <body>‚Ä¶</body>
  -   locator resolved to hidden <body>‚Ä¶</body>
  -   locator resolved to hidden <body>‚Ä¶</body>
  -   locator resolved to hidden <body>‚Ä¶</body>
  -   locator resolved to hidden <body>‚Ä¶</body>
  -   locator resolved to hidden <body>‚Ä¶</body>
  -   locator resolved to hidden <body>‚Ä¶</body>
  -   locator resolved to hidden <body>‚Ä¶</body>
  -   locator resolved to hidden <body>‚Ä¶</body>
  -   locator resolved to hidden <body>‚Ä¶</body>
  -   locator resolved to hidden <body>‚Ä¶</body>
  -   locator resolved to hidden <body>‚Ä¶</body>
  -   locator resolved to hidden <body>‚Ä¶</body>
  -   locator resolved to hidden <body>‚Ä¶</body>
  -   locator resolved to hidden <body>‚Ä¶</body>
  -   locator resolved to hidden <body>‚Ä¶</body>
  -   locator resolved to hidden <body>‚Ä¶</body>
  -   locator resolved to hidden <body>‚Ä¶</body>
  -   locator resolved to hidden <body>‚Ä¶</body>
  -   locator resolved to hidden <body>‚Ä¶</body>
  -   locator resolved to hidden <body>‚Ä¶</body>
  -   locator resolved to hidden <body>‚Ä¶</body>
  -   locator resolved to hidden <body>‚Ä¶</body>
  -   locator resolved to hidden <body>‚Ä¶</body>
  -   locator resolved to hidden <body>‚Ä¶</body>
  -   locator resolved to hidden <body>‚Ä¶</body>
  -   locator resolved to hidden <body>‚Ä¶</body>
  -   locator resolved to hidden <body>‚Ä¶</body>
  -   locator resolved to hidden <body>‚Ä¶</body>
  -   locator resolved to hidden <body>‚Ä¶</body>
  -   locator resolved to hidden <body>‚Ä¶</body>
  -   locator resolved to hidden <body>‚Ä¶</body>
  -   locator resolved to hidden <body>‚Ä¶</body>
  -   locator resolved to hidden <body>‚Ä¶</body>
  -   locator resolved to hidden <body>‚Ä¶</body>
  -   locator resolved to hidden <body>‚Ä¶</body>
  -   locator resolved to hidden <body>‚Ä¶</body>
  -   locator resolved to hidden <body>‚Ä¶</body>
  -   locator resolved to hidden <body>‚Ä¶</body>
  -   locator resolved to hidden <body>‚Ä¶</body>
  -   locator resolved to hidden <body>‚Ä¶</body>
  -   locator resolved to hidden <body>‚Ä¶</body>
  -   locator resolved to hidden <body>‚Ä¶</body>
  -   locator resolved to hidden <body>‚Ä¶</body>
  -   locator resolved to hidden <body>‚Ä¶</body>
  -   locator resolved to hidden <body>‚Ä¶</body>
  -   locator resolved to hidden <body>‚Ä¶</body>
  -   locator resolved to hidden <body>‚Ä¶</body>
  -   locator resolved to hidden <body>‚Ä¶</body>
  -   locator resolved to hidden <body>‚Ä¶</body>
  -   locator resolved to hidden <body>‚Ä¶</body>
  -   locator resolved to hidden <body>‚Ä¶</body>
  -   locator resolved to hidden <body>‚Ä¶</body>
  -   locator resolved to hidden <body>‚Ä¶</body>
  -   locator resolved to hidden <body>‚Ä¶</body>
  -   locator resolved to hidden <body>‚Ä¶</body>
  -   locator resolved to hidden <body>‚Ä¶</body>
  -   locator resolved to hidden <body>‚Ä¶</body>
  -   locator resolved to hidden <body>‚Ä¶</body>
  -   locator resolved to hidden <body>‚Ä¶</body>
  -   locator resolved to hidden <body>‚Ä¶</body>
  -   locator resolved to hidden <body>‚Ä¶</body>
  -   locator resolved to hidden <body>‚Ä¶</body>
  -   locator resolved to hidden <body>‚Ä¶</body>
  -   locator resolved to hidden <body>‚Ä¶</body>
  -   locator resolved to hidden <body>‚Ä¶</body>
  -   locator resolved to hidden <body>‚Ä¶</body>
  -   locator resolved to hidden <body>‚Ä¶</body>
  -   locator resolved to hidden <body>‚Ä¶</body>
  -   locator resolved to hidden <body>‚Ä¶</body>
  -   locator resolved to hidden <body>‚Ä¶</body>
  -   locator resolved to hidden <body>‚Ä¶</body>
  -   locator resolved to hidden <body>‚Ä¶</body>
  -   locator resolved to hidden <body>‚Ä¶</body>
  -   locator resolved to hidden <body>‚Ä¶</body>
  -   locator resolved to hidden <body>‚Ä¶</body>
  -   locator resolved to hidden <body>‚Ä¶</body>
  -   locator resolved to hidden <body>‚Ä¶</body>
  -   locator resolved to hidden <body>‚Ä¶</body>
  -   locator resolved to hidden <body>‚Ä¶</body>
  -   locator resolved to hidden <body>‚Ä¶</body>
  -   locator resolved to hidden <body>‚Ä¶</body>
  -   locator resolved to hidden <body>‚Ä¶</body>
  -   locator resolved to hidden <body>‚Ä¶</body>
  -   locator resolved to hidden <body>‚Ä¶</body>
  -   locator resolved to hidden <body>‚Ä¶</body>
  -   locator resolved to hidden <body>‚Ä¶</body>
  -   locator resolved to hidden <body>‚Ä¶</body>
  -   locator resolved to hidden <body>‚Ä¶</body>
  -   locator resolved to hidden <body>‚Ä¶</body>
  -   locator resolved to hidden <body>‚Ä¶</body>
  -   locator resolved to hidden <body>‚Ä¶</body>
  -   locator resolved to hidden <body>‚Ä¶</body>
  -   locator resolved to hidden <body>‚Ä¶</body>
  -   locator resolved to hidden <body>‚Ä¶</body>
  -   locator resolved to hidden <body>‚Ä¶</body>
  -   locator resolved to hidden <body>‚Ä¶</body>
  -   locator resolved to hidden <body>‚Ä¶</body>
  -   locator resolved to hidden <body>‚Ä¶</body>
  -   locator resolved to hidden <body>‚Ä¶</body>
  -   locator resolved to hidden <body>‚Ä¶</body>
  -   locator resolved to hidden <body>‚Ä¶</body>
  -   locator resolved to hidden <body>‚Ä¶</body>
  -   locator resolved to hidden <body>‚Ä¶</body>
  -   locator resolved to hidden <body>‚Ä¶</body>
  -   locator resolved to hidden <body>‚Ä¶</body>

ERROR    mypy.lib.xiaohongshu.publish_helper:publish_helper.py:136 üî¥ ‚ùå‚ùå‚ùå„ÄäÊîπÂèòÊú™Êù•Ôºå‰∏ÄÊ¨°‰∏Ä‰∏™Â≠¶ÁîüÁöÑÂ£∞Èü≥„ÄãÂèëÂ∏ÉÂºÇÂ∏∏
Traceback (most recent call last):
  File "/home/runner/work/Python/Python/mypy/lib/playwright/publish_helper.py", line 75, in _check_login_status
    await page.wait_for_selector('body')
  File "/opt/hostedtoolcache/Python/3.8.18/x64/lib/python3.8/site-packages/playwright/async_api/_generated.py", line 7812, in wait_for_selector
    await self._impl_obj.wait_for_selector(
  File "/opt/hostedtoolcache/Python/3.8.18/x64/lib/python3.8/site-packages/playwright/_impl/_page.py", line 373, in wait_for_selector
    return await self._main_frame.wait_for_selector(**locals_to_params(locals()))
  File "/opt/hostedtoolcache/Python/3.8.18/x64/lib/python3.8/site-packages/playwright/_impl/_frame.py", line 323, in wait_for_selector
    await self._channel.send("waitForSelector", locals_to_params(locals()))
  File "/opt/hostedtoolcache/Python/3.8.18/x64/lib/python3.8/site-packages/playwright/_impl/_connection.py", line 59, in send
    return await self._connection.wrap_api_call(
  File "/opt/hostedtoolcache/Python/3.8.18/x64/lib/python3.8/site-packages/playwright/_impl/_connection.py", line 513, in wrap_api_call
    raise rewrite_error(error, f"{parsed_st['apiName']}: {error}") from None
playwright._impl._errors.TimeoutError: Page.wait_for_selector: Timeout 180000ms exceeded.
Call log:
waiting for locator("body") to be visible
  -   locator resolved to hidden <body>‚Ä¶</body>
  -   locator resolved to hidden <body>‚Ä¶</body>
  -   locator resolved to hidden <body>‚Ä¶</body>
  -   locator resolved to hidden <body>‚Ä¶</body>
  -   locator resolved to hidden <body>‚Ä¶</body>
  -   locator resolved to hidden <body>‚Ä¶</body>
  -   locator resolved to hidden <body>‚Ä¶</body>
  -   locator resolved to hidden <body>‚Ä¶</body>
  -   locator resolved to hidden <body>‚Ä¶</body>
  -   locator resolved to hidden <body>‚Ä¶</body>
  -   locator resolved to hidden <body>‚Ä¶</body>
  -   locator resolved to hidden <body>‚Ä¶</body>
  -   locator resolved to hidden <body>‚Ä¶</body>
  -   locator resolved to hidden <body>‚Ä¶</body>
  -   locator resolved to hidden <body>‚Ä¶</body>
  -   locator resolved to hidden <body>‚Ä¶</body>
  -   locator resolved to hidden <body>‚Ä¶</body>
  -   locator resolved to hidden <body>‚Ä¶</body>
  -   locator resolved to hidden <body>‚Ä¶</body>
  -   locator resolved to hidden <body>‚Ä¶</body>
  -   locator resolved to hidden <body>‚Ä¶</body>
  -   locator resolved to hidden <body>‚Ä¶</body>
  -   locator resolved to hidden <body>‚Ä¶</body>
  -   locator resolved to hidden <body>‚Ä¶</body>
  -   locator resolved to hidden <body>‚Ä¶</body>
  -   locator resolved to hidden <body>‚Ä¶</body>
  -   locator resolved to hidden <body>‚Ä¶</body>
  -   locator resolved to hidden <body>‚Ä¶</body>
  -   locator resolved to hidden <body>‚Ä¶</body>
  -   locator resolved to hidden <body>‚Ä¶</body>
  -   locator resolved to hidden <body>‚Ä¶</body>
  -   locator resolved to hidden <body>‚Ä¶</body>
  -   locator resolved to hidden <body>‚Ä¶</body>
  -   locator resolved to hidden <body>‚Ä¶</body>
  -   locator resolved to hidden <body>‚Ä¶</body>
  -   locator resolved to hidden <body>‚Ä¶</body>
  -   locator resolved to hidden <body>‚Ä¶</body>
  -   locator resolved to hidden <body>‚Ä¶</body>
  -   locator resolved to hidden <body>‚Ä¶</body>
  -   locator resolved to hidden <body>‚Ä¶</body>
  -   locator resolved to hidden <body>‚Ä¶</body>
  -   locator resolved to hidden <body>‚Ä¶</body>
  -   locator resolved to hidden <body>‚Ä¶</body>
  -   locator resolved to hidden <body>‚Ä¶</body>
  -   locator resolved to hidden <body>‚Ä¶</body>
  -   locator resolved to hidden <body>‚Ä¶</body>
  -   locator resolved to hidden <body>‚Ä¶</body>
  -   locator resolved to hidden <body>‚Ä¶</body>
  -   locator resolved to hidden <body>‚Ä¶</body>
  -   locator resolved to hidden <body>‚Ä¶</body>
  -   locator resolved to hidden <body>‚Ä¶</body>
  -   locator resolved to hidden <body>‚Ä¶</body>
  -   locator resolved to hidden <body>‚Ä¶</body>
  -   locator resolved to hidden <body>‚Ä¶</body>
  -   locator resolved to hidden <body>‚Ä¶</body>
  -   locator resolved to hidden <body>‚Ä¶</body>
  -   locator resolved to hidden <body>‚Ä¶</body>
  -   locator resolved to hidden <body>‚Ä¶</body>
  -   locator resolved to hidden <body>‚Ä¶</body>
  -   locator resolved to hidden <body>‚Ä¶</body>
  -   locator resolved to hidden <body>‚Ä¶</body>
  -   locator resolved to hidden <body>‚Ä¶</body>
  -   locator resolved to hidden <body>‚Ä¶</body>
  -   locator resolved to hidden <body>‚Ä¶</body>
  -   locator resolved to hidden <body>‚Ä¶</body>
  -   locator resolved to hidden <body>‚Ä¶</body>
  -   locator resolved to hidden <body>‚Ä¶</body>
  -   locator resolved to hidden <body>‚Ä¶</body>
  -   locator resolved to hidden <body>‚Ä¶</body>
  -   locator resolved to hidden <body>‚Ä¶</body>
  -   locator resolved to hidden <body>‚Ä¶</body>
  -   locator resolved to hidden <body>‚Ä¶</body>
  -   locator resolved to hidden <body>‚Ä¶</body>
  -   locator resolved to hidden <body>‚Ä¶</body>
  -   locator resolved to hidden <body>‚Ä¶</body>
  -   locator resolved to hidden <body>‚Ä¶</body>
  -   locator resolved to hidden <body>‚Ä¶</body>
  -   locator resolved to hidden <body>‚Ä¶</body>
  -   locator resolved to hidden <body>‚Ä¶</body>
  -   locator resolved to hidden <body>‚Ä¶</body>
  -   locator resolved to hidden <body>‚Ä¶</body>
  -   locator resolved to hidden <body>‚Ä¶</body>
  -   locator resolved to hidden <body>‚Ä¶</body>
  -   locator resolved to hidden <body>‚Ä¶</body>
  -   locator resolved to hidden <body>‚Ä¶</body>
  -   locator resolved to hidden <body>‚Ä¶</body>
  -   locator resolved to hidden <body>‚Ä¶</body>
  -   locator resolved to hidden <body>‚Ä¶</body>
  -   locator resolved to hidden <body>‚Ä¶</body>
  -   locator resolved to hidden <body>‚Ä¶</body>
  -   locator resolved to hidden <body>‚Ä¶</body>
  -   locator resolved to hidden <body>‚Ä¶</body>
  -   locator resolved to hidden <body>‚Ä¶</body>
  -   locator resolved to hidden <body>‚Ä¶</body>
  -   locator resolved to hidden <body>‚Ä¶</body>
  -   locator resolved to hidden <body>‚Ä¶</body>
  -   locator resolved to hidden <body>‚Ä¶</body>
  -   locator resolved to hidden <body>‚Ä¶</body>
  -   locator resolved to hidden <body>‚Ä¶</body>
  -   locator resolved to hidden <body>‚Ä¶</body>
  -   locator resolved to hidden <body>‚Ä¶</body>
  -   locator resolved to hidden <body>‚Ä¶</body>
  -   locator resolved to hidden <body>‚Ä¶</body>
  -   locator resolved to hidden <body>‚Ä¶</body>
  -   locator resolved to hidden <body>‚Ä¶</body>
  -   locator resolved to hidden <body>‚Ä¶</body>
  -   locator resolved to hidden <body>‚Ä¶</body>
  -   locator resolved to hidden <body>‚Ä¶</body>
  -   locator resolved to hidden <body>‚Ä¶</body>
  -   locator resolved to hidden <body>‚Ä¶</body>
  -   locator resolved to hidden <body>‚Ä¶</body>
  -   locator resolved to hidden <body>‚Ä¶</body>
  -   locator resolved to hidden <body>‚Ä¶</body>
  -   locator resolved to hidden <body>‚Ä¶</body>
  -   locator resolved to hidden <body>‚Ä¶</body>
  -   locator resolved to hidden <body>‚Ä¶</body>
  -   locator resolved to hidden <body>‚Ä¶</body>
  -   locator resolved to hidden <body>‚Ä¶</body>
  -   locator resolved to hidden <body>‚Ä¶</body>
  -   locator resolved to hidden <body>‚Ä¶</body>
  -   locator resolved to hidden <body>‚Ä¶</body>
  -   locator resolved to hidden <body>‚Ä¶</body>
  -   locator resolved to hidden <body>‚Ä¶</body>
  -   locator resolved to hidden <body>‚Ä¶</body>
  -   locator resolved to hidden <body>‚Ä¶</body>
  -   locator resolved to hidden <body>‚Ä¶</body>
  -   locator resolved to hidden <body>‚Ä¶</body>
  -   locator resolved to hidden <body>‚Ä¶</body>
  -   locator resolved to hidden <body>‚Ä¶</body>
  -   locator resolved to hidden <body>‚Ä¶</body>
  -   locator resolved to hidden <body>‚Ä¶</body>
  -   locator resolved to hidden <body>‚Ä¶</body>
  -   locator resolved to hidden <body>‚Ä¶</body>
  -   locator resolved to hidden <body>‚Ä¶</body>
  -   locator resolved to hidden <body>‚Ä¶</body>
  -   locator resolved to hidden <body>‚Ä¶</body>
  -   locator resolved to hidden <body>‚Ä¶</body>
  -   locator resolved to hidden <body>‚Ä¶</body>
  -   locator resolved to hidden <body>‚Ä¶</body>
  -   locator resolved to hidden <body>‚Ä¶</body>
  -   locator resolved to hidden <body>‚Ä¶</body>
  -   locator resolved to hidden <body>‚Ä¶</body>
  -   locator resolved to hidden <body>‚Ä¶</body>
  -   locator resolved to hidden <body>‚Ä¶</body>
  -   locator resolved to hidden <body>‚Ä¶</body>
  -   locator resolved to hidden <body>‚Ä¶</body>
  -   locator resolved to hidden <body>‚Ä¶</body>
  -   locator resolved to hidden <body>‚Ä¶</body>
  -   locator resolved to hidden <body>‚Ä¶</body>
  -   locator resolved to hidden <body>‚Ä¶</body>
  -   locator resolved to hidden <body>‚Ä¶</body>
  -   locator resolved to hidden <body>‚Ä¶</body>
  -   locator resolved to hidden <body>‚Ä¶</body>
  -   locator resolved to hidden <body>‚Ä¶</body>
  -   locator resolved to hidden <body>‚Ä¶</body>
  -   locator resolved to hidden <body>‚Ä¶</body>
  -   locator resolved to hidden <body>‚Ä¶</body>
  -   locator resolved to hidden <body>‚Ä¶</body>
  -   locator resolved to hidden <body>‚Ä¶</body>
  -   locator resolved to hidden <body>‚Ä¶</body>
  -   locator resolved to hidden <body>‚Ä¶</body>
  -   locator resolved to hidden <body>‚Ä¶</body>
  -   locator resolved to hidden <body>‚Ä¶</body>
  -   locator resolved to hidden <body>‚Ä¶</body>
  -   locator resolved to hidden <body>‚Ä¶</body>
  -   locator resolved to hidden <body>‚Ä¶</body>
  -   locator resolved to hidden <body>‚Ä¶</body>
  -   locator resolved to hidden <body>‚Ä¶</body>
  -   locator resolved to hidden <body>‚Ä¶</body>
  -   locator resolved to hidden <body>‚Ä¶</body>
  -   locator resolved to hidden <body>‚Ä¶</body>
  -   locator resolved to hidden <body>‚Ä¶</body>
  -   locator resolved to hidden <body>‚Ä¶</body>
  -   locator resolved to hidden <body>‚Ä¶</body>
  -   locator resolved to hidden <body>‚Ä¶</body>
  -   locator resolved to hidden <body>‚Ä¶</body>
  -   locator resolved to hidden <body>‚Ä¶</body>
  -   locator resolved to hidden <body>‚Ä¶</body>
  -   locator resolved to hidden <body>‚Ä¶</body>
  -   locator resolved to hidden <body>‚Ä¶</body>
  -   locator resolved to hidden <body>‚Ä¶</body>
  -   locator resolved to hidden <body>‚Ä¶</body>
  -   locator resolved to hidden <body>‚Ä¶</body>
  -   locator resolved to hidden <body>‚Ä¶</body>
  -   locator resolved to hidden <body>‚Ä¶</body>
  -   locator resolved to hidden <body>‚Ä¶</body>
  -   locator resolved to hidden <body>‚Ä¶</body>
  -   locator resolved to hidden <body>‚Ä¶</body>
  -   locator resolved to hidden <body>‚Ä¶</body>
  -   locator resolved to hidden <body>‚Ä¶</body>
  -   locator resolved to hidden <body>‚Ä¶</body>
  -   locator resolved to hidden <body>‚Ä¶</body>
  -   locator resolved to hidden <body>‚Ä¶</body>
  -   locator resolved to hidden <body>‚Ä¶</body>
  -   locator resolved to hidden <body>‚Ä¶</body>
  -   locator resolved to hidden <body>‚Ä¶</body>
  -   locator resolved to hidden <body>‚Ä¶</body>
  -   locator resolved to hidden <body>‚Ä¶</body>
  -   locator resolved to hidden <body>‚Ä¶</body>
  -   locator resolved to hidden <body>‚Ä¶</body>
  -   locator resolved to hidden <body>‚Ä¶</body>
  -   locator resolved to hidden <body>‚Ä¶</body>
  -   locator resolved to hidden <body>‚Ä¶</body>
  -   locator resolved to hidden <body>‚Ä¶</body>
  -   locator resolved to hidden <body>‚Ä¶</body>
  -   locator resolved to hidden <body>‚Ä¶</body>
  -   locator resolved to hidden <body>‚Ä¶</body>
  -   locator resolved to hidden <body>‚Ä¶</body>
  -   locator resolved to hidden <body>‚Ä¶</body>
  -   locator resolved to hidden <body>‚Ä¶</body>
  -   locator resolved to hidden <body>‚Ä¶</body>
  -   locator resolved to hidden <body>‚Ä¶</body>
  -   locator resolved to hidden <body>‚Ä¶</body>
  -   locator resolved to hidden <body>‚Ä¶</body>
  -   locator resolved to hidden <body>‚Ä¶</body>
  -   locator resolved to hidden <body>‚Ä¶</body>
  -   locator resolved to hidden <body>‚Ä¶</body>
  -   locator resolved to hidden <body>‚Ä¶</body>
  -   locator resolved to hidden <body>‚Ä¶</body>
  -   locator resolved to hidden <body>‚Ä¶</body>
  -   locator resolved to hidden <body>‚Ä¶</body>
  -   locator resolved to hidden <body>‚Ä¶</body>
  -   locator resolved to hidden <body>‚Ä¶</body>
  -   locator resolved to hidden <body>‚Ä¶</body>
  -   locator resolved to hidden <body>‚Ä¶</body>
  -   locator resolved to hidden <body>‚Ä¶</body>
  -   locator resolved to hidden <body>‚Ä¶</body>
  -   locator resolved to hidden <body>‚Ä¶</body>
  -   locator resolved to hidden <body>‚Ä¶</body>
  -   locator resolved to hidden <body>‚Ä¶</body>
  -   locator resolved to hidden <body>‚Ä¶</body>
  -   locator resolved to hidden <body>‚Ä¶</body>
  -   locator resolved to hidden <body>‚Ä¶</body>
  -   locator resolved to hidden <body>‚Ä¶</body>
  -   locator resolved to hidden <body>‚Ä¶</body>
  -   locator resolved to hidden <body>‚Ä¶</body>
  -   locator resolved to hidden <body>‚Ä¶</body>
  -   locator resolved to hidden <body>‚Ä¶</body>
  -   locator resolved to hidden <body>‚Ä¶</body>
  -   locator resolved to hidden <body>‚Ä¶</body>
  -   locator resolved to hidden <body>‚Ä¶</body>
  -   locator resolved to hidden <body>‚Ä¶</body>
  -   locator resolved to hidden <body>‚Ä¶</body>
  -   locator resolved to hidden <body>‚Ä¶</body>
  -   locator resolved to hidden <body>‚Ä¶</body>
  -   locator resolved to hidden <body>‚Ä¶</body>
  -   locator resolved to hidden <body>‚Ä¶</body>
  -   locator resolved to hidden <body>‚Ä¶</body>
  -   locator resolved to hidden <body>‚Ä¶</body>
  -   locator resolved to hidden <body>‚Ä¶</body>
  -   locator resolved to hidden <body>‚Ä¶</body>
  -   locator resolved to hidden <body>‚Ä¶</body>
  -   locator resolved to hidden <body>‚Ä¶</body>
  -   locator resolved to hidden <body>‚Ä¶</body>
  -   locator resolved to hidden <body>‚Ä¶</body>
  -   locator resolved to hidden <body>‚Ä¶</body>
  -   locator resolved to hidden <body>‚Ä¶</body>
  -   locator resolved to hidden <body>‚Ä¶</body>
  -   locator resolved to hidden <body>‚Ä¶</body>
  -   locator resolved to hidden <body>‚Ä¶</body>
  -   locator resolved to hidden <body>‚Ä¶</body>
  -   locator resolved to hidden <body>‚Ä¶</body>
  -   locator resolved to hidden <body>‚Ä¶</body>
  -   locator resolved to hidden <body>‚Ä¶</body>
  -   locator resolved to hidden <body>‚Ä¶</body>
  -   locator resolved to hidden <body>‚Ä¶</body>
  -   locator resolved to hidden <body>‚Ä¶</body>
  -   locator resolved to hidden <body>‚Ä¶</body>
  -   locator resolved to hidden <body>‚Ä¶</body>
  -   locator resolved to hidden <body>‚Ä¶</body>
  -   locator resolved to hidden <body>‚Ä¶</body>
  -   locator resolved to hidden <body>‚Ä¶</body>
  -   locator resolved to hidden <body>‚Ä¶</body>
  -   locator resolved to hidden <body>‚Ä¶</body>
  -   locator resolved to hidden <body>‚Ä¶</body>
  -   locator resolved to hidden <body>‚Ä¶</body>
  -   locator resolved to hidden <body>‚Ä¶</body>
  -   locator resolved to hidden <body>‚Ä¶</body>
  -   locator resolved to hidden <body>‚Ä¶</body>
  -   locator resolved to hidden <body>‚Ä¶</body>
  -   locator resolved to hidden <body>‚Ä¶</body>
  -   locator resolved to hidden <body>‚Ä¶</body>
  -   locator resolved to hidden <body>‚Ä¶</body>
  -   locator resolved to hidden <body>‚Ä¶</body>
  -   locator resolved to hidden <body>‚Ä¶</body>
  -   locator resolved to hidden <body>‚Ä¶</body>
  -   locator resolved to hidden <body>‚Ä¶</body>
  -   locator resolved to hidden <body>‚Ä¶</body>
  -   locator resolved to hidden <body>‚Ä¶</body>
  -   locator resolved to hidden <body>‚Ä¶</body>
  -   locator resolved to hidden <body>‚Ä¶</body>
  -   locator resolved to hidden <body>‚Ä¶</body>
  -   locator resolved to hidden <body>‚Ä¶</body>
  -   locator resolved to hidden <body>‚Ä¶</body>
  -   locator resolved to hidden <body>‚Ä¶</body>
  -   locator resolved to hidden <body>‚Ä¶</body>
  -   locator resolved to hidden <body>‚Ä¶</body>
  -   locator resolved to hidden <body>‚Ä¶</body>
  -   locator resolved to hidden <body>‚Ä¶</body>
  -   locator resolved to hidden <body>‚Ä¶</body>
  -   locator resolved to hidden <body>‚Ä¶</body>
  -   locator resolved to hidden <body>‚Ä¶</body>
  -   locator resolved to hidden <body>‚Ä¶</body>
  -   locator resolved to hidden <body>‚Ä¶</body>
  -   locator resolved to hidden <body>‚Ä¶</body>
  -   locator resolved to hidden <body>‚Ä¶</body>
  -   locator resolved to hidden <body>‚Ä¶</body>
  -   locator resolved to hidden <body>‚Ä¶</body>
  -   locator resolved to hidden <body>‚Ä¶</body>
  -   locator resolved to hidden <body>‚Ä¶</body>
  -   locator resolved to hidden <body>‚Ä¶</body>
  -   locator resolved to hidden <body>‚Ä¶</body>
  -   locator resolved to hidden <body>‚Ä¶</body>
  -   locator resolved to hidden <body>‚Ä¶</body>
  -   locator resolved to hidden <body>‚Ä¶</body>
  -   locator resolved to hidden <body>‚Ä¶</body>
  -   locator resolved to hidden <body>‚Ä¶</body>
  -   locator resolved to hidden <body>‚Ä¶</body>
  -   locator resolved to hidden <body>‚Ä¶</body>
  -   locator resolved to hidden <body>‚Ä¶</body>
  -   locator resolved to hidden <body>‚Ä¶</body>
  -   locator resolved to hidden <body>‚Ä¶</body>
  -   locator resolved to hidden <body>‚Ä¶</body>
  -   locator resolved to hidden <body>‚Ä¶</body>
  -   locator resolved to hidden <body>‚Ä¶</body>
  -   locator resolved to hidden <body>‚Ä¶</body>
  -   locator resolved to hidden <body>‚Ä¶</body>
  -   locator resolved to hidden <body>‚Ä¶</body>
  -   locator resolved to hidden <body>‚Ä¶</body>
  -   locator resolved to hidden <body>‚Ä¶</body>
  -   locator resolved to hidden <body>‚Ä¶</body>
  -   locator resolved to hidden <body>‚Ä¶</body>
  -   locator resolved to hidden <body>‚Ä¶</body>
  -   locator resolved to hidden <body>‚Ä¶</body>
  -   locator resolved to hidden <body>‚Ä¶</body>
  -   locator resolved to hidden <body>‚Ä¶</body>
  -   locator resolved to hidden <body>‚Ä¶</body>
  -   locator resolved to hidden <body>‚Ä¶</body>
  -   locator resolved to hidden <body>‚Ä¶</body>
  -   locator resolved to hidden <body>‚Ä¶</body>
  -   locator resolved to hidden <body>‚Ä¶</body>
  -   locator resolved to hidden <body>‚Ä¶</body>
  -   locator resolved to hidden <body>‚Ä¶</body>
  -   locator resolved to hidden <body>‚Ä¶</body>
  -   locator resolved to hidden <body>‚Ä¶</body>
  -   locator resolved to hidden <body>‚Ä¶</body>
  -   locator resolved to hidden <body>‚Ä¶</body>
  -   locator resolved to hidden <body>‚Ä¶</body>
  -   locator resolved to hidden <body>‚Ä¶</body>
  -   locator resolved to hidden <body>‚Ä¶</body>
  -   locator resolved to hidden <body>‚Ä¶</body>
  -   locator resolved to hidden <body>‚Ä¶</body>
  -   locator resolved to hidden <body>‚Ä¶</body>
  -   locator resolved to hidden <body>‚Ä¶</body>
  -   locator resolved to hidden <body>‚Ä¶</body>
  -   locator resolved to hidden <body>‚Ä¶</body>
  -   locator resolved to hidden <body>‚Ä¶</body>
  -   locator resolved to hidden <body>‚Ä¶</body>


The above exception was the direct cause of the following exception:

Traceback (most recent call last):
  File "/home/runner/work/Python/Python/mypy/lib/playwright/publish_helper.py", line 123, in publish_mission
    is_login = await self._check_login_status(page)
  File "/home/runner/work/Python/Python/mypy/lib/playwright/publish_helper.py", line 81, in _check_login_status
    raise CheckLoginStatusExp from ex
mypy.lib.playwright.exceptions.CheckLoginStatusExp
ERROR    mypy.lib.xiaohongshu.publish_helper:publish_helper.py:158 üî¥ ‚ùå‚ùå‚ùå„ÄäÊîπÂèòÊú™Êù•Ôºå‰∏ÄÊ¨°‰∏Ä‰∏™Â≠¶ÁîüÁöÑÂ£∞Èü≥„ÄãÂèëÂ∏ÉÂºÇÂ∏∏
Traceback (most recent call last):
  File "/home/runner/work/Python/Python/mypy/lib/playwright/publish_helper.py", line 75, in _check_login_status
    await page.wait_for_selector('body')
  File "/opt/hostedtoolcache/Python/3.8.18/x64/lib/python3.8/site-packages/playwright/async_api/_generated.py", line 7812, in wait_for_selector
    await self._impl_obj.wait_for_selector(
  File "/opt/hostedtoolcache/Python/3.8.18/x64/lib/python3.8/site-packages/playwright/_impl/_page.py", line 373, in wait_for_selector
    return await self._main_frame.wait_for_selector(**locals_to_params(locals()))
  File "/opt/hostedtoolcache/Python/3.8.18/x64/lib/python3.8/site-packages/playwright/_impl/_frame.py", line 323, in wait_for_selector
    await self._channel.send("waitForSelector", locals_to_params(locals()))
  File "/opt/hostedtoolcache/Python/3.8.18/x64/lib/python3.8/site-packages/playwright/_impl/_connection.py", line 59, in send
    return await self._connection.wrap_api_call(
  File "/opt/hostedtoolcache/Python/3.8.18/x64/lib/python3.8/site-packages/playwright/_impl/_connection.py", line 513, in wrap_api_call
    raise rewrite_error(error, f"{parsed_st['apiName']}: {error}") from None
playwright._impl._errors.TimeoutError: Page.wait_for_selector: Timeout 180000ms exceeded.
Call log:
waiting for locator("body") to be visible
  -   locator resolved to hidden <body>‚Ä¶</body>
  -   locator resolved to hidden <body>‚Ä¶</body>
  -   locator resolved to hidden <body>‚Ä¶</body>
  -   locator resolved to hidden <body>‚Ä¶</body>
  -   locator resolved to hidden <body>‚Ä¶</body>
  -   locator resolved to hidden <body>‚Ä¶</body>
  -   locator resolved to hidden <body>‚Ä¶</body>
  -   locator resolved to hidden <body>‚Ä¶</body>
  -   locator resolved to hidden <body>‚Ä¶</body>
  -   locator resolved to hidden <body>‚Ä¶</body>
  -   locator resolved to hidden <body>‚Ä¶</body>
  -   locator resolved to hidden <body>‚Ä¶</body>
  -   locator resolved to hidden <body>‚Ä¶</body>
  -   locator resolved to hidden <body>‚Ä¶</body>
  -   locator resolved to hidden <body>‚Ä¶</body>
  -   locator resolved to hidden <body>‚Ä¶</body>
  -   locator resolved to hidden <body>‚Ä¶</body>
  -   locator resolved to hidden <body>‚Ä¶</body>
  -   locator resolved to hidden <body>‚Ä¶</body>
  -   locator resolved to hidden <body>‚Ä¶</body>
  -   locator resolved to hidden <body>‚Ä¶</body>
  -   locator resolved to hidden <body>‚Ä¶</body>
  -   locator resolved to hidden <body>‚Ä¶</body>
  -   locator resolved to hidden <body>‚Ä¶</body>
  -   locator resolved to hidden <body>‚Ä¶</body>
  -   locator resolved to hidden <body>‚Ä¶</body>
  -   locator resolved to hidden <body>‚Ä¶</body>
  -   locator resolved to hidden <body>‚Ä¶</body>
  -   locator resolved to hidden <body>‚Ä¶</body>
  -   locator resolved to hidden <body>‚Ä¶</body>
  -   locator resolved to hidden <body>‚Ä¶</body>
  -   locator resolved to hidden <body>‚Ä¶</body>
  -   locator resolved to hidden <body>‚Ä¶</body>
  -   locator resolved to hidden <body>‚Ä¶</body>
  -   locator resolved to hidden <body>‚Ä¶</body>
  -   locator resolved to hidden <body>‚Ä¶</body>
  -   locator resolved to hidden <body>‚Ä¶</body>
  -   locator resolved to hidden <body>‚Ä¶</body>
  -   locator resolved to hidden <body>‚Ä¶</body>
  -   locator resolved to hidden <body>‚Ä¶</body>
  -   locator resolved to hidden <body>‚Ä¶</body>
  -   locator resolved to hidden <body>‚Ä¶</body>
  -   locator resolved to hidden <body>‚Ä¶</body>
  -   locator resolved to hidden <body>‚Ä¶</body>
  -   locator resolved to hidden <body>‚Ä¶</body>
  -   locator resolved to hidden <body>‚Ä¶</body>
  -   locator resolved to hidden <body>‚Ä¶</body>
  -   locator resolved to hidden <body>‚Ä¶</body>
  -   locator resolved to hidden <body>‚Ä¶</body>
  -   locator resolved to hidden <body>‚Ä¶</body>
  -   locator resolved to hidden <body>‚Ä¶</body>
  -   locator resolved to hidden <body>‚Ä¶</body>
  -   locator resolved to hidden <body>‚Ä¶</body>
  -   locator resolved to hidden <body>‚Ä¶</body>
  -   locator resolved to hidden <body>‚Ä¶</body>
  -   locator resolved to hidden <body>‚Ä¶</body>
  -   locator resolved to hidden <body>‚Ä¶</body>
  -   locator resolved to hidden <body>‚Ä¶</body>
  -   locator resolved to hidden <body>‚Ä¶</body>
  -   locator resolved to hidden <body>‚Ä¶</body>
  -   locator resolved to hidden <body>‚Ä¶</body>
  -   locator resolved to hidden <body>‚Ä¶</body>
  -   locator resolved to hidden <body>‚Ä¶</body>
  -   locator resolved to hidden <body>‚Ä¶</body>
  -   locator resolved to hidden <body>‚Ä¶</body>
  -   locator resolved to hidden <body>‚Ä¶</body>
  -   locator resolved to hidden <body>‚Ä¶</body>
  -   locator resolved to hidden <body>‚Ä¶</body>
  -   locator resolved to hidden <body>‚Ä¶</body>
  -   locator resolved to hidden <body>‚Ä¶</body>
  -   locator resolved to hidden <body>‚Ä¶</body>
  -   locator resolved to hidden <body>‚Ä¶</body>
  -   locator resolved to hidden <body>‚Ä¶</body>
  -   locator resolved to hidden <body>‚Ä¶</body>
  -   locator resolved to hidden <body>‚Ä¶</body>
  -   locator resolved to hidden <body>‚Ä¶</body>
  -   locator resolved to hidden <body>‚Ä¶</body>
  -   locator resolved to hidden <body>‚Ä¶</body>
  -   locator resolved to hidden <body>‚Ä¶</body>
  -   locator resolved to hidden <body>‚Ä¶</body>
  -   locator resolved to hidden <body>‚Ä¶</body>
  -   locator resolved to hidden <body>‚Ä¶</body>
  -   locator resolved to hidden <body>‚Ä¶</body>
  -   locator resolved to hidden <body>‚Ä¶</body>
  -   locator resolved to hidden <body>‚Ä¶</body>
  -   locator resolved to hidden <body>‚Ä¶</body>
  -   locator resolved to hidden <body>‚Ä¶</body>
  -   locator resolved to hidden <body>‚Ä¶</body>
  -   locator resolved to hidden <body>‚Ä¶</body>
  -   locator resolved to hidden <body>‚Ä¶</body>
  -   locator resolved to hidden <body>‚Ä¶</body>
  -   locator resolved to hidden <body>‚Ä¶</body>
  -   locator resolved to hidden <body>‚Ä¶</body>
  -   locator resolved to hidden <body>‚Ä¶</body>
  -   locator resolved to hidden <body>‚Ä¶</body>
  -   locator resolved to hidden <body>‚Ä¶</body>
  -   locator resolved to hidden <body>‚Ä¶</body>
  -   locator resolved to hidden <body>‚Ä¶</body>
  -   locator resolved to hidden <body>‚Ä¶</body>
  -   locator resolved to hidden <body>‚Ä¶</body>
  -   locator resolved to hidden <body>‚Ä¶</body>
  -   locator resolved to hidden <body>‚Ä¶</body>
  -   locator resolved to hidden <body>‚Ä¶</body>
  -   locator resolved to hidden <body>‚Ä¶</body>
  -   locator resolved to hidden <body>‚Ä¶</body>
  -   locator resolved to hidden <body>‚Ä¶</body>
  -   locator resolved to hidden <body>‚Ä¶</body>
  -   locator resolved to hidden <body>‚Ä¶</body>
  -   locator resolved to hidden <body>‚Ä¶</body>
  -   locator resolved to hidden <body>‚Ä¶</body>
  -   locator resolved to hidden <body>‚Ä¶</body>
  -   locator resolved to hidden <body>‚Ä¶</body>
  -   locator resolved to hidden <body>‚Ä¶</body>
  -   locator resolved to hidden <body>‚Ä¶</body>
  -   locator resolved to hidden <body>‚Ä¶</body>
  -   locator resolved to hidden <body>‚Ä¶</body>
  -   locator resolved to hidden <body>‚Ä¶</body>
  -   locator resolved to hidden <body>‚Ä¶</body>
  -   locator resolved to hidden <body>‚Ä¶</body>
  -   locator resolved to hidden <body>‚Ä¶</body>
  -   locator resolved to hidden <body>‚Ä¶</body>
  -   locator resolved to hidden <body>‚Ä¶</body>
  -   locator resolved to hidden <body>‚Ä¶</body>
  -   locator resolved to hidden <body>‚Ä¶</body>
  -   locator resolved to hidden <body>‚Ä¶</body>
  -   locator resolved to hidden <body>‚Ä¶</body>
  -   locator resolved to hidden <body>‚Ä¶</body>
  -   locator resolved to hidden <body>‚Ä¶</body>
  -   locator resolved to hidden <body>‚Ä¶</body>
  -   locator resolved to hidden <body>‚Ä¶</body>
  -   locator resolved to hidden <body>‚Ä¶</body>
  -   locator resolved to hidden <body>‚Ä¶</body>
  -   locator resolved to hidden <body>‚Ä¶</body>
  -   locator resolved to hidden <body>‚Ä¶</body>
  -   locator resolved to hidden <body>‚Ä¶</body>
  -   locator resolved to hidden <body>‚Ä¶</body>
  -   locator resolved to hidden <body>‚Ä¶</body>
  -   locator resolved to hidden <body>‚Ä¶</body>
  -   locator resolved to hidden <body>‚Ä¶</body>
  -   locator resolved to hidden <body>‚Ä¶</body>
  -   locator resolved to hidden <body>‚Ä¶</body>
  -   locator resolved to hidden <body>‚Ä¶</body>
  -   locator resolved to hidden <body>‚Ä¶</body>
  -   locator resolved to hidden <body>‚Ä¶</body>
  -   locator resolved to hidden <body>‚Ä¶</body>
  -   locator resolved to hidden <body>‚Ä¶</body>
  -   locator resolved to hidden <body>‚Ä¶</body>
  -   locator resolved to hidden <body>‚Ä¶</body>
  -   locator resolved to hidden <body>‚Ä¶</body>
  -   locator resolved to hidden <body>‚Ä¶</body>
  -   locator resolved to hidden <body>‚Ä¶</body>
  -   locator resolved to hidden <body>‚Ä¶</body>
  -   locator resolved to hidden <body>‚Ä¶</body>
  -   locator resolved to hidden <body>‚Ä¶</body>
  -   locator resolved to hidden <body>‚Ä¶</body>
  -   locator resolved to hidden <body>‚Ä¶</body>
  -   locator resolved to hidden <body>‚Ä¶</body>
  -   locator resolved to hidden <body>‚Ä¶</body>
  -   locator resolved to hidden <body>‚Ä¶</body>
  -   locator resolved to hidden <body>‚Ä¶</body>
  -   locator resolved to hidden <body>‚Ä¶</body>
  -   locator resolved to hidden <body>‚Ä¶</body>
  -   locator resolved to hidden <body>‚Ä¶</body>
  -   locator resolved to hidden <body>‚Ä¶</body>
  -   locator resolved to hidden <body>‚Ä¶</body>
  -   locator resolved to hidden <body>‚Ä¶</body>
  -   locator resolved to hidden <body>‚Ä¶</body>
  -   locator resolved to hidden <body>‚Ä¶</body>
  -   locator resolved to hidden <body>‚Ä¶</body>
  -   locator resolved to hidden <body>‚Ä¶</body>
  -   locator resolved to hidden <body>‚Ä¶</body>
  -   locator resolved to hidden <body>‚Ä¶</body>
  -   locator resolved to hidden <body>‚Ä¶</body>
  -   locator resolved to hidden <body>‚Ä¶</body>
  -   locator resolved to hidden <body>‚Ä¶</body>
  -   locator resolved to hidden <body>‚Ä¶</body>
  -   locator resolved to hidden <body>‚Ä¶</body>
  -   locator resolved to hidden <body>‚Ä¶</body>
  -   locator resolved to hidden <body>‚Ä¶</body>
  -   locator resolved to hidden <body>‚Ä¶</body>
  -   locator resolved to hidden <body>‚Ä¶</body>
  -   locator resolved to hidden <body>‚Ä¶</body>
  -   locator resolved to hidden <body>‚Ä¶</body>
  -   locator resolved to hidden <body>‚Ä¶</body>
  -   locator resolved to hidden <body>‚Ä¶</body>
  -   locator resolved to hidden <body>‚Ä¶</body>
  -   locator resolved to hidden <body>‚Ä¶</body>
  -   locator resolved to hidden <body>‚Ä¶</body>
  -   locator resolved to hidden <body>‚Ä¶</body>
  -   locator resolved to hidden <body>‚Ä¶</body>
  -   locator resolved to hidden <body>‚Ä¶</body>
  -   locator resolved to hidden <body>‚Ä¶</body>
  -   locator resolved to hidden <body>‚Ä¶</body>
  -   locator resolved to hidden <body>‚Ä¶</body>
  -   locator resolved to hidden <body>‚Ä¶</body>
  -   locator resolved to hidden <body>‚Ä¶</body>
  -   locator resolved to hidden <body>‚Ä¶</body>
  -   locator resolved to hidden <body>‚Ä¶</body>
  -   locator resolved to hidden <body>‚Ä¶</body>
  -   locator resolved to hidden <body>‚Ä¶</body>
  -   locator resolved to hidden <body>‚Ä¶</body>
  -   locator resolved to hidden <body>‚Ä¶</body>
  -   locator resolved to hidden <body>‚Ä¶</body>
  -   locator resolved to hidden <body>‚Ä¶</body>
  -   locator resolved to hidden <body>‚Ä¶</body>
  -   locator resolved to hidden <body>‚Ä¶</body>
  -   locator resolved to hidden <body>‚Ä¶</body>
  -   locator resolved to hidden <body>‚Ä¶</body>
  -   locator resolved to hidden <body>‚Ä¶</body>
  -   locator resolved to hidden <body>‚Ä¶</body>
  -   locator resolved to hidden <body>‚Ä¶</body>
  -   locator resolved to hidden <body>‚Ä¶</body>
  -   locator resolved to hidden <body>‚Ä¶</body>
  -   locator resolved to hidden <body>‚Ä¶</body>
  -   locator resolved to hidden <body>‚Ä¶</body>
  -   locator resolved to hidden <body>‚Ä¶</body>
  -   locator resolved to hidden <body>‚Ä¶</body>
  -   locator resolved to hidden <body>‚Ä¶</body>
  -   locator resolved to hidden <body>‚Ä¶</body>
  -   locator resolved to hidden <body>‚Ä¶</body>
  -   locator resolved to hidden <body>‚Ä¶</body>
  -   locator resolved to hidden <body>‚Ä¶</body>
  -   locator resolved to hidden <body>‚Ä¶</body>
  -   locator resolved to hidden <body>‚Ä¶</body>
  -   locator resolved to hidden <body>‚Ä¶</body>
  -   locator resolved to hidden <body>‚Ä¶</body>
  -   locator resolved to hidden <body>‚Ä¶</body>
  -   locator resolved to hidden <body>‚Ä¶</body>
  -   locator resolved to hidden <body>‚Ä¶</body>
  -   locator resolved to hidden <body>‚Ä¶</body>
  -   locator resolved to hidden <body>‚Ä¶</body>
  -   locator resolved to hidden <body>‚Ä¶</body>
  -   locator resolved to hidden <body>‚Ä¶</body>
  -   locator resolved to hidden <body>‚Ä¶</body>
  -   locator resolved to hidden <body>‚Ä¶</body>
  -   locator resolved to hidden <body>‚Ä¶</body>
  -   locator resolved to hidden <body>‚Ä¶</body>
  -   locator resolved to hidden <body>‚Ä¶</body>
  -   locator resolved to hidden <body>‚Ä¶</body>
  -   locator resolved to hidden <body>‚Ä¶</body>
  -   locator resolved to hidden <body>‚Ä¶</body>
  -   locator resolved to hidden <body>‚Ä¶</body>
  -   locator resolved to hidden <body>‚Ä¶</body>
  -   locator resolved to hidden <body>‚Ä¶</body>
  -   locator resolved to hidden <body>‚Ä¶</body>
  -   locator resolved to hidden <body>‚Ä¶</body>
  -   locator resolved to hidden <body>‚Ä¶</body>
  -   locator resolved to hidden <body>‚Ä¶</body>
  -   locator resolved to hidden <body>‚Ä¶</body>
  -   locator resolved to hidden <body>‚Ä¶</body>
  -   locator resolved to hidden <body>‚Ä¶</body>
  -   locator resolved to hidden <body>‚Ä¶</body>
  -   locator resolved to hidden <body>‚Ä¶</body>
  -   locator resolved to hidden <body>‚Ä¶</body>
  -   locator resolved to hidden <body>‚Ä¶</body>
  -   locator resolved to hidden <body>‚Ä¶</body>
  -   locator resolved to hidden <body>‚Ä¶</body>
  -   locator resolved to hidden <body>‚Ä¶</body>
  -   locator resolved to hidden <body>‚Ä¶</body>
  -   locator resolved to hidden <body>‚Ä¶</body>
  -   locator resolved to hidden <body>‚Ä¶</body>
  -   locator resolved to hidden <body>‚Ä¶</body>
  -   locator resolved to hidden <body>‚Ä¶</body>
  -   locator resolved to hidden <body>‚Ä¶</body>
  -   locator resolved to hidden <body>‚Ä¶</body>
  -   locator resolved to hidden <body>‚Ä¶</body>
  -   locator resolved to hidden <body>‚Ä¶</body>
  -   locator resolved to hidden <body>‚Ä¶</body>
  -   locator resolved to hidden <body>‚Ä¶</body>
  -   locator resolved to hidden <body>‚Ä¶</body>
  -   locator resolved to hidden <body>‚Ä¶</body>
  -   locator resolved to hidden <body>‚Ä¶</body>
  -   locator resolved to hidden <body>‚Ä¶</body>
  -   locator resolved to hidden <body>‚Ä¶</body>
  -   locator resolved to hidden <body>‚Ä¶</body>
  -   locator resolved to hidden <body>‚Ä¶</body>
  -   locator resolved to hidden <body>‚Ä¶</body>
  -   locator resolved to hidden <body>‚Ä¶</body>
  -   locator resolved to hidden <body>‚Ä¶</body>
  -   locator resolved to hidden <body>‚Ä¶</body>
  -   locator resolved to hidden <body>‚Ä¶</body>
  -   locator resolved to hidden <body>‚Ä¶</body>
  -   locator resolved to hidden <body>‚Ä¶</body>
  -   locator resolved to hidden <body>‚Ä¶</body>
  -   locator resolved to hidden <body>‚Ä¶</body>
  -   locator resolved to hidden <body>‚Ä¶</body>
  -   locator resolved to hidden <body>‚Ä¶</body>
  -   locator resolved to hidden <body>‚Ä¶</body>
  -   locator resolved to hidden <body>‚Ä¶</body>
  -   locator resolved to hidden <body>‚Ä¶</body>
  -   locator resolved to hidden <body>‚Ä¶</body>
  -   locator resolved to hidden <body>‚Ä¶</body>
  -   locator resolved to hidden <body>‚Ä¶</body>
  -   locator resolved to hidden <body>‚Ä¶</body>
  -   locator resolved to hidden <body>‚Ä¶</body>
  -   locator resolved to hidden <body>‚Ä¶</body>
  -   locator resolved to hidden <body>‚Ä¶</body>
  -   locator resolved to hidden <body>‚Ä¶</body>
  -   locator resolved to hidden <body>‚Ä¶</body>
  -   locator resolved to hidden <body>‚Ä¶</body>
  -   locator resolved to hidden <body>‚Ä¶</body>
  -   locator resolved to hidden <body>‚Ä¶</body>
  -   locator resolved to hidden <body>‚Ä¶</body>
  -   locator resolved to hidden <body>‚Ä¶</body>
  -   locator resolved to hidden <body>‚Ä¶</body>
  -   locator resolved to hidden <body>‚Ä¶</body>
  -   locator resolved to hidden <body>‚Ä¶</body>
  -   locator resolved to hidden <body>‚Ä¶</body>
  -   locator resolved to hidden <body>‚Ä¶</body>
  -   locator resolved to hidden <body>‚Ä¶</body>
  -   locator resolved to hidden <body>‚Ä¶</body>
  -   locator resolved to hidden <body>‚Ä¶</body>
  -   locator resolved to hidden <body>‚Ä¶</body>
  -   locator resolved to hidden <body>‚Ä¶</body>
  -   locator resolved to hidden <body>‚Ä¶</body>
  -   locator resolved to hidden <body>‚Ä¶</body>
  -   locator resolved to hidden <body>‚Ä¶</body>
  -   locator resolved to hidden <body>‚Ä¶</body>
  -   locator resolved to hidden <body>‚Ä¶</body>
  -   locator resolved to hidden <body>‚Ä¶</body>
  -   locator resolved to hidden <body>‚Ä¶</body>
  -   locator resolved to hidden <body>‚Ä¶</body>
  -   locator resolved to hidden <body>‚Ä¶</body>
  -   locator resolved to hidden <body>‚Ä¶</body>
  -   locator resolved to hidden <body>‚Ä¶</body>
  -   locator resolved to hidden <body>‚Ä¶</body>
  -   locator resolved to hidden <body>‚Ä¶</body>
  -   locator resolved to hidden <body>‚Ä¶</body>
  -   locator resolved to hidden <body>‚Ä¶</body>
  -   locator resolved to hidden <body>‚Ä¶</body>
  -   locator resolved to hidden <body>‚Ä¶</body>
  -   locator resolved to hidden <body>‚Ä¶</body>
  -   locator resolved to hidden <body>‚Ä¶</body>
  -   locator resolved to hidden <body>‚Ä¶</body>
  -   locator resolved to hidden <body>‚Ä¶</body>
  -   locator resolved to hidden <body>‚Ä¶</body>
  -   locator resolved to hidden <body>‚Ä¶</body>
  -   locator resolved to hidden <body>‚Ä¶</body>
  -   locator resolved to hidden <body>‚Ä¶</body>
  -   locator resolved to hidden <body>‚Ä¶</body>
  -   locator resolved to hidden <body>‚Ä¶</body>
  -   locator resolved to hidden <body>‚Ä¶</body>
  -   locator resolved to hidden <body>‚Ä¶</body>
  -   locator resolved to hidden <body>‚Ä¶</body>
  -   locator resolved to hidden <body>‚Ä¶</body>
  -   locator resolved to hidden <body>‚Ä¶</body>
  -   locator resolved to hidden <body>‚Ä¶</body>
  -   locator resolved to hidden <body>‚Ä¶</body>
  -   locator resolved to hidden <body>‚Ä¶</body>
  -   locator resolved to hidden <body>‚Ä¶</body>
  -   locator resolved to hidden <body>‚Ä¶</body>
  -   locator resolved to hidden <body>‚Ä¶</body>
  -   locator resolved to hidden <body>‚Ä¶</body>
  -   locator resolved to hidden <body>‚Ä¶</body>
  -   locator resolved to hidden <body>‚Ä¶</body>
  -   locator resolved to hidden <body>‚Ä¶</body>
  -   locator resolved to hidden <body>‚Ä¶</body>
  -   locator resolved to hidden <body>‚Ä¶</body>


The above exception was the direct cause of the following exception:

Traceback (most recent call last):
  File "/home/runner/work/Python/Python/mypy/lib/playwright/publish_helper.py", line 123, in publish_mission
    is_login = await self._check_login_status(page)
  File "/home/runner/work/Python/Python/mypy/lib/playwright/publish_helper.py", line 81, in _check_login_status
    raise CheckLoginStatusExp from ex
mypy.lib.playwright.exceptions.CheckLoginStatusExp

The above exception was the direct cause of the following exception:

Traceback (most recent call last):
  File "/home/runner/work/Python/Python/mypy/lib/playwright/publish_helper.py", line 148, in do_publish
    async for attempt in AsyncRetrying(
  File "/opt/hostedtoolcache/Python/3.8.18/x64/lib/python3.8/site-packages/tenacity/_asyncio.py", line 71, in __anext__
    do = self.iter(retry_state=self._retry_state)
  File "/opt/hostedtoolcache/Python/3.8.18/x64/lib/python3.8/site-packages/tenacity/__init__.py", line 314, in iter
    return fut.result()
  File "/opt/hostedtoolcache/Python/3.8.18/x64/lib/python3.8/concurrent/futures/_base.py", line 437, in result
    return self.__get_result()
  File "/opt/hostedtoolcache/Python/3.8.18/x64/lib/python3.8/concurrent/futures/_base.py", line 389, in __get_result
    raise self._exception
  File "/home/runner/work/Python/Python/mypy/lib/playwright/publish_helper.py", line 156, in do_publish
    await self.publish_mission(playwright)
  File "/home/runner/work/Python/Python/mypy/lib/playwright/publish_helper.py", line 137, in publish_mission
    raise PublishFail(original_exception=ex) from ex
mypy.lib.playwright.exceptions.PublishFail
WARNING  mypy.lib.playwright.publish_handler:publish_handler.py:63 üü† [/home/runner/work/Python/Python/mypy/tests/apps/youtu2douyin/_out/channel_UCsooa4yRKGN_zEE8iknghZA/RSbi3BC-N9k.mp4] ÂèëÂ∏ÉÂà∞ [xiaohongshu] Â§±Ë¥•ÂéüÂõ†: []
INFO     mypy.apps.youtu2douyin.channel_loop:channel_loop.py:144 üü¢ „ÄäChanging the future, one student voice at a time #shorts„ÄãÂèëÂ∏ÉÂà∞ [douyin] ÊàêÂäü
ERROR    mypy.apps.youtu2douyin.channel_loop:channel_loop.py:140 üî¥ „ÄäChanging the future, one student voice at a time #shorts„ÄãÂèëÂ∏ÉÂà∞ [xiaohongshu] Â§±Ë¥•
WARNING  mypy.apps.youtu2douyin.channel_loop:channel_loop.py:153 üü† „Ää/home/runner/work/Python/Python/mypy/tests/apps/youtu2douyin/_out/channel_UCsooa4yRKGN_zEE8iknghZA/RSbi3BC-N9k.mp4„ÄãÂ∑≤Â§ÑÁêÜÔºåÂà†Èô§ËØ•ËßÜÈ¢ëÊñá‰ª∂
INFO     mypy.lib.youtube.video_handler:video_handler.py:183 üü¢ ===== Ëé∑ÂèñËßÜÈ¢ë =====
INFO     mypy.lib.youtube.video_handler:video_handler.py:184 üü¢ ËæìÂá∫Ë∑ØÂæÑ: /home/runner/work/Python/Python/mypy/tests/apps/youtu2douyin/_out/channel_UCsooa4yRKGN_zEE8iknghZA
INFO     mypy.lib.youtube.video_handler:video_handler.py:195 üü¢ ===== ‰∏ãËΩΩËßÜÈ¢ëËµÑÊ∫ê =====
INFO     mypy.lib.youtube.ytdlp_helper:ytdlp_helper.py:164 üü¢ ----- ‰∏ãËΩΩËßÜÈ¢ë -----
DEBUG    /home/runner/work/Python/Python/mypy/utils/tools.py:tools.py:234 üîµ Ê≠£Âú®ÊâßË°åÂëΩ‰ª§: ['yt-dlp', '--format', 'bv+ba', '--merge-output-format', 'mp4', '--output', '/home/runner/work/Python/Python/mypy/tests/apps/youtu2douyin/_out/channel_UCsooa4yRKGN_zEE8iknghZA/m4Ics03xzUQ/m4Ics03xzUQ.mp4', '--write-thumbnail', '--convert-thumbnail', 'jpg', '--output', 'thumbnail:/home/runner/work/Python/Python/mypy/tests/apps/youtu2douyin/_out/channel_UCsooa4yRKGN_zEE8iknghZA/m4Ics03xzUQ/m4Ics03xzUQ', 'https://youtube.com/watch?v=m4Ics03xzUQ']
INFO     mypy.lib.youtube.ytdlp_helper:ytdlp_helper.py:168 üü¢ ----- ‰∏ãËΩΩÂ≠óÂπï -----
INFO     mypy.lib.youtube.y2_subtitle_handler:y2_subtitle_handler.py:34 üü¢ ----- ‰∏ãËΩΩÂ≠óÂπï -----
INFO     mypy.lib.youtube.video_handler:video_handler.py:199 üü¢ ===== ËßÜÈ¢ëÂâ™Ëæë =====
INFO     mypy.lib.youtube.video_handler:video_handler.py:213 üü¢ ----- Ââ™ËæëÂêéËßÜÈ¢ëË∑ØÂæÑ: /home/runner/work/Python/Python/mypy/tests/apps/youtu2douyin/_out/channel_UCsooa4yRKGN_zEE8iknghZA/m4Ics03xzUQ.mp4
INFO     mypy.lib.youtube.video_handler:video_handler.py:216 üü¢ ===== Ëé∑ÂèñÂ∞ÅÈù¢ =====
DEBUG    mypy.apps.youtu2douyin.channel_loop:channel_loop.py:116 üîµ ----- ËßÜÈ¢ë‰ø°ÊÅØ: {'id': 'm4Ics03xzUQ', 'url': 'https://youtube.com/watch?v=m4Ics03xzUQ', 'title': 'How to increase your happiness', 'publish_date': '2024-05-02 00:00:00', 'published': []}
INFO     mypy.lib.playwright.publish_handler:publish_handler.py:87 üü¢ -----> ÂºÄÂßãÂèëÂ∏ÉÂà∞ ['douyin', 'xiaohongshu'] Âπ≥Âè∞
INFO     mypy.lib.playwright.publish_handler:log.py:106 üü¢ [platform: douyin], [publish_file: m4Ics03xzUQ.mp4] - Ê≠£Âú®‰ΩøÁî® [cookie_17688150852.json] ÂèëÂ∏É‰ΩúÂìÅÔºåÂΩìÂâçË¥¶Âè∑ÊéíÂ∫è: [1]
INFO     mypy.lib.playwright.publish_handler:log.py:106 üü¢ [platform: xiaohongshu], [publish_file: m4Ics03xzUQ.mp4] - Ê≠£Âú®‰ΩøÁî® [cookie_17688150852.json] ÂèëÂ∏É‰ΩúÂìÅÔºåÂΩìÂâçË¥¶Âè∑ÊéíÂ∫è: [1]
INFO     mypy.lib.playwright.publish_handler:log.py:106 üü¢ [platform: douyin], [publish_file: m4Ics03xzUQ.mp4] - ============================================================
INFO     mypy.lib.playwright.publish_handler:log.py:106 üü¢ [platform: douyin], [publish_file: m4Ics03xzUQ.mp4] - [DouyinVideoPublishHelper] ÂºÄÂßãÊâßË°åÂèëÂ∏É‰ªªÂä°
INFO     mypy.lib.playwright.publish_handler:log.py:106 üü¢ [platform: douyin], [publish_file: m4Ics03xzUQ.mp4] - ============================================================
INFO     mypy.lib.xiaohongshu.publish_helper:publish_helper.py:113 üü¢ ============================================================
INFO     mypy.lib.xiaohongshu.publish_helper:publish_helper.py:114 üü¢ [XiaohongshuPublishHelper] ÂºÄÂßãÊâßË°åÂèëÂ∏É‰ªªÂä°
INFO     mypy.lib.xiaohongshu.publish_helper:publish_helper.py:115 üü¢ ============================================================
INFO     mypy.lib.playwright.publish_handler:log.py:106 üü¢ [platform: douyin], [publish_file: m4Ics03xzUQ.mp4] - ÂΩìÂâçÁôªÂΩïË¥¶Âè∑‰∏∫ [PPT320210]
INFO     mypy.lib.playwright.publish_handler:log.py:106 üü¢ [platform: douyin], [publish_file: m4Ics03xzUQ.mp4] - Ëé∑ÂèñÂπ∂‰∏ä‰º†Â∞ÅÈù¢
INFO     mypy.lib.playwright.publish_handler:log.py:106 üü¢ [platform: douyin], [publish_file: m4Ics03xzUQ.mp4] - ËÆæÁΩÆËßÜÈ¢ëÁÆÄ‰ªã‰∏∫: Â¶Ç‰ΩïÂ¢ûÂä†‰Ω†ÁöÑÂπ∏Á¶èÊÑü #TED #ÂõõÂÖ≠Á∫ß #Ëã±ËØ≠Âè£ËØ≠ #ÈõÖÊÄù
WARNING  mypy.lib.playwright.publish_handler:log.py:109 üü† [platform: douyin], [publish_file: m4Ics03xzUQ.mp4] - Êú™ÂèëÁé∞ÂèØÈÄâÂêàÈõÜ
INFO     mypy.lib.playwright.publish_handler:log.py:106 üü¢ [platform: douyin], [publish_file: m4Ics03xzUQ.mp4] - ÂèØËßÅËåÉÂõ¥ËÆæÁΩÆ‰∏∫: ÂÖ¨ÂºÄ
INFO     mypy.lib.playwright.publish_handler:log.py:106 üü¢ [platform: douyin], [publish_file: m4Ics03xzUQ.mp4] - ËßÜÈ¢ëÂèØ‰∏ãËΩΩÊùÉÈôêËÆæÁΩÆ‰∏∫: ‰∏çÂÖÅËÆ∏
INFO     mypy.lib.playwright.publish_handler:log.py:106 üü¢ [platform: douyin], [publish_file: m4Ics03xzUQ.mp4] - „ÄêÁ´ãÂç≥ÂèëÂ∏É„Äë
WARNING  mypy.lib.playwright.publish_handler:log.py:109 üü† [platform: douyin], [publish_file: m4Ics03xzUQ.mp4] - ÊµãËØïÊ®°ÂºèÔºå‰∏çÁÇπÂáªÂèëÂ∏ÉÊåâÈíÆ
ERROR    mypy.lib.xiaohongshu.publish_helper:publish_helper.py:80 üî¥ Ë¥¶Âè∑ÁôªÂΩïÁä∂ÊÄÅÂ∑≤Â§±ÊïàÔºåÊ≠£Âú®Ë∑≥Âá∫: Page.wait_for_selector: Timeout 180000ms exceeded.
Call log:
waiting for locator("body") to be visible
  -   locator resolved to hidden <body>‚Ä¶</body>
  -   locator resolved to hidden <body>‚Ä¶</body>
  -   locator resolved to hidden <body>‚Ä¶</body>
  -   locator resolved to hidden <body>‚Ä¶</body>
  -   locator resolved to hidden <body>‚Ä¶</body>
  -   locator resolved to hidden <body>‚Ä¶</body>
  -   locator resolved to hidden <body>‚Ä¶</body>
  -   locator resolved to hidden <body>‚Ä¶</body>
  -   locator resolved to hidden <body>‚Ä¶</body>
  -   locator resolved to hidden <body>‚Ä¶</body>
  -   locator resolved to hidden <body>‚Ä¶</body>
  -   locator resolved to hidden <body>‚Ä¶</body>
  -   locator resolved to hidden <body>‚Ä¶</body>
  -   locator resolved to hidden <body>‚Ä¶</body>
  -   locator resolved to hidden <body>‚Ä¶</body>
  -   locator resolved to hidden <body>‚Ä¶</body>
  -   locator resolved to hidden <body>‚Ä¶</body>
  -   locator resolved to hidden <body>‚Ä¶</body>
  -   locator resolved to hidden <body>‚Ä¶</body>
  -   locator resolved to hidden <body>‚Ä¶</body>
  -   locator resolved to hidden <body>‚Ä¶</body>
  -   locator resolved to hidden <body>‚Ä¶</body>
  -   locator resolved to hidden <body>‚Ä¶</body>
  -   locator resolved to hidden <body>‚Ä¶</body>
  -   locator resolved to hidden <body>‚Ä¶</body>
  -   locator resolved to hidden <body>‚Ä¶</body>
  -   locator resolved to hidden <body>‚Ä¶</body>
  -   locator resolved to hidden <body>‚Ä¶</body>
  -   locator resolved to hidden <body>‚Ä¶</body>
  -   locator resolved to hidden <body>‚Ä¶</body>
  -   locator resolved to hidden <body>‚Ä¶</body>
  -   locator resolved to hidden <body>‚Ä¶</body>
  -   locator resolved to hidden <body>‚Ä¶</body>
  -   locator resolved to hidden <body>‚Ä¶</body>
  -   locator resolved to hidden <body>‚Ä¶</body>
  -   locator resolved to hidden <body>‚Ä¶</body>
  -   locator resolved to hidden <body>‚Ä¶</body>
  -   locator resolved to hidden <body>‚Ä¶</body>
  -   locator resolved to hidden <body>‚Ä¶</body>
  -   locator resolved to hidden <body>‚Ä¶</body>
  -   locator resolved to hidden <body>‚Ä¶</body>
  -   locator resolved to hidden <body>‚Ä¶</body>
  -   locator resolved to hidden <body>‚Ä¶</body>
  -   locator resolved to hidden <body>‚Ä¶</body>
  -   locator resolved to hidden <body>‚Ä¶</body>
  -   locator resolved to hidden <body>‚Ä¶</body>
  -   locator resolved to hidden <body>‚Ä¶</body>
  -   locator resolved to hidden <body>‚Ä¶</body>
  -   locator resolved to hidden <body>‚Ä¶</body>
  -   locator resolved to hidden <body>‚Ä¶</body>
  -   locator resolved to hidden <body>‚Ä¶</body>
  -   locator resolved to hidden <body>‚Ä¶</body>
  -   locator resolved to hidden <body>‚Ä¶</body>
  -   locator resolved to hidden <body>‚Ä¶</body>
  -   locator resolved to hidden <body>‚Ä¶</body>
  -   locator resolved to hidden <body>‚Ä¶</body>
  -   locator resolved to hidden <body>‚Ä¶</body>
  -   locator resolved to hidden <body>‚Ä¶</body>
  -   locator resolved to hidden <body>‚Ä¶</body>
  -   locator resolved to hidden <body>‚Ä¶</body>
  -   locator resolved to hidden <body>‚Ä¶</body>
  -   locator resolved to hidden <body>‚Ä¶</body>
  -   locator resolved to hidden <body>‚Ä¶</body>
  -   locator resolved to hidden <body>‚Ä¶</body>
  -   locator resolved to hidden <body>‚Ä¶</body>
  -   locator resolved to hidden <body>‚Ä¶</body>
  -   locator resolved to hidden <body>‚Ä¶</body>
  -   locator resolved to hidden <body>‚Ä¶</body>
  -   locator resolved to hidden <body>‚Ä¶</body>
  -   locator resolved to hidden <body>‚Ä¶</body>
  -   locator resolved to hidden <body>‚Ä¶</body>
  -   locator resolved to hidden <body>‚Ä¶</body>
  -   locator resolved to hidden <body>‚Ä¶</body>
  -   locator resolved to hidden <body>‚Ä¶</body>
  -   locator resolved to hidden <body>‚Ä¶</body>
  -   locator resolved to hidden <body>‚Ä¶</body>
  -   locator resolved to hidden <body>‚Ä¶</body>
  -   locator resolved to hidden <body>‚Ä¶</body>
  -   locator resolved to hidden <body>‚Ä¶</body>
  -   locator resolved to hidden <body>‚Ä¶</body>
  -   locator resolved to hidden <body>‚Ä¶</body>
  -   locator resolved to hidden <body>‚Ä¶</body>
  -   locator resolved to hidden <body>‚Ä¶</body>
  -   locator resolved to hidden <body>‚Ä¶</body>
  -   locator resolved to hidden <body>‚Ä¶</body>
  -   locator resolved to hidden <body>‚Ä¶</body>
  -   locator resolved to hidden <body>‚Ä¶</body>
  -   locator resolved to hidden <body>‚Ä¶</body>
  -   locator resolved to hidden <body>‚Ä¶</body>
  -   locator resolved to hidden <body>‚Ä¶</body>
  -   locator resolved to hidden <body>‚Ä¶</body>
  -   locator resolved to hidden <body>‚Ä¶</body>
  -   locator resolved to hidden <body>‚Ä¶</body>
  -   locator resolved to hidden <body>‚Ä¶</body>
  -   locator resolved to hidden <body>‚Ä¶</body>
  -   locator resolved to hidden <body>‚Ä¶</body>
  -   locator resolved to hidden <body>‚Ä¶</body>
  -   locator resolved to hidden <body>‚Ä¶</body>
  -   locator resolved to hidden <body>‚Ä¶</body>
  -   locator resolved to hidden <body>‚Ä¶</body>
  -   locator resolved to hidden <body>‚Ä¶</body>
  -   locator resolved to hidden <body>‚Ä¶</body>
  -   locator resolved to hidden <body>‚Ä¶</body>
  -   locator resolved to hidden <body>‚Ä¶</body>
  -   locator resolved to hidden <body>‚Ä¶</body>
  -   locator resolved to hidden <body>‚Ä¶</body>
  -   locator resolved to hidden <body>‚Ä¶</body>
  -   locator resolved to hidden <body>‚Ä¶</body>
  -   locator resolved to hidden <body>‚Ä¶</body>
  -   locator resolved to hidden <body>‚Ä¶</body>
  -   locator resolved to hidden <body>‚Ä¶</body>
  -   locator resolved to hidden <body>‚Ä¶</body>
  -   locator resolved to hidden <body>‚Ä¶</body>
  -   locator resolved to hidden <body>‚Ä¶</body>
  -   locator resolved to hidden <body>‚Ä¶</body>
  -   locator resolved to hidden <body>‚Ä¶</body>
  -   locator resolved to hidden <body>‚Ä¶</body>
  -   locator resolved to hidden <body>‚Ä¶</body>
  -   locator resolved to hidden <body>‚Ä¶</body>
  -   locator resolved to hidden <body>‚Ä¶</body>
  -   locator resolved to hidden <body>‚Ä¶</body>
  -   locator resolved to hidden <body>‚Ä¶</body>
  -   locator resolved to hidden <body>‚Ä¶</body>
  -   locator resolved to hidden <body>‚Ä¶</body>
  -   locator resolved to hidden <body>‚Ä¶</body>
  -   locator resolved to hidden <body>‚Ä¶</body>
  -   locator resolved to hidden <body>‚Ä¶</body>
  -   locator resolved to hidden <body>‚Ä¶</body>
  -   locator resolved to hidden <body>‚Ä¶</body>
  -   locator resolved to hidden <body>‚Ä¶</body>
  -   locator resolved to hidden <body>‚Ä¶</body>
  -   locator resolved to hidden <body>‚Ä¶</body>
  -   locator resolved to hidden <body>‚Ä¶</body>
  -   locator resolved to hidden <body>‚Ä¶</body>
  -   locator resolved to hidden <body>‚Ä¶</body>
  -   locator resolved to hidden <body>‚Ä¶</body>
  -   locator resolved to hidden <body>‚Ä¶</body>
  -   locator resolved to hidden <body>‚Ä¶</body>
  -   locator resolved to hidden <body>‚Ä¶</body>
  -   locator resolved to hidden <body>‚Ä¶</body>
  -   locator resolved to hidden <body>‚Ä¶</body>
  -   locator resolved to hidden <body>‚Ä¶</body>
  -   locator resolved to hidden <body>‚Ä¶</body>
  -   locator resolved to hidden <body>‚Ä¶</body>
  -   locator resolved to hidden <body>‚Ä¶</body>
  -   locator resolved to hidden <body>‚Ä¶</body>
  -   locator resolved to hidden <body>‚Ä¶</body>
  -   locator resolved to hidden <body>‚Ä¶</body>
  -   locator resolved to hidden <body>‚Ä¶</body>
  -   locator resolved to hidden <body>‚Ä¶</body>
  -   locator resolved to hidden <body>‚Ä¶</body>
  -   locator resolved to hidden <body>‚Ä¶</body>
  -   locator resolved to hidden <body>‚Ä¶</body>
  -   locator resolved to hidden <body>‚Ä¶</body>
  -   locator resolved to hidden <body>‚Ä¶</body>
  -   locator resolved to hidden <body>‚Ä¶</body>
  -   locator resolved to hidden <body>‚Ä¶</body>
  -   locator resolved to hidden <body>‚Ä¶</body>
  -   locator resolved to hidden <body>‚Ä¶</body>
  -   locator resolved to hidden <body>‚Ä¶</body>
  -   locator resolved to hidden <body>‚Ä¶</body>
  -   locator resolved to hidden <body>‚Ä¶</body>
  -   locator resolved to hidden <body>‚Ä¶</body>
  -   locator resolved to hidden <body>‚Ä¶</body>
  -   locator resolved to hidden <body>‚Ä¶</body>
  -   locator resolved to hidden <body>‚Ä¶</body>
  -   locator resolved to hidden <body>‚Ä¶</body>
  -   locator resolved to hidden <body>‚Ä¶</body>
  -   locator resolved to hidden <body>‚Ä¶</body>
  -   locator resolved to hidden <body>‚Ä¶</body>
  -   locator resolved to hidden <body>‚Ä¶</body>
  -   locator resolved to hidden <body>‚Ä¶</body>
  -   locator resolved to hidden <body>‚Ä¶</body>
  -   locator resolved to hidden <body>‚Ä¶</body>
  -   locator resolved to hidden <body>‚Ä¶</body>
  -   locator resolved to hidden <body>‚Ä¶</body>
  -   locator resolved to hidden <body>‚Ä¶</body>
  -   locator resolved to hidden <body>‚Ä¶</body>
  -   locator resolved to hidden <body>‚Ä¶</body>
  -   locator resolved to hidden <body>‚Ä¶</body>
  -   locator resolved to hidden <body>‚Ä¶</body>
  -   locator resolved to hidden <body>‚Ä¶</body>
  -   locator resolved to hidden <body>‚Ä¶</body>
  -   locator resolved to hidden <body>‚Ä¶</body>
  -   locator resolved to hidden <body>‚Ä¶</body>
  -   locator resolved to hidden <body>‚Ä¶</body>
  -   locator resolved to hidden <body>‚Ä¶</body>
  -   locator resolved to hidden <body>‚Ä¶</body>
  -   locator resolved to hidden <body>‚Ä¶</body>
  -   locator resolved to hidden <body>‚Ä¶</body>
  -   locator resolved to hidden <body>‚Ä¶</body>
  -   locator resolved to hidden <body>‚Ä¶</body>
  -   locator resolved to hidden <body>‚Ä¶</body>
  -   locator resolved to hidden <body>‚Ä¶</body>
  -   locator resolved to hidden <body>‚Ä¶</body>
  -   locator resolved to hidden <body>‚Ä¶</body>
  -   locator resolved to hidden <body>‚Ä¶</body>
  -   locator resolved to hidden <body>‚Ä¶</body>
  -   locator resolved to hidden <body>‚Ä¶</body>
  -   locator resolved to hidden <body>‚Ä¶</body>
  -   locator resolved to hidden <body>‚Ä¶</body>
  -   locator resolved to hidden <body>‚Ä¶</body>
  -   locator resolved to hidden <body>‚Ä¶</body>
  -   locator resolved to hidden <body>‚Ä¶</body>
  -   locator resolved to hidden <body>‚Ä¶</body>
  -   locator resolved to hidden <body>‚Ä¶</body>
  -   locator resolved to hidden <body>‚Ä¶</body>
  -   locator resolved to hidden <body>‚Ä¶</body>
  -   locator resolved to hidden <body>‚Ä¶</body>
  -   locator resolved to hidden <body>‚Ä¶</body>
  -   locator resolved to hidden <body>‚Ä¶</body>
  -   locator resolved to hidden <body>‚Ä¶</body>
  -   locator resolved to hidden <body>‚Ä¶</body>
  -   locator resolved to hidden <body>‚Ä¶</body>
  -   locator resolved to hidden <body>‚Ä¶</body>
  -   locator resolved to hidden <body>‚Ä¶</body>
  -   locator resolved to hidden <body>‚Ä¶</body>
  -   locator resolved to hidden <body>‚Ä¶</body>
  -   locator resolved to hidden <body>‚Ä¶</body>
  -   locator resolved to hidden <body>‚Ä¶</body>
  -   locator resolved to hidden <body>‚Ä¶</body>
  -   locator resolved to hidden <body>‚Ä¶</body>
  -   locator resolved to hidden <body>‚Ä¶</body>
  -   locator resolved to hidden <body>‚Ä¶</body>
  -   locator resolved to hidden <body>‚Ä¶</body>
  -   locator resolved to hidden <body>‚Ä¶</body>
  -   locator resolved to hidden <body>‚Ä¶</body>
  -   locator resolved to hidden <body>‚Ä¶</body>
  -   locator resolved to hidden <body>‚Ä¶</body>
  -   locator resolved to hidden <body>‚Ä¶</body>
  -   locator resolved to hidden <body>‚Ä¶</body>
  -   locator resolved to hidden <body>‚Ä¶</body>
  -   locator resolved to hidden <body>‚Ä¶</body>
  -   locator resolved to hidden <body>‚Ä¶</body>
  -   locator resolved to hidden <body>‚Ä¶</body>
  -   locator resolved to hidden <body>‚Ä¶</body>
  -   locator resolved to hidden <body>‚Ä¶</body>
  -   locator resolved to hidden <body>‚Ä¶</body>
  -   locator resolved to hidden <body>‚Ä¶</body>
  -   locator resolved to hidden <body>‚Ä¶</body>
  -   locator resolved to hidden <body>‚Ä¶</body>
  -   locator resolved to hidden <body>‚Ä¶</body>
  -   locator resolved to hidden <body>‚Ä¶</body>
  -   locator resolved to hidden <body>‚Ä¶</body>
  -   locator resolved to hidden <body>‚Ä¶</body>
  -   locator resolved to hidden <body>‚Ä¶</body>
  -   locator resolved to hidden <body>‚Ä¶</body>
  -   locator resolved to hidden <body>‚Ä¶</body>
  -   locator resolved to hidden <body>‚Ä¶</body>
  -   locator resolved to hidden <body>‚Ä¶</body>
  -   locator resolved to hidden <body>‚Ä¶</body>
  -   locator resolved to hidden <body>‚Ä¶</body>
  -   locator resolved to hidden <body>‚Ä¶</body>
  -   locator resolved to hidden <body>‚Ä¶</body>
  -   locator resolved to hidden <body>‚Ä¶</body>
  -   locator resolved to hidden <body>‚Ä¶</body>
  -   locator resolved to hidden <body>‚Ä¶</body>
  -   locator resolved to hidden <body>‚Ä¶</body>
  -   locator resolved to hidden <body>‚Ä¶</body>
  -   locator resolved to hidden <body>‚Ä¶</body>
  -   locator resolved to hidden <body>‚Ä¶</body>
  -   locator resolved to hidden <body>‚Ä¶</body>
  -   locator resolved to hidden <body>‚Ä¶</body>
  -   locator resolved to hidden <body>‚Ä¶</body>
  -   locator resolved to hidden <body>‚Ä¶</body>
  -   locator resolved to hidden <body>‚Ä¶</body>
  -   locator resolved to hidden <body>‚Ä¶</body>
  -   locator resolved to hidden <body>‚Ä¶</body>
  -   locator resolved to hidden <body>‚Ä¶</body>
  -   locator resolved to hidden <body>‚Ä¶</body>
  -   locator resolved to hidden <body>‚Ä¶</body>
  -   locator resolved to hidden <body>‚Ä¶</body>
  -   locator resolved to hidden <body>‚Ä¶</body>
  -   locator resolved to hidden <body>‚Ä¶</body>
  -   locator resolved to hidden <body>‚Ä¶</body>
  -   locator resolved to hidden <body>‚Ä¶</body>
  -   locator resolved to hidden <body>‚Ä¶</body>
  -   locator resolved to hidden <body>‚Ä¶</body>
  -   locator resolved to hidden <body>‚Ä¶</body>
  -   locator resolved to hidden <body>‚Ä¶</body>
  -   locator resolved to hidden <body>‚Ä¶</body>
  -   locator resolved to hidden <body>‚Ä¶</body>
  -   locator resolved to hidden <body>‚Ä¶</body>
  -   locator resolved to hidden <body>‚Ä¶</body>
  -   locator resolved to hidden <body>‚Ä¶</body>
  -   locator resolved to hidden <body>‚Ä¶</body>
  -   locator resolved to hidden <body>‚Ä¶</body>
  -   locator resolved to hidden <body>‚Ä¶</body>
  -   locator resolved to hidden <body>‚Ä¶</body>
  -   locator resolved to hidden <body>‚Ä¶</body>
  -   locator resolved to hidden <body>‚Ä¶</body>
  -   locator resolved to hidden <body>‚Ä¶</body>
  -   locator resolved to hidden <body>‚Ä¶</body>
  -   locator resolved to hidden <body>‚Ä¶</body>
  -   locator resolved to hidden <body>‚Ä¶</body>
  -   locator resolved to hidden <body>‚Ä¶</body>
  -   locator resolved to hidden <body>‚Ä¶</body>
  -   locator resolved to hidden <body>‚Ä¶</body>
  -   locator resolved to hidden <body>‚Ä¶</body>
  -   locator resolved to hidden <body>‚Ä¶</body>
  -   locator resolved to hidden <body>‚Ä¶</body>
  -   locator resolved to hidden <body>‚Ä¶</body>
  -   locator resolved to hidden <body>‚Ä¶</body>
  -   locator resolved to hidden <body>‚Ä¶</body>
  -   locator resolved to hidden <body>‚Ä¶</body>
  -   locator resolved to hidden <body>‚Ä¶</body>
  -   locator resolved to hidden <body>‚Ä¶</body>
  -   locator resolved to hidden <body>‚Ä¶</body>
  -   locator resolved to hidden <body>‚Ä¶</body>
  -   locator resolved to hidden <body>‚Ä¶</body>
  -   locator resolved to hidden <body>‚Ä¶</body>
  -   locator resolved to hidden <body>‚Ä¶</body>
  -   locator resolved to hidden <body>‚Ä¶</body>
  -   locator resolved to hidden <body>‚Ä¶</body>
  -   locator resolved to hidden <body>‚Ä¶</body>
  -   locator resolved to hidden <body>‚Ä¶</body>
  -   locator resolved to hidden <body>‚Ä¶</body>
  -   locator resolved to hidden <body>‚Ä¶</body>
  -   locator resolved to hidden <body>‚Ä¶</body>
  -   locator resolved to hidden <body>‚Ä¶</body>
  -   locator resolved to hidden <body>‚Ä¶</body>
  -   locator resolved to hidden <body>‚Ä¶</body>
  -   locator resolved to hidden <body>‚Ä¶</body>
  -   locator resolved to hidden <body>‚Ä¶</body>
  -   locator resolved to hidden <body>‚Ä¶</body>
  -   locator resolved to hidden <body>‚Ä¶</body>
  -   locator resolved to hidden <body>‚Ä¶</body>
  -   locator resolved to hidden <body>‚Ä¶</body>
  -   locator resolved to hidden <body>‚Ä¶</body>
  -   locator resolved to hidden <body>‚Ä¶</body>
  -   locator resolved to hidden <body>‚Ä¶</body>
  -   locator resolved to hidden <body>‚Ä¶</body>
  -   locator resolved to hidden <body>‚Ä¶</body>
  -   locator resolved to hidden <body>‚Ä¶</body>
  -   locator resolved to hidden <body>‚Ä¶</body>
  -   locator resolved to hidden <body>‚Ä¶</body>
  -   locator resolved to hidden <body>‚Ä¶</body>
  -   locator resolved to hidden <body>‚Ä¶</body>
  -   locator resolved to hidden <body>‚Ä¶</body>
  -   locator resolved to hidden <body>‚Ä¶</body>
  -   locator resolved to hidden <body>‚Ä¶</body>
  -   locator resolved to hidden <body>‚Ä¶</body>
  -   locator resolved to hidden <body>‚Ä¶</body>
  -   locator resolved to hidden <body>‚Ä¶</body>
  -   locator resolved to hidden <body>‚Ä¶</body>
  -   locator resolved to hidden <body>‚Ä¶</body>
  -   locator resolved to hidden <body>‚Ä¶</body>
  -   locator resolved to hidden <body>‚Ä¶</body>
  -   locator resolved to hidden <body>‚Ä¶</body>
  -   locator resolved to hidden <body>‚Ä¶</body>
  -   locator resolved to hidden <body>‚Ä¶</body>
  -   locator resolved to hidden <body>‚Ä¶</body>
  -   locator resolved to hidden <body>‚Ä¶</body>
  -   locator resolved to hidden <body>‚Ä¶</body>
  -   locator resolved to hidden <body>‚Ä¶</body>
  -   locator resolved to hidden <body>‚Ä¶</body>
  -   locator resolved to hidden <body>‚Ä¶</body>
  -   locator resolved to hidden <body>‚Ä¶</body>

ERROR    mypy.lib.xiaohongshu.publish_helper:publish_helper.py:136 üî¥ ‚ùå‚ùå‚ùå„ÄäÂ¶Ç‰ΩïÂ¢ûÂä†‰Ω†ÁöÑÂπ∏Á¶èÊÑü„ÄãÂèëÂ∏ÉÂºÇÂ∏∏
Traceback (most recent call last):
  File "/home/runner/work/Python/Python/mypy/lib/playwright/publish_helper.py", line 75, in _check_login_status
    await page.wait_for_selector('body')
  File "/opt/hostedtoolcache/Python/3.8.18/x64/lib/python3.8/site-packages/playwright/async_api/_generated.py", line 7812, in wait_for_selector
    await self._impl_obj.wait_for_selector(
  File "/opt/hostedtoolcache/Python/3.8.18/x64/lib/python3.8/site-packages/playwright/_impl/_page.py", line 373, in wait_for_selector
    return await self._main_frame.wait_for_selector(**locals_to_params(locals()))
  File "/opt/hostedtoolcache/Python/3.8.18/x64/lib/python3.8/site-packages/playwright/_impl/_frame.py", line 323, in wait_for_selector
    await self._channel.send("waitForSelector", locals_to_params(locals()))
  File "/opt/hostedtoolcache/Python/3.8.18/x64/lib/python3.8/site-packages/playwright/_impl/_connection.py", line 59, in send
    return await self._connection.wrap_api_call(
  File "/opt/hostedtoolcache/Python/3.8.18/x64/lib/python3.8/site-packages/playwright/_impl/_connection.py", line 513, in wrap_api_call
    raise rewrite_error(error, f"{parsed_st['apiName']}: {error}") from None
playwright._impl._errors.TimeoutError: Page.wait_for_selector: Timeout 180000ms exceeded.
Call log:
waiting for locator("body") to be visible
  -   locator resolved to hidden <body>‚Ä¶</body>
  -   locator resolved to hidden <body>‚Ä¶</body>
  -   locator resolved to hidden <body>‚Ä¶</body>
  -   locator resolved to hidden <body>‚Ä¶</body>
  -   locator resolved to hidden <body>‚Ä¶</body>
  -   locator resolved to hidden <body>‚Ä¶</body>
  -   locator resolved to hidden <body>‚Ä¶</body>
  -   locator resolved to hidden <body>‚Ä¶</body>
  -   locator resolved to hidden <body>‚Ä¶</body>
  -   locator resolved to hidden <body>‚Ä¶</body>
  -   locator resolved to hidden <body>‚Ä¶</body>
  -   locator resolved to hidden <body>‚Ä¶</body>
  -   locator resolved to hidden <body>‚Ä¶</body>
  -   locator resolved to hidden <body>‚Ä¶</body>
  -   locator resolved to hidden <body>‚Ä¶</body>
  -   locator resolved to hidden <body>‚Ä¶</body>
  -   locator resolved to hidden <body>‚Ä¶</body>
  -   locator resolved to hidden <body>‚Ä¶</body>
  -   locator resolved to hidden <body>‚Ä¶</body>
  -   locator resolved to hidden <body>‚Ä¶</body>
  -   locator resolved to hidden <body>‚Ä¶</body>
  -   locator resolved to hidden <body>‚Ä¶</body>
  -   locator resolved to hidden <body>‚Ä¶</body>
  -   locator resolved to hidden <body>‚Ä¶</body>
  -   locator resolved to hidden <body>‚Ä¶</body>
  -   locator resolved to hidden <body>‚Ä¶</body>
  -   locator resolved to hidden <body>‚Ä¶</body>
  -   locator resolved to hidden <body>‚Ä¶</body>
  -   locator resolved to hidden <body>‚Ä¶</body>
  -   locator resolved to hidden <body>‚Ä¶</body>
  -   locator resolved to hidden <body>‚Ä¶</body>
  -   locator resolved to hidden <body>‚Ä¶</body>
  -   locator resolved to hidden <body>‚Ä¶</body>
  -   locator resolved to hidden <body>‚Ä¶</body>
  -   locator resolved to hidden <body>‚Ä¶</body>
  -   locator resolved to hidden <body>‚Ä¶</body>
  -   locator resolved to hidden <body>‚Ä¶</body>
  -   locator resolved to hidden <body>‚Ä¶</body>
  -   locator resolved to hidden <body>‚Ä¶</body>
  -   locator resolved to hidden <body>‚Ä¶</body>
  -   locator resolved to hidden <body>‚Ä¶</body>
  -   locator resolved to hidden <body>‚Ä¶</body>
  -   locator resolved to hidden <body>‚Ä¶</body>
  -   locator resolved to hidden <body>‚Ä¶</body>
  -   locator resolved to hidden <body>‚Ä¶</body>
  -   locator resolved to hidden <body>‚Ä¶</body>
  -   locator resolved to hidden <body>‚Ä¶</body>
  -   locator resolved to hidden <body>‚Ä¶</body>
  -   locator resolved to hidden <body>‚Ä¶</body>
  -   locator resolved to hidden <body>‚Ä¶</body>
  -   locator resolved to hidden <body>‚Ä¶</body>
  -   locator resolved to hidden <body>‚Ä¶</body>
  -   locator resolved to hidden <body>‚Ä¶</body>
  -   locator resolved to hidden <body>‚Ä¶</body>
  -   locator resolved to hidden <body>‚Ä¶</body>
  -   locator resolved to hidden <body>‚Ä¶</body>
  -   locator resolved to hidden <body>‚Ä¶</body>
  -   locator resolved to hidden <body>‚Ä¶</body>
  -   locator resolved to hidden <body>‚Ä¶</body>
  -   locator resolved to hidden <body>‚Ä¶</body>
  -   locator resolved to hidden <body>‚Ä¶</body>
  -   locator resolved to hidden <body>‚Ä¶</body>
  -   locator resolved to hidden <body>‚Ä¶</body>
  -   locator resolved to hidden <body>‚Ä¶</body>
  -   locator resolved to hidden <body>‚Ä¶</body>
  -   locator resolved to hidden <body>‚Ä¶</body>
  -   locator resolved to hidden <body>‚Ä¶</body>
  -   locator resolved to hidden <body>‚Ä¶</body>
  -   locator resolved to hidden <body>‚Ä¶</body>
  -   locator resolved to hidden <body>‚Ä¶</body>
  -   locator resolved to hidden <body>‚Ä¶</body>
  -   locator resolved to hidden <body>‚Ä¶</body>
  -   locator resolved to hidden <body>‚Ä¶</body>
  -   locator resolved to hidden <body>‚Ä¶</body>
  -   locator resolved to hidden <body>‚Ä¶</body>
  -   locator resolved to hidden <body>‚Ä¶</body>
  -   locator resolved to hidden <body>‚Ä¶</body>
  -   locator resolved to hidden <body>‚Ä¶</body>
  -   locator resolved to hidden <body>‚Ä¶</body>
  -   locator resolved to hidden <body>‚Ä¶</body>
  -   locator resolved to hidden <body>‚Ä¶</body>
  -   locator resolved to hidden <body>‚Ä¶</body>
  -   locator resolved to hidden <body>‚Ä¶</body>
  -   locator resolved to hidden <body>‚Ä¶</body>
  -   locator resolved to hidden <body>‚Ä¶</body>
  -   locator resolved to hidden <body>‚Ä¶</body>
  -   locator resolved to hidden <body>‚Ä¶</body>
  -   locator resolved to hidden <body>‚Ä¶</body>
  -   locator resolved to hidden <body>‚Ä¶</body>
  -   locator resolved to hidden <body>‚Ä¶</body>
  -   locator resolved to hidden <body>‚Ä¶</body>
  -   locator resolved to hidden <body>‚Ä¶</body>
  -   locator resolved to hidden <body>‚Ä¶</body>
  -   locator resolved to hidden <body>‚Ä¶</body>
  -   locator resolved to hidden <body>‚Ä¶</body>
  -   locator resolved to hidden <body>‚Ä¶</body>
  -   locator resolved to hidden <body>‚Ä¶</body>
  -   locator resolved to hidden <body>‚Ä¶</body>
  -   locator resolved to hidden <body>‚Ä¶</body>
  -   locator resolved to hidden <body>‚Ä¶</body>
  -   locator resolved to hidden <body>‚Ä¶</body>
  -   locator resolved to hidden <body>‚Ä¶</body>
  -   locator resolved to hidden <body>‚Ä¶</body>
  -   locator resolved to hidden <body>‚Ä¶</body>
  -   locator resolved to hidden <body>‚Ä¶</body>
  -   locator resolved to hidden <body>‚Ä¶</body>
  -   locator resolved to hidden <body>‚Ä¶</body>
  -   locator resolved to hidden <body>‚Ä¶</body>
  -   locator resolved to hidden <body>‚Ä¶</body>
  -   locator resolved to hidden <body>‚Ä¶</body>
  -   locator resolved to hidden <body>‚Ä¶</body>
  -   locator resolved to hidden <body>‚Ä¶</body>
  -   locator resolved to hidden <body>‚Ä¶</body>
  -   locator resolved to hidden <body>‚Ä¶</body>
  -   locator resolved to hidden <body>‚Ä¶</body>
  -   locator resolved to hidden <body>‚Ä¶</body>
  -   locator resolved to hidden <body>‚Ä¶</body>
  -   locator resolved to hidden <body>‚Ä¶</body>
  -   locator resolved to hidden <body>‚Ä¶</body>
  -   locator resolved to hidden <body>‚Ä¶</body>
  -   locator resolved to hidden <body>‚Ä¶</body>
  -   locator resolved to hidden <body>‚Ä¶</body>
  -   locator resolved to hidden <body>‚Ä¶</body>
  -   locator resolved to hidden <body>‚Ä¶</body>
  -   locator resolved to hidden <body>‚Ä¶</body>
  -   locator resolved to hidden <body>‚Ä¶</body>
  -   locator resolved to hidden <body>‚Ä¶</body>
  -   locator resolved to hidden <body>‚Ä¶</body>
  -   locator resolved to hidden <body>‚Ä¶</body>
  -   locator resolved to hidden <body>‚Ä¶</body>
  -   locator resolved to hidden <body>‚Ä¶</body>
  -   locator resolved to hidden <body>‚Ä¶</body>
  -   locator resolved to hidden <body>‚Ä¶</body>
  -   locator resolved to hidden <body>‚Ä¶</body>
  -   locator resolved to hidden <body>‚Ä¶</body>
  -   locator resolved to hidden <body>‚Ä¶</body>
  -   locator resolved to hidden <body>‚Ä¶</body>
  -   locator resolved to hidden <body>‚Ä¶</body>
  -   locator resolved to hidden <body>‚Ä¶</body>
  -   locator resolved to hidden <body>‚Ä¶</body>
  -   locator resolved to hidden <body>‚Ä¶</body>
  -   locator resolved to hidden <body>‚Ä¶</body>
  -   locator resolved to hidden <body>‚Ä¶</body>
  -   locator resolved to hidden <body>‚Ä¶</body>
  -   locator resolved to hidden <body>‚Ä¶</body>
  -   locator resolved to hidden <body>‚Ä¶</body>
  -   locator resolved to hidden <body>‚Ä¶</body>
  -   locator resolved to hidden <body>‚Ä¶</body>
  -   locator resolved to hidden <body>‚Ä¶</body>
  -   locator resolved to hidden <body>‚Ä¶</body>
  -   locator resolved to hidden <body>‚Ä¶</body>
  -   locator resolved to hidden <body>‚Ä¶</body>
  -   locator resolved to hidden <body>‚Ä¶</body>
  -   locator resolved to hidden <body>‚Ä¶</body>
  -   locator resolved to hidden <body>‚Ä¶</body>
  -   locator resolved to hidden <body>‚Ä¶</body>
  -   locator resolved to hidden <body>‚Ä¶</body>
  -   locator resolved to hidden <body>‚Ä¶</body>
  -   locator resolved to hidden <body>‚Ä¶</body>
  -   locator resolved to hidden <body>‚Ä¶</body>
  -   locator resolved to hidden <body>‚Ä¶</body>
  -   locator resolved to hidden <body>‚Ä¶</body>
  -   locator resolved to hidden <body>‚Ä¶</body>
  -   locator resolved to hidden <body>‚Ä¶</body>
  -   locator resolved to hidden <body>‚Ä¶</body>
  -   locator resolved to hidden <body>‚Ä¶</body>
  -   locator resolved to hidden <body>‚Ä¶</body>
  -   locator resolved to hidden <body>‚Ä¶</body>
  -   locator resolved to hidden <body>‚Ä¶</body>
  -   locator resolved to hidden <body>‚Ä¶</body>
  -   locator resolved to hidden <body>‚Ä¶</body>
  -   locator resolved to hidden <body>‚Ä¶</body>
  -   locator resolved to hidden <body>‚Ä¶</body>
  -   locator resolved to hidden <body>‚Ä¶</body>
  -   locator resolved to hidden <body>‚Ä¶</body>
  -   locator resolved to hidden <body>‚Ä¶</body>
  -   locator resolved to hidden <body>‚Ä¶</body>
  -   locator resolved to hidden <body>‚Ä¶</body>
  -   locator resolved to hidden <body>‚Ä¶</body>
  -   locator resolved to hidden <body>‚Ä¶</body>
  -   locator resolved to hidden <body>‚Ä¶</body>
  -   locator resolved to hidden <body>‚Ä¶</body>
  -   locator resolved to hidden <body>‚Ä¶</body>
  -   locator resolved to hidden <body>‚Ä¶</body>
  -   locator resolved to hidden <body>‚Ä¶</body>
  -   locator resolved to hidden <body>‚Ä¶</body>
  -   locator resolved to hidden <body>‚Ä¶</body>
  -   locator resolved to hidden <body>‚Ä¶</body>
  -   locator resolved to hidden <body>‚Ä¶</body>
  -   locator resolved to hidden <body>‚Ä¶</body>
  -   locator resolved to hidden <body>‚Ä¶</body>
  -   locator resolved to hidden <body>‚Ä¶</body>
  -   locator resolved to hidden <body>‚Ä¶</body>
  -   locator resolved to hidden <body>‚Ä¶</body>
  -   locator resolved to hidden <body>‚Ä¶</body>
  -   locator resolved to hidden <body>‚Ä¶</body>
  -   locator resolved to hidden <body>‚Ä¶</body>
  -   locator resolved to hidden <body>‚Ä¶</body>
  -   locator resolved to hidden <body>‚Ä¶</body>
  -   locator resolved to hidden <body>‚Ä¶</body>
  -   locator resolved to hidden <body>‚Ä¶</body>
  -   locator resolved to hidden <body>‚Ä¶</body>
  -   locator resolved to hidden <body>‚Ä¶</body>
  -   locator resolved to hidden <body>‚Ä¶</body>
  -   locator resolved to hidden <body>‚Ä¶</body>
  -   locator resolved to hidden <body>‚Ä¶</body>
  -   locator resolved to hidden <body>‚Ä¶</body>
  -   locator resolved to hidden <body>‚Ä¶</body>
  -   locator resolved to hidden <body>‚Ä¶</body>
  -   locator resolved to hidden <body>‚Ä¶</body>
  -   locator resolved to hidden <body>‚Ä¶</body>
  -   locator resolved to hidden <body>‚Ä¶</body>
  -   locator resolved to hidden <body>‚Ä¶</body>
  -   locator resolved to hidden <body>‚Ä¶</body>
  -   locator resolved to hidden <body>‚Ä¶</body>
  -   locator resolved to hidden <body>‚Ä¶</body>
  -   locator resolved to hidden <body>‚Ä¶</body>
  -   locator resolved to hidden <body>‚Ä¶</body>
  -   locator resolved to hidden <body>‚Ä¶</body>
  -   locator resolved to hidden <body>‚Ä¶</body>
  -   locator resolved to hidden <body>‚Ä¶</body>
  -   locator resolved to hidden <body>‚Ä¶</body>
  -   locator resolved to hidden <body>‚Ä¶</body>
  -   locator resolved to hidden <body>‚Ä¶</body>
  -   locator resolved to hidden <body>‚Ä¶</body>
  -   locator resolved to hidden <body>‚Ä¶</body>
  -   locator resolved to hidden <body>‚Ä¶</body>
  -   locator resolved to hidden <body>‚Ä¶</body>
  -   locator resolved to hidden <body>‚Ä¶</body>
  -   locator resolved to hidden <body>‚Ä¶</body>
  -   locator resolved to hidden <body>‚Ä¶</body>
  -   locator resolved to hidden <body>‚Ä¶</body>
  -   locator resolved to hidden <body>‚Ä¶</body>
  -   locator resolved to hidden <body>‚Ä¶</body>
  -   locator resolved to hidden <body>‚Ä¶</body>
  -   locator resolved to hidden <body>‚Ä¶</body>
  -   locator resolved to hidden <body>‚Ä¶</body>
  -   locator resolved to hidden <body>‚Ä¶</body>
  -   locator resolved to hidden <body>‚Ä¶</body>
  -   locator resolved to hidden <body>‚Ä¶</body>
  -   locator resolved to hidden <body>‚Ä¶</body>
  -   locator resolved to hidden <body>‚Ä¶</body>
  -   locator resolved to hidden <body>‚Ä¶</body>
  -   locator resolved to hidden <body>‚Ä¶</body>
  -   locator resolved to hidden <body>‚Ä¶</body>
  -   locator resolved to hidden <body>‚Ä¶</body>
  -   locator resolved to hidden <body>‚Ä¶</body>
  -   locator resolved to hidden <body>‚Ä¶</body>
  -   locator resolved to hidden <body>‚Ä¶</body>
  -   locator resolved to hidden <body>‚Ä¶</body>
  -   locator resolved to hidden <body>‚Ä¶</body>
  -   locator resolved to hidden <body>‚Ä¶</body>
  -   locator resolved to hidden <body>‚Ä¶</body>
  -   locator resolved to hidden <body>‚Ä¶</body>
  -   locator resolved to hidden <body>‚Ä¶</body>
  -   locator resolved to hidden <body>‚Ä¶</body>
  -   locator resolved to hidden <body>‚Ä¶</body>
  -   locator resolved to hidden <body>‚Ä¶</body>
  -   locator resolved to hidden <body>‚Ä¶</body>
  -   locator resolved to hidden <body>‚Ä¶</body>
  -   locator resolved to hidden <body>‚Ä¶</body>
  -   locator resolved to hidden <body>‚Ä¶</body>
  -   locator resolved to hidden <body>‚Ä¶</body>
  -   locator resolved to hidden <body>‚Ä¶</body>
  -   locator resolved to hidden <body>‚Ä¶</body>
  -   locator resolved to hidden <body>‚Ä¶</body>
  -   locator resolved to hidden <body>‚Ä¶</body>
  -   locator resolved to hidden <body>‚Ä¶</body>
  -   locator resolved to hidden <body>‚Ä¶</body>
  -   locator resolved to hidden <body>‚Ä¶</body>
  -   locator resolved to hidden <body>‚Ä¶</body>
  -   locator resolved to hidden <body>‚Ä¶</body>
  -   locator resolved to hidden <body>‚Ä¶</body>
  -   locator resolved to hidden <body>‚Ä¶</body>
  -   locator resolved to hidden <body>‚Ä¶</body>
  -   locator resolved to hidden <body>‚Ä¶</body>
  -   locator resolved to hidden <body>‚Ä¶</body>
  -   locator resolved to hidden <body>‚Ä¶</body>
  -   locator resolved to hidden <body>‚Ä¶</body>
  -   locator resolved to hidden <body>‚Ä¶</body>
  -   locator resolved to hidden <body>‚Ä¶</body>
  -   locator resolved to hidden <body>‚Ä¶</body>
  -   locator resolved to hidden <body>‚Ä¶</body>
  -   locator resolved to hidden <body>‚Ä¶</body>
  -   locator resolved to hidden <body>‚Ä¶</body>
  -   locator resolved to hidden <body>‚Ä¶</body>
  -   locator resolved to hidden <body>‚Ä¶</body>
  -   locator resolved to hidden <body>‚Ä¶</body>
  -   locator resolved to hidden <body>‚Ä¶</body>
  -   locator resolved to hidden <body>‚Ä¶</body>
  -   locator resolved to hidden <body>‚Ä¶</body>
  -   locator resolved to hidden <body>‚Ä¶</body>
  -   locator resolved to hidden <body>‚Ä¶</body>
  -   locator resolved to hidden <body>‚Ä¶</body>
  -   locator resolved to hidden <body>‚Ä¶</body>
  -   locator resolved to hidden <body>‚Ä¶</body>
  -   locator resolved to hidden <body>‚Ä¶</body>
  -   locator resolved to hidden <body>‚Ä¶</body>
  -   locator resolved to hidden <body>‚Ä¶</body>
  -   locator resolved to hidden <body>‚Ä¶</body>
  -   locator resolved to hidden <body>‚Ä¶</body>
  -   locator resolved to hidden <body>‚Ä¶</body>
  -   locator resolved to hidden <body>‚Ä¶</body>
  -   locator resolved to hidden <body>‚Ä¶</body>
  -   locator resolved to hidden <body>‚Ä¶</body>
  -   locator resolved to hidden <body>‚Ä¶</body>
  -   locator resolved to hidden <body>‚Ä¶</body>
  -   locator resolved to hidden <body>‚Ä¶</body>
  -   locator resolved to hidden <body>‚Ä¶</body>
  -   locator resolved to hidden <body>‚Ä¶</body>
  -   locator resolved to hidden <body>‚Ä¶</body>
  -   locator resolved to hidden <body>‚Ä¶</body>
  -   locator resolved to hidden <body>‚Ä¶</body>
  -   locator resolved to hidden <body>‚Ä¶</body>
  -   locator resolved to hidden <body>‚Ä¶</body>
  -   locator resolved to hidden <body>‚Ä¶</body>
  -   locator resolved to hidden <body>‚Ä¶</body>
  -   locator resolved to hidden <body>‚Ä¶</body>
  -   locator resolved to hidden <body>‚Ä¶</body>
  -   locator resolved to hidden <body>‚Ä¶</body>
  -   locator resolved to hidden <body>‚Ä¶</body>
  -   locator resolved to hidden <body>‚Ä¶</body>
  -   locator resolved to hidden <body>‚Ä¶</body>
  -   locator resolved to hidden <body>‚Ä¶</body>
  -   locator resolved to hidden <body>‚Ä¶</body>
  -   locator resolved to hidden <body>‚Ä¶</body>
  -   locator resolved to hidden <body>‚Ä¶</body>
  -   locator resolved to hidden <body>‚Ä¶</body>
  -   locator resolved to hidden <body>‚Ä¶</body>
  -   locator resolved to hidden <body>‚Ä¶</body>
  -   locator resolved to hidden <body>‚Ä¶</body>
  -   locator resolved to hidden <body>‚Ä¶</body>
  -   locator resolved to hidden <body>‚Ä¶</body>
  -   locator resolved to hidden <body>‚Ä¶</body>
  -   locator resolved to hidden <body>‚Ä¶</body>
  -   locator resolved to hidden <body>‚Ä¶</body>
  -   locator resolved to hidden <body>‚Ä¶</body>
  -   locator resolved to hidden <body>‚Ä¶</body>
  -   locator resolved to hidden <body>‚Ä¶</body>
  -   locator resolved to hidden <body>‚Ä¶</body>
  -   locator resolved to hidden <body>‚Ä¶</body>
  -   locator resolved to hidden <body>‚Ä¶</body>
  -   locator resolved to hidden <body>‚Ä¶</body>
  -   locator resolved to hidden <body>‚Ä¶</body>
  -   locator resolved to hidden <body>‚Ä¶</body>
  -   locator resolved to hidden <body>‚Ä¶</body>
  -   locator resolved to hidden <body>‚Ä¶</body>
  -   locator resolved to hidden <body>‚Ä¶</body>
  -   locator resolved to hidden <body>‚Ä¶</body>
  -   locator resolved to hidden <body>‚Ä¶</body>
  -   locator resolved to hidden <body>‚Ä¶</body>
  -   locator resolved to hidden <body>‚Ä¶</body>
  -   locator resolved to hidden <body>‚Ä¶</body>
  -   locator resolved to hidden <body>‚Ä¶</body>
  -   locator resolved to hidden <body>‚Ä¶</body>
  -   locator resolved to hidden <body>‚Ä¶</body>
  -   locator resolved to hidden <body>‚Ä¶</body>
  -   locator resolved to hidden <body>‚Ä¶</body>


The above exception was the direct cause of the following exception:

Traceback (most recent call last):
  File "/home/runner/work/Python/Python/mypy/lib/playwright/publish_helper.py", line 123, in publish_mission
    is_login = await self._check_login_status(page)
  File "/home/runner/work/Python/Python/mypy/lib/playwright/publish_helper.py", line 81, in _check_login_status
    raise CheckLoginStatusExp from ex
mypy.lib.playwright.exceptions.CheckLoginStatusExp
ERROR    mypy.lib.xiaohongshu.publish_helper:publish_helper.py:158 üî¥ ‚ùå‚ùå‚ùå„ÄäÂ¶Ç‰ΩïÂ¢ûÂä†‰Ω†ÁöÑÂπ∏Á¶èÊÑü„ÄãÂèëÂ∏ÉÂºÇÂ∏∏
Traceback (most recent call last):
  File "/home/runner/work/Python/Python/mypy/lib/playwright/publish_helper.py", line 75, in _check_login_status
    await page.wait_for_selector('body')
  File "/opt/hostedtoolcache/Python/3.8.18/x64/lib/python3.8/site-packages/playwright/async_api/_generated.py", line 7812, in wait_for_selector
    await self._impl_obj.wait_for_selector(
  File "/opt/hostedtoolcache/Python/3.8.18/x64/lib/python3.8/site-packages/playwright/_impl/_page.py", line 373, in wait_for_selector
    return await self._main_frame.wait_for_selector(**locals_to_params(locals()))
  File "/opt/hostedtoolcache/Python/3.8.18/x64/lib/python3.8/site-packages/playwright/_impl/_frame.py", line 323, in wait_for_selector
    await self._channel.send("waitForSelector", locals_to_params(locals()))
  File "/opt/hostedtoolcache/Python/3.8.18/x64/lib/python3.8/site-packages/playwright/_impl/_connection.py", line 59, in send
    return await self._connection.wrap_api_call(
  File "/opt/hostedtoolcache/Python/3.8.18/x64/lib/python3.8/site-packages/playwright/_impl/_connection.py", line 513, in wrap_api_call
    raise rewrite_error(error, f"{parsed_st['apiName']}: {error}") from None
playwright._impl._errors.TimeoutError: Page.wait_for_selector: Timeout 180000ms exceeded.
Call log:
waiting for locator("body") to be visible
  -   locator resolved to hidden <body>‚Ä¶</body>
  -   locator resolved to hidden <body>‚Ä¶</body>
  -   locator resolved to hidden <body>‚Ä¶</body>
  -   locator resolved to hidden <body>‚Ä¶</body>
  -   locator resolved to hidden <body>‚Ä¶</body>
  -   locator resolved to hidden <body>‚Ä¶</body>
  -   locator resolved to hidden <body>‚Ä¶</body>
  -   locator resolved to hidden <body>‚Ä¶</body>
  -   locator resolved to hidden <body>‚Ä¶</body>
  -   locator resolved to hidden <body>‚Ä¶</body>
  -   locator resolved to hidden <body>‚Ä¶</body>
  -   locator resolved to hidden <body>‚Ä¶</body>
  -   locator resolved to hidden <body>‚Ä¶</body>
  -   locator resolved to hidden <body>‚Ä¶</body>
  -   locator resolved to hidden <body>‚Ä¶</body>
  -   locator resolved to hidden <body>‚Ä¶</body>
  -   locator resolved to hidden <body>‚Ä¶</body>
  -   locator resolved to hidden <body>‚Ä¶</body>
  -   locator resolved to hidden <body>‚Ä¶</body>
  -   locator resolved to hidden <body>‚Ä¶</body>
  -   locator resolved to hidden <body>‚Ä¶</body>
  -   locator resolved to hidden <body>‚Ä¶</body>
  -   locator resolved to hidden <body>‚Ä¶</body>
  -   locator resolved to hidden <body>‚Ä¶</body>
  -   locator resolved to hidden <body>‚Ä¶</body>
  -   locator resolved to hidden <body>‚Ä¶</body>
  -   locator resolved to hidden <body>‚Ä¶</body>
  -   locator resolved to hidden <body>‚Ä¶</body>
  -   locator resolved to hidden <body>‚Ä¶</body>
  -   locator resolved to hidden <body>‚Ä¶</body>
  -   locator resolved to hidden <body>‚Ä¶</body>
  -   locator resolved to hidden <body>‚Ä¶</body>
  -   locator resolved to hidden <body>‚Ä¶</body>
  -   locator resolved to hidden <body>‚Ä¶</body>
  -   locator resolved to hidden <body>‚Ä¶</body>
  -   locator resolved to hidden <body>‚Ä¶</body>
  -   locator resolved to hidden <body>‚Ä¶</body>
  -   locator resolved to hidden <body>‚Ä¶</body>
  -   locator resolved to hidden <body>‚Ä¶</body>
  -   locator resolved to hidden <body>‚Ä¶</body>
  -   locator resolved to hidden <body>‚Ä¶</body>
  -   locator resolved to hidden <body>‚Ä¶</body>
  -   locator resolved to hidden <body>‚Ä¶</body>
  -   locator resolved to hidden <body>‚Ä¶</body>
  -   locator resolved to hidden <body>‚Ä¶</body>
  -   locator resolved to hidden <body>‚Ä¶</body>
  -   locator resolved to hidden <body>‚Ä¶</body>
  -   locator resolved to hidden <body>‚Ä¶</body>
  -   locator resolved to hidden <body>‚Ä¶</body>
  -   locator resolved to hidden <body>‚Ä¶</body>
  -   locator resolved to hidden <body>‚Ä¶</body>
  -   locator resolved to hidden <body>‚Ä¶</body>
  -   locator resolved to hidden <body>‚Ä¶</body>
  -   locator resolved to hidden <body>‚Ä¶</body>
  -   locator resolved to hidden <body>‚Ä¶</body>
  -   locator resolved to hidden <body>‚Ä¶</body>
  -   locator resolved to hidden <body>‚Ä¶</body>
  -   locator resolved to hidden <body>‚Ä¶</body>
  -   locator resolved to hidden <body>‚Ä¶</body>
  -   locator resolved to hidden <body>‚Ä¶</body>
  -   locator resolved to hidden <body>‚Ä¶</body>
  -   locator resolved to hidden <body>‚Ä¶</body>
  -   locator resolved to hidden <body>‚Ä¶</body>
  -   locator resolved to hidden <body>‚Ä¶</body>
  -   locator resolved to hidden <body>‚Ä¶</body>
  -   locator resolved to hidden <body>‚Ä¶</body>
  -   locator resolved to hidden <body>‚Ä¶</body>
  -   locator resolved to hidden <body>‚Ä¶</body>
  -   locator resolved to hidden <body>‚Ä¶</body>
  -   locator resolved to hidden <body>‚Ä¶</body>
  -   locator resolved to hidden <body>‚Ä¶</body>
  -   locator resolved to hidden <body>‚Ä¶</body>
  -   locator resolved to hidden <body>‚Ä¶</body>
  -   locator resolved to hidden <body>‚Ä¶</body>
  -   locator resolved to hidden <body>‚Ä¶</body>
  -   locator resolved to hidden <body>‚Ä¶</body>
  -   locator resolved to hidden <body>‚Ä¶</body>
  -   locator resolved to hidden <body>‚Ä¶</body>
  -   locator resolved to hidden <body>‚Ä¶</body>
  -   locator resolved to hidden <body>‚Ä¶</body>
  -   locator resolved to hidden <body>‚Ä¶</body>
  -   locator resolved to hidden <body>‚Ä¶</body>
  -   locator resolved to hidden <body>‚Ä¶</body>
  -   locator resolved to hidden <body>‚Ä¶</body>
  -   locator resolved to hidden <body>‚Ä¶</body>
  -   locator resolved to hidden <body>‚Ä¶</body>
  -   locator resolved to hidden <body>‚Ä¶</body>
  -   locator resolved to hidden <body>‚Ä¶</body>
  -   locator resolved to hidden <body>‚Ä¶</body>
  -   locator resolved to hidden <body>‚Ä¶</body>
  -   locator resolved to hidden <body>‚Ä¶</body>
  -   locator resolved to hidden <body>‚Ä¶</body>
  -   locator resolved to hidden <body>‚Ä¶</body>
  -   locator resolved to hidden <body>‚Ä¶</body>
  -   locator resolved to hidden <body>‚Ä¶</body>
  -   locator resolved to hidden <body>‚Ä¶</body>
  -   locator resolved to hidden <body>‚Ä¶</body>
  -   locator resolved to hidden <body>‚Ä¶</body>
  -   locator resolved to hidden <body>‚Ä¶</body>
  -   locator resolved to hidden <body>‚Ä¶</body>
  -   locator resolved to hidden <body>‚Ä¶</body>
  -   locator resolved to hidden <body>‚Ä¶</body>
  -   locator resolved to hidden <body>‚Ä¶</body>
  -   locator resolved to hidden <body>‚Ä¶</body>
  -   locator resolved to hidden <body>‚Ä¶</body>
  -   locator resolved to hidden <body>‚Ä¶</body>
  -   locator resolved to hidden <body>‚Ä¶</body>
  -   locator resolved to hidden <body>‚Ä¶</body>
  -   locator resolved to hidden <body>‚Ä¶</body>
  -   locator resolved to hidden <body>‚Ä¶</body>
  -   locator resolved to hidden <body>‚Ä¶</body>
  -   locator resolved to hidden <body>‚Ä¶</body>
  -   locator resolved to hidden <body>‚Ä¶</body>
  -   locator resolved to hidden <body>‚Ä¶</body>
  -   locator resolved to hidden <body>‚Ä¶</body>
  -   locator resolved to hidden <body>‚Ä¶</body>
  -   locator resolved to hidden <body>‚Ä¶</body>
  -   locator resolved to hidden <body>‚Ä¶</body>
  -   locator resolved to hidden <body>‚Ä¶</body>
  -   locator resolved to hidden <body>‚Ä¶</body>
  -   locator resolved to hidden <body>‚Ä¶</body>
  -   locator resolved to hidden <body>‚Ä¶</body>
  -   locator resolved to hidden <body>‚Ä¶</body>
  -   locator resolved to hidden <body>‚Ä¶</body>
  -   locator resolved to hidden <body>‚Ä¶</body>
  -   locator resolved to hidden <body>‚Ä¶</body>
  -   locator resolved to hidden <body>‚Ä¶</body>
  -   locator resolved to hidden <body>‚Ä¶</body>
  -   locator resolved to hidden <body>‚Ä¶</body>
  -   locator resolved to hidden <body>‚Ä¶</body>
  -   locator resolved to hidden <body>‚Ä¶</body>
  -   locator resolved to hidden <body>‚Ä¶</body>
  -   locator resolved to hidden <body>‚Ä¶</body>
  -   locator resolved to hidden <body>‚Ä¶</body>
  -   locator resolved to hidden <body>‚Ä¶</body>
  -   locator resolved to hidden <body>‚Ä¶</body>
  -   locator resolved to hidden <body>‚Ä¶</body>
  -   locator resolved to hidden <body>‚Ä¶</body>
  -   locator resolved to hidden <body>‚Ä¶</body>
  -   locator resolved to hidden <body>‚Ä¶</body>
  -   locator resolved to hidden <body>‚Ä¶</body>
  -   locator resolved to hidden <body>‚Ä¶</body>
  -   locator resolved to hidden <body>‚Ä¶</body>
  -   locator resolved to hidden <body>‚Ä¶</body>
  -   locator resolved to hidden <body>‚Ä¶</body>
  -   locator resolved to hidden <body>‚Ä¶</body>
  -   locator resolved to hidden <body>‚Ä¶</body>
  -   locator resolved to hidden <body>‚Ä¶</body>
  -   locator resolved to hidden <body>‚Ä¶</body>
  -   locator resolved to hidden <body>‚Ä¶</body>
  -   locator resolved to hidden <body>‚Ä¶</body>
  -   locator resolved to hidden <body>‚Ä¶</body>
  -   locator resolved to hidden <body>‚Ä¶</body>
  -   locator resolved to hidden <body>‚Ä¶</body>
  -   locator resolved to hidden <body>‚Ä¶</body>
  -   locator resolved to hidden <body>‚Ä¶</body>
  -   locator resolved to hidden <body>‚Ä¶</body>
  -   locator resolved to hidden <body>‚Ä¶</body>
  -   locator resolved to hidden <body>‚Ä¶</body>
  -   locator resolved to hidden <body>‚Ä¶</body>
  -   locator resolved to hidden <body>‚Ä¶</body>
  -   locator resolved to hidden <body>‚Ä¶</body>
  -   locator resolved to hidden <body>‚Ä¶</body>
  -   locator resolved to hidden <body>‚Ä¶</body>
  -   locator resolved to hidden <body>‚Ä¶</body>
  -   locator resolved to hidden <body>‚Ä¶</body>
  -   locator resolved to hidden <body>‚Ä¶</body>
  -   locator resolved to hidden <body>‚Ä¶</body>
  -   locator resolved to hidden <body>‚Ä¶</body>
  -   locator resolved to hidden <body>‚Ä¶</body>
  -   locator resolved to hidden <body>‚Ä¶</body>
  -   locator resolved to hidden <body>‚Ä¶</body>
  -   locator resolved to hidden <body>‚Ä¶</body>
  -   locator resolved to hidden <body>‚Ä¶</body>
  -   locator resolved to hidden <body>‚Ä¶</body>
  -   locator resolved to hidden <body>‚Ä¶</body>
  -   locator resolved to hidden <body>‚Ä¶</body>
  -   locator resolved to hidden <body>‚Ä¶</body>
  -   locator resolved to hidden <body>‚Ä¶</body>
  -   locator resolved to hidden <body>‚Ä¶</body>
  -   locator resolved to hidden <body>‚Ä¶</body>
  -   locator resolved to hidden <body>‚Ä¶</body>
  -   locator resolved to hidden <body>‚Ä¶</body>
  -   locator resolved to hidden <body>‚Ä¶</body>
  -   locator resolved to hidden <body>‚Ä¶</body>
  -   locator resolved to hidden <body>‚Ä¶</body>
  -   locator resolved to hidden <body>‚Ä¶</body>
  -   locator resolved to hidden <body>‚Ä¶</body>
  -   locator resolved to hidden <body>‚Ä¶</body>
  -   locator resolved to hidden <body>‚Ä¶</body>
  -   locator resolved to hidden <body>‚Ä¶</body>
  -   locator resolved to hidden <body>‚Ä¶</body>
  -   locator resolved to hidden <body>‚Ä¶</body>
  -   locator resolved to hidden <body>‚Ä¶</body>
  -   locator resolved to hidden <body>‚Ä¶</body>
  -   locator resolved to hidden <body>‚Ä¶</body>
  -   locator resolved to hidden <body>‚Ä¶</body>
  -   locator resolved to hidden <body>‚Ä¶</body>
  -   locator resolved to hidden <body>‚Ä¶</body>
  -   locator resolved to hidden <body>‚Ä¶</body>
  -   locator resolved to hidden <body>‚Ä¶</body>
  -   locator resolved to hidden <body>‚Ä¶</body>
  -   locator resolved to hidden <body>‚Ä¶</body>
  -   locator resolved to hidden <body>‚Ä¶</body>
  -   locator resolved to hidden <body>‚Ä¶</body>
  -   locator resolved to hidden <body>‚Ä¶</body>
  -   locator resolved to hidden <body>‚Ä¶</body>
  -   locator resolved to hidden <body>‚Ä¶</body>
  -   locator resolved to hidden <body>‚Ä¶</body>
  -   locator resolved to hidden <body>‚Ä¶</body>
  -   locator resolved to hidden <body>‚Ä¶</body>
  -   locator resolved to hidden <body>‚Ä¶</body>
  -   locator resolved to hidden <body>‚Ä¶</body>
  -   locator resolved to hidden <body>‚Ä¶</body>
  -   locator resolved to hidden <body>‚Ä¶</body>
  -   locator resolved to hidden <body>‚Ä¶</body>
  -   locator resolved to hidden <body>‚Ä¶</body>
  -   locator resolved to hidden <body>‚Ä¶</body>
  -   locator resolved to hidden <body>‚Ä¶</body>
  -   locator resolved to hidden <body>‚Ä¶</body>
  -   locator resolved to hidden <body>‚Ä¶</body>
  -   locator resolved to hidden <body>‚Ä¶</body>
  -   locator resolved to hidden <body>‚Ä¶</body>
  -   locator resolved to hidden <body>‚Ä¶</body>
  -   locator resolved to hidden <body>‚Ä¶</body>
  -   locator resolved to hidden <body>‚Ä¶</body>
  -   locator resolved to hidden <body>‚Ä¶</body>
  -   locator resolved to hidden <body>‚Ä¶</body>
  -   locator resolved to hidden <body>‚Ä¶</body>
  -   locator resolved to hidden <body>‚Ä¶</body>
  -   locator resolved to hidden <body>‚Ä¶</body>
  -   locator resolved to hidden <body>‚Ä¶</body>
  -   locator resolved to hidden <body>‚Ä¶</body>
  -   locator resolved to hidden <body>‚Ä¶</body>
  -   locator resolved to hidden <body>‚Ä¶</body>
  -   locator resolved to hidden <body>‚Ä¶</body>
  -   locator resolved to hidden <body>‚Ä¶</body>
  -   locator resolved to hidden <body>‚Ä¶</body>
  -   locator resolved to hidden <body>‚Ä¶</body>
  -   locator resolved to hidden <body>‚Ä¶</body>
  -   locator resolved to hidden <body>‚Ä¶</body>
  -   locator resolved to hidden <body>‚Ä¶</body>
  -   locator resolved to hidden <body>‚Ä¶</body>
  -   locator resolved to hidden <body>‚Ä¶</body>
  -   locator resolved to hidden <body>‚Ä¶</body>
  -   locator resolved to hidden <body>‚Ä¶</body>
  -   locator resolved to hidden <body>‚Ä¶</body>
  -   locator resolved to hidden <body>‚Ä¶</body>
  -   locator resolved to hidden <body>‚Ä¶</body>
  -   locator resolved to hidden <body>‚Ä¶</body>
  -   locator resolved to hidden <body>‚Ä¶</body>
  -   locator resolved to hidden <body>‚Ä¶</body>
  -   locator resolved to hidden <body>‚Ä¶</body>
  -   locator resolved to hidden <body>‚Ä¶</body>
  -   locator resolved to hidden <body>‚Ä¶</body>
  -   locator resolved to hidden <body>‚Ä¶</body>
  -   locator resolved to hidden <body>‚Ä¶</body>
  -   locator resolved to hidden <body>‚Ä¶</body>
  -   locator resolved to hidden <body>‚Ä¶</body>
  -   locator resolved to hidden <body>‚Ä¶</body>
  -   locator resolved to hidden <body>‚Ä¶</body>
  -   locator resolved to hidden <body>‚Ä¶</body>
  -   locator resolved to hidden <body>‚Ä¶</body>
  -   locator resolved to hidden <body>‚Ä¶</body>
  -   locator resolved to hidden <body>‚Ä¶</body>
  -   locator resolved to hidden <body>‚Ä¶</body>
  -   locator resolved to hidden <body>‚Ä¶</body>
  -   locator resolved to hidden <body>‚Ä¶</body>
  -   locator resolved to hidden <body>‚Ä¶</body>
  -   locator resolved to hidden <body>‚Ä¶</body>
  -   locator resolved to hidden <body>‚Ä¶</body>
  -   locator resolved to hidden <body>‚Ä¶</body>
  -   locator resolved to hidden <body>‚Ä¶</body>
  -   locator resolved to hidden <body>‚Ä¶</body>
  -   locator resolved to hidden <body>‚Ä¶</body>
  -   locator resolved to hidden <body>‚Ä¶</body>
  -   locator resolved to hidden <body>‚Ä¶</body>
  -   locator resolved to hidden <body>‚Ä¶</body>
  -   locator resolved to hidden <body>‚Ä¶</body>
  -   locator resolved to hidden <body>‚Ä¶</body>
  -   locator resolved to hidden <body>‚Ä¶</body>
  -   locator resolved to hidden <body>‚Ä¶</body>
  -   locator resolved to hidden <body>‚Ä¶</body>
  -   locator resolved to hidden <body>‚Ä¶</body>
  -   locator resolved to hidden <body>‚Ä¶</body>
  -   locator resolved to hidden <body>‚Ä¶</body>
  -   locator resolved to hidden <body>‚Ä¶</body>
  -   locator resolved to hidden <body>‚Ä¶</body>
  -   locator resolved to hidden <body>‚Ä¶</body>
  -   locator resolved to hidden <body>‚Ä¶</body>
  -   locator resolved to hidden <body>‚Ä¶</body>
  -   locator resolved to hidden <body>‚Ä¶</body>
  -   locator resolved to hidden <body>‚Ä¶</body>
  -   locator resolved to hidden <body>‚Ä¶</body>
  -   locator resolved to hidden <body>‚Ä¶</body>
  -   locator resolved to hidden <body>‚Ä¶</body>
  -   locator resolved to hidden <body>‚Ä¶</body>
  -   locator resolved to hidden <body>‚Ä¶</body>
  -   locator resolved to hidden <body>‚Ä¶</body>
  -   locator resolved to hidden <body>‚Ä¶</body>
  -   locator resolved to hidden <body>‚Ä¶</body>
  -   locator resolved to hidden <body>‚Ä¶</body>
  -   locator resolved to hidden <body>‚Ä¶</body>
  -   locator resolved to hidden <body>‚Ä¶</body>
  -   locator resolved to hidden <body>‚Ä¶</body>
  -   locator resolved to hidden <body>‚Ä¶</body>
  -   locator resolved to hidden <body>‚Ä¶</body>
  -   locator resolved to hidden <body>‚Ä¶</body>
  -   locator resolved to hidden <body>‚Ä¶</body>
  -   locator resolved to hidden <body>‚Ä¶</body>
  -   locator resolved to hidden <body>‚Ä¶</body>
  -   locator resolved to hidden <body>‚Ä¶</body>
  -   locator resolved to hidden <body>‚Ä¶</body>
  -   locator resolved to hidden <body>‚Ä¶</body>
  -   locator resolved to hidden <body>‚Ä¶</body>
  -   locator resolved to hidden <body>‚Ä¶</body>
  -   locator resolved to hidden <body>‚Ä¶</body>
  -   locator resolved to hidden <body>‚Ä¶</body>
  -   locator resolved to hidden <body>‚Ä¶</body>
  -   locator resolved to hidden <body>‚Ä¶</body>
  -   locator resolved to hidden <body>‚Ä¶</body>
  -   locator resolved to hidden <body>‚Ä¶</body>
  -   locator resolved to hidden <body>‚Ä¶</body>
  -   locator resolved to hidden <body>‚Ä¶</body>
  -   locator resolved to hidden <body>‚Ä¶</body>
  -   locator resolved to hidden <body>‚Ä¶</body>
  -   locator resolved to hidden <body>‚Ä¶</body>
  -   locator resolved to hidden <body>‚Ä¶</body>
  -   locator resolved to hidden <body>‚Ä¶</body>
  -   locator resolved to hidden <body>‚Ä¶</body>
  -   locator resolved to hidden <body>‚Ä¶</body>
  -   locator resolved to hidden <body>‚Ä¶</body>
  -   locator resolved to hidden <body>‚Ä¶</body>
  -   locator resolved to hidden <body>‚Ä¶</body>
  -   locator resolved to hidden <body>‚Ä¶</body>
  -   locator resolved to hidden <body>‚Ä¶</body>
  -   locator resolved to hidden <body>‚Ä¶</body>
  -   locator resolved to hidden <body>‚Ä¶</body>
  -   locator resolved to hidden <body>‚Ä¶</body>
  -   locator resolved to hidden <body>‚Ä¶</body>
  -   locator resolved to hidden <body>‚Ä¶</body>
  -   locator resolved to hidden <body>‚Ä¶</body>
  -   locator resolved to hidden <body>‚Ä¶</body>
  -   locator resolved to hidden <body>‚Ä¶</body>
  -   locator resolved to hidden <body>‚Ä¶</body>
  -   locator resolved to hidden <body>‚Ä¶</body>
  -   locator resolved to hidden <body>‚Ä¶</body>
  -   locator resolved to hidden <body>‚Ä¶</body>
  -   locator resolved to hidden <body>‚Ä¶</body>
  -   locator resolved to hidden <body>‚Ä¶</body>
  -   locator resolved to hidden <body>‚Ä¶</body>
  -   locator resolved to hidden <body>‚Ä¶</body>
  -   locator resolved to hidden <body>‚Ä¶</body>
  -   locator resolved to hidden <body>‚Ä¶</body>
  -   locator resolved to hidden <body>‚Ä¶</body>
  -   locator resolved to hidden <body>‚Ä¶</body>
  -   locator resolved to hidden <body>‚Ä¶</body>
  -   locator resolved to hidden <body>‚Ä¶</body>


The above exception was the direct cause of the following exception:

Traceback (most recent call last):
  File "/home/runner/work/Python/Python/mypy/lib/playwright/publish_helper.py", line 123, in publish_mission
    is_login = await self._check_login_status(page)
  File "/home/runner/work/Python/Python/mypy/lib/playwright/publish_helper.py", line 81, in _check_login_status
    raise CheckLoginStatusExp from ex
mypy.lib.playwright.exceptions.CheckLoginStatusExp

The above exception was the direct cause of the following exception:

Traceback (most recent call last):
  File "/home/runner/work/Python/Python/mypy/lib/playwright/publish_helper.py", line 148, in do_publish
    async for attempt in AsyncRetrying(
  File "/opt/hostedtoolcache/Python/3.8.18/x64/lib/python3.8/site-packages/tenacity/_asyncio.py", line 71, in __anext__
    do = self.iter(retry_state=self._retry_state)
  File "/opt/hostedtoolcache/Python/3.8.18/x64/lib/python3.8/site-packages/tenacity/__init__.py", line 314, in iter
    return fut.result()
  File "/opt/hostedtoolcache/Python/3.8.18/x64/lib/python3.8/concurrent/futures/_base.py", line 437, in result
    return self.__get_result()
  File "/opt/hostedtoolcache/Python/3.8.18/x64/lib/python3.8/concurrent/futures/_base.py", line 389, in __get_result
    raise self._exception
  File "/home/runner/work/Python/Python/mypy/lib/playwright/publish_helper.py", line 156, in do_publish
    await self.publish_mission(playwright)
  File "/home/runner/work/Python/Python/mypy/lib/playwright/publish_helper.py", line 137, in publish_mission
    raise PublishFail(original_exception=ex) from ex
mypy.lib.playwright.exceptions.PublishFail
WARNING  mypy.lib.playwright.publish_handler:publish_handler.py:63 üü† [/home/runner/work/Python/Python/mypy/tests/apps/youtu2douyin/_out/channel_UCsooa4yRKGN_zEE8iknghZA/m4Ics03xzUQ.mp4] ÂèëÂ∏ÉÂà∞ [xiaohongshu] Â§±Ë¥•ÂéüÂõ†: []
INFO     mypy.apps.youtu2douyin.channel_loop:channel_loop.py:144 üü¢ „ÄäHow to increase your happiness„ÄãÂèëÂ∏ÉÂà∞ [douyin] ÊàêÂäü
ERROR    mypy.apps.youtu2douyin.channel_loop:channel_loop.py:140 üî¥ „ÄäHow to increase your happiness„ÄãÂèëÂ∏ÉÂà∞ [xiaohongshu] Â§±Ë¥•
WARNING  mypy.apps.youtu2douyin.channel_loop:channel_loop.py:153 üü† „Ää/home/runner/work/Python/Python/mypy/tests/apps/youtu2douyin/_out/channel_UCsooa4yRKGN_zEE8iknghZA/m4Ics03xzUQ.mp4„ÄãÂ∑≤Â§ÑÁêÜÔºåÂà†Èô§ËØ•ËßÜÈ¢ëÊñá‰ª∂